<?xml version="1.0" encoding="UTF-8"?>
<testsuite xmlns:xsi="http://www.w3.org/2001/XMLSchema-instance" xsi:noNamespaceSchemaLocation="https://maven.apache.org/surefire/maven-surefire-plugin/xsd/surefire-test-report.xsd" name="com.lauracercas.moviecards.endtoendtest.MovieE2ETest" time="2.887" tests="3" errors="3" skipped="0" failures="0">
  <properties>
    <property name="java.specification.version" value="23"/>
    <property name="sun.cpu.isalist" value="amd64"/>
    <property name="sun.jnu.encoding" value="UTF-8"/>
    <property name="java.class.path" value="C:\Users\MisterSurface\Documents\Universidad Alcalá\Clases\Material de lectura\Unidad 5 Integracion Continua\moviecards\moviecards\target\test-classes;C:\Users\MisterSurface\Documents\Universidad Alcalá\Clases\Material de lectura\Unidad 5 Integracion Continua\moviecards\moviecards\target\classes;C:\Users\MisterSurface\.m2\repository\org\springframework\boot\spring-boot-starter-data-jpa\2.6.7\spring-boot-starter-data-jpa-2.6.7.jar;C:\Users\MisterSurface\.m2\repository\org\springframework\boot\spring-boot-starter-aop\2.6.7\spring-boot-starter-aop-2.6.7.jar;C:\Users\MisterSurface\.m2\repository\org\springframework\spring-aop\5.3.19\spring-aop-5.3.19.jar;C:\Users\MisterSurface\.m2\repository\org\aspectj\aspectjweaver\1.9.7\aspectjweaver-1.9.7.jar;C:\Users\MisterSurface\.m2\repository\org\springframework\boot\spring-boot-starter-jdbc\2.6.7\spring-boot-starter-jdbc-2.6.7.jar;C:\Users\MisterSurface\.m2\repository\com\zaxxer\HikariCP\4.0.3\HikariCP-4.0.3.jar;C:\Users\MisterSurface\.m2\repository\org\springframework\spring-jdbc\5.3.19\spring-jdbc-5.3.19.jar;C:\Users\MisterSurface\.m2\repository\jakarta\transaction\jakarta.transaction-api\1.3.3\jakarta.transaction-api-1.3.3.jar;C:\Users\MisterSurface\.m2\repository\jakarta\persistence\jakarta.persistence-api\2.2.3\jakarta.persistence-api-2.2.3.jar;C:\Users\MisterSurface\.m2\repository\org\hibernate\hibernate-core\5.6.8.Final\hibernate-core-5.6.8.Final.jar;C:\Users\MisterSurface\.m2\repository\org\jboss\logging\jboss-logging\3.4.3.Final\jboss-logging-3.4.3.Final.jar;C:\Users\MisterSurface\.m2\repository\antlr\antlr\2.7.7\antlr-2.7.7.jar;C:\Users\MisterSurface\.m2\repository\org\jboss\jandex\2.4.2.Final\jandex-2.4.2.Final.jar;C:\Users\MisterSurface\.m2\repository\com\fasterxml\classmate\1.5.1\classmate-1.5.1.jar;C:\Users\MisterSurface\.m2\repository\org\hibernate\common\hibernate-commons-annotations\5.1.2.Final\hibernate-commons-annotations-5.1.2.Final.jar;C:\Users\MisterSurface\.m2\repository\org\glassfish\jaxb\jaxb-runtime\2.3.6\jaxb-runtime-2.3.6.jar;C:\Users\MisterSurface\.m2\repository\org\glassfish\jaxb\txw2\2.3.6\txw2-2.3.6.jar;C:\Users\MisterSurface\.m2\repository\com\sun\istack\istack-commons-runtime\3.0.12\istack-commons-runtime-3.0.12.jar;C:\Users\MisterSurface\.m2\repository\com\sun\activation\jakarta.activation\1.2.2\jakarta.activation-1.2.2.jar;C:\Users\MisterSurface\.m2\repository\org\springframework\data\spring-data-jpa\2.6.4\spring-data-jpa-2.6.4.jar;C:\Users\MisterSurface\.m2\repository\org\springframework\data\spring-data-commons\2.6.4\spring-data-commons-2.6.4.jar;C:\Users\MisterSurface\.m2\repository\org\springframework\spring-orm\5.3.19\spring-orm-5.3.19.jar;C:\Users\MisterSurface\.m2\repository\org\springframework\spring-context\5.3.19\spring-context-5.3.19.jar;C:\Users\MisterSurface\.m2\repository\org\springframework\spring-tx\5.3.19\spring-tx-5.3.19.jar;C:\Users\MisterSurface\.m2\repository\org\springframework\spring-beans\5.3.19\spring-beans-5.3.19.jar;C:\Users\MisterSurface\.m2\repository\org\springframework\spring-aspects\5.3.19\spring-aspects-5.3.19.jar;C:\Users\MisterSurface\.m2\repository\org\springframework\boot\spring-boot-starter-thymeleaf\2.6.7\spring-boot-starter-thymeleaf-2.6.7.jar;C:\Users\MisterSurface\.m2\repository\org\springframework\boot\spring-boot-starter\2.6.7\spring-boot-starter-2.6.7.jar;C:\Users\MisterSurface\.m2\repository\org\springframework\boot\spring-boot\2.6.7\spring-boot-2.6.7.jar;C:\Users\MisterSurface\.m2\repository\org\springframework\boot\spring-boot-autoconfigure\2.6.7\spring-boot-autoconfigure-2.6.7.jar;C:\Users\MisterSurface\.m2\repository\org\springframework\boot\spring-boot-starter-logging\2.6.7\spring-boot-starter-logging-2.6.7.jar;C:\Users\MisterSurface\.m2\repository\ch\qos\logback\logback-classic\1.2.11\logback-classic-1.2.11.jar;C:\Users\MisterSurface\.m2\repository\ch\qos\logback\logback-core\1.2.11\logback-core-1.2.11.jar;C:\Users\MisterSurface\.m2\repository\org\apache\logging\log4j\log4j-to-slf4j\2.17.2\log4j-to-slf4j-2.17.2.jar;C:\Users\MisterSurface\.m2\repository\org\apache\logging\log4j\log4j-api\2.17.2\log4j-api-2.17.2.jar;C:\Users\MisterSurface\.m2\repository\org\slf4j\jul-to-slf4j\1.7.36\jul-to-slf4j-1.7.36.jar;C:\Users\MisterSurface\.m2\repository\jakarta\annotation\jakarta.annotation-api\1.3.5\jakarta.annotation-api-1.3.5.jar;C:\Users\MisterSurface\.m2\repository\org\yaml\snakeyaml\1.29\snakeyaml-1.29.jar;C:\Users\MisterSurface\.m2\repository\org\thymeleaf\thymeleaf-spring5\3.0.15.RELEASE\thymeleaf-spring5-3.0.15.RELEASE.jar;C:\Users\MisterSurface\.m2\repository\org\thymeleaf\thymeleaf\3.0.15.RELEASE\thymeleaf-3.0.15.RELEASE.jar;C:\Users\MisterSurface\.m2\repository\org\attoparser\attoparser\2.0.5.RELEASE\attoparser-2.0.5.RELEASE.jar;C:\Users\MisterSurface\.m2\repository\org\unbescape\unbescape\1.1.6.RELEASE\unbescape-1.1.6.RELEASE.jar;C:\Users\MisterSurface\.m2\repository\org\thymeleaf\extras\thymeleaf-extras-java8time\3.0.4.RELEASE\thymeleaf-extras-java8time-3.0.4.RELEASE.jar;C:\Users\MisterSurface\.m2\repository\org\springframework\boot\spring-boot-starter-web\2.6.7\spring-boot-starter-web-2.6.7.jar;C:\Users\MisterSurface\.m2\repository\org\springframework\boot\spring-boot-starter-json\2.6.7\spring-boot-starter-json-2.6.7.jar;C:\Users\MisterSurface\.m2\repository\com\fasterxml\jackson\core\jackson-databind\2.13.2.1\jackson-databind-2.13.2.1.jar;C:\Users\MisterSurface\.m2\repository\com\fasterxml\jackson\core\jackson-annotations\2.13.2\jackson-annotations-2.13.2.jar;C:\Users\MisterSurface\.m2\repository\com\fasterxml\jackson\core\jackson-core\2.13.2\jackson-core-2.13.2.jar;C:\Users\MisterSurface\.m2\repository\com\fasterxml\jackson\datatype\jackson-datatype-jdk8\2.13.2\jackson-datatype-jdk8-2.13.2.jar;C:\Users\MisterSurface\.m2\repository\com\fasterxml\jackson\datatype\jackson-datatype-jsr310\2.13.2\jackson-datatype-jsr310-2.13.2.jar;C:\Users\MisterSurface\.m2\repository\com\fasterxml\jackson\module\jackson-module-parameter-names\2.13.2\jackson-module-parameter-names-2.13.2.jar;C:\Users\MisterSurface\.m2\repository\org\springframework\boot\spring-boot-starter-tomcat\2.6.7\spring-boot-starter-tomcat-2.6.7.jar;C:\Users\MisterSurface\.m2\repository\org\apache\tomcat\embed\tomcat-embed-core\9.0.62\tomcat-embed-core-9.0.62.jar;C:\Users\MisterSurface\.m2\repository\org\apache\tomcat\embed\tomcat-embed-el\9.0.62\tomcat-embed-el-9.0.62.jar;C:\Users\MisterSurface\.m2\repository\org\apache\tomcat\embed\tomcat-embed-websocket\9.0.62\tomcat-embed-websocket-9.0.62.jar;C:\Users\MisterSurface\.m2\repository\org\springframework\spring-web\5.3.19\spring-web-5.3.19.jar;C:\Users\MisterSurface\.m2\repository\org\springframework\spring-webmvc\5.3.19\spring-webmvc-5.3.19.jar;C:\Users\MisterSurface\.m2\repository\org\springframework\spring-expression\5.3.19\spring-expression-5.3.19.jar;C:\Users\MisterSurface\.m2\repository\com\mysql\mysql-connector-j\8.3.0\mysql-connector-j-8.3.0.jar;C:\Users\MisterSurface\.m2\repository\com\google\protobuf\protobuf-java\3.25.1\protobuf-java-3.25.1.jar;C:\Users\MisterSurface\.m2\repository\org\springframework\boot\spring-boot-starter-test\2.6.7\spring-boot-starter-test-2.6.7.jar;C:\Users\MisterSurface\.m2\repository\org\springframework\boot\spring-boot-test\2.6.7\spring-boot-test-2.6.7.jar;C:\Users\MisterSurface\.m2\repository\org\springframework\boot\spring-boot-test-autoconfigure\2.6.7\spring-boot-test-autoconfigure-2.6.7.jar;C:\Users\MisterSurface\.m2\repository\com\jayway\jsonpath\json-path\2.6.0\json-path-2.6.0.jar;C:\Users\MisterSurface\.m2\repository\net\minidev\json-smart\2.4.8\json-smart-2.4.8.jar;C:\Users\MisterSurface\.m2\repository\net\minidev\accessors-smart\2.4.8\accessors-smart-2.4.8.jar;C:\Users\MisterSurface\.m2\repository\org\ow2\asm\asm\9.1\asm-9.1.jar;C:\Users\MisterSurface\.m2\repository\jakarta\xml\bind\jakarta.xml.bind-api\2.3.3\jakarta.xml.bind-api-2.3.3.jar;C:\Users\MisterSurface\.m2\repository\jakarta\activation\jakarta.activation-api\1.2.2\jakarta.activation-api-1.2.2.jar;C:\Users\MisterSurface\.m2\repository\org\assertj\assertj-core\3.21.0\assertj-core-3.21.0.jar;C:\Users\MisterSurface\.m2\repository\org\hamcrest\hamcrest\2.2\hamcrest-2.2.jar;C:\Users\MisterSurface\.m2\repository\org\junit\jupiter\junit-jupiter\5.8.2\junit-jupiter-5.8.2.jar;C:\Users\MisterSurface\.m2\repository\org\junit\jupiter\junit-jupiter-api\5.8.2\junit-jupiter-api-5.8.2.jar;C:\Users\MisterSurface\.m2\repository\org\opentest4j\opentest4j\1.2.0\opentest4j-1.2.0.jar;C:\Users\MisterSurface\.m2\repository\org\junit\platform\junit-platform-commons\1.8.2\junit-platform-commons-1.8.2.jar;C:\Users\MisterSurface\.m2\repository\org\apiguardian\apiguardian-api\1.1.2\apiguardian-api-1.1.2.jar;C:\Users\MisterSurface\.m2\repository\org\junit\jupiter\junit-jupiter-params\5.8.2\junit-jupiter-params-5.8.2.jar;C:\Users\MisterSurface\.m2\repository\org\junit\jupiter\junit-jupiter-engine\5.8.2\junit-jupiter-engine-5.8.2.jar;C:\Users\MisterSurface\.m2\repository\org\junit\platform\junit-platform-engine\1.8.2\junit-platform-engine-1.8.2.jar;C:\Users\MisterSurface\.m2\repository\org\mockito\mockito-core\4.0.0\mockito-core-4.0.0.jar;C:\Users\MisterSurface\.m2\repository\net\bytebuddy\byte-buddy-agent\1.11.22\byte-buddy-agent-1.11.22.jar;C:\Users\MisterSurface\.m2\repository\org\objenesis\objenesis\3.2\objenesis-3.2.jar;C:\Users\MisterSurface\.m2\repository\org\mockito\mockito-junit-jupiter\4.0.0\mockito-junit-jupiter-4.0.0.jar;C:\Users\MisterSurface\.m2\repository\org\skyscreamer\jsonassert\1.5.0\jsonassert-1.5.0.jar;C:\Users\MisterSurface\.m2\repository\com\vaadin\external\google\android-json\0.0.20131108.vaadin1\android-json-0.0.20131108.vaadin1.jar;C:\Users\MisterSurface\.m2\repository\org\springframework\spring-core\5.3.19\spring-core-5.3.19.jar;C:\Users\MisterSurface\.m2\repository\org\springframework\spring-jcl\5.3.19\spring-jcl-5.3.19.jar;C:\Users\MisterSurface\.m2\repository\org\springframework\spring-test\5.3.19\spring-test-5.3.19.jar;C:\Users\MisterSurface\.m2\repository\org\xmlunit\xmlunit-core\2.8.4\xmlunit-core-2.8.4.jar;C:\Users\MisterSurface\.m2\repository\com\h2database\h2\2.2.224\h2-2.2.224.jar;C:\Users\MisterSurface\.m2\repository\io\github\bonigarcia\webdrivermanager\5.7.0\webdrivermanager-5.7.0.jar;C:\Users\MisterSurface\.m2\repository\org\slf4j\slf4j-api\1.7.36\slf4j-api-1.7.36.jar;C:\Users\MisterSurface\.m2\repository\com\google\code\gson\gson\2.8.9\gson-2.8.9.jar;C:\Users\MisterSurface\.m2\repository\com\github\docker-java\docker-java\3.3.5\docker-java-3.3.5.jar;C:\Users\MisterSurface\.m2\repository\com\github\docker-java\docker-java-core\3.3.5\docker-java-core-3.3.5.jar;C:\Users\MisterSurface\.m2\repository\com\github\docker-java\docker-java-api\3.3.5\docker-java-api-3.3.5.jar;C:\Users\MisterSurface\.m2\repository\org\bouncycastle\bcpkix-jdk18on\1.76\bcpkix-jdk18on-1.76.jar;C:\Users\MisterSurface\.m2\repository\org\bouncycastle\bcprov-jdk18on\1.76\bcprov-jdk18on-1.76.jar;C:\Users\MisterSurface\.m2\repository\org\bouncycastle\bcutil-jdk18on\1.76\bcutil-jdk18on-1.76.jar;C:\Users\MisterSurface\.m2\repository\org\slf4j\jcl-over-slf4j\1.7.36\jcl-over-slf4j-1.7.36.jar;C:\Users\MisterSurface\.m2\repository\com\github\docker-java\docker-java-transport-httpclient5\3.3.5\docker-java-transport-httpclient5-3.3.5.jar;C:\Users\MisterSurface\.m2\repository\com\github\docker-java\docker-java-transport\3.3.5\docker-java-transport-3.3.5.jar;C:\Users\MisterSurface\.m2\repository\net\java\dev\jna\jna\5.13.0\jna-5.13.0.jar;C:\Users\MisterSurface\.m2\repository\org\brotli\dec\0.1.2\dec-0.1.2.jar;C:\Users\MisterSurface\.m2\repository\org\apache\commons\commons-lang3\3.12.0\commons-lang3-3.12.0.jar;C:\Users\MisterSurface\.m2\repository\org\apache\commons\commons-compress\1.26.0\commons-compress-1.26.0.jar;C:\Users\MisterSurface\.m2\repository\commons-io\commons-io\2.15.1\commons-io-2.15.1.jar;C:\Users\MisterSurface\.m2\repository\org\apache\httpcomponents\client5\httpclient5\5.3.1\httpclient5-5.3.1.jar;C:\Users\MisterSurface\.m2\repository\org\apache\httpcomponents\core5\httpcore5\5.1.3\httpcore5-5.1.3.jar;C:\Users\MisterSurface\.m2\repository\org\apache\httpcomponents\core5\httpcore5-h2\5.1.3\httpcore5-h2-5.1.3.jar;C:\Users\MisterSurface\.m2\repository\org\seleniumhq\selenium\selenium-java\3.141.59\selenium-java-3.141.59.jar;C:\Users\MisterSurface\.m2\repository\org\seleniumhq\selenium\selenium-api\3.141.59\selenium-api-3.141.59.jar;C:\Users\MisterSurface\.m2\repository\org\seleniumhq\selenium\selenium-chrome-driver\3.141.59\selenium-chrome-driver-3.141.59.jar;C:\Users\MisterSurface\.m2\repository\org\seleniumhq\selenium\selenium-edge-driver\3.141.59\selenium-edge-driver-3.141.59.jar;C:\Users\MisterSurface\.m2\repository\org\seleniumhq\selenium\selenium-firefox-driver\3.141.59\selenium-firefox-driver-3.141.59.jar;C:\Users\MisterSurface\.m2\repository\org\seleniumhq\selenium\selenium-ie-driver\3.141.59\selenium-ie-driver-3.141.59.jar;C:\Users\MisterSurface\.m2\repository\org\seleniumhq\selenium\selenium-opera-driver\3.141.59\selenium-opera-driver-3.141.59.jar;C:\Users\MisterSurface\.m2\repository\org\seleniumhq\selenium\selenium-remote-driver\3.141.59\selenium-remote-driver-3.141.59.jar;C:\Users\MisterSurface\.m2\repository\org\seleniumhq\selenium\selenium-safari-driver\3.141.59\selenium-safari-driver-3.141.59.jar;C:\Users\MisterSurface\.m2\repository\org\seleniumhq\selenium\selenium-support\3.141.59\selenium-support-3.141.59.jar;C:\Users\MisterSurface\.m2\repository\net\bytebuddy\byte-buddy\1.11.22\byte-buddy-1.11.22.jar;C:\Users\MisterSurface\.m2\repository\org\apache\commons\commons-exec\1.3\commons-exec-1.3.jar;C:\Users\MisterSurface\.m2\repository\com\google\guava\guava\25.0-jre\guava-25.0-jre.jar;C:\Users\MisterSurface\.m2\repository\com\google\code\findbugs\jsr305\1.3.9\jsr305-1.3.9.jar;C:\Users\MisterSurface\.m2\repository\org\checkerframework\checker-compat-qual\2.0.0\checker-compat-qual-2.0.0.jar;C:\Users\MisterSurface\.m2\repository\com\google\errorprone\error_prone_annotations\2.1.3\error_prone_annotations-2.1.3.jar;C:\Users\MisterSurface\.m2\repository\com\google\j2objc\j2objc-annotations\1.1\j2objc-annotations-1.1.jar;C:\Users\MisterSurface\.m2\repository\org\codehaus\mojo\animal-sniffer-annotations\1.14\animal-sniffer-annotations-1.14.jar;C:\Users\MisterSurface\.m2\repository\com\squareup\okhttp3\okhttp\3.14.9\okhttp-3.14.9.jar;C:\Users\MisterSurface\.m2\repository\com\squareup\okio\okio\1.14.0\okio-1.14.0.jar;"/>
    <property name="java.vm.vendor" value="Oracle Corporation"/>
    <property name="sun.arch.data.model" value="64"/>
    <property name="user.variant" value=""/>
    <property name="java.vendor.url" value="https://java.oracle.com/"/>
    <property name="user.timezone" value="Europe/Paris"/>
    <property name="os.name" value="Windows 10"/>
    <property name="java.vm.specification.version" value="23"/>
    <property name="sun.java.launcher" value="SUN_STANDARD"/>
    <property name="user.country" value="DO"/>
    <property name="sun.boot.library.path" value="C:\Program Files\Java\jdk-23\bin"/>
    <property name="sun.java.command" value="C:\Users\MISTER~1\AppData\Local\Temp\surefire14401450992422680007\surefirebooter14850578599178225953.jar C:\Users\MisterSurface\AppData\Local\Temp\surefire14401450992422680007 2024-12-18T21-36-24_972-jvmRun1 surefire17321106627954091560tmp surefire_05200455273808769287tmp"/>
    <property name="jdk.debug" value="release"/>
    <property name="surefire.test.class.path" value="C:\Users\MisterSurface\Documents\Universidad Alcalá\Clases\Material de lectura\Unidad 5 Integracion Continua\moviecards\moviecards\target\test-classes;C:\Users\MisterSurface\Documents\Universidad Alcalá\Clases\Material de lectura\Unidad 5 Integracion Continua\moviecards\moviecards\target\classes;C:\Users\MisterSurface\.m2\repository\org\springframework\boot\spring-boot-starter-data-jpa\2.6.7\spring-boot-starter-data-jpa-2.6.7.jar;C:\Users\MisterSurface\.m2\repository\org\springframework\boot\spring-boot-starter-aop\2.6.7\spring-boot-starter-aop-2.6.7.jar;C:\Users\MisterSurface\.m2\repository\org\springframework\spring-aop\5.3.19\spring-aop-5.3.19.jar;C:\Users\MisterSurface\.m2\repository\org\aspectj\aspectjweaver\1.9.7\aspectjweaver-1.9.7.jar;C:\Users\MisterSurface\.m2\repository\org\springframework\boot\spring-boot-starter-jdbc\2.6.7\spring-boot-starter-jdbc-2.6.7.jar;C:\Users\MisterSurface\.m2\repository\com\zaxxer\HikariCP\4.0.3\HikariCP-4.0.3.jar;C:\Users\MisterSurface\.m2\repository\org\springframework\spring-jdbc\5.3.19\spring-jdbc-5.3.19.jar;C:\Users\MisterSurface\.m2\repository\jakarta\transaction\jakarta.transaction-api\1.3.3\jakarta.transaction-api-1.3.3.jar;C:\Users\MisterSurface\.m2\repository\jakarta\persistence\jakarta.persistence-api\2.2.3\jakarta.persistence-api-2.2.3.jar;C:\Users\MisterSurface\.m2\repository\org\hibernate\hibernate-core\5.6.8.Final\hibernate-core-5.6.8.Final.jar;C:\Users\MisterSurface\.m2\repository\org\jboss\logging\jboss-logging\3.4.3.Final\jboss-logging-3.4.3.Final.jar;C:\Users\MisterSurface\.m2\repository\antlr\antlr\2.7.7\antlr-2.7.7.jar;C:\Users\MisterSurface\.m2\repository\org\jboss\jandex\2.4.2.Final\jandex-2.4.2.Final.jar;C:\Users\MisterSurface\.m2\repository\com\fasterxml\classmate\1.5.1\classmate-1.5.1.jar;C:\Users\MisterSurface\.m2\repository\org\hibernate\common\hibernate-commons-annotations\5.1.2.Final\hibernate-commons-annotations-5.1.2.Final.jar;C:\Users\MisterSurface\.m2\repository\org\glassfish\jaxb\jaxb-runtime\2.3.6\jaxb-runtime-2.3.6.jar;C:\Users\MisterSurface\.m2\repository\org\glassfish\jaxb\txw2\2.3.6\txw2-2.3.6.jar;C:\Users\MisterSurface\.m2\repository\com\sun\istack\istack-commons-runtime\3.0.12\istack-commons-runtime-3.0.12.jar;C:\Users\MisterSurface\.m2\repository\com\sun\activation\jakarta.activation\1.2.2\jakarta.activation-1.2.2.jar;C:\Users\MisterSurface\.m2\repository\org\springframework\data\spring-data-jpa\2.6.4\spring-data-jpa-2.6.4.jar;C:\Users\MisterSurface\.m2\repository\org\springframework\data\spring-data-commons\2.6.4\spring-data-commons-2.6.4.jar;C:\Users\MisterSurface\.m2\repository\org\springframework\spring-orm\5.3.19\spring-orm-5.3.19.jar;C:\Users\MisterSurface\.m2\repository\org\springframework\spring-context\5.3.19\spring-context-5.3.19.jar;C:\Users\MisterSurface\.m2\repository\org\springframework\spring-tx\5.3.19\spring-tx-5.3.19.jar;C:\Users\MisterSurface\.m2\repository\org\springframework\spring-beans\5.3.19\spring-beans-5.3.19.jar;C:\Users\MisterSurface\.m2\repository\org\springframework\spring-aspects\5.3.19\spring-aspects-5.3.19.jar;C:\Users\MisterSurface\.m2\repository\org\springframework\boot\spring-boot-starter-thymeleaf\2.6.7\spring-boot-starter-thymeleaf-2.6.7.jar;C:\Users\MisterSurface\.m2\repository\org\springframework\boot\spring-boot-starter\2.6.7\spring-boot-starter-2.6.7.jar;C:\Users\MisterSurface\.m2\repository\org\springframework\boot\spring-boot\2.6.7\spring-boot-2.6.7.jar;C:\Users\MisterSurface\.m2\repository\org\springframework\boot\spring-boot-autoconfigure\2.6.7\spring-boot-autoconfigure-2.6.7.jar;C:\Users\MisterSurface\.m2\repository\org\springframework\boot\spring-boot-starter-logging\2.6.7\spring-boot-starter-logging-2.6.7.jar;C:\Users\MisterSurface\.m2\repository\ch\qos\logback\logback-classic\1.2.11\logback-classic-1.2.11.jar;C:\Users\MisterSurface\.m2\repository\ch\qos\logback\logback-core\1.2.11\logback-core-1.2.11.jar;C:\Users\MisterSurface\.m2\repository\org\apache\logging\log4j\log4j-to-slf4j\2.17.2\log4j-to-slf4j-2.17.2.jar;C:\Users\MisterSurface\.m2\repository\org\apache\logging\log4j\log4j-api\2.17.2\log4j-api-2.17.2.jar;C:\Users\MisterSurface\.m2\repository\org\slf4j\jul-to-slf4j\1.7.36\jul-to-slf4j-1.7.36.jar;C:\Users\MisterSurface\.m2\repository\jakarta\annotation\jakarta.annotation-api\1.3.5\jakarta.annotation-api-1.3.5.jar;C:\Users\MisterSurface\.m2\repository\org\yaml\snakeyaml\1.29\snakeyaml-1.29.jar;C:\Users\MisterSurface\.m2\repository\org\thymeleaf\thymeleaf-spring5\3.0.15.RELEASE\thymeleaf-spring5-3.0.15.RELEASE.jar;C:\Users\MisterSurface\.m2\repository\org\thymeleaf\thymeleaf\3.0.15.RELEASE\thymeleaf-3.0.15.RELEASE.jar;C:\Users\MisterSurface\.m2\repository\org\attoparser\attoparser\2.0.5.RELEASE\attoparser-2.0.5.RELEASE.jar;C:\Users\MisterSurface\.m2\repository\org\unbescape\unbescape\1.1.6.RELEASE\unbescape-1.1.6.RELEASE.jar;C:\Users\MisterSurface\.m2\repository\org\thymeleaf\extras\thymeleaf-extras-java8time\3.0.4.RELEASE\thymeleaf-extras-java8time-3.0.4.RELEASE.jar;C:\Users\MisterSurface\.m2\repository\org\springframework\boot\spring-boot-starter-web\2.6.7\spring-boot-starter-web-2.6.7.jar;C:\Users\MisterSurface\.m2\repository\org\springframework\boot\spring-boot-starter-json\2.6.7\spring-boot-starter-json-2.6.7.jar;C:\Users\MisterSurface\.m2\repository\com\fasterxml\jackson\core\jackson-databind\2.13.2.1\jackson-databind-2.13.2.1.jar;C:\Users\MisterSurface\.m2\repository\com\fasterxml\jackson\core\jackson-annotations\2.13.2\jackson-annotations-2.13.2.jar;C:\Users\MisterSurface\.m2\repository\com\fasterxml\jackson\core\jackson-core\2.13.2\jackson-core-2.13.2.jar;C:\Users\MisterSurface\.m2\repository\com\fasterxml\jackson\datatype\jackson-datatype-jdk8\2.13.2\jackson-datatype-jdk8-2.13.2.jar;C:\Users\MisterSurface\.m2\repository\com\fasterxml\jackson\datatype\jackson-datatype-jsr310\2.13.2\jackson-datatype-jsr310-2.13.2.jar;C:\Users\MisterSurface\.m2\repository\com\fasterxml\jackson\module\jackson-module-parameter-names\2.13.2\jackson-module-parameter-names-2.13.2.jar;C:\Users\MisterSurface\.m2\repository\org\springframework\boot\spring-boot-starter-tomcat\2.6.7\spring-boot-starter-tomcat-2.6.7.jar;C:\Users\MisterSurface\.m2\repository\org\apache\tomcat\embed\tomcat-embed-core\9.0.62\tomcat-embed-core-9.0.62.jar;C:\Users\MisterSurface\.m2\repository\org\apache\tomcat\embed\tomcat-embed-el\9.0.62\tomcat-embed-el-9.0.62.jar;C:\Users\MisterSurface\.m2\repository\org\apache\tomcat\embed\tomcat-embed-websocket\9.0.62\tomcat-embed-websocket-9.0.62.jar;C:\Users\MisterSurface\.m2\repository\org\springframework\spring-web\5.3.19\spring-web-5.3.19.jar;C:\Users\MisterSurface\.m2\repository\org\springframework\spring-webmvc\5.3.19\spring-webmvc-5.3.19.jar;C:\Users\MisterSurface\.m2\repository\org\springframework\spring-expression\5.3.19\spring-expression-5.3.19.jar;C:\Users\MisterSurface\.m2\repository\com\mysql\mysql-connector-j\8.3.0\mysql-connector-j-8.3.0.jar;C:\Users\MisterSurface\.m2\repository\com\google\protobuf\protobuf-java\3.25.1\protobuf-java-3.25.1.jar;C:\Users\MisterSurface\.m2\repository\org\springframework\boot\spring-boot-starter-test\2.6.7\spring-boot-starter-test-2.6.7.jar;C:\Users\MisterSurface\.m2\repository\org\springframework\boot\spring-boot-test\2.6.7\spring-boot-test-2.6.7.jar;C:\Users\MisterSurface\.m2\repository\org\springframework\boot\spring-boot-test-autoconfigure\2.6.7\spring-boot-test-autoconfigure-2.6.7.jar;C:\Users\MisterSurface\.m2\repository\com\jayway\jsonpath\json-path\2.6.0\json-path-2.6.0.jar;C:\Users\MisterSurface\.m2\repository\net\minidev\json-smart\2.4.8\json-smart-2.4.8.jar;C:\Users\MisterSurface\.m2\repository\net\minidev\accessors-smart\2.4.8\accessors-smart-2.4.8.jar;C:\Users\MisterSurface\.m2\repository\org\ow2\asm\asm\9.1\asm-9.1.jar;C:\Users\MisterSurface\.m2\repository\jakarta\xml\bind\jakarta.xml.bind-api\2.3.3\jakarta.xml.bind-api-2.3.3.jar;C:\Users\MisterSurface\.m2\repository\jakarta\activation\jakarta.activation-api\1.2.2\jakarta.activation-api-1.2.2.jar;C:\Users\MisterSurface\.m2\repository\org\assertj\assertj-core\3.21.0\assertj-core-3.21.0.jar;C:\Users\MisterSurface\.m2\repository\org\hamcrest\hamcrest\2.2\hamcrest-2.2.jar;C:\Users\MisterSurface\.m2\repository\org\junit\jupiter\junit-jupiter\5.8.2\junit-jupiter-5.8.2.jar;C:\Users\MisterSurface\.m2\repository\org\junit\jupiter\junit-jupiter-api\5.8.2\junit-jupiter-api-5.8.2.jar;C:\Users\MisterSurface\.m2\repository\org\opentest4j\opentest4j\1.2.0\opentest4j-1.2.0.jar;C:\Users\MisterSurface\.m2\repository\org\junit\platform\junit-platform-commons\1.8.2\junit-platform-commons-1.8.2.jar;C:\Users\MisterSurface\.m2\repository\org\apiguardian\apiguardian-api\1.1.2\apiguardian-api-1.1.2.jar;C:\Users\MisterSurface\.m2\repository\org\junit\jupiter\junit-jupiter-params\5.8.2\junit-jupiter-params-5.8.2.jar;C:\Users\MisterSurface\.m2\repository\org\junit\jupiter\junit-jupiter-engine\5.8.2\junit-jupiter-engine-5.8.2.jar;C:\Users\MisterSurface\.m2\repository\org\junit\platform\junit-platform-engine\1.8.2\junit-platform-engine-1.8.2.jar;C:\Users\MisterSurface\.m2\repository\org\mockito\mockito-core\4.0.0\mockito-core-4.0.0.jar;C:\Users\MisterSurface\.m2\repository\net\bytebuddy\byte-buddy-agent\1.11.22\byte-buddy-agent-1.11.22.jar;C:\Users\MisterSurface\.m2\repository\org\objenesis\objenesis\3.2\objenesis-3.2.jar;C:\Users\MisterSurface\.m2\repository\org\mockito\mockito-junit-jupiter\4.0.0\mockito-junit-jupiter-4.0.0.jar;C:\Users\MisterSurface\.m2\repository\org\skyscreamer\jsonassert\1.5.0\jsonassert-1.5.0.jar;C:\Users\MisterSurface\.m2\repository\com\vaadin\external\google\android-json\0.0.20131108.vaadin1\android-json-0.0.20131108.vaadin1.jar;C:\Users\MisterSurface\.m2\repository\org\springframework\spring-core\5.3.19\spring-core-5.3.19.jar;C:\Users\MisterSurface\.m2\repository\org\springframework\spring-jcl\5.3.19\spring-jcl-5.3.19.jar;C:\Users\MisterSurface\.m2\repository\org\springframework\spring-test\5.3.19\spring-test-5.3.19.jar;C:\Users\MisterSurface\.m2\repository\org\xmlunit\xmlunit-core\2.8.4\xmlunit-core-2.8.4.jar;C:\Users\MisterSurface\.m2\repository\com\h2database\h2\2.2.224\h2-2.2.224.jar;C:\Users\MisterSurface\.m2\repository\io\github\bonigarcia\webdrivermanager\5.7.0\webdrivermanager-5.7.0.jar;C:\Users\MisterSurface\.m2\repository\org\slf4j\slf4j-api\1.7.36\slf4j-api-1.7.36.jar;C:\Users\MisterSurface\.m2\repository\com\google\code\gson\gson\2.8.9\gson-2.8.9.jar;C:\Users\MisterSurface\.m2\repository\com\github\docker-java\docker-java\3.3.5\docker-java-3.3.5.jar;C:\Users\MisterSurface\.m2\repository\com\github\docker-java\docker-java-core\3.3.5\docker-java-core-3.3.5.jar;C:\Users\MisterSurface\.m2\repository\com\github\docker-java\docker-java-api\3.3.5\docker-java-api-3.3.5.jar;C:\Users\MisterSurface\.m2\repository\org\bouncycastle\bcpkix-jdk18on\1.76\bcpkix-jdk18on-1.76.jar;C:\Users\MisterSurface\.m2\repository\org\bouncycastle\bcprov-jdk18on\1.76\bcprov-jdk18on-1.76.jar;C:\Users\MisterSurface\.m2\repository\org\bouncycastle\bcutil-jdk18on\1.76\bcutil-jdk18on-1.76.jar;C:\Users\MisterSurface\.m2\repository\org\slf4j\jcl-over-slf4j\1.7.36\jcl-over-slf4j-1.7.36.jar;C:\Users\MisterSurface\.m2\repository\com\github\docker-java\docker-java-transport-httpclient5\3.3.5\docker-java-transport-httpclient5-3.3.5.jar;C:\Users\MisterSurface\.m2\repository\com\github\docker-java\docker-java-transport\3.3.5\docker-java-transport-3.3.5.jar;C:\Users\MisterSurface\.m2\repository\net\java\dev\jna\jna\5.13.0\jna-5.13.0.jar;C:\Users\MisterSurface\.m2\repository\org\brotli\dec\0.1.2\dec-0.1.2.jar;C:\Users\MisterSurface\.m2\repository\org\apache\commons\commons-lang3\3.12.0\commons-lang3-3.12.0.jar;C:\Users\MisterSurface\.m2\repository\org\apache\commons\commons-compress\1.26.0\commons-compress-1.26.0.jar;C:\Users\MisterSurface\.m2\repository\commons-io\commons-io\2.15.1\commons-io-2.15.1.jar;C:\Users\MisterSurface\.m2\repository\org\apache\httpcomponents\client5\httpclient5\5.3.1\httpclient5-5.3.1.jar;C:\Users\MisterSurface\.m2\repository\org\apache\httpcomponents\core5\httpcore5\5.1.3\httpcore5-5.1.3.jar;C:\Users\MisterSurface\.m2\repository\org\apache\httpcomponents\core5\httpcore5-h2\5.1.3\httpcore5-h2-5.1.3.jar;C:\Users\MisterSurface\.m2\repository\org\seleniumhq\selenium\selenium-java\3.141.59\selenium-java-3.141.59.jar;C:\Users\MisterSurface\.m2\repository\org\seleniumhq\selenium\selenium-api\3.141.59\selenium-api-3.141.59.jar;C:\Users\MisterSurface\.m2\repository\org\seleniumhq\selenium\selenium-chrome-driver\3.141.59\selenium-chrome-driver-3.141.59.jar;C:\Users\MisterSurface\.m2\repository\org\seleniumhq\selenium\selenium-edge-driver\3.141.59\selenium-edge-driver-3.141.59.jar;C:\Users\MisterSurface\.m2\repository\org\seleniumhq\selenium\selenium-firefox-driver\3.141.59\selenium-firefox-driver-3.141.59.jar;C:\Users\MisterSurface\.m2\repository\org\seleniumhq\selenium\selenium-ie-driver\3.141.59\selenium-ie-driver-3.141.59.jar;C:\Users\MisterSurface\.m2\repository\org\seleniumhq\selenium\selenium-opera-driver\3.141.59\selenium-opera-driver-3.141.59.jar;C:\Users\MisterSurface\.m2\repository\org\seleniumhq\selenium\selenium-remote-driver\3.141.59\selenium-remote-driver-3.141.59.jar;C:\Users\MisterSurface\.m2\repository\org\seleniumhq\selenium\selenium-safari-driver\3.141.59\selenium-safari-driver-3.141.59.jar;C:\Users\MisterSurface\.m2\repository\org\seleniumhq\selenium\selenium-support\3.141.59\selenium-support-3.141.59.jar;C:\Users\MisterSurface\.m2\repository\net\bytebuddy\byte-buddy\1.11.22\byte-buddy-1.11.22.jar;C:\Users\MisterSurface\.m2\repository\org\apache\commons\commons-exec\1.3\commons-exec-1.3.jar;C:\Users\MisterSurface\.m2\repository\com\google\guava\guava\25.0-jre\guava-25.0-jre.jar;C:\Users\MisterSurface\.m2\repository\com\google\code\findbugs\jsr305\1.3.9\jsr305-1.3.9.jar;C:\Users\MisterSurface\.m2\repository\org\checkerframework\checker-compat-qual\2.0.0\checker-compat-qual-2.0.0.jar;C:\Users\MisterSurface\.m2\repository\com\google\errorprone\error_prone_annotations\2.1.3\error_prone_annotations-2.1.3.jar;C:\Users\MisterSurface\.m2\repository\com\google\j2objc\j2objc-annotations\1.1\j2objc-annotations-1.1.jar;C:\Users\MisterSurface\.m2\repository\org\codehaus\mojo\animal-sniffer-annotations\1.14\animal-sniffer-annotations-1.14.jar;C:\Users\MisterSurface\.m2\repository\com\squareup\okhttp3\okhttp\3.14.9\okhttp-3.14.9.jar;C:\Users\MisterSurface\.m2\repository\com\squareup\okio\okio\1.14.0\okio-1.14.0.jar;"/>
    <property name="sun.cpu.endian" value="little"/>
    <property name="user.home" value="C:\Users\MisterSurface"/>
    <property name="user.language" value="es"/>
    <property name="java.specification.vendor" value="Oracle Corporation"/>
    <property name="java.version.date" value="2024-09-17"/>
    <property name="java.home" value="C:\Program Files\Java\jdk-23"/>
    <property name="file.separator" value="\"/>
    <property name="basedir" value="C:\Users\MisterSurface\Documents\Universidad Alcalá\Clases\Material de lectura\Unidad 5 Integracion Continua\moviecards\moviecards"/>
    <property name="java.vm.compressedOopsMode" value="32-bit"/>
    <property name="line.separator" value="&#10;"/>
    <property name="java.vm.specification.vendor" value="Oracle Corporation"/>
    <property name="java.specification.name" value="Java Platform API Specification"/>
    <property name="surefire.real.class.path" value="C:\Users\MISTER~1\AppData\Local\Temp\surefire14401450992422680007\surefirebooter14850578599178225953.jar"/>
    <property name="user.script" value=""/>
    <property name="sun.management.compiler" value="HotSpot 64-Bit Tiered Compilers"/>
    <property name="java.runtime.version" value="23+37-2369"/>
    <property name="user.name" value="MisterSurface"/>
    <property name="stdout.encoding" value="UTF-8"/>
    <property name="path.separator" value=";"/>
    <property name="os.version" value="10.0"/>
    <property name="java.runtime.name" value="Java(TM) SE Runtime Environment"/>
    <property name="file.encoding" value="UTF-8"/>
    <property name="java.vm.name" value="Java HotSpot(TM) 64-Bit Server VM"/>
    <property name="localRepository" value="C:\Users\MisterSurface\.m2\repository"/>
    <property name="java.vendor.url.bug" value="https://bugreport.java.com/bugreport/"/>
    <property name="java.io.tmpdir" value="C:\Users\MISTER~1\AppData\Local\Temp\"/>
    <property name="java.version" value="23"/>
    <property name="user.dir" value="C:\Users\MisterSurface\Documents\Universidad Alcalá\Clases\Material de lectura\Unidad 5 Integracion Continua\moviecards\moviecards"/>
    <property name="os.arch" value="amd64"/>
    <property name="java.vm.specification.name" value="Java Virtual Machine Specification"/>
    <property name="sun.os.patch.level" value=""/>
    <property name="native.encoding" value="UTF-8"/>
    <property name="java.library.path" value="C:\Program Files\Java\jdk-23\bin;C:\Windows\Sun\Java\bin;C:\Windows\system32;C:\Windows;C:\ffmpeg\bin;C:\Program Files\Common Files\Oracle\Java\javapath;C:\Windows\system32;C:\Windows;C:\Windows\System32\Wbem;C:\Windows\System32\WindowsPowerShell\v1.0\;C:\Windows\System32\OpenSSH\;C:\Program Files\dotnet\;C:\Program Files\Maven\apache-maven-3.9.9\bin;C:\Program Files\MySQL\MySQL Shell 8.0\bin\;C:\Users\MisterSurface\AppData\Local\Microsoft\WindowsApps;C:\Program Files (x86)\Nmap;C:\Users\MisterSurface\AppData\Local\Programs\Microsoft VS Code\bin;C:\Program Files\JetBrains\IntelliJ IDEA 2024.2.4\bin;C:\Program Files\Docker\Docker\resources\bin;C:\Program Files\Git\cmd;C:\Program Files\MySQL\MySQL Shell 8.0\bin\;C:\Users\MisterSurface\AppData\Local\Microsoft\WindowsApps;C:\Program Files (x86)\Nmap;C:\Users\MisterSurface\AppData\Local\Programs\Microsoft VS Code\bin;C:\Program Files\JetBrains\IntelliJ IDEA 2024.2.4\bin;;."/>
    <property name="java.vm.info" value="mixed mode, sharing"/>
    <property name="stderr.encoding" value="UTF-8"/>
    <property name="java.vendor" value="Oracle Corporation"/>
    <property name="java.vm.version" value="23+37-2369"/>
    <property name="sun.io.unicode.encoding" value="UnicodeLittle"/>
    <property name="java.class.version" value="67.0"/>
  </properties>
  <testcase name="testListMovies" classname="com.lauracercas.moviecards.endtoendtest.MovieE2ETest" time="0.775">
    <error message="session not created&#10;from unknown error: cannot find Chrome binary&#10;Build info: version: &apos;3.141.59&apos;, revision: &apos;e82be7d358&apos;, time: &apos;2018-11-14T08:17:03&apos;&#10;System info: host: &apos;DESKTOP-JI5NALH&apos;, ip: &apos;192.168.108.115&apos;, os.name: &apos;Windows 10&apos;, os.arch: &apos;amd64&apos;, os.version: &apos;10.0&apos;, java.version: &apos;23&apos;&#10;Driver info: driver.version: ChromeDriver&#10;remote stacktrace: 	GetHandleVerifier [0x00007FF701B26CC5+28821]&#10;	(No symbol) [0x00007FF701A93850]&#10;	(No symbol) [0x00007FF70193578A]&#10;	(No symbol) [0x00007FF70196DA38]&#10;	(No symbol) [0x00007FF70196BAC9]&#10;	(No symbol) [0x00007FF7019BA4FA]&#10;	(No symbol) [0x00007FF7019B9B30]&#10;	(No symbol) [0x00007FF7019AF0A3]&#10;	(No symbol) [0x00007FF70197A778]&#10;	(No symbol) [0x00007FF70197B8E1]&#10;	GetHandleVerifier [0x00007FF701E5FCCD+3408029]&#10;	GetHandleVerifier [0x00007FF701E7743F+3504143]&#10;	GetHandleVerifier [0x00007FF701E6B61D+3455469]&#10;	GetHandleVerifier [0x00007FF701BEBDCB+835995]&#10;	(No symbol) [0x00007FF701A9EB6F]&#10;	(No symbol) [0x00007FF701A9A824]&#10;	(No symbol) [0x00007FF701A9A9BD]&#10;	(No symbol) [0x00007FF701A8A1A9]&#10;	BaseThreadInitThunk [0x00007FFDA5337374+20]&#10;	RtlUserThreadStart [0x00007FFDA663CC91+33]&#10;" type="org.openqa.selenium.SessionNotCreatedException">org.openqa.selenium.SessionNotCreatedException: 
session not created
from unknown error: cannot find Chrome binary
Build info: version: '3.141.59', revision: 'e82be7d358', time: '2018-11-14T08:17:03'
System info: host: 'DESKTOP-JI5NALH', ip: '192.168.108.115', os.name: 'Windows 10', os.arch: 'amd64', os.version: '10.0', java.version: '23'
Driver info: driver.version: ChromeDriver
remote stacktrace: 	GetHandleVerifier [0x00007FF701B26CC5+28821]
	(No symbol) [0x00007FF701A93850]
	(No symbol) [0x00007FF70193578A]
	(No symbol) [0x00007FF70196DA38]
	(No symbol) [0x00007FF70196BAC9]
	(No symbol) [0x00007FF7019BA4FA]
	(No symbol) [0x00007FF7019B9B30]
	(No symbol) [0x00007FF7019AF0A3]
	(No symbol) [0x00007FF70197A778]
	(No symbol) [0x00007FF70197B8E1]
	GetHandleVerifier [0x00007FF701E5FCCD+3408029]
	GetHandleVerifier [0x00007FF701E7743F+3504143]
	GetHandleVerifier [0x00007FF701E6B61D+3455469]
	GetHandleVerifier [0x00007FF701BEBDCB+835995]
	(No symbol) [0x00007FF701A9EB6F]
	(No symbol) [0x00007FF701A9A824]
	(No symbol) [0x00007FF701A9A9BD]
	(No symbol) [0x00007FF701A8A1A9]
	BaseThreadInitThunk [0x00007FFDA5337374+20]
	RtlUserThreadStart [0x00007FFDA663CC91+33]

	at com.lauracercas.moviecards.endtoendtest.MovieE2ETest.setUp(MovieE2ETest.java:34)
</error>
    <system-out><![CDATA[21:36:38.946 [main] DEBUG io.github.bonigarcia.wdm.WebDriverManager - Using WebDriverManager 5.7.0
21:36:38.962 [main] DEBUG org.apache.hc.client5.http.impl.classic.InternalHttpClient - ex-0000000013 preparing request execution
21:36:38.962 [main] DEBUG org.apache.hc.client5.http.impl.classic.ProtocolExec - ex-0000000013 target auth state: UNCHALLENGED
21:36:38.962 [main] DEBUG org.apache.hc.client5.http.impl.classic.ProtocolExec - ex-0000000013 proxy auth state: UNCHALLENGED
21:36:38.962 [main] DEBUG org.apache.hc.client5.http.impl.classic.ConnectExec - ex-0000000013 acquiring connection with route {s}->https://raw.githubusercontent.com:443
21:36:38.962 [main] DEBUG org.apache.hc.client5.http.impl.classic.InternalHttpClient - ex-0000000013 acquiring endpoint (3 MINUTES)
21:36:38.962 [main] DEBUG org.apache.hc.client5.http.impl.io.PoolingHttpClientConnectionManager - ex-0000000013 endpoint lease request (3 MINUTES) [route: {s}->https://raw.githubusercontent.com:443][total available: 0; route allocated: 0 of 5; total allocated: 0 of 25]
21:36:38.962 [main] DEBUG org.apache.hc.client5.http.impl.io.PoolingHttpClientConnectionManager - ex-0000000013 endpoint leased [route: {s}->https://raw.githubusercontent.com:443][total available: 0; route allocated: 1 of 5; total allocated: 1 of 25]
21:36:38.962 [main] DEBUG org.apache.hc.client5.http.impl.io.PoolingHttpClientConnectionManager - ex-0000000013 acquired ep-0000000013
21:36:38.962 [main] DEBUG org.apache.hc.client5.http.impl.classic.InternalHttpClient - ex-0000000013 acquired endpoint ep-0000000013
21:36:38.962 [main] DEBUG org.apache.hc.client5.http.impl.classic.ConnectExec - ex-0000000013 opening connection {s}->https://raw.githubusercontent.com:443
21:36:38.962 [main] DEBUG org.apache.hc.client5.http.impl.classic.InternalHttpClient - ep-0000000013 connecting endpoint (null)
21:36:38.962 [main] DEBUG org.apache.hc.client5.http.impl.io.PoolingHttpClientConnectionManager - ep-0000000013 connecting endpoint to https://raw.githubusercontent.com:443 (30 SECONDS)
21:36:38.962 [main] DEBUG org.apache.hc.client5.http.impl.io.DefaultHttpClientConnectionOperator - raw.githubusercontent.com resolving remote address
21:36:38.962 [main] DEBUG org.apache.hc.client5.http.impl.io.DefaultHttpClientConnectionOperator - raw.githubusercontent.com resolved to [raw.githubusercontent.com/185.199.111.133, raw.githubusercontent.com/185.199.110.133, raw.githubusercontent.com/185.199.109.133, raw.githubusercontent.com/185.199.108.133]
21:36:38.963 [main] DEBUG org.apache.hc.client5.http.impl.io.DefaultHttpClientConnectionOperator - raw.githubusercontent.com:443 connecting null->raw.githubusercontent.com/185.199.111.133:443 (30 SECONDS)
21:36:38.963 [main] DEBUG org.apache.hc.client5.http.ssl.SSLConnectionSocketFactory - Connecting socket to raw.githubusercontent.com/185.199.111.133:443 with timeout 30 SECONDS
21:36:38.970 [main] DEBUG org.apache.hc.client5.http.ssl.SSLConnectionSocketFactory - Enabled protocols: [TLSv1.3, TLSv1.2]
21:36:38.970 [main] DEBUG org.apache.hc.client5.http.ssl.SSLConnectionSocketFactory - Enabled cipher suites: [TLS_AES_256_GCM_SHA384, TLS_AES_128_GCM_SHA256, TLS_CHACHA20_POLY1305_SHA256, TLS_ECDHE_ECDSA_WITH_AES_256_GCM_SHA384, TLS_ECDHE_ECDSA_WITH_AES_128_GCM_SHA256, TLS_ECDHE_ECDSA_WITH_CHACHA20_POLY1305_SHA256, TLS_ECDHE_RSA_WITH_AES_256_GCM_SHA384, TLS_ECDHE_RSA_WITH_CHACHA20_POLY1305_SHA256, TLS_ECDHE_RSA_WITH_AES_128_GCM_SHA256, TLS_DHE_RSA_WITH_AES_256_GCM_SHA384, TLS_DHE_RSA_WITH_CHACHA20_POLY1305_SHA256, TLS_DHE_DSS_WITH_AES_256_GCM_SHA384, TLS_DHE_RSA_WITH_AES_128_GCM_SHA256, TLS_DHE_DSS_WITH_AES_128_GCM_SHA256, TLS_ECDHE_ECDSA_WITH_AES_256_CBC_SHA384, TLS_ECDHE_RSA_WITH_AES_256_CBC_SHA384, TLS_ECDHE_ECDSA_WITH_AES_128_CBC_SHA256, TLS_ECDHE_RSA_WITH_AES_128_CBC_SHA256, TLS_DHE_RSA_WITH_AES_256_CBC_SHA256, TLS_DHE_DSS_WITH_AES_256_CBC_SHA256, TLS_DHE_RSA_WITH_AES_128_CBC_SHA256, TLS_DHE_DSS_WITH_AES_128_CBC_SHA256, TLS_ECDHE_ECDSA_WITH_AES_256_CBC_SHA, TLS_ECDHE_RSA_WITH_AES_256_CBC_SHA, TLS_ECDHE_ECDSA_WITH_AES_128_CBC_SHA, TLS_ECDHE_RSA_WITH_AES_128_CBC_SHA, TLS_DHE_RSA_WITH_AES_256_CBC_SHA, TLS_DHE_DSS_WITH_AES_256_CBC_SHA, TLS_DHE_RSA_WITH_AES_128_CBC_SHA, TLS_DHE_DSS_WITH_AES_128_CBC_SHA, TLS_RSA_WITH_AES_256_GCM_SHA384, TLS_RSA_WITH_AES_128_GCM_SHA256, TLS_RSA_WITH_AES_256_CBC_SHA256, TLS_RSA_WITH_AES_128_CBC_SHA256, TLS_RSA_WITH_AES_256_CBC_SHA, TLS_RSA_WITH_AES_128_CBC_SHA, TLS_EMPTY_RENEGOTIATION_INFO_SCSV]
21:36:38.970 [main] DEBUG org.apache.hc.client5.http.ssl.SSLConnectionSocketFactory - Starting handshake (null)
21:36:38.985 [main] DEBUG org.apache.hc.client5.http.ssl.SSLConnectionSocketFactory - Secure session established
21:36:38.985 [main] DEBUG org.apache.hc.client5.http.ssl.SSLConnectionSocketFactory -  negotiated protocol: TLSv1.3
21:36:38.985 [main] DEBUG org.apache.hc.client5.http.ssl.SSLConnectionSocketFactory -  negotiated cipher suite: TLS_AES_128_GCM_SHA256
21:36:38.985 [main] DEBUG org.apache.hc.client5.http.ssl.SSLConnectionSocketFactory -  peer principal: CN=*.github.io, O="GitHub, Inc.", L=San Francisco, ST=California, C=US
21:36:38.985 [main] DEBUG org.apache.hc.client5.http.ssl.SSLConnectionSocketFactory -  peer alternative names: [*.github.io, github.io, githubusercontent.com, www.github.com, *.github.com, *.githubusercontent.com, github.com]
21:36:38.985 [main] DEBUG org.apache.hc.client5.http.ssl.SSLConnectionSocketFactory -  issuer principal: CN=DigiCert Global G2 TLS RSA SHA256 2020 CA1, O=DigiCert Inc, C=US
21:36:38.986 [main] DEBUG org.apache.hc.client5.http.impl.io.DefaultManagedHttpClientConnection - http-outgoing-11 set socket timeout to 3 MINUTES
21:36:38.986 [main] DEBUG org.apache.hc.client5.http.impl.io.DefaultHttpClientConnectionOperator - raw.githubusercontent.com:443 connected null->raw.githubusercontent.com/185.199.111.133:443 as http-outgoing-11
21:36:38.986 [main] DEBUG org.apache.hc.client5.http.impl.io.PoolingHttpClientConnectionManager - ep-0000000013 connected http-outgoing-11
21:36:38.986 [main] DEBUG org.apache.hc.client5.http.impl.classic.InternalHttpClient - ep-0000000013 endpoint connected
21:36:38.986 [main] DEBUG org.apache.hc.client5.http.impl.classic.MainClientExec - ex-0000000013 executing GET /bonigarcia/webdrivermanager/master/src/main/resources/commands.properties HTTP/1.1
21:36:38.986 [main] DEBUG org.apache.hc.client5.http.protocol.RequestAddCookies - ex-0000000013 Cookie spec selected: strict
21:36:38.986 [main] DEBUG org.apache.hc.client5.http.impl.classic.InternalHttpClient - ep-0000000013 start execution ex-0000000013
21:36:38.986 [main] DEBUG org.apache.hc.client5.http.impl.io.PoolingHttpClientConnectionManager - ep-0000000013 executing exchange ex-0000000013 over http-outgoing-11
21:36:38.986 [main] DEBUG org.apache.hc.client5.http.headers - http-outgoing-11 >> GET /bonigarcia/webdrivermanager/master/src/main/resources/commands.properties HTTP/1.1
21:36:38.986 [main] DEBUG org.apache.hc.client5.http.headers - http-outgoing-11 >> user-agent: Apache-HttpClient/5.0
21:36:38.986 [main] DEBUG org.apache.hc.client5.http.headers - http-outgoing-11 >> accept-encoding: gzip, deflate, br
21:36:38.986 [main] DEBUG org.apache.hc.client5.http.headers - http-outgoing-11 >> cache-control: max-age=0
21:36:38.986 [main] DEBUG org.apache.hc.client5.http.headers - http-outgoing-11 >> connection: keep-alive
21:36:38.986 [main] DEBUG org.apache.hc.client5.http.headers - http-outgoing-11 >> Host: raw.githubusercontent.com
21:36:38.986 [main] DEBUG org.apache.hc.client5.http.wire - http-outgoing-11 >> "GET /bonigarcia/webdrivermanager/master/src/main/resources/commands.properties HTTP/1.1[\r][\n]"
21:36:38.986 [main] DEBUG org.apache.hc.client5.http.wire - http-outgoing-11 >> "user-agent: Apache-HttpClient/5.0[\r][\n]"
21:36:38.986 [main] DEBUG org.apache.hc.client5.http.wire - http-outgoing-11 >> "accept-encoding: gzip, deflate, br[\r][\n]"
21:36:38.986 [main] DEBUG org.apache.hc.client5.http.wire - http-outgoing-11 >> "cache-control: max-age=0[\r][\n]"
21:36:38.986 [main] DEBUG org.apache.hc.client5.http.wire - http-outgoing-11 >> "connection: keep-alive[\r][\n]"
21:36:38.986 [main] DEBUG org.apache.hc.client5.http.wire - http-outgoing-11 >> "Host: raw.githubusercontent.com[\r][\n]"
21:36:38.986 [main] DEBUG org.apache.hc.client5.http.wire - http-outgoing-11 >> "[\r][\n]"
21:36:38.992 [main] DEBUG org.apache.hc.client5.http.wire - http-outgoing-11 << "HTTP/1.1 200 OK[\r][\n]"
21:36:38.992 [main] DEBUG org.apache.hc.client5.http.wire - http-outgoing-11 << "Connection: keep-alive[\r][\n]"
21:36:38.992 [main] DEBUG org.apache.hc.client5.http.wire - http-outgoing-11 << "Content-Length: 745[\r][\n]"
21:36:38.992 [main] DEBUG org.apache.hc.client5.http.wire - http-outgoing-11 << "Cache-Control: max-age=300[\r][\n]"
21:36:38.992 [main] DEBUG org.apache.hc.client5.http.wire - http-outgoing-11 << "Content-Security-Policy: default-src 'none'; style-src 'unsafe-inline'; sandbox[\r][\n]"
21:36:38.992 [main] DEBUG org.apache.hc.client5.http.wire - http-outgoing-11 << "Content-Type: text/plain; charset=utf-8[\r][\n]"
21:36:38.992 [main] DEBUG org.apache.hc.client5.http.wire - http-outgoing-11 << "ETag: W/"dd41edff335272162022217759820159dac501cff56850e2510f504462cd9b5f"[\r][\n]"
21:36:38.992 [main] DEBUG org.apache.hc.client5.http.wire - http-outgoing-11 << "Strict-Transport-Security: max-age=31536000[\r][\n]"
21:36:38.992 [main] DEBUG org.apache.hc.client5.http.wire - http-outgoing-11 << "X-Content-Type-Options: nosniff[\r][\n]"
21:36:38.992 [main] DEBUG org.apache.hc.client5.http.wire - http-outgoing-11 << "X-Frame-Options: deny[\r][\n]"
21:36:38.992 [main] DEBUG org.apache.hc.client5.http.wire - http-outgoing-11 << "X-XSS-Protection: 1; mode=block[\r][\n]"
21:36:38.992 [main] DEBUG org.apache.hc.client5.http.wire - http-outgoing-11 << "X-GitHub-Request-Id: 11E0:2FCCA8:200498:2217C9:6757BE85[\r][\n]"
21:36:38.992 [main] DEBUG org.apache.hc.client5.http.wire - http-outgoing-11 << "Content-Encoding: gzip[\r][\n]"
21:36:38.992 [main] DEBUG org.apache.hc.client5.http.wire - http-outgoing-11 << "Accept-Ranges: bytes[\r][\n]"
21:36:38.992 [main] DEBUG org.apache.hc.client5.http.wire - http-outgoing-11 << "Date: Wed, 18 Dec 2024 20:36:40 GMT[\r][\n]"
21:36:38.992 [main] DEBUG org.apache.hc.client5.http.wire - http-outgoing-11 << "Via: 1.1 varnish[\r][\n]"
21:36:38.992 [main] DEBUG org.apache.hc.client5.http.wire - http-outgoing-11 << "X-Served-By: cache-mad22037-MAD[\r][\n]"
21:36:38.992 [main] DEBUG org.apache.hc.client5.http.wire - http-outgoing-11 << "X-Cache: HIT[\r][\n]"
21:36:38.992 [main] DEBUG org.apache.hc.client5.http.wire - http-outgoing-11 << "X-Cache-Hits: 1[\r][\n]"
21:36:38.992 [main] DEBUG org.apache.hc.client5.http.wire - http-outgoing-11 << "X-Timer: S1734554200.160229,VS0,VE1[\r][\n]"
21:36:38.992 [main] DEBUG org.apache.hc.client5.http.wire - http-outgoing-11 << "Vary: Authorization,Accept-Encoding,Origin[\r][\n]"
21:36:38.992 [main] DEBUG org.apache.hc.client5.http.wire - http-outgoing-11 << "Access-Control-Allow-Origin: *[\r][\n]"
21:36:38.992 [main] DEBUG org.apache.hc.client5.http.wire - http-outgoing-11 << "Cross-Origin-Resource-Policy: cross-origin[\r][\n]"
21:36:38.992 [main] DEBUG org.apache.hc.client5.http.wire - http-outgoing-11 << "X-Fastly-Request-ID: f07fb5db82f34433dca6247e74d575eb844cd1c4[\r][\n]"
21:36:38.992 [main] DEBUG org.apache.hc.client5.http.wire - http-outgoing-11 << "Expires: Wed, 18 Dec 2024 20:41:40 GMT[\r][\n]"
21:36:38.992 [main] DEBUG org.apache.hc.client5.http.wire - http-outgoing-11 << "Source-Age: 87[\r][\n]"
21:36:38.992 [main] DEBUG org.apache.hc.client5.http.wire - http-outgoing-11 << "[\r][\n]"
21:36:38.992 [main] DEBUG org.apache.hc.client5.http.headers - http-outgoing-11 << HTTP/1.1 200 OK
21:36:38.992 [main] DEBUG org.apache.hc.client5.http.headers - http-outgoing-11 << Connection: keep-alive
21:36:38.992 [main] DEBUG org.apache.hc.client5.http.headers - http-outgoing-11 << Content-Length: 745
21:36:38.992 [main] DEBUG org.apache.hc.client5.http.headers - http-outgoing-11 << Cache-Control: max-age=300
21:36:38.993 [main] DEBUG org.apache.hc.client5.http.headers - http-outgoing-11 << Content-Security-Policy: default-src 'none'; style-src 'unsafe-inline'; sandbox
21:36:38.993 [main] DEBUG org.apache.hc.client5.http.headers - http-outgoing-11 << Content-Type: text/plain; charset=utf-8
21:36:38.993 [main] DEBUG org.apache.hc.client5.http.headers - http-outgoing-11 << ETag: W/"dd41edff335272162022217759820159dac501cff56850e2510f504462cd9b5f"
21:36:38.993 [main] DEBUG org.apache.hc.client5.http.headers - http-outgoing-11 << Strict-Transport-Security: max-age=31536000
21:36:38.993 [main] DEBUG org.apache.hc.client5.http.headers - http-outgoing-11 << X-Content-Type-Options: nosniff
21:36:38.993 [main] DEBUG org.apache.hc.client5.http.headers - http-outgoing-11 << X-Frame-Options: deny
21:36:38.993 [main] DEBUG org.apache.hc.client5.http.headers - http-outgoing-11 << X-XSS-Protection: 1; mode=block
21:36:38.993 [main] DEBUG org.apache.hc.client5.http.headers - http-outgoing-11 << X-GitHub-Request-Id: 11E0:2FCCA8:200498:2217C9:6757BE85
21:36:38.993 [main] DEBUG org.apache.hc.client5.http.headers - http-outgoing-11 << Content-Encoding: gzip
21:36:38.993 [main] DEBUG org.apache.hc.client5.http.headers - http-outgoing-11 << Accept-Ranges: bytes
21:36:38.993 [main] DEBUG org.apache.hc.client5.http.headers - http-outgoing-11 << Date: Wed, 18 Dec 2024 20:36:40 GMT
21:36:38.993 [main] DEBUG org.apache.hc.client5.http.headers - http-outgoing-11 << Via: 1.1 varnish
21:36:38.993 [main] DEBUG org.apache.hc.client5.http.headers - http-outgoing-11 << X-Served-By: cache-mad22037-MAD
21:36:38.993 [main] DEBUG org.apache.hc.client5.http.headers - http-outgoing-11 << X-Cache: HIT
21:36:38.993 [main] DEBUG org.apache.hc.client5.http.headers - http-outgoing-11 << X-Cache-Hits: 1
21:36:38.993 [main] DEBUG org.apache.hc.client5.http.headers - http-outgoing-11 << X-Timer: S1734554200.160229,VS0,VE1
21:36:38.993 [main] DEBUG org.apache.hc.client5.http.headers - http-outgoing-11 << Vary: Authorization,Accept-Encoding,Origin
21:36:38.993 [main] DEBUG org.apache.hc.client5.http.headers - http-outgoing-11 << Access-Control-Allow-Origin: *
21:36:38.993 [main] DEBUG org.apache.hc.client5.http.headers - http-outgoing-11 << Cross-Origin-Resource-Policy: cross-origin
21:36:38.993 [main] DEBUG org.apache.hc.client5.http.headers - http-outgoing-11 << X-Fastly-Request-ID: f07fb5db82f34433dca6247e74d575eb844cd1c4
21:36:38.993 [main] DEBUG org.apache.hc.client5.http.headers - http-outgoing-11 << Expires: Wed, 18 Dec 2024 20:41:40 GMT
21:36:38.993 [main] DEBUG org.apache.hc.client5.http.headers - http-outgoing-11 << Source-Age: 87
21:36:38.993 [main] DEBUG org.apache.hc.client5.http.impl.classic.MainClientExec - ex-0000000013 connection can be kept alive for 3 MINUTES
21:36:38.993 [main] DEBUG org.apache.hc.client5.http.wire - http-outgoing-11 << "[0x1f][0xffffff8b][0x8][0x0][0x0][0x0][0x0][0x0][0x0][0x3][0xffffffb5]W]o[0xffffffda]0[0x14]}[0xffffffe7]W\QUj% [0x1b][0xffffffad][0xffffffa6]i[0x12][0xf]4c[0xffffffdd]4*[0x18][0xffffffb4][0xffffffdd]&[0xfffffff9][0xffffffc5]$N[0xffffffb0][0xffffff94][0xffffffd8][0xffffffc8]NJ[0xffffffb7]_?[0xffffffdb][0xfffffff9]X[0xffffff92]:[0xffffffa3]k[0xffffffe8][0x1b][0xffffffb6][0xffffffef]=[0xffffffe7][0xffffffd8][0xfffffff7][0xffffffe4][0xffffffda][0xffffff9c][0xffffff80][0xffffffcb][0xffffffe3][0x18]3_[0xffffff82][0xffffff8f][0x13][0xffffffbc][0xffffffc1][0xffffff92][0xfffffff4]N[0xffffffe0]vK%[0x4]4"[0xffffffe0]q[0xffffff96]`[0xffffffca]$$[=[0xffffffc8]C[0x13][0xe][0x1b][0x2][0xffffffe4][0xffffff91]xiB|[0xffffffa0][0xffffffcc],[0xffffffcb]-[0xffffff89]"=[0xffffffe0][0xffffffc2]'B[0x7][0xfffffff9]$!^b[0x16][0x1f][0xffffff88][0xffffff90][0xffffff94][0xffffffab][0xffffffb5][0x0][0xffffff88][0xfffffffa][0x1d][\n]"
21:36:38.993 [main] DEBUG org.apache.hc.client5.http.wire - http-outgoing-11 << "B[0x18]l[0x4][0xffffffdf]K[0xffffffb5][0xffffffa0]([0xffffffcf][0xffffffdc][0xffffffad][0xffffffe0]1[0x19][0xffffffc0]'*H[0xffffffc0][0x1f][0x7][0xffffffb0][0xffffffd8][0x11][0xffffff81][0x7]0[0xfffffff3]C5kVi[0x1a][0xffffff9f]k|[0xffffff9f][0x6][0x1][0x11][0xffffff84]%[0xffffffc0]uLBY[0x8][0xfffffff2][0xffffff97]LH,[0xffffffe1][0xffffffec];e[0xffffffbe]B[0x1d][0xffffffc0][0xffffff9c][0xffffffb2]T[0xffffffc1][0xffffffdc]`[0xf][0x16][0xffffffeb][0xfffffff3][0xffffff9e][0xffffffe2][0xffffffc8](z[0xfffffff9]6F[0xffffff9e][0x19][0xffffff8e][0xfffffff6]Y[0xffffffc2][0xffffffe8][0xffffffcd][0xffffffdb][0xffffff89][0x17][0xfffffffb]#[0xffffffb5]+p\[0xffffffd8][0xffffffc7][0xffffffd4]3Gb[0xffffff8e]a[0xffffffbf]U|[0xffffffc0]pL&[0xfffffffd][0xffffffd3][0xffffffe5]jq[0xffffffbd][0xffffff9a][0xffffffde]|[0xfffffffa]2[0xffffff9f][0xffffffad]?[0xffffffa0][0x9]B[0xffffffa7][0x8]]s[0x1e]F[0x4][0xffffffa1][0xffffff8c][0x2][0xffffffa1][0xffffffe9]n[0x17]QOI[0xffffffe3][0xc][0xffffffa1][0xffffff9c]H![0xfffffff7]!$[0x9][0xffffffdc][0xffffffe7]g[0xffffffe1]<[0xffffffe0](m[0xffffffd7]3~[0xffffff81][0xffffff9e][0xffffffb3][0x1f][0xffffffef][0xffffffdf][0xffffff9d][0xffffffbf][0xffffffa6][0xffffffa8][0xffffff8b]g[0xffffff8a][0xffffff9a]/[0xffffffdc][0xffffffe9]|[0xffffffba]\~[0xffffff9c][0xffffffde]N_S[0xffffffcf][0xffffffe5]d5[0xffffffbb][0xffffff86]ow[0xffffffb3][0xffffffd5]O[0xfffffff8][0xfffffffc][0xffffffd5][0xffffffbd]Ck[0x1e]${,H[0xffffffc1][0xffffff96][0xffffff93]][0xffffffcd][0xffffffaf][0x8][0xfffffff6][0xc]^[0xffffffe1][0xffffffc5]^[0x13]4[0xffffffd2][0xffffff8e][0xffffffd1]>pR)[0xffffff9c][\r]eNh0[0xffffff86][0xffffffd9]:[0xc][0xffffff87]E[0xffffffa6]=q<i[0xffffff8b]o&[0xffffffc4][0xffffffd8]3<[0xffffff95][0x13][0xffffff90]N&8w[0xffffffe9][0x8][0xffffffef]v[0xffffff8e][0xffffffab][0xffffffbe]>es[0xffffffe9]([0x13]/[0xffffffd6][0xfffffff5][0xffffff80]*[0xffffffba][0xfffffff2]v[0xfffffffe][0xffffffd9][0xffffff94]DA6>[0xffffff8e][0xffffffbb]o[0xfffffff8]o[0x1a]E[0xffffffb8] A[0xffffffa8]@?T[0xffffffad]'*:{[0xfffffffa]xR.*[0xffffffce][0xffffffe9][0xffffffd7][0xffffffad][0xffffff93][0xffffff93]4[0xffffffc9][0xfffffffa][0xffffffda]<n*t[0xffffffeb][0xffffffb9]oV[0xffffffb6][0xffffffc0]/M[0xffffff94]O[0xffffffc0][0xfffffff0][0xffffffe1]i[0xffffff90][0xffffffb5][0xfffffffe]9[0xffffff8b][0xffffffad][0xfffffff2]U,Ul[0xffffffdd][0x13]KL[0xffffffa2][0x6][0xffffffdd][0xffffffca]\?`[0xffffffea][0x9].[0xffffffd5]I [0xffffffa4]i[0x1a]_i,[\r][0xffffffdd][0xffffffa1][0xffffffc3][0xffffffae]kzI[0xffffffd1]_Q[0xffffffce]Ek[0xffffffcb][0xfffffff8]Kf[0xffffffb8][0xfffffffe][0xffffffd9]3[0xc][0xffffffe6][0xffffffd3][0xffffff8e][0x11][0x17][0x10]C[0x1d]`i[0x19][0xffffffd5][0xffffffbc][0xfffffff1][0xffffffa4]5[0xffffffbc][0x1e]o[0xfffffff5]K[0xffffffa9][0xffffffd6][0xfffffff8][0xffffffc1]f[0xffffff9b]z[0x4][0xffffffd4][0x1a][0xffffff86][0xffffffb9]^K[0x16]s[0xffffff91][0xfffffffe][0xffffffbf][0xffffff8b]l]~)x(p,[0x11]2[0x14][0x8]E8e[0xffffff9e][0xffffffca]:X[0xffffffa6][0xffffff86][0xffffff88].[0xffffffb6]9[0xffffff9a][0xffffff88].[0xfffffff7]]G[0xffffffea][0xffffffcb][0xe][0xfffffffb][0x7f].u[0xffffff83][0xffffffbb][0xfffffff4][0xffffffb3][0x19][0xffffffda][0xffffffec][0xffffff98][0xffffffc5]Y[0xfffffffd]h8m6\4[0xffffffc1][0xffffff8a][0xffffffb7][0xffffff98]z[0xffffffd0][0xffffffd5]oF5q[0x1c][0x13][0x16][0xfffffff0][0x1d][0x1e][0x19]5-[0xffffff9d][0xffffffef][0xffffffad]c[0xb]z[0xffffffae]/m[0xffffffe6]8[0xffffffb6][0xffffff96][0xfffffff6]7X[0xffffffc9]t[0xfffffff8][0xfffffff9][0xffffffa5][0x11]K[0xfffffffb][0x15]3[0xffffffc3][0xfffffffc][0x1f]B[0xffffffdb][0xffffffd3][0xffffffab][0xffffff92]4.[0xffffff93]Z[0xffffffdf]]:[0xffffffda][0xffffffea][0xffffffdc]B[0xffffffa6][0xffffffcd][0xffffffbc][0xffffffae][0x5][0xfffffff5][0x4][0xffffffd6]8[0xffffffc0][0xffffff82][0xffffff96][0xfffffff0][0xffffffd2][0xc][0xffffffed][0xffffffe0]Y[0xffffffa8][\r]:[[0xffffffa9][0x0][0xffffffff][0x1][0xfffffff8][0x15][0xffffffb4][0xffffffee][0xffffff8e][\r][0x0][0x0]"
21:36:38.993 [main] DEBUG org.apache.hc.client5.http.impl.classic.InternalHttpClient - ep-0000000013 releasing valid endpoint
21:36:38.993 [main] DEBUG org.apache.hc.client5.http.impl.io.PoolingHttpClientConnectionManager - ep-0000000013 releasing endpoint
21:36:38.993 [main] DEBUG org.apache.hc.client5.http.impl.io.PoolingHttpClientConnectionManager - ep-0000000013 connection http-outgoing-11 can be kept alive for 3 MINUTES
21:36:38.993 [main] DEBUG org.apache.hc.client5.http.impl.io.PoolingHttpClientConnectionManager - ep-0000000013 connection released [route: {s}->https://raw.githubusercontent.com:443][total available: 1; route allocated: 1 of 5; total allocated: 1 of 25]
21:36:38.993 [main] DEBUG io.github.bonigarcia.wdm.versions.VersionDetector - Detecting chrome version using online commands.properties
21:36:38.994 [main] DEBUG io.github.bonigarcia.wdm.versions.Shell - Running command on the shell: [cmd.exe, /C, wmic, datafile, where, name="%PROGRAMFILES:\=\\%\\Google\\Chrome\\Application\\chrome.exe", get, Version, /value]
21:36:39.114 [main] DEBUG io.github.bonigarcia.wdm.versions.Shell - Result: 
21:36:39.114 [main] DEBUG io.github.bonigarcia.wdm.versions.Shell - Running command on the shell: [cmd.exe, /C, wmic, datafile, where, name="%PROGRAMFILES(X86):\=\\%\\Google\\Chrome\\Application\\chrome.exe", get, Version, /value]
21:36:39.219 [main] DEBUG io.github.bonigarcia.wdm.versions.Shell - Result: 
21:36:39.219 [main] DEBUG io.github.bonigarcia.wdm.versions.Shell - Running command on the shell: [cmd.exe, /C, wmic, datafile, where, name="%LOCALAPPDATA:\=\\%\\Google\\Chrome\\Application\\chrome.exe", get, Version, /value]
21:36:39.311 [main] DEBUG io.github.bonigarcia.wdm.versions.Shell - Result: 
21:36:39.311 [main] DEBUG io.github.bonigarcia.wdm.versions.Shell - Running command on the shell: [REG, QUERY, HKCU\Software\Google\Chrome\BLBeacon, /v, version]
21:36:39.334 [main] DEBUG io.github.bonigarcia.wdm.versions.Shell - Result: 
21:36:39.334 [main] DEBUG io.github.bonigarcia.wdm.versions.VersionDetector - Browser version for chrome not detected using online properties (using local commands.properties)
21:36:39.335 [main] DEBUG io.github.bonigarcia.wdm.versions.Shell - Running command on the shell: [cmd.exe, /C, wmic, datafile, where, name="%PROGRAMFILES:\=\\%\\Google\\Chrome\\Application\\chrome.exe", get, Version, /value]
21:36:39.426 [main] DEBUG io.github.bonigarcia.wdm.versions.Shell - Result: 
21:36:39.426 [main] DEBUG io.github.bonigarcia.wdm.versions.Shell - Running command on the shell: [cmd.exe, /C, wmic, datafile, where, name="%PROGRAMFILES(X86):\=\\%\\Google\\Chrome\\Application\\chrome.exe", get, Version, /value]
21:36:39.518 [main] DEBUG io.github.bonigarcia.wdm.versions.Shell - Result: 
21:36:39.519 [main] DEBUG io.github.bonigarcia.wdm.versions.Shell - Running command on the shell: [cmd.exe, /C, wmic, datafile, where, name="%LOCALAPPDATA:\=\\%\\Google\\Chrome\\Application\\chrome.exe", get, Version, /value]
21:36:39.620 [main] DEBUG io.github.bonigarcia.wdm.versions.Shell - Result: 
21:36:39.620 [main] DEBUG io.github.bonigarcia.wdm.versions.Shell - Running command on the shell: [REG, QUERY, HKCU\Software\Google\Chrome\BLBeacon, /v, version]
21:36:39.648 [main] DEBUG io.github.bonigarcia.wdm.versions.Shell - Result: 
21:36:39.648 [main] DEBUG io.github.bonigarcia.wdm.WebDriverManager - The driver version for CHROME is unknown ... trying with latest
21:36:39.649 [main] DEBUG org.apache.hc.client5.http.impl.classic.InternalHttpClient - ex-0000000014 preparing request execution
21:36:39.649 [main] DEBUG org.apache.hc.client5.http.impl.classic.ProtocolExec - ex-0000000014 target auth state: UNCHALLENGED
21:36:39.649 [main] DEBUG org.apache.hc.client5.http.impl.classic.ProtocolExec - ex-0000000014 proxy auth state: UNCHALLENGED
21:36:39.649 [main] DEBUG org.apache.hc.client5.http.impl.classic.ConnectExec - ex-0000000014 acquiring connection with route {s}->https://googlechromelabs.github.io:443
21:36:39.649 [main] DEBUG org.apache.hc.client5.http.impl.classic.InternalHttpClient - ex-0000000014 acquiring endpoint (3 MINUTES)
21:36:39.649 [main] DEBUG org.apache.hc.client5.http.impl.io.PoolingHttpClientConnectionManager - ex-0000000014 endpoint lease request (3 MINUTES) [route: {s}->https://googlechromelabs.github.io:443][total available: 1; route allocated: 0 of 5; total allocated: 1 of 25]
21:36:39.649 [main] DEBUG org.apache.hc.client5.http.impl.io.PoolingHttpClientConnectionManager - ex-0000000014 endpoint leased [route: {s}->https://googlechromelabs.github.io:443][total available: 1; route allocated: 1 of 5; total allocated: 2 of 25]
21:36:39.649 [main] DEBUG org.apache.hc.client5.http.impl.io.PoolingHttpClientConnectionManager - ex-0000000014 acquired ep-0000000014
21:36:39.649 [main] DEBUG org.apache.hc.client5.http.impl.classic.InternalHttpClient - ex-0000000014 acquired endpoint ep-0000000014
21:36:39.649 [main] DEBUG org.apache.hc.client5.http.impl.classic.ConnectExec - ex-0000000014 opening connection {s}->https://googlechromelabs.github.io:443
21:36:39.649 [main] DEBUG org.apache.hc.client5.http.impl.classic.InternalHttpClient - ep-0000000014 connecting endpoint (null)
21:36:39.649 [main] DEBUG org.apache.hc.client5.http.impl.io.PoolingHttpClientConnectionManager - ep-0000000014 connecting endpoint to https://googlechromelabs.github.io:443 (30 SECONDS)
21:36:39.649 [main] DEBUG org.apache.hc.client5.http.impl.io.DefaultHttpClientConnectionOperator - googlechromelabs.github.io resolving remote address
21:36:39.649 [main] DEBUG org.apache.hc.client5.http.impl.io.DefaultHttpClientConnectionOperator - googlechromelabs.github.io resolved to [googlechromelabs.github.io/185.199.111.153, googlechromelabs.github.io/185.199.108.153, googlechromelabs.github.io/185.199.109.153, googlechromelabs.github.io/185.199.110.153]
21:36:39.650 [main] DEBUG org.apache.hc.client5.http.impl.io.DefaultHttpClientConnectionOperator - googlechromelabs.github.io:443 connecting null->googlechromelabs.github.io/185.199.111.153:443 (30 SECONDS)
21:36:39.650 [main] DEBUG org.apache.hc.client5.http.ssl.SSLConnectionSocketFactory - Connecting socket to googlechromelabs.github.io/185.199.111.153:443 with timeout 30 SECONDS
21:36:39.656 [main] DEBUG org.apache.hc.client5.http.ssl.SSLConnectionSocketFactory - Enabled protocols: [TLSv1.3, TLSv1.2]
21:36:39.656 [main] DEBUG org.apache.hc.client5.http.ssl.SSLConnectionSocketFactory - Enabled cipher suites: [TLS_AES_256_GCM_SHA384, TLS_AES_128_GCM_SHA256, TLS_CHACHA20_POLY1305_SHA256, TLS_ECDHE_ECDSA_WITH_AES_256_GCM_SHA384, TLS_ECDHE_ECDSA_WITH_AES_128_GCM_SHA256, TLS_ECDHE_ECDSA_WITH_CHACHA20_POLY1305_SHA256, TLS_ECDHE_RSA_WITH_AES_256_GCM_SHA384, TLS_ECDHE_RSA_WITH_CHACHA20_POLY1305_SHA256, TLS_ECDHE_RSA_WITH_AES_128_GCM_SHA256, TLS_DHE_RSA_WITH_AES_256_GCM_SHA384, TLS_DHE_RSA_WITH_CHACHA20_POLY1305_SHA256, TLS_DHE_DSS_WITH_AES_256_GCM_SHA384, TLS_DHE_RSA_WITH_AES_128_GCM_SHA256, TLS_DHE_DSS_WITH_AES_128_GCM_SHA256, TLS_ECDHE_ECDSA_WITH_AES_256_CBC_SHA384, TLS_ECDHE_RSA_WITH_AES_256_CBC_SHA384, TLS_ECDHE_ECDSA_WITH_AES_128_CBC_SHA256, TLS_ECDHE_RSA_WITH_AES_128_CBC_SHA256, TLS_DHE_RSA_WITH_AES_256_CBC_SHA256, TLS_DHE_DSS_WITH_AES_256_CBC_SHA256, TLS_DHE_RSA_WITH_AES_128_CBC_SHA256, TLS_DHE_DSS_WITH_AES_128_CBC_SHA256, TLS_ECDHE_ECDSA_WITH_AES_256_CBC_SHA, TLS_ECDHE_RSA_WITH_AES_256_CBC_SHA, TLS_ECDHE_ECDSA_WITH_AES_128_CBC_SHA, TLS_ECDHE_RSA_WITH_AES_128_CBC_SHA, TLS_DHE_RSA_WITH_AES_256_CBC_SHA, TLS_DHE_DSS_WITH_AES_256_CBC_SHA, TLS_DHE_RSA_WITH_AES_128_CBC_SHA, TLS_DHE_DSS_WITH_AES_128_CBC_SHA, TLS_RSA_WITH_AES_256_GCM_SHA384, TLS_RSA_WITH_AES_128_GCM_SHA256, TLS_RSA_WITH_AES_256_CBC_SHA256, TLS_RSA_WITH_AES_128_CBC_SHA256, TLS_RSA_WITH_AES_256_CBC_SHA, TLS_RSA_WITH_AES_128_CBC_SHA, TLS_EMPTY_RENEGOTIATION_INFO_SCSV]
21:36:39.656 [main] DEBUG org.apache.hc.client5.http.ssl.SSLConnectionSocketFactory - Starting handshake (null)
21:36:39.670 [main] DEBUG org.apache.hc.client5.http.ssl.SSLConnectionSocketFactory - Secure session established
21:36:39.670 [main] DEBUG org.apache.hc.client5.http.ssl.SSLConnectionSocketFactory -  negotiated protocol: TLSv1.3
21:36:39.670 [main] DEBUG org.apache.hc.client5.http.ssl.SSLConnectionSocketFactory -  negotiated cipher suite: TLS_AES_128_GCM_SHA256
21:36:39.670 [main] DEBUG org.apache.hc.client5.http.ssl.SSLConnectionSocketFactory -  peer principal: CN=*.github.io, O="GitHub, Inc.", L=San Francisco, ST=California, C=US
21:36:39.670 [main] DEBUG org.apache.hc.client5.http.ssl.SSLConnectionSocketFactory -  peer alternative names: [*.github.io, github.io, githubusercontent.com, www.github.com, *.github.com, *.githubusercontent.com, github.com]
21:36:39.670 [main] DEBUG org.apache.hc.client5.http.ssl.SSLConnectionSocketFactory -  issuer principal: CN=DigiCert Global G2 TLS RSA SHA256 2020 CA1, O=DigiCert Inc, C=US
21:36:39.670 [main] DEBUG org.apache.hc.client5.http.impl.io.DefaultManagedHttpClientConnection - http-outgoing-12 set socket timeout to 3 MINUTES
21:36:39.670 [main] DEBUG org.apache.hc.client5.http.impl.io.DefaultHttpClientConnectionOperator - googlechromelabs.github.io:443 connected null->googlechromelabs.github.io/185.199.111.153:443 as http-outgoing-12
21:36:39.670 [main] DEBUG org.apache.hc.client5.http.impl.io.PoolingHttpClientConnectionManager - ep-0000000014 connected http-outgoing-12
21:36:39.670 [main] DEBUG org.apache.hc.client5.http.impl.classic.InternalHttpClient - ep-0000000014 endpoint connected
21:36:39.670 [main] DEBUG org.apache.hc.client5.http.impl.classic.MainClientExec - ex-0000000014 executing GET /chrome-for-testing/last-known-good-versions-with-downloads.json HTTP/1.1
21:36:39.670 [main] DEBUG org.apache.hc.client5.http.protocol.RequestAddCookies - ex-0000000014 Cookie spec selected: strict
21:36:39.670 [main] DEBUG org.apache.hc.client5.http.impl.classic.InternalHttpClient - ep-0000000014 start execution ex-0000000014
21:36:39.670 [main] DEBUG org.apache.hc.client5.http.impl.io.PoolingHttpClientConnectionManager - ep-0000000014 executing exchange ex-0000000014 over http-outgoing-12
21:36:39.670 [main] DEBUG org.apache.hc.client5.http.headers - http-outgoing-12 >> GET /chrome-for-testing/last-known-good-versions-with-downloads.json HTTP/1.1
21:36:39.670 [main] DEBUG org.apache.hc.client5.http.headers - http-outgoing-12 >> user-agent: Apache-HttpClient/5.0
21:36:39.670 [main] DEBUG org.apache.hc.client5.http.headers - http-outgoing-12 >> accept-encoding: gzip, deflate, br
21:36:39.670 [main] DEBUG org.apache.hc.client5.http.headers - http-outgoing-12 >> cache-control: max-age=0
21:36:39.670 [main] DEBUG org.apache.hc.client5.http.headers - http-outgoing-12 >> connection: keep-alive
21:36:39.670 [main] DEBUG org.apache.hc.client5.http.headers - http-outgoing-12 >> Host: googlechromelabs.github.io
21:36:39.670 [main] DEBUG org.apache.hc.client5.http.wire - http-outgoing-12 >> "GET /chrome-for-testing/last-known-good-versions-with-downloads.json HTTP/1.1[\r][\n]"
21:36:39.670 [main] DEBUG org.apache.hc.client5.http.wire - http-outgoing-12 >> "user-agent: Apache-HttpClient/5.0[\r][\n]"
21:36:39.670 [main] DEBUG org.apache.hc.client5.http.wire - http-outgoing-12 >> "accept-encoding: gzip, deflate, br[\r][\n]"
21:36:39.670 [main] DEBUG org.apache.hc.client5.http.wire - http-outgoing-12 >> "cache-control: max-age=0[\r][\n]"
21:36:39.670 [main] DEBUG org.apache.hc.client5.http.wire - http-outgoing-12 >> "connection: keep-alive[\r][\n]"
21:36:39.670 [main] DEBUG org.apache.hc.client5.http.wire - http-outgoing-12 >> "Host: googlechromelabs.github.io[\r][\n]"
21:36:39.670 [main] DEBUG org.apache.hc.client5.http.wire - http-outgoing-12 >> "[\r][\n]"
21:36:39.676 [main] DEBUG org.apache.hc.client5.http.wire - http-outgoing-12 << "HTTP/1.1 200 OK[\r][\n]"
21:36:39.676 [main] DEBUG org.apache.hc.client5.http.wire - http-outgoing-12 << "Connection: keep-alive[\r][\n]"
21:36:39.676 [main] DEBUG org.apache.hc.client5.http.wire - http-outgoing-12 << "Content-Length: 650[\r][\n]"
21:36:39.676 [main] DEBUG org.apache.hc.client5.http.wire - http-outgoing-12 << "Server: GitHub.com[\r][\n]"
21:36:39.676 [main] DEBUG org.apache.hc.client5.http.wire - http-outgoing-12 << "Content-Type: application/json; charset=utf-8[\r][\n]"
21:36:39.676 [main] DEBUG org.apache.hc.client5.http.wire - http-outgoing-12 << "permissions-policy: interest-cohort=()[\r][\n]"
21:36:39.676 [main] DEBUG org.apache.hc.client5.http.wire - http-outgoing-12 << "x-origin-cache: HIT[\r][\n]"
21:36:39.676 [main] DEBUG org.apache.hc.client5.http.wire - http-outgoing-12 << "Last-Modified: Wed, 18 Dec 2024 20:10:24 GMT[\r][\n]"
21:36:39.676 [main] DEBUG org.apache.hc.client5.http.wire - http-outgoing-12 << "Access-Control-Allow-Origin: *[\r][\n]"
21:36:39.676 [main] DEBUG org.apache.hc.client5.http.wire - http-outgoing-12 << "Strict-Transport-Security: max-age=31556952[\r][\n]"
21:36:39.676 [main] DEBUG org.apache.hc.client5.http.wire - http-outgoing-12 << "ETag: W/"67632c30-21f8"[\r][\n]"
21:36:39.676 [main] DEBUG org.apache.hc.client5.http.wire - http-outgoing-12 << "expires: Wed, 18 Dec 2024 20:22:58 GMT[\r][\n]"
21:36:39.676 [main] DEBUG org.apache.hc.client5.http.wire - http-outgoing-12 << "Cache-Control: max-age=600[\r][\n]"
21:36:39.676 [main] DEBUG org.apache.hc.client5.http.wire - http-outgoing-12 << "Content-Encoding: gzip[\r][\n]"
21:36:39.676 [main] DEBUG org.apache.hc.client5.http.wire - http-outgoing-12 << "x-proxy-cache: HIT[\r][\n]"
21:36:39.676 [main] DEBUG org.apache.hc.client5.http.wire - http-outgoing-12 << "X-GitHub-Request-Id: 5783:7E9D1:F42EB:F6CEE:67632CFD[\r][\n]"
21:36:39.676 [main] DEBUG org.apache.hc.client5.http.wire - http-outgoing-12 << "Accept-Ranges: bytes[\r][\n]"
21:36:39.676 [main] DEBUG org.apache.hc.client5.http.wire - http-outgoing-12 << "Date: Wed, 18 Dec 2024 20:36:40 GMT[\r][\n]"
21:36:39.676 [main] DEBUG org.apache.hc.client5.http.wire - http-outgoing-12 << "Via: 1.1 varnish[\r][\n]"
21:36:39.676 [main] DEBUG org.apache.hc.client5.http.wire - http-outgoing-12 << "Age: 470[\r][\n]"
21:36:39.676 [main] DEBUG org.apache.hc.client5.http.wire - http-outgoing-12 << "X-Served-By: cache-mad2200115-MAD[\r][\n]"
21:36:39.676 [main] DEBUG org.apache.hc.client5.http.wire - http-outgoing-12 << "X-Cache: HIT[\r][\n]"
21:36:39.676 [main] DEBUG org.apache.hc.client5.http.wire - http-outgoing-12 << "X-Cache-Hits: 1[\r][\n]"
21:36:39.676 [main] DEBUG org.apache.hc.client5.http.wire - http-outgoing-12 << "X-Timer: S1734554201.843581,VS0,VE2[\r][\n]"
21:36:39.676 [main] DEBUG org.apache.hc.client5.http.wire - http-outgoing-12 << "Vary: Accept-Encoding[\r][\n]"
21:36:39.676 [main] DEBUG org.apache.hc.client5.http.wire - http-outgoing-12 << "X-Fastly-Request-ID: 818750d3fda1e4586db10e7cd4924f63796ee7cd[\r][\n]"
21:36:39.676 [main] DEBUG org.apache.hc.client5.http.wire - http-outgoing-12 << "[\r][\n]"
21:36:39.676 [main] DEBUG org.apache.hc.client5.http.headers - http-outgoing-12 << HTTP/1.1 200 OK
21:36:39.676 [main] DEBUG org.apache.hc.client5.http.headers - http-outgoing-12 << Connection: keep-alive
21:36:39.676 [main] DEBUG org.apache.hc.client5.http.headers - http-outgoing-12 << Content-Length: 650
21:36:39.676 [main] DEBUG org.apache.hc.client5.http.headers - http-outgoing-12 << Server: GitHub.com
21:36:39.676 [main] DEBUG org.apache.hc.client5.http.headers - http-outgoing-12 << Content-Type: application/json; charset=utf-8
21:36:39.676 [main] DEBUG org.apache.hc.client5.http.headers - http-outgoing-12 << permissions-policy: interest-cohort=()
21:36:39.676 [main] DEBUG org.apache.hc.client5.http.headers - http-outgoing-12 << x-origin-cache: HIT
21:36:39.676 [main] DEBUG org.apache.hc.client5.http.headers - http-outgoing-12 << Last-Modified: Wed, 18 Dec 2024 20:10:24 GMT
21:36:39.676 [main] DEBUG org.apache.hc.client5.http.headers - http-outgoing-12 << Access-Control-Allow-Origin: *
21:36:39.676 [main] DEBUG org.apache.hc.client5.http.headers - http-outgoing-12 << Strict-Transport-Security: max-age=31556952
21:36:39.676 [main] DEBUG org.apache.hc.client5.http.headers - http-outgoing-12 << ETag: W/"67632c30-21f8"
21:36:39.676 [main] DEBUG org.apache.hc.client5.http.headers - http-outgoing-12 << expires: Wed, 18 Dec 2024 20:22:58 GMT
21:36:39.676 [main] DEBUG org.apache.hc.client5.http.headers - http-outgoing-12 << Cache-Control: max-age=600
21:36:39.676 [main] DEBUG org.apache.hc.client5.http.headers - http-outgoing-12 << Content-Encoding: gzip
21:36:39.676 [main] DEBUG org.apache.hc.client5.http.headers - http-outgoing-12 << x-proxy-cache: HIT
21:36:39.676 [main] DEBUG org.apache.hc.client5.http.headers - http-outgoing-12 << X-GitHub-Request-Id: 5783:7E9D1:F42EB:F6CEE:67632CFD
21:36:39.676 [main] DEBUG org.apache.hc.client5.http.headers - http-outgoing-12 << Accept-Ranges: bytes
21:36:39.676 [main] DEBUG org.apache.hc.client5.http.headers - http-outgoing-12 << Date: Wed, 18 Dec 2024 20:36:40 GMT
21:36:39.676 [main] DEBUG org.apache.hc.client5.http.headers - http-outgoing-12 << Via: 1.1 varnish
21:36:39.676 [main] DEBUG org.apache.hc.client5.http.headers - http-outgoing-12 << Age: 470
21:36:39.676 [main] DEBUG org.apache.hc.client5.http.headers - http-outgoing-12 << X-Served-By: cache-mad2200115-MAD
21:36:39.676 [main] DEBUG org.apache.hc.client5.http.headers - http-outgoing-12 << X-Cache: HIT
21:36:39.676 [main] DEBUG org.apache.hc.client5.http.headers - http-outgoing-12 << X-Cache-Hits: 1
21:36:39.676 [main] DEBUG org.apache.hc.client5.http.headers - http-outgoing-12 << X-Timer: S1734554201.843581,VS0,VE2
21:36:39.676 [main] DEBUG org.apache.hc.client5.http.headers - http-outgoing-12 << Vary: Accept-Encoding
21:36:39.676 [main] DEBUG org.apache.hc.client5.http.headers - http-outgoing-12 << X-Fastly-Request-ID: 818750d3fda1e4586db10e7cd4924f63796ee7cd
21:36:39.676 [main] DEBUG org.apache.hc.client5.http.impl.classic.MainClientExec - ex-0000000014 connection can be kept alive for 3 MINUTES
21:36:39.677 [main] DEBUG org.apache.hc.client5.http.wire - http-outgoing-12 << "[0x1f][0xffffff8b][0x8][0x0][0x0][0x0][0x0][0x0][0x0][0x3][0xffffffcd][0xffffff96][0xffffffcf][0xffffff8e][0xffffff9b]0[0x10][0xffffff87][0xffffffef]}[0xc][0xffffff9f][0xfffffff9][0xf][0x1][0xffffffc2][0xffffffb1][0xffffffdd]7[0xffffffd8][0xffffff9e]Z[0xfffffff5][0xffffffe0]M[0xffffffdc][0xffffffc4][0xffffff92][0xffffffc1][0x8][0xffffff93]l[0xffffffdb][0xffffff88]w[0xffffffaf][0x3][0xffffff84][0x0][0xffffffb1][0xffffffd9][0xffffffcb][0xffffffc6][0xffffffc3])a[0xffffffc0]3?[0xffffffd0][0xffffffa7][0xffffffd1]wA5[0xffffffcd][0xffffff89][0xffffffa8]q^[0xffffffa2][0xc][0x5]^[0x10][0xffffffd9]~`[0xfffffffb][0xffffffe9]w[0xffffffdf][0xffffffcb][0xffffffbc]m[0x16]%N[0x18][0xfffffff8]?[0xffffff90][0xffffff85]vG\[0x14][0xffffff84][0x9][0xffffff94]][0xffffffd0]k[0xffffff8d][0xffffffdf][0x18][0xffffffb9][0xfffffffe][0xffffffeb][0xffffffab][0xfffffff2]h_[0xffffffb3][0xffffffd0][0xffffff99]T[0xffffff82][0xfffffff2]B[0xffffff96][0xfffffffc][0xffffffd0]w<'N[0xffffff92][0xffffffd4][0xfffffff1][0xffffffbd]T[0xffffffde][0xffffffaa][0xffffffc8][0xffffff99][0xe][0xfffffff7][0xffffffe2]t[0x13]leq[0xffffffcf][0xffffffdf][0xb][0xffffffc6][0xfffffff1]^t[0xfffffffd]*[0xffffff9e][0xffffffcb][0xffffffce]?/[0xffffffa8]d[0xffffffb8][0xfffffffe][0xffffffcd][0xffffffab]\>[0xffffffcc]hq[0xfffffffa][0x13]G[0xfffffff2][0xffffffe1]Su[0xffffff9d]u[0xffffffac][0xffffffeb]Rd[0xffffffae]+j^[0xffffffe1][0x3]q[0xe][0xffffff9c][0x1f][0x18][0xffffffc1]%[0x15][0xffffffce][0xffffff8e][0xffffffe7]n[0xffffffd7][0xffffffc4][0xffffff96][0xffffff87][0xffffffed]Z[0xffffffbe][0x1a]-[0xe]vyzct[0xffffffe7]N[0x13][0xffffffb9]}[0xffffffdf][0xffffffdb][0xffffff81][0xfffffffe][0xffffffd2][0xfffffff9]GK[0xffffffd4]X[0xffffff93][0x4]9[0xffffffde][0xffffffd9][0xffffffb8][0xffffffca][0xffffff9f][0xffffff90]a[0xffffffe8]|;2[0x14]t9[0xffffff9e][0xfffffff1]%[0xfffffffa][0xffffffbe][0xffffffe3][0xc][0xffffff9a]/[0xfffffff1]N[0xffffff8b]0[0xfffffff8][0xfffffff4][0xfffffff9]m[0xffffffd7][0xffffffdb][0xffffffe3][0xffffffed][0xffffff85]f[0xfffffff6][0x13][0xffffffde][0xffffffbd][0xffffffed]:[0xffffff9a]}{[0xffffffef]_V[0xffffff8f][0xffffffe3][0xffffffbe][0xffffffa2][0x12]j[0x18]([0xffffffbb][0xffffffd9][0xffffffeb]@[0xffffffb3][0xffffffcf][0xffffffb2][0x2]@GI[0xffffffc0]0[0xffffffed]3[0x0][0xffffffc2]zO[0xfffffff0][0xffffff80][0xffffffac]}$x[0xffffffcf][0xffffff88][0x10][0xffffffb6]8[0x12][0xffffffc6]`[0xffffffd8][0xffffff9d][0xffffff85]X[0x7][0xffffffc4][0xfffffff3]P+[0xffffffa0]Y[0x15][0x9][0xc][0xffffffeb]y[0x18]@[0xffffffbe][0x15]Q[0x6][0xffffffd0][0xffffff9b][0xffffffc6]B_I[0xffffff8d][0xffffffa7][0x12][0xffffffd2]V[0xffffffa6][\n]"
21:36:39.677 [main] DEBUG org.apache.hc.client5.http.wire - http-outgoing-12 << "[0x12]\[0xffffffbb][0xffffffa7]a[0xffffffe4]D[0xfffffff1][0xffffffdc]@R[0x7f][0x13][0xfffffffb][0xffffffc6][\r]d[0x14][0x8]J@[0xffffffc6][0x11][0xffffffc0][0xfffffffc]c[0x1e][0xffffffc2][0xffffffb0]~[0xffffff8c][0xffffffc7][0x1b][0xffffffb6][0xffffff8f][0xffffffd9]h`[0xfffffff9][0xffffffd0][0xfffffff3]h[0xffffffd8]=[0xffffff96][0xffffffa8]4[0xffffffac][0x1e]z6[\r][0xffffff9a][0xffffff87][0xffffff8e]Pc[0xffffffe2][0xffffffa1][0xffffffe3]t[0x15][0xffffffde][0xffffffb1][0xffffffb0]F[0xffffff81][0xffffffb4]cq[0xffffffab][0x2]Y[0xffffffc7][0xffffffc2][0xffffff92][0x5][0xffffff90][0xe][0xffffffed][0xffffffce]5[0xffffffee][0x1c][0xffffffda][0x15][0xfffffffc][0xffffff81]r[0xffffffbc][0xffffff90][0xfffffff3][0xffffffd4]8[0xffffffae][0xffffff85][0xffffffa9]p[0xffffff84]m[0xffffffeb]4u[0xffffff82][0xffffffb9]ol[0xffffffa3]M[0xffffff98][0x18][0xfffffff7][0xffffff8d]{[0x1e]([0xffffffdd][0x18]%[0x0][0xffffffb3][0xffffff8d]Y[0x6][0xffffffc3][0xffffffb2]1[0xffffff9a]n[0xffffffd8]5[0xffffffa6][0xffffff93][0xffffff81]UC[0xffffff8b][0xffffffa2]a[0xffffffd3]X[0x0][0xffffffd2][0xffffffb0]hh[0xffffffb1]4[0xffffffe8][0x19][0x1a]8[0xffffff8d]i[0xffffff86][0x6][0xffffffd1]UX[0xffffff86]~y[0x2]I[0xffffffc6][0xffffffd2].[0x5]r[0xc][0xfffffffd]j[0x5]P[0xc][0xffffffdd][0xffffffa6]5n[0x18][0xffffffba][0xffffffc5][0xfffffffb][0xffffff81]`|[0xffffffc3][0x5][0xffffffae][0xfffffffe]N[0x1d][0xffffffa3][0xffffffaf])4c[0xffffffeb][0xffffffc9][0xffffff9f][0x7][0xffffffcd]H[0xffffffc2]M[\n]"
21:36:39.677 [main] DEBUG org.apache.hc.client5.http.wire - http-outgoing-12 << "[0xffffffa3][0x19]m[0x1e]P[0xffffffcd][0xffffffe8][0x12][0xffffffc0]j[0xffffffc6]=[0x3][0xffffff84]ft[0xffffffd3]!4c[0xffffff98][0xffffffbc][0x6][0xffffffcd]P[0xffffffa1][0x8][0xffffffa1][0x19]j !4C[0xffffff85][0xffffffa5]i[0xffffffcd]x[0xffffff84][0xffffffd3][0xffffffac]f<"[0xffffffba][0x1e][0xffffffcd]P.OH[0xffffffcd][0xffffffd0][0xffffffec]RH[0xffffffcd]P[0xffffffae]V([0xffffffcd]PlZ[0x18][0xffffffcd]P,[0xffffffde]E[0xffffffcd]h[0xffffff9a]/[0xffffffff][0x1][0xffffffc5]A.V[0xfffffff8]![0x0][0x0]"
21:36:39.677 [main] DEBUG org.apache.hc.client5.http.impl.classic.InternalHttpClient - ep-0000000014 releasing valid endpoint
21:36:39.677 [main] DEBUG org.apache.hc.client5.http.impl.io.PoolingHttpClientConnectionManager - ep-0000000014 releasing endpoint
21:36:39.677 [main] DEBUG org.apache.hc.client5.http.impl.io.PoolingHttpClientConnectionManager - ep-0000000014 connection http-outgoing-12 can be kept alive for 3 MINUTES
21:36:39.677 [main] DEBUG org.apache.hc.client5.http.impl.io.PoolingHttpClientConnectionManager - ep-0000000014 connection released [route: {s}->https://googlechromelabs.github.io:443][total available: 2; route allocated: 1 of 5; total allocated: 2 of 25]
21:36:39.681 [main] DEBUG io.github.bonigarcia.wdm.WebDriverManager - Driver chromedriver 131.0.6778.108 found in cache
21:36:39.682 [main] INFO io.github.bonigarcia.wdm.WebDriverManager - Exporting webdriver.chrome.driver as C:\Users\MisterSurface\.cache\selenium\chromedriver\win64\131.0.6778.108\chromedriver.exe
]]></system-out>
    <system-err><![CDATA[Starting ChromeDriver 131.0.6778.108 (3b014839fbc4fb688b2f5af512d6ce312ad208b1-refs/branch-heads/6778@{#2393}) on port 6994
Only local connections are allowed.
Please see https://chromedriver.chromium.org/security-considerations for suggestions on keeping ChromeDriver safe.
ChromeDriver was started successfully on port 6994.
]]></system-err>
  </testcase>
  <testcase name="testPageLoadAndForm" classname="com.lauracercas.moviecards.endtoendtest.MovieE2ETest" time="0.924">
    <error message="session not created&#10;from unknown error: cannot find Chrome binary&#10;Build info: version: &apos;3.141.59&apos;, revision: &apos;e82be7d358&apos;, time: &apos;2018-11-14T08:17:03&apos;&#10;System info: host: &apos;DESKTOP-JI5NALH&apos;, ip: &apos;192.168.108.115&apos;, os.name: &apos;Windows 10&apos;, os.arch: &apos;amd64&apos;, os.version: &apos;10.0&apos;, java.version: &apos;23&apos;&#10;Driver info: driver.version: ChromeDriver&#10;remote stacktrace: 	GetHandleVerifier [0x00007FF701B26CC5+28821]&#10;	(No symbol) [0x00007FF701A93850]&#10;	(No symbol) [0x00007FF70193578A]&#10;	(No symbol) [0x00007FF70196DA38]&#10;	(No symbol) [0x00007FF70196BAC9]&#10;	(No symbol) [0x00007FF7019BA4FA]&#10;	(No symbol) [0x00007FF7019B9B30]&#10;	(No symbol) [0x00007FF7019AF0A3]&#10;	(No symbol) [0x00007FF70197A778]&#10;	(No symbol) [0x00007FF70197B8E1]&#10;	GetHandleVerifier [0x00007FF701E5FCCD+3408029]&#10;	GetHandleVerifier [0x00007FF701E7743F+3504143]&#10;	GetHandleVerifier [0x00007FF701E6B61D+3455469]&#10;	GetHandleVerifier [0x00007FF701BEBDCB+835995]&#10;	(No symbol) [0x00007FF701A9EB6F]&#10;	(No symbol) [0x00007FF701A9A824]&#10;	(No symbol) [0x00007FF701A9A9BD]&#10;	(No symbol) [0x00007FF701A8A1A9]&#10;	BaseThreadInitThunk [0x00007FFDA5337374+20]&#10;	RtlUserThreadStart [0x00007FFDA663CC91+33]&#10;" type="org.openqa.selenium.SessionNotCreatedException">org.openqa.selenium.SessionNotCreatedException: 
session not created
from unknown error: cannot find Chrome binary
Build info: version: '3.141.59', revision: 'e82be7d358', time: '2018-11-14T08:17:03'
System info: host: 'DESKTOP-JI5NALH', ip: '192.168.108.115', os.name: 'Windows 10', os.arch: 'amd64', os.version: '10.0', java.version: '23'
Driver info: driver.version: ChromeDriver
remote stacktrace: 	GetHandleVerifier [0x00007FF701B26CC5+28821]
	(No symbol) [0x00007FF701A93850]
	(No symbol) [0x00007FF70193578A]
	(No symbol) [0x00007FF70196DA38]
	(No symbol) [0x00007FF70196BAC9]
	(No symbol) [0x00007FF7019BA4FA]
	(No symbol) [0x00007FF7019B9B30]
	(No symbol) [0x00007FF7019AF0A3]
	(No symbol) [0x00007FF70197A778]
	(No symbol) [0x00007FF70197B8E1]
	GetHandleVerifier [0x00007FF701E5FCCD+3408029]
	GetHandleVerifier [0x00007FF701E7743F+3504143]
	GetHandleVerifier [0x00007FF701E6B61D+3455469]
	GetHandleVerifier [0x00007FF701BEBDCB+835995]
	(No symbol) [0x00007FF701A9EB6F]
	(No symbol) [0x00007FF701A9A824]
	(No symbol) [0x00007FF701A9A9BD]
	(No symbol) [0x00007FF701A8A1A9]
	BaseThreadInitThunk [0x00007FFDA5337374+20]
	RtlUserThreadStart [0x00007FFDA663CC91+33]

	at com.lauracercas.moviecards.endtoendtest.MovieE2ETest.setUp(MovieE2ETest.java:34)
</error>
    <system-out><![CDATA[21:36:39.786 [main] DEBUG io.github.bonigarcia.wdm.WebDriverManager - Using WebDriverManager 5.7.0
21:36:39.798 [main] DEBUG org.apache.hc.client5.http.impl.classic.InternalHttpClient - ex-0000000015 preparing request execution
21:36:39.798 [main] DEBUG org.apache.hc.client5.http.impl.classic.ProtocolExec - ex-0000000015 target auth state: UNCHALLENGED
21:36:39.799 [main] DEBUG org.apache.hc.client5.http.impl.classic.ProtocolExec - ex-0000000015 proxy auth state: UNCHALLENGED
21:36:39.799 [main] DEBUG org.apache.hc.client5.http.impl.classic.ConnectExec - ex-0000000015 acquiring connection with route {s}->https://raw.githubusercontent.com:443
21:36:39.799 [main] DEBUG org.apache.hc.client5.http.impl.classic.InternalHttpClient - ex-0000000015 acquiring endpoint (3 MINUTES)
21:36:39.799 [main] DEBUG org.apache.hc.client5.http.impl.io.PoolingHttpClientConnectionManager - ex-0000000015 endpoint lease request (3 MINUTES) [route: {s}->https://raw.githubusercontent.com:443][total available: 0; route allocated: 0 of 5; total allocated: 0 of 25]
21:36:39.799 [main] DEBUG org.apache.hc.client5.http.impl.io.PoolingHttpClientConnectionManager - ex-0000000015 endpoint leased [route: {s}->https://raw.githubusercontent.com:443][total available: 0; route allocated: 1 of 5; total allocated: 1 of 25]
21:36:39.799 [main] DEBUG org.apache.hc.client5.http.impl.io.PoolingHttpClientConnectionManager - ex-0000000015 acquired ep-0000000015
21:36:39.799 [main] DEBUG org.apache.hc.client5.http.impl.classic.InternalHttpClient - ex-0000000015 acquired endpoint ep-0000000015
21:36:39.799 [main] DEBUG org.apache.hc.client5.http.impl.classic.ConnectExec - ex-0000000015 opening connection {s}->https://raw.githubusercontent.com:443
21:36:39.799 [main] DEBUG org.apache.hc.client5.http.impl.classic.InternalHttpClient - ep-0000000015 connecting endpoint (null)
21:36:39.799 [main] DEBUG org.apache.hc.client5.http.impl.io.PoolingHttpClientConnectionManager - ep-0000000015 connecting endpoint to https://raw.githubusercontent.com:443 (30 SECONDS)
21:36:39.799 [main] DEBUG org.apache.hc.client5.http.impl.io.DefaultHttpClientConnectionOperator - raw.githubusercontent.com resolving remote address
21:36:39.799 [main] DEBUG org.apache.hc.client5.http.impl.io.DefaultHttpClientConnectionOperator - raw.githubusercontent.com resolved to [raw.githubusercontent.com/185.199.111.133, raw.githubusercontent.com/185.199.110.133, raw.githubusercontent.com/185.199.109.133, raw.githubusercontent.com/185.199.108.133]
21:36:39.799 [main] DEBUG org.apache.hc.client5.http.impl.io.DefaultHttpClientConnectionOperator - raw.githubusercontent.com:443 connecting null->raw.githubusercontent.com/185.199.111.133:443 (30 SECONDS)
21:36:39.799 [main] DEBUG org.apache.hc.client5.http.ssl.SSLConnectionSocketFactory - Connecting socket to raw.githubusercontent.com/185.199.111.133:443 with timeout 30 SECONDS
21:36:39.806 [main] DEBUG org.apache.hc.client5.http.ssl.SSLConnectionSocketFactory - Enabled protocols: [TLSv1.3, TLSv1.2]
21:36:39.806 [main] DEBUG org.apache.hc.client5.http.ssl.SSLConnectionSocketFactory - Enabled cipher suites: [TLS_AES_256_GCM_SHA384, TLS_AES_128_GCM_SHA256, TLS_CHACHA20_POLY1305_SHA256, TLS_ECDHE_ECDSA_WITH_AES_256_GCM_SHA384, TLS_ECDHE_ECDSA_WITH_AES_128_GCM_SHA256, TLS_ECDHE_ECDSA_WITH_CHACHA20_POLY1305_SHA256, TLS_ECDHE_RSA_WITH_AES_256_GCM_SHA384, TLS_ECDHE_RSA_WITH_CHACHA20_POLY1305_SHA256, TLS_ECDHE_RSA_WITH_AES_128_GCM_SHA256, TLS_DHE_RSA_WITH_AES_256_GCM_SHA384, TLS_DHE_RSA_WITH_CHACHA20_POLY1305_SHA256, TLS_DHE_DSS_WITH_AES_256_GCM_SHA384, TLS_DHE_RSA_WITH_AES_128_GCM_SHA256, TLS_DHE_DSS_WITH_AES_128_GCM_SHA256, TLS_ECDHE_ECDSA_WITH_AES_256_CBC_SHA384, TLS_ECDHE_RSA_WITH_AES_256_CBC_SHA384, TLS_ECDHE_ECDSA_WITH_AES_128_CBC_SHA256, TLS_ECDHE_RSA_WITH_AES_128_CBC_SHA256, TLS_DHE_RSA_WITH_AES_256_CBC_SHA256, TLS_DHE_DSS_WITH_AES_256_CBC_SHA256, TLS_DHE_RSA_WITH_AES_128_CBC_SHA256, TLS_DHE_DSS_WITH_AES_128_CBC_SHA256, TLS_ECDHE_ECDSA_WITH_AES_256_CBC_SHA, TLS_ECDHE_RSA_WITH_AES_256_CBC_SHA, TLS_ECDHE_ECDSA_WITH_AES_128_CBC_SHA, TLS_ECDHE_RSA_WITH_AES_128_CBC_SHA, TLS_DHE_RSA_WITH_AES_256_CBC_SHA, TLS_DHE_DSS_WITH_AES_256_CBC_SHA, TLS_DHE_RSA_WITH_AES_128_CBC_SHA, TLS_DHE_DSS_WITH_AES_128_CBC_SHA, TLS_RSA_WITH_AES_256_GCM_SHA384, TLS_RSA_WITH_AES_128_GCM_SHA256, TLS_RSA_WITH_AES_256_CBC_SHA256, TLS_RSA_WITH_AES_128_CBC_SHA256, TLS_RSA_WITH_AES_256_CBC_SHA, TLS_RSA_WITH_AES_128_CBC_SHA, TLS_EMPTY_RENEGOTIATION_INFO_SCSV]
21:36:39.806 [main] DEBUG org.apache.hc.client5.http.ssl.SSLConnectionSocketFactory - Starting handshake (null)
21:36:39.819 [main] DEBUG org.apache.hc.client5.http.ssl.SSLConnectionSocketFactory - Secure session established
21:36:39.819 [main] DEBUG org.apache.hc.client5.http.ssl.SSLConnectionSocketFactory -  negotiated protocol: TLSv1.3
21:36:39.819 [main] DEBUG org.apache.hc.client5.http.ssl.SSLConnectionSocketFactory -  negotiated cipher suite: TLS_AES_128_GCM_SHA256
21:36:39.819 [main] DEBUG org.apache.hc.client5.http.ssl.SSLConnectionSocketFactory -  peer principal: CN=*.github.io, O="GitHub, Inc.", L=San Francisco, ST=California, C=US
21:36:39.819 [main] DEBUG org.apache.hc.client5.http.ssl.SSLConnectionSocketFactory -  peer alternative names: [*.github.io, github.io, githubusercontent.com, www.github.com, *.github.com, *.githubusercontent.com, github.com]
21:36:39.819 [main] DEBUG org.apache.hc.client5.http.ssl.SSLConnectionSocketFactory -  issuer principal: CN=DigiCert Global G2 TLS RSA SHA256 2020 CA1, O=DigiCert Inc, C=US
21:36:39.819 [main] DEBUG org.apache.hc.client5.http.impl.io.DefaultManagedHttpClientConnection - http-outgoing-13 set socket timeout to 3 MINUTES
21:36:39.819 [main] DEBUG org.apache.hc.client5.http.impl.io.DefaultHttpClientConnectionOperator - raw.githubusercontent.com:443 connected null->raw.githubusercontent.com/185.199.111.133:443 as http-outgoing-13
21:36:39.819 [main] DEBUG org.apache.hc.client5.http.impl.io.PoolingHttpClientConnectionManager - ep-0000000015 connected http-outgoing-13
21:36:39.819 [main] DEBUG org.apache.hc.client5.http.impl.classic.InternalHttpClient - ep-0000000015 endpoint connected
21:36:39.819 [main] DEBUG org.apache.hc.client5.http.impl.classic.MainClientExec - ex-0000000015 executing GET /bonigarcia/webdrivermanager/master/src/main/resources/commands.properties HTTP/1.1
21:36:39.819 [main] DEBUG org.apache.hc.client5.http.protocol.RequestAddCookies - ex-0000000015 Cookie spec selected: strict
21:36:39.819 [main] DEBUG org.apache.hc.client5.http.impl.classic.InternalHttpClient - ep-0000000015 start execution ex-0000000015
21:36:39.819 [main] DEBUG org.apache.hc.client5.http.impl.io.PoolingHttpClientConnectionManager - ep-0000000015 executing exchange ex-0000000015 over http-outgoing-13
21:36:39.820 [main] DEBUG org.apache.hc.client5.http.headers - http-outgoing-13 >> GET /bonigarcia/webdrivermanager/master/src/main/resources/commands.properties HTTP/1.1
21:36:39.820 [main] DEBUG org.apache.hc.client5.http.headers - http-outgoing-13 >> user-agent: Apache-HttpClient/5.0
21:36:39.820 [main] DEBUG org.apache.hc.client5.http.headers - http-outgoing-13 >> accept-encoding: gzip, deflate, br
21:36:39.820 [main] DEBUG org.apache.hc.client5.http.headers - http-outgoing-13 >> cache-control: max-age=0
21:36:39.820 [main] DEBUG org.apache.hc.client5.http.headers - http-outgoing-13 >> connection: keep-alive
21:36:39.820 [main] DEBUG org.apache.hc.client5.http.headers - http-outgoing-13 >> Host: raw.githubusercontent.com
21:36:39.820 [main] DEBUG org.apache.hc.client5.http.wire - http-outgoing-13 >> "GET /bonigarcia/webdrivermanager/master/src/main/resources/commands.properties HTTP/1.1[\r][\n]"
21:36:39.820 [main] DEBUG org.apache.hc.client5.http.wire - http-outgoing-13 >> "user-agent: Apache-HttpClient/5.0[\r][\n]"
21:36:39.820 [main] DEBUG org.apache.hc.client5.http.wire - http-outgoing-13 >> "accept-encoding: gzip, deflate, br[\r][\n]"
21:36:39.820 [main] DEBUG org.apache.hc.client5.http.wire - http-outgoing-13 >> "cache-control: max-age=0[\r][\n]"
21:36:39.820 [main] DEBUG org.apache.hc.client5.http.wire - http-outgoing-13 >> "connection: keep-alive[\r][\n]"
21:36:39.820 [main] DEBUG org.apache.hc.client5.http.wire - http-outgoing-13 >> "Host: raw.githubusercontent.com[\r][\n]"
21:36:39.820 [main] DEBUG org.apache.hc.client5.http.wire - http-outgoing-13 >> "[\r][\n]"
21:36:39.826 [main] DEBUG org.apache.hc.client5.http.wire - http-outgoing-13 << "HTTP/1.1 200 OK[\r][\n]"
21:36:39.826 [main] DEBUG org.apache.hc.client5.http.wire - http-outgoing-13 << "Connection: keep-alive[\r][\n]"
21:36:39.826 [main] DEBUG org.apache.hc.client5.http.wire - http-outgoing-13 << "Content-Length: 745[\r][\n]"
21:36:39.826 [main] DEBUG org.apache.hc.client5.http.wire - http-outgoing-13 << "Cache-Control: max-age=300[\r][\n]"
21:36:39.826 [main] DEBUG org.apache.hc.client5.http.wire - http-outgoing-13 << "Content-Security-Policy: default-src 'none'; style-src 'unsafe-inline'; sandbox[\r][\n]"
21:36:39.826 [main] DEBUG org.apache.hc.client5.http.wire - http-outgoing-13 << "Content-Type: text/plain; charset=utf-8[\r][\n]"
21:36:39.826 [main] DEBUG org.apache.hc.client5.http.wire - http-outgoing-13 << "ETag: W/"dd41edff335272162022217759820159dac501cff56850e2510f504462cd9b5f"[\r][\n]"
21:36:39.826 [main] DEBUG org.apache.hc.client5.http.wire - http-outgoing-13 << "Strict-Transport-Security: max-age=31536000[\r][\n]"
21:36:39.826 [main] DEBUG org.apache.hc.client5.http.wire - http-outgoing-13 << "X-Content-Type-Options: nosniff[\r][\n]"
21:36:39.826 [main] DEBUG org.apache.hc.client5.http.wire - http-outgoing-13 << "X-Frame-Options: deny[\r][\n]"
21:36:39.826 [main] DEBUG org.apache.hc.client5.http.wire - http-outgoing-13 << "X-XSS-Protection: 1; mode=block[\r][\n]"
21:36:39.826 [main] DEBUG org.apache.hc.client5.http.wire - http-outgoing-13 << "X-GitHub-Request-Id: 11E0:2FCCA8:200498:2217C9:6757BE85[\r][\n]"
21:36:39.826 [main] DEBUG org.apache.hc.client5.http.wire - http-outgoing-13 << "Content-Encoding: gzip[\r][\n]"
21:36:39.826 [main] DEBUG org.apache.hc.client5.http.wire - http-outgoing-13 << "Accept-Ranges: bytes[\r][\n]"
21:36:39.826 [main] DEBUG org.apache.hc.client5.http.wire - http-outgoing-13 << "Date: Wed, 18 Dec 2024 20:36:40 GMT[\r][\n]"
21:36:39.826 [main] DEBUG org.apache.hc.client5.http.wire - http-outgoing-13 << "Via: 1.1 varnish[\r][\n]"
21:36:39.826 [main] DEBUG org.apache.hc.client5.http.wire - http-outgoing-13 << "X-Served-By: cache-mad2200090-MAD[\r][\n]"
21:36:39.826 [main] DEBUG org.apache.hc.client5.http.wire - http-outgoing-13 << "X-Cache: HIT[\r][\n]"
21:36:39.826 [main] DEBUG org.apache.hc.client5.http.wire - http-outgoing-13 << "X-Cache-Hits: 1[\r][\n]"
21:36:39.826 [main] DEBUG org.apache.hc.client5.http.wire - http-outgoing-13 << "X-Timer: S1734554201.993290,VS0,VE2[\r][\n]"
21:36:39.826 [main] DEBUG org.apache.hc.client5.http.wire - http-outgoing-13 << "Vary: Authorization,Accept-Encoding,Origin[\r][\n]"
21:36:39.826 [main] DEBUG org.apache.hc.client5.http.wire - http-outgoing-13 << "Access-Control-Allow-Origin: *[\r][\n]"
21:36:39.826 [main] DEBUG org.apache.hc.client5.http.wire - http-outgoing-13 << "Cross-Origin-Resource-Policy: cross-origin[\r][\n]"
21:36:39.826 [main] DEBUG org.apache.hc.client5.http.wire - http-outgoing-13 << "X-Fastly-Request-ID: bc33c9701e7adb7c65f2e42b2c97ef4a026adb8e[\r][\n]"
21:36:39.826 [main] DEBUG org.apache.hc.client5.http.wire - http-outgoing-13 << "Expires: Wed, 18 Dec 2024 20:41:40 GMT[\r][\n]"
21:36:39.826 [main] DEBUG org.apache.hc.client5.http.wire - http-outgoing-13 << "Source-Age: 87[\r][\n]"
21:36:39.826 [main] DEBUG org.apache.hc.client5.http.wire - http-outgoing-13 << "[\r][\n]"
21:36:39.827 [main] DEBUG org.apache.hc.client5.http.headers - http-outgoing-13 << HTTP/1.1 200 OK
21:36:39.827 [main] DEBUG org.apache.hc.client5.http.headers - http-outgoing-13 << Connection: keep-alive
21:36:39.827 [main] DEBUG org.apache.hc.client5.http.headers - http-outgoing-13 << Content-Length: 745
21:36:39.827 [main] DEBUG org.apache.hc.client5.http.headers - http-outgoing-13 << Cache-Control: max-age=300
21:36:39.827 [main] DEBUG org.apache.hc.client5.http.headers - http-outgoing-13 << Content-Security-Policy: default-src 'none'; style-src 'unsafe-inline'; sandbox
21:36:39.827 [main] DEBUG org.apache.hc.client5.http.headers - http-outgoing-13 << Content-Type: text/plain; charset=utf-8
21:36:39.827 [main] DEBUG org.apache.hc.client5.http.headers - http-outgoing-13 << ETag: W/"dd41edff335272162022217759820159dac501cff56850e2510f504462cd9b5f"
21:36:39.827 [main] DEBUG org.apache.hc.client5.http.headers - http-outgoing-13 << Strict-Transport-Security: max-age=31536000
21:36:39.827 [main] DEBUG org.apache.hc.client5.http.headers - http-outgoing-13 << X-Content-Type-Options: nosniff
21:36:39.827 [main] DEBUG org.apache.hc.client5.http.headers - http-outgoing-13 << X-Frame-Options: deny
21:36:39.827 [main] DEBUG org.apache.hc.client5.http.headers - http-outgoing-13 << X-XSS-Protection: 1; mode=block
21:36:39.827 [main] DEBUG org.apache.hc.client5.http.headers - http-outgoing-13 << X-GitHub-Request-Id: 11E0:2FCCA8:200498:2217C9:6757BE85
21:36:39.827 [main] DEBUG org.apache.hc.client5.http.headers - http-outgoing-13 << Content-Encoding: gzip
21:36:39.827 [main] DEBUG org.apache.hc.client5.http.headers - http-outgoing-13 << Accept-Ranges: bytes
21:36:39.827 [main] DEBUG org.apache.hc.client5.http.headers - http-outgoing-13 << Date: Wed, 18 Dec 2024 20:36:40 GMT
21:36:39.827 [main] DEBUG org.apache.hc.client5.http.headers - http-outgoing-13 << Via: 1.1 varnish
21:36:39.827 [main] DEBUG org.apache.hc.client5.http.headers - http-outgoing-13 << X-Served-By: cache-mad2200090-MAD
21:36:39.827 [main] DEBUG org.apache.hc.client5.http.headers - http-outgoing-13 << X-Cache: HIT
21:36:39.827 [main] DEBUG org.apache.hc.client5.http.headers - http-outgoing-13 << X-Cache-Hits: 1
21:36:39.827 [main] DEBUG org.apache.hc.client5.http.headers - http-outgoing-13 << X-Timer: S1734554201.993290,VS0,VE2
21:36:39.827 [main] DEBUG org.apache.hc.client5.http.headers - http-outgoing-13 << Vary: Authorization,Accept-Encoding,Origin
21:36:39.827 [main] DEBUG org.apache.hc.client5.http.headers - http-outgoing-13 << Access-Control-Allow-Origin: *
21:36:39.827 [main] DEBUG org.apache.hc.client5.http.headers - http-outgoing-13 << Cross-Origin-Resource-Policy: cross-origin
21:36:39.827 [main] DEBUG org.apache.hc.client5.http.headers - http-outgoing-13 << X-Fastly-Request-ID: bc33c9701e7adb7c65f2e42b2c97ef4a026adb8e
21:36:39.827 [main] DEBUG org.apache.hc.client5.http.headers - http-outgoing-13 << Expires: Wed, 18 Dec 2024 20:41:40 GMT
21:36:39.827 [main] DEBUG org.apache.hc.client5.http.headers - http-outgoing-13 << Source-Age: 87
21:36:39.827 [main] DEBUG org.apache.hc.client5.http.impl.classic.MainClientExec - ex-0000000015 connection can be kept alive for 3 MINUTES
21:36:39.827 [main] DEBUG org.apache.hc.client5.http.wire - http-outgoing-13 << "[0x1f][0xffffff8b][0x8][0x0][0x0][0x0][0x0][0x0][0x0][0x3][0xffffffb5]W]o[0xffffffda]0[0x14]}[0xffffffe7]W\QUj% [0x1b][0xffffffad][0xffffffa6]i[0x12][0xf]4c[0xffffffdd]4*[0x18][0xffffffb4][0xffffffdd]&[0xfffffff9][0xffffffc5]$N[0xffffffb0][0xffffff94][0xffffffd8][0xffffffc8]NJ[0xffffffb7]_?[0xffffffdb][0xfffffff9]X[0xffffff92]:[0xffffffa3]k[0xffffffe8][0x1b][0xffffffb6][0xffffffef]=[0xffffffe7][0xffffffd8][0xfffffff7][0xffffffe4][0xffffffda][0xffffff9c][0xffffff80][0xffffffcb][0xffffffe3][0x18]3_[0xffffff82][0xffffff8f][0x13][0xffffffbc][0xffffffc1][0xffffff92][0xfffffff4]N[0xffffffe0]vK%[0x4]4"[0xffffffe0]q[0xffffff96]`[0xffffffca]$$[=[0xffffffc8]C[0x13][0xe][0x1b][0x2][0xffffffe4][0xffffff91]xiB|[0xffffffa0][0xffffffcc],[0xffffffcb]-[0xffffff89]"=[0xffffffe0][0xffffffc2]'B[0x7][0xfffffff9]$!^b[0x16][0x1f][0xffffff88][0xffffff90][0xffffff94][0xffffffab][0xffffffb5][0x0][0xffffff88][0xfffffffa][0x1d][\n]"
21:36:39.827 [main] DEBUG org.apache.hc.client5.http.wire - http-outgoing-13 << "B[0x18]l[0x4][0xffffffdf]K[0xffffffb5][0xffffffa0]([0xffffffcf][0xffffffdc][0xffffffad][0xffffffe0]1[0x19][0xffffffc0]'*H[0xffffffc0][0x1f][0x7][0xffffffb0][0xffffffd8][0x11][0xffffff81][0x7]0[0xfffffff3]C5kVi[0x1a][0xffffff9f]k|[0xffffff9f][0x6][0x1][0x11][0xffffff84]%[0xffffffc0]uLBY[0x8][0xfffffff2][0xffffff97]LH,[0xffffffe1][0xffffffec];e[0xffffffbe]B[0x1d][0xffffffc0][0xffffff9c][0xffffffb2]T[0xffffffc1][0xffffffdc]`[0xf][0x16][0xffffffeb][0xfffffff3][0xffffff9e][0xffffffe2][0xffffffc8](z[0xfffffff9]6F[0xffffff9e][0x19][0xffffff8e][0xfffffff6]Y[0xffffffc2][0xffffffe8][0xffffffcd][0xffffffdb][0xffffff89][0x17][0xfffffffb]#[0xffffffb5]+p\[0xffffffd8][0xffffffc7][0xffffffd4]3Gb[0xffffff8e]a[0xffffffbf]U|[0xffffffc0]pL&[0xfffffffd][0xffffffd3][0xffffffe5]jq[0xffffffbd][0xffffff9a][0xffffffde]|[0xfffffffa]2[0xffffff9f][0xffffffad]?[0xffffffa0][0x9]B[0xffffffa7][0x8]]s[0x1e]F[0x4][0xffffffa1][0xffffff8c][0x2][0xffffffa1][0xffffffe9]n[0x17]QOI[0xffffffe3][0xc][0xffffffa1][0xffffff9c]H![0xfffffff7]!$[0x9][0xffffffdc][0xffffffe7]g[0xffffffe1]<[0xffffffe0](m[0xffffffd7]3~[0xffffff81][0xffffff9e][0xffffffb3][0x1f][0xffffffef][0xffffffdf][0xffffff9d][0xffffffbf][0xffffffa6][0xffffffa8][0xffffff8b]g[0xffffff8a][0xffffff9a]/[0xffffffdc][0xffffffe9]|[0xffffffba]\~[0xffffff9c][0xffffffde]N_S[0xffffffcf][0xffffffe5]d5[0xffffffbb][0xffffff86]ow[0xffffffb3][0xffffffd5]O[0xfffffff8][0xfffffffc][0xffffffd5][0xffffffbd]Ck[0x1e]${,H[0xffffffc1][0xffffff96][0xffffff93]][0xffffffcd][0xffffffaf][0x8][0xfffffff6][0xc]^[0xffffffe1][0xffffffc5]^[0x13]4[0xffffffd2][0xffffff8e][0xffffffd1]>pR)[0xffffff9c][\r]eNh0[0xffffff86][0xffffffd9]:[0xc][0xffffff87]E[0xffffffa6]=q<i[0xffffff8b]o&[0xffffffc4][0xffffffd8]3<[0xffffff95][0x13][0xffffff90]N&8w[0xffffffe9][0x8][0xffffffef]v[0xffffff8e][0xffffffab][0xffffffbe]>es[0xffffffe9]([0x13]/[0xffffffd6][0xfffffff5][0xffffff80]*[0xffffffba][0xfffffff2]v[0xfffffffe][0xffffffd9][0xffffff94]DA6>[0xffffff8e][0xffffffbb]o[0xfffffff8]o[0x1a]E[0xffffffb8] A[0xffffffa8]@?T[0xffffffad]'*:{[0xfffffffa]xR.*[0xffffffce][0xffffffe9][0xffffffd7][0xffffffad][0xffffff93][0xffffff93]4[0xffffffc9][0xfffffffa][0xffffffda]<n*t[0xffffffeb][0xffffffb9]oV[0xffffffb6][0xffffffc0]/M[0xffffff94]O[0xffffffc0][0xfffffff0][0xffffffe1]i[0xffffff90][0xffffffb5][0xfffffffe]9[0xffffff8b][0xffffffad][0xfffffff2]U,Ul[0xffffffdd][0x13]KL[0xffffffa2][0x6][0xffffffdd][0xffffffca]\?`[0xffffffea][0x9].[0xffffffd5]I [0xffffffa4]i[0x1a]_i,[\r][0xffffffdd][0xffffffa1][0xffffffc3][0xffffffae]kzI[0xffffffd1]_Q[0xffffffce]Ek[0xffffffcb][0xfffffff8]Kf[0xffffffb8][0xfffffffe][0xffffffd9]3[0xc][0xffffffe6][0xffffffd3][0xffffff8e][0x11][0x17][0x10]C[0x1d]`i[0x19][0xffffffd5][0xffffffbc][0xfffffff1][0xffffffa4]5[0xffffffbc][0x1e]o[0xfffffff5]K[0xffffffa9][0xffffffd6][0xfffffff8][0xffffffc1]f[0xffffff9b]z[0x4][0xffffffd4][0x1a][0xffffff86][0xffffffb9]^K[0x16]s[0xffffff91][0xfffffffe][0xffffffbf][0xffffff8b]l]~)x(p,[0x11]2[0x14][0x8]E8e[0xffffff9e][0xffffffca]:X[0xffffffa6][0xffffff86][0xffffff88].[0xffffffb6]9[0xffffff9a][0xffffff88].[0xfffffff7]]G[0xffffffea][0xffffffcb][0xe][0xfffffffb][0x7f].u[0xffffff83][0xffffffbb][0xfffffff4][0xffffffb3][0x19][0xffffffda][0xffffffec][0xffffff98][0xffffffc5]Y[0xfffffffd]h8m6\4[0xffffffc1][0xffffff8a][0xffffffb7][0xffffff98]z[0xffffffd0][0xffffffd5]oF5q[0x1c][0x13][0x16][0xfffffff0][0x1d][0x1e][0x19]5-[0xffffff9d][0xffffffef][0xffffffad]c[0xb]z[0xffffffae]/m[0xffffffe6]8[0xffffffb6][0xffffff96][0xfffffff6]7X[0xffffffc9]t[0xfffffff8][0xfffffff9][0xffffffa5][0x11]K[0xfffffffb][0x15]3[0xffffffc3][0xfffffffc][0x1f]B[0xffffffdb][0xffffffd3][0xffffffab][0xffffff92]4.[0xffffff93]Z[0xffffffdf]]:[0xffffffda][0xffffffea][0xffffffdc]B[0xffffffa6][0xffffffcd][0xffffffbc][0xffffffae][0x5][0xfffffff5][0x4][0xffffffd6]8[0xffffffc0][0xffffff82][0xffffff96][0xfffffff0][0xffffffd2][0xc][0xffffffed][0xffffffe0]Y[0xffffffa8][\r]:[[0xffffffa9][0x0][0xffffffff][0x1][0xfffffff8][0x15][0xffffffb4][0xffffffee][0xffffff8e][\r][0x0][0x0]"
21:36:39.827 [main] DEBUG org.apache.hc.client5.http.impl.classic.InternalHttpClient - ep-0000000015 releasing valid endpoint
21:36:39.827 [main] DEBUG org.apache.hc.client5.http.impl.io.PoolingHttpClientConnectionManager - ep-0000000015 releasing endpoint
21:36:39.827 [main] DEBUG org.apache.hc.client5.http.impl.io.PoolingHttpClientConnectionManager - ep-0000000015 connection http-outgoing-13 can be kept alive for 3 MINUTES
21:36:39.827 [main] DEBUG org.apache.hc.client5.http.impl.io.PoolingHttpClientConnectionManager - ep-0000000015 connection released [route: {s}->https://raw.githubusercontent.com:443][total available: 1; route allocated: 1 of 5; total allocated: 1 of 25]
21:36:39.828 [main] DEBUG io.github.bonigarcia.wdm.versions.VersionDetector - Detecting chrome version using online commands.properties
21:36:39.828 [main] DEBUG io.github.bonigarcia.wdm.versions.Shell - Running command on the shell: [cmd.exe, /C, wmic, datafile, where, name="%PROGRAMFILES:\=\\%\\Google\\Chrome\\Application\\chrome.exe", get, Version, /value]
21:36:39.932 [main] DEBUG io.github.bonigarcia.wdm.versions.Shell - Result: 
21:36:39.933 [main] DEBUG io.github.bonigarcia.wdm.versions.Shell - Running command on the shell: [cmd.exe, /C, wmic, datafile, where, name="%PROGRAMFILES(X86):\=\\%\\Google\\Chrome\\Application\\chrome.exe", get, Version, /value]
21:36:40.042 [main] DEBUG io.github.bonigarcia.wdm.versions.Shell - Result: 
21:36:40.042 [main] DEBUG io.github.bonigarcia.wdm.versions.Shell - Running command on the shell: [cmd.exe, /C, wmic, datafile, where, name="%LOCALAPPDATA:\=\\%\\Google\\Chrome\\Application\\chrome.exe", get, Version, /value]
21:36:40.159 [main] DEBUG io.github.bonigarcia.wdm.versions.Shell - Result: 
21:36:40.159 [main] DEBUG io.github.bonigarcia.wdm.versions.Shell - Running command on the shell: [REG, QUERY, HKCU\Software\Google\Chrome\BLBeacon, /v, version]
21:36:40.188 [main] DEBUG io.github.bonigarcia.wdm.versions.Shell - Result: 
21:36:40.188 [main] DEBUG io.github.bonigarcia.wdm.versions.VersionDetector - Browser version for chrome not detected using online properties (using local commands.properties)
21:36:40.189 [main] DEBUG io.github.bonigarcia.wdm.versions.Shell - Running command on the shell: [cmd.exe, /C, wmic, datafile, where, name="%PROGRAMFILES:\=\\%\\Google\\Chrome\\Application\\chrome.exe", get, Version, /value]
21:36:40.308 [main] DEBUG io.github.bonigarcia.wdm.versions.Shell - Result: 
21:36:40.309 [main] DEBUG io.github.bonigarcia.wdm.versions.Shell - Running command on the shell: [cmd.exe, /C, wmic, datafile, where, name="%PROGRAMFILES(X86):\=\\%\\Google\\Chrome\\Application\\chrome.exe", get, Version, /value]
21:36:40.419 [main] DEBUG io.github.bonigarcia.wdm.versions.Shell - Result: 
21:36:40.419 [main] DEBUG io.github.bonigarcia.wdm.versions.Shell - Running command on the shell: [cmd.exe, /C, wmic, datafile, where, name="%LOCALAPPDATA:\=\\%\\Google\\Chrome\\Application\\chrome.exe", get, Version, /value]
21:36:40.525 [main] DEBUG io.github.bonigarcia.wdm.versions.Shell - Result: 
21:36:40.525 [main] DEBUG io.github.bonigarcia.wdm.versions.Shell - Running command on the shell: [REG, QUERY, HKCU\Software\Google\Chrome\BLBeacon, /v, version]
21:36:40.551 [main] DEBUG io.github.bonigarcia.wdm.versions.Shell - Result: 
21:36:40.551 [main] DEBUG io.github.bonigarcia.wdm.WebDriverManager - The driver version for CHROME is unknown ... trying with latest
21:36:40.554 [main] DEBUG org.apache.hc.client5.http.impl.classic.InternalHttpClient - ex-0000000016 preparing request execution
21:36:40.554 [main] DEBUG org.apache.hc.client5.http.impl.classic.ProtocolExec - ex-0000000016 target auth state: UNCHALLENGED
21:36:40.554 [main] DEBUG org.apache.hc.client5.http.impl.classic.ProtocolExec - ex-0000000016 proxy auth state: UNCHALLENGED
21:36:40.554 [main] DEBUG org.apache.hc.client5.http.impl.classic.ConnectExec - ex-0000000016 acquiring connection with route {s}->https://googlechromelabs.github.io:443
21:36:40.554 [main] DEBUG org.apache.hc.client5.http.impl.classic.InternalHttpClient - ex-0000000016 acquiring endpoint (3 MINUTES)
21:36:40.555 [main] DEBUG org.apache.hc.client5.http.impl.io.PoolingHttpClientConnectionManager - ex-0000000016 endpoint lease request (3 MINUTES) [route: {s}->https://googlechromelabs.github.io:443][total available: 1; route allocated: 0 of 5; total allocated: 1 of 25]
21:36:40.555 [main] DEBUG org.apache.hc.client5.http.impl.io.PoolingHttpClientConnectionManager - ex-0000000016 endpoint leased [route: {s}->https://googlechromelabs.github.io:443][total available: 1; route allocated: 1 of 5; total allocated: 2 of 25]
21:36:40.555 [main] DEBUG org.apache.hc.client5.http.impl.io.PoolingHttpClientConnectionManager - ex-0000000016 acquired ep-0000000016
21:36:40.555 [main] DEBUG org.apache.hc.client5.http.impl.classic.InternalHttpClient - ex-0000000016 acquired endpoint ep-0000000016
21:36:40.555 [main] DEBUG org.apache.hc.client5.http.impl.classic.ConnectExec - ex-0000000016 opening connection {s}->https://googlechromelabs.github.io:443
21:36:40.555 [main] DEBUG org.apache.hc.client5.http.impl.classic.InternalHttpClient - ep-0000000016 connecting endpoint (null)
21:36:40.555 [main] DEBUG org.apache.hc.client5.http.impl.io.PoolingHttpClientConnectionManager - ep-0000000016 connecting endpoint to https://googlechromelabs.github.io:443 (30 SECONDS)
21:36:40.555 [main] DEBUG org.apache.hc.client5.http.impl.io.DefaultHttpClientConnectionOperator - googlechromelabs.github.io resolving remote address
21:36:40.555 [main] DEBUG org.apache.hc.client5.http.impl.io.DefaultHttpClientConnectionOperator - googlechromelabs.github.io resolved to [googlechromelabs.github.io/185.199.111.153, googlechromelabs.github.io/185.199.108.153, googlechromelabs.github.io/185.199.109.153, googlechromelabs.github.io/185.199.110.153]
21:36:40.555 [main] DEBUG org.apache.hc.client5.http.impl.io.DefaultHttpClientConnectionOperator - googlechromelabs.github.io:443 connecting null->googlechromelabs.github.io/185.199.111.153:443 (30 SECONDS)
21:36:40.555 [main] DEBUG org.apache.hc.client5.http.ssl.SSLConnectionSocketFactory - Connecting socket to googlechromelabs.github.io/185.199.111.153:443 with timeout 30 SECONDS
21:36:40.568 [main] DEBUG org.apache.hc.client5.http.ssl.SSLConnectionSocketFactory - Enabled protocols: [TLSv1.3, TLSv1.2]
21:36:40.568 [main] DEBUG org.apache.hc.client5.http.ssl.SSLConnectionSocketFactory - Enabled cipher suites: [TLS_AES_256_GCM_SHA384, TLS_AES_128_GCM_SHA256, TLS_CHACHA20_POLY1305_SHA256, TLS_ECDHE_ECDSA_WITH_AES_256_GCM_SHA384, TLS_ECDHE_ECDSA_WITH_AES_128_GCM_SHA256, TLS_ECDHE_ECDSA_WITH_CHACHA20_POLY1305_SHA256, TLS_ECDHE_RSA_WITH_AES_256_GCM_SHA384, TLS_ECDHE_RSA_WITH_CHACHA20_POLY1305_SHA256, TLS_ECDHE_RSA_WITH_AES_128_GCM_SHA256, TLS_DHE_RSA_WITH_AES_256_GCM_SHA384, TLS_DHE_RSA_WITH_CHACHA20_POLY1305_SHA256, TLS_DHE_DSS_WITH_AES_256_GCM_SHA384, TLS_DHE_RSA_WITH_AES_128_GCM_SHA256, TLS_DHE_DSS_WITH_AES_128_GCM_SHA256, TLS_ECDHE_ECDSA_WITH_AES_256_CBC_SHA384, TLS_ECDHE_RSA_WITH_AES_256_CBC_SHA384, TLS_ECDHE_ECDSA_WITH_AES_128_CBC_SHA256, TLS_ECDHE_RSA_WITH_AES_128_CBC_SHA256, TLS_DHE_RSA_WITH_AES_256_CBC_SHA256, TLS_DHE_DSS_WITH_AES_256_CBC_SHA256, TLS_DHE_RSA_WITH_AES_128_CBC_SHA256, TLS_DHE_DSS_WITH_AES_128_CBC_SHA256, TLS_ECDHE_ECDSA_WITH_AES_256_CBC_SHA, TLS_ECDHE_RSA_WITH_AES_256_CBC_SHA, TLS_ECDHE_ECDSA_WITH_AES_128_CBC_SHA, TLS_ECDHE_RSA_WITH_AES_128_CBC_SHA, TLS_DHE_RSA_WITH_AES_256_CBC_SHA, TLS_DHE_DSS_WITH_AES_256_CBC_SHA, TLS_DHE_RSA_WITH_AES_128_CBC_SHA, TLS_DHE_DSS_WITH_AES_128_CBC_SHA, TLS_RSA_WITH_AES_256_GCM_SHA384, TLS_RSA_WITH_AES_128_GCM_SHA256, TLS_RSA_WITH_AES_256_CBC_SHA256, TLS_RSA_WITH_AES_128_CBC_SHA256, TLS_RSA_WITH_AES_256_CBC_SHA, TLS_RSA_WITH_AES_128_CBC_SHA, TLS_EMPTY_RENEGOTIATION_INFO_SCSV]
21:36:40.568 [main] DEBUG org.apache.hc.client5.http.ssl.SSLConnectionSocketFactory - Starting handshake (null)
21:36:40.585 [main] DEBUG org.apache.hc.client5.http.ssl.SSLConnectionSocketFactory - Secure session established
21:36:40.585 [main] DEBUG org.apache.hc.client5.http.ssl.SSLConnectionSocketFactory -  negotiated protocol: TLSv1.3
21:36:40.585 [main] DEBUG org.apache.hc.client5.http.ssl.SSLConnectionSocketFactory -  negotiated cipher suite: TLS_AES_128_GCM_SHA256
21:36:40.585 [main] DEBUG org.apache.hc.client5.http.ssl.SSLConnectionSocketFactory -  peer principal: CN=*.github.io, O="GitHub, Inc.", L=San Francisco, ST=California, C=US
21:36:40.585 [main] DEBUG org.apache.hc.client5.http.ssl.SSLConnectionSocketFactory -  peer alternative names: [*.github.io, github.io, githubusercontent.com, www.github.com, *.github.com, *.githubusercontent.com, github.com]
21:36:40.585 [main] DEBUG org.apache.hc.client5.http.ssl.SSLConnectionSocketFactory -  issuer principal: CN=DigiCert Global G2 TLS RSA SHA256 2020 CA1, O=DigiCert Inc, C=US
21:36:40.585 [main] DEBUG org.apache.hc.client5.http.impl.io.DefaultManagedHttpClientConnection - http-outgoing-14 set socket timeout to 3 MINUTES
21:36:40.585 [main] DEBUG org.apache.hc.client5.http.impl.io.DefaultHttpClientConnectionOperator - googlechromelabs.github.io:443 connected null->googlechromelabs.github.io/185.199.111.153:443 as http-outgoing-14
21:36:40.585 [main] DEBUG org.apache.hc.client5.http.impl.io.PoolingHttpClientConnectionManager - ep-0000000016 connected http-outgoing-14
21:36:40.585 [main] DEBUG org.apache.hc.client5.http.impl.classic.InternalHttpClient - ep-0000000016 endpoint connected
21:36:40.585 [main] DEBUG org.apache.hc.client5.http.impl.classic.MainClientExec - ex-0000000016 executing GET /chrome-for-testing/last-known-good-versions-with-downloads.json HTTP/1.1
21:36:40.585 [main] DEBUG org.apache.hc.client5.http.protocol.RequestAddCookies - ex-0000000016 Cookie spec selected: strict
21:36:40.585 [main] DEBUG org.apache.hc.client5.http.impl.classic.InternalHttpClient - ep-0000000016 start execution ex-0000000016
21:36:40.585 [main] DEBUG org.apache.hc.client5.http.impl.io.PoolingHttpClientConnectionManager - ep-0000000016 executing exchange ex-0000000016 over http-outgoing-14
21:36:40.585 [main] DEBUG org.apache.hc.client5.http.headers - http-outgoing-14 >> GET /chrome-for-testing/last-known-good-versions-with-downloads.json HTTP/1.1
21:36:40.585 [main] DEBUG org.apache.hc.client5.http.headers - http-outgoing-14 >> user-agent: Apache-HttpClient/5.0
21:36:40.585 [main] DEBUG org.apache.hc.client5.http.headers - http-outgoing-14 >> accept-encoding: gzip, deflate, br
21:36:40.585 [main] DEBUG org.apache.hc.client5.http.headers - http-outgoing-14 >> cache-control: max-age=0
21:36:40.585 [main] DEBUG org.apache.hc.client5.http.headers - http-outgoing-14 >> connection: keep-alive
21:36:40.585 [main] DEBUG org.apache.hc.client5.http.headers - http-outgoing-14 >> Host: googlechromelabs.github.io
21:36:40.585 [main] DEBUG org.apache.hc.client5.http.wire - http-outgoing-14 >> "GET /chrome-for-testing/last-known-good-versions-with-downloads.json HTTP/1.1[\r][\n]"
21:36:40.585 [main] DEBUG org.apache.hc.client5.http.wire - http-outgoing-14 >> "user-agent: Apache-HttpClient/5.0[\r][\n]"
21:36:40.585 [main] DEBUG org.apache.hc.client5.http.wire - http-outgoing-14 >> "accept-encoding: gzip, deflate, br[\r][\n]"
21:36:40.585 [main] DEBUG org.apache.hc.client5.http.wire - http-outgoing-14 >> "cache-control: max-age=0[\r][\n]"
21:36:40.585 [main] DEBUG org.apache.hc.client5.http.wire - http-outgoing-14 >> "connection: keep-alive[\r][\n]"
21:36:40.585 [main] DEBUG org.apache.hc.client5.http.wire - http-outgoing-14 >> "Host: googlechromelabs.github.io[\r][\n]"
21:36:40.585 [main] DEBUG org.apache.hc.client5.http.wire - http-outgoing-14 >> "[\r][\n]"
21:36:40.593 [main] DEBUG org.apache.hc.client5.http.wire - http-outgoing-14 << "HTTP/1.1 200 OK[\r][\n]"
21:36:40.593 [main] DEBUG org.apache.hc.client5.http.wire - http-outgoing-14 << "Connection: keep-alive[\r][\n]"
21:36:40.593 [main] DEBUG org.apache.hc.client5.http.wire - http-outgoing-14 << "Content-Length: 650[\r][\n]"
21:36:40.593 [main] DEBUG org.apache.hc.client5.http.wire - http-outgoing-14 << "Server: GitHub.com[\r][\n]"
21:36:40.593 [main] DEBUG org.apache.hc.client5.http.wire - http-outgoing-14 << "Content-Type: application/json; charset=utf-8[\r][\n]"
21:36:40.593 [main] DEBUG org.apache.hc.client5.http.wire - http-outgoing-14 << "permissions-policy: interest-cohort=()[\r][\n]"
21:36:40.593 [main] DEBUG org.apache.hc.client5.http.wire - http-outgoing-14 << "x-origin-cache: HIT[\r][\n]"
21:36:40.593 [main] DEBUG org.apache.hc.client5.http.wire - http-outgoing-14 << "Last-Modified: Wed, 18 Dec 2024 20:10:24 GMT[\r][\n]"
21:36:40.593 [main] DEBUG org.apache.hc.client5.http.wire - http-outgoing-14 << "Access-Control-Allow-Origin: *[\r][\n]"
21:36:40.593 [main] DEBUG org.apache.hc.client5.http.wire - http-outgoing-14 << "Strict-Transport-Security: max-age=31556952[\r][\n]"
21:36:40.593 [main] DEBUG org.apache.hc.client5.http.wire - http-outgoing-14 << "ETag: W/"67632c30-21f8"[\r][\n]"
21:36:40.593 [main] DEBUG org.apache.hc.client5.http.wire - http-outgoing-14 << "expires: Wed, 18 Dec 2024 20:22:58 GMT[\r][\n]"
21:36:40.593 [main] DEBUG org.apache.hc.client5.http.wire - http-outgoing-14 << "Cache-Control: max-age=600[\r][\n]"
21:36:40.593 [main] DEBUG org.apache.hc.client5.http.wire - http-outgoing-14 << "Content-Encoding: gzip[\r][\n]"
21:36:40.593 [main] DEBUG org.apache.hc.client5.http.wire - http-outgoing-14 << "x-proxy-cache: HIT[\r][\n]"
21:36:40.593 [main] DEBUG org.apache.hc.client5.http.wire - http-outgoing-14 << "X-GitHub-Request-Id: 5783:7E9D1:F42EB:F6CEE:67632CFD[\r][\n]"
21:36:40.593 [main] DEBUG org.apache.hc.client5.http.wire - http-outgoing-14 << "Accept-Ranges: bytes[\r][\n]"
21:36:40.593 [main] DEBUG org.apache.hc.client5.http.wire - http-outgoing-14 << "Date: Wed, 18 Dec 2024 20:36:41 GMT[\r][\n]"
21:36:40.593 [main] DEBUG org.apache.hc.client5.http.wire - http-outgoing-14 << "Via: 1.1 varnish[\r][\n]"
21:36:40.593 [main] DEBUG org.apache.hc.client5.http.wire - http-outgoing-14 << "Age: 471[\r][\n]"
21:36:40.593 [main] DEBUG org.apache.hc.client5.http.wire - http-outgoing-14 << "X-Served-By: cache-mad2200128-MAD[\r][\n]"
21:36:40.593 [main] DEBUG org.apache.hc.client5.http.wire - http-outgoing-14 << "X-Cache: HIT[\r][\n]"
21:36:40.593 [main] DEBUG org.apache.hc.client5.http.wire - http-outgoing-14 << "X-Cache-Hits: 1[\r][\n]"
21:36:40.593 [main] DEBUG org.apache.hc.client5.http.wire - http-outgoing-14 << "X-Timer: S1734554202.758666,VS0,VE2[\r][\n]"
21:36:40.593 [main] DEBUG org.apache.hc.client5.http.wire - http-outgoing-14 << "Vary: Accept-Encoding[\r][\n]"
21:36:40.593 [main] DEBUG org.apache.hc.client5.http.wire - http-outgoing-14 << "X-Fastly-Request-ID: c0e9804085e7e0e20040cbe408ff80756be97ce5[\r][\n]"
21:36:40.593 [main] DEBUG org.apache.hc.client5.http.wire - http-outgoing-14 << "[\r][\n]"
21:36:40.593 [main] DEBUG org.apache.hc.client5.http.headers - http-outgoing-14 << HTTP/1.1 200 OK
21:36:40.593 [main] DEBUG org.apache.hc.client5.http.headers - http-outgoing-14 << Connection: keep-alive
21:36:40.593 [main] DEBUG org.apache.hc.client5.http.headers - http-outgoing-14 << Content-Length: 650
21:36:40.593 [main] DEBUG org.apache.hc.client5.http.headers - http-outgoing-14 << Server: GitHub.com
21:36:40.593 [main] DEBUG org.apache.hc.client5.http.headers - http-outgoing-14 << Content-Type: application/json; charset=utf-8
21:36:40.593 [main] DEBUG org.apache.hc.client5.http.headers - http-outgoing-14 << permissions-policy: interest-cohort=()
21:36:40.593 [main] DEBUG org.apache.hc.client5.http.headers - http-outgoing-14 << x-origin-cache: HIT
21:36:40.593 [main] DEBUG org.apache.hc.client5.http.headers - http-outgoing-14 << Last-Modified: Wed, 18 Dec 2024 20:10:24 GMT
21:36:40.593 [main] DEBUG org.apache.hc.client5.http.headers - http-outgoing-14 << Access-Control-Allow-Origin: *
21:36:40.593 [main] DEBUG org.apache.hc.client5.http.headers - http-outgoing-14 << Strict-Transport-Security: max-age=31556952
21:36:40.593 [main] DEBUG org.apache.hc.client5.http.headers - http-outgoing-14 << ETag: W/"67632c30-21f8"
21:36:40.593 [main] DEBUG org.apache.hc.client5.http.headers - http-outgoing-14 << expires: Wed, 18 Dec 2024 20:22:58 GMT
21:36:40.593 [main] DEBUG org.apache.hc.client5.http.headers - http-outgoing-14 << Cache-Control: max-age=600
21:36:40.593 [main] DEBUG org.apache.hc.client5.http.headers - http-outgoing-14 << Content-Encoding: gzip
21:36:40.593 [main] DEBUG org.apache.hc.client5.http.headers - http-outgoing-14 << x-proxy-cache: HIT
21:36:40.593 [main] DEBUG org.apache.hc.client5.http.headers - http-outgoing-14 << X-GitHub-Request-Id: 5783:7E9D1:F42EB:F6CEE:67632CFD
21:36:40.593 [main] DEBUG org.apache.hc.client5.http.headers - http-outgoing-14 << Accept-Ranges: bytes
21:36:40.593 [main] DEBUG org.apache.hc.client5.http.headers - http-outgoing-14 << Date: Wed, 18 Dec 2024 20:36:41 GMT
21:36:40.593 [main] DEBUG org.apache.hc.client5.http.headers - http-outgoing-14 << Via: 1.1 varnish
21:36:40.593 [main] DEBUG org.apache.hc.client5.http.headers - http-outgoing-14 << Age: 471
21:36:40.593 [main] DEBUG org.apache.hc.client5.http.headers - http-outgoing-14 << X-Served-By: cache-mad2200128-MAD
21:36:40.593 [main] DEBUG org.apache.hc.client5.http.headers - http-outgoing-14 << X-Cache: HIT
21:36:40.593 [main] DEBUG org.apache.hc.client5.http.headers - http-outgoing-14 << X-Cache-Hits: 1
21:36:40.593 [main] DEBUG org.apache.hc.client5.http.headers - http-outgoing-14 << X-Timer: S1734554202.758666,VS0,VE2
21:36:40.593 [main] DEBUG org.apache.hc.client5.http.headers - http-outgoing-14 << Vary: Accept-Encoding
21:36:40.593 [main] DEBUG org.apache.hc.client5.http.headers - http-outgoing-14 << X-Fastly-Request-ID: c0e9804085e7e0e20040cbe408ff80756be97ce5
21:36:40.594 [main] DEBUG org.apache.hc.client5.http.impl.classic.MainClientExec - ex-0000000016 connection can be kept alive for 3 MINUTES
21:36:40.594 [main] DEBUG org.apache.hc.client5.http.wire - http-outgoing-14 << "[0x1f][0xffffff8b][0x8][0x0][0x0][0x0][0x0][0x0][0x0][0x3][0xffffffcd][0xffffff96][0xffffffcf][0xffffff8e][0xffffff9b]0[0x10][0xffffff87][0xffffffef]}[0xc][0xffffff9f][0xfffffff9][0xf][0x1][0xffffffc2][0xffffffb1][0xffffffdd]7[0xffffffd8][0xffffff9e]Z[0xfffffff5][0xffffffe0]M[0xffffffdc][0xffffffc4][0xffffff92][0xffffffc1][0x8][0xffffff93]l[0xffffffdb][0xffffff88]w[0xffffffaf][0x3][0xffffff84][0x0][0xffffffb1][0xffffffd9][0xffffffcb][0xffffffc6][0xffffffc3])a[0xffffffc0]3?[0xffffffd0][0xffffffa7][0xffffffd1]wA5[0xffffffcd][0xffffff89][0xffffffa8]q^[0xffffffa2][0xc][0x5]^[0x10][0xffffffd9]~`[0xfffffffb][0xffffffe9]w[0xffffffdf][0xffffffcb][0xffffffbc]m[0x16]%N[0x18][0xfffffff8]?[0xffffff90][0xffffff85]vG\[0x14][0xffffff84][0x9][0xffffff94]][0xffffffd0]k[0xffffff8d][0xffffffdf][0x18][0xffffffb9][0xfffffffe][0xffffffeb][0xffffffab][0xfffffff2]h_[0xffffffb3][0xffffffd0][0xffffff99]T[0xffffff82][0xfffffff2]B[0xffffff96][0xfffffffc][0xffffffd0]w<'N[0xffffff92][0xffffffd4][0xfffffff1][0xffffffbd]T[0xffffffde][0xffffffaa][0xffffffc8][0xffffff99][0xe][0xfffffff7][0xffffffe2]t[0x13]leq[0xffffffcf][0xffffffdf][0xb][0xffffffc6][0xfffffff1]^t[0xfffffffd]*[0xffffff9e][0xffffffcb][0xffffffce]?/[0xffffffa8]d[0xffffffb8][0xfffffffe][0xffffffcd][0xffffffab]\>[0xffffffcc]hq[0xfffffffa][0x13]G[0xfffffff2][0xffffffe1]Su[0xffffff9d]u[0xffffffac][0xffffffeb]Rd[0xffffffae]+j^[0xffffffe1][0x3]q[0xe][0xffffff9c][0x1f][0x18][0xffffffc1]%[0x15][0xffffffce][0xffffff8e][0xffffffe7]n[0xffffffd7][0xffffffc4][0xffffff96][0xffffff87][0xffffffed]Z[0xffffffbe][0x1a]-[0xe]vyzct[0xffffffe7]N[0x13][0xffffffb9]}[0xffffffdf][0xffffffdb][0xffffff81][0xfffffffe][0xffffffd2][0xfffffff9]GK[0xffffffd4]X[0xffffff93][0x4]9[0xffffffde][0xffffffd9][0xffffffb8][0xffffffca][0xffffff9f][0xffffff90]a[0xffffffe8]|;2[0x14]t9[0xffffff9e][0xfffffff1]%[0xfffffffa][0xffffffbe][0xffffffe3][0xc][0xffffff9a]/[0xfffffff1]N[0xffffff8b]0[0xfffffff8][0xfffffff4][0xfffffff9]m[0xffffffd7][0xffffffdb][0xffffffe3][0xffffffed][0xffffff85]f[0xfffffff6][0x13][0xffffffde][0xffffffbd][0xffffffed]:[0xffffff9a]}{[0xffffffef]_V[0xffffff8f][0xffffffe3][0xffffffbe][0xffffffa2][0x12]j[0x18]([0xffffffbb][0xffffffd9][0xffffffeb]@[0xffffffb3][0xffffffcf][0xffffffb2][0x2]@GI[0xffffffc0]0[0xffffffed]3[0x0][0xffffffc2]zO[0xfffffff0][0xffffff80][0xffffffac]}$x[0xffffffcf][0xffffff88][0x10][0xffffffb6]8[0x12][0xffffffc6]`[0xffffffd8][0xffffff9d][0xffffff85]X[0x7][0xffffffc4][0xfffffff3]P+[0xffffffa0]Y[0x15][0x9][0xc][0xffffffeb]y[0x18]@[0xffffffbe][0x15]Q[0x6][0xffffffd0][0xffffff9b][0xffffffc6]B_I[0xffffff8d][0xffffffa7][0x12][0xffffffd2]V[0xffffffa6][\n]"
21:36:40.594 [main] DEBUG org.apache.hc.client5.http.wire - http-outgoing-14 << "[0x12]\[0xffffffbb][0xffffffa7]a[0xffffffe4]D[0xfffffff1][0xffffffdc]@R[0x7f][0x13][0xfffffffb][0xffffffc6][\r]d[0x14][0x8]J@[0xffffffc6][0x11][0xffffffc0][0xfffffffc]c[0x1e][0xffffffc2][0xffffffb0]~[0xffffff8c][0xffffffc7][0x1b][0xffffffb6][0xffffff8f][0xffffffd9]h`[0xfffffff9][0xffffffd0][0xfffffff3]h[0xffffffd8]=[0xffffff96][0xffffffa8]4[0xffffffac][0x1e]z6[\r][0xffffff9a][0xffffff87][0xffffff8e]Pc[0xffffffe2][0xffffffa1][0xffffffe3]t[0x15][0xffffffde][0xffffffb1][0xffffffb0]F[0xffffff81][0xffffffb4]cq[0xffffffab][0x2]Y[0xffffffc7][0xffffffc2][0xffffff92][0x5][0xffffff90][0xe][0xffffffed][0xffffffce]5[0xffffffee][0x1c][0xffffffda][0x15][0xfffffffc][0xffffff81]r[0xffffffbc][0xffffff90][0xfffffff3][0xffffffd4]8[0xffffffae][0xffffff85][0xffffffa9]p[0xffffff84]m[0xffffffeb]4u[0xffffff82][0xffffffb9]ol[0xffffffa3]M[0xffffff98][0x18][0xfffffff7][0xffffff8d]{[0x1e]([0xffffffdd][0x18]%[0x0][0xffffffb3][0xffffff8d]Y[0x6][0xffffffc3][0xffffffb2]1[0xffffff9a]n[0xffffffd8]5[0xffffffa6][0xffffff93][0xffffff81]UC[0xffffff8b][0xffffffa2]a[0xffffffd3]X[0x0][0xffffffd2][0xffffffb0]hh[0xffffffb1]4[0xffffffe8][0x19][0x1a]8[0xffffff8d]i[0xffffff86][0x6][0xffffffd1]UX[0xffffff86]~y[0x2]I[0xffffffc6][0xffffffd2].[0x5]r[0xc][0xfffffffd]j[0x5]P[0xc][0xffffffdd][0xffffffa6]5n[0x18][0xffffffba][0xffffffc5][0xfffffffb][0xffffff81]`|[0xffffffc3][0x5][0xffffffae][0xfffffffe]N[0x1d][0xffffffa3][0xffffffaf])4c[0xffffffeb][0xffffffc9][0xffffff9f][0x7][0xffffffcd]H[0xffffffc2]M[\n]"
21:36:40.594 [main] DEBUG org.apache.hc.client5.http.wire - http-outgoing-14 << "[0xffffffa3][0x19]m[0x1e]P[0xffffffcd][0xffffffe8][0x12][0xffffffc0]j[0xffffffc6]=[0x3][0xffffff84]ft[0xffffffd3]!4c[0xffffff98][0xffffffbc][0x6][0xffffffcd]P[0xffffffa1][0x8][0xffffffa1][0x19]j !4C[0xffffff85][0xffffffa5]i[0xffffffcd]x[0xffffff84][0xffffffd3][0xffffffac]f<"[0xffffffba][0x1e][0xffffffcd]P.OH[0xffffffcd][0xffffffd0][0xffffffec]RH[0xffffffcd]P[0xffffffae]V([0xffffffcd]PlZ[0x18][0xffffffcd]P,[0xffffffde]E[0xffffffcd]h[0xffffff9a]/[0xffffffff][0x1][0xffffffc5]A.V[0xfffffff8]![0x0][0x0]"
21:36:40.594 [main] DEBUG org.apache.hc.client5.http.impl.classic.InternalHttpClient - ep-0000000016 releasing valid endpoint
21:36:40.594 [main] DEBUG org.apache.hc.client5.http.impl.io.PoolingHttpClientConnectionManager - ep-0000000016 releasing endpoint
21:36:40.594 [main] DEBUG org.apache.hc.client5.http.impl.io.PoolingHttpClientConnectionManager - ep-0000000016 connection http-outgoing-14 can be kept alive for 3 MINUTES
21:36:40.594 [main] DEBUG org.apache.hc.client5.http.impl.io.PoolingHttpClientConnectionManager - ep-0000000016 connection released [route: {s}->https://googlechromelabs.github.io:443][total available: 2; route allocated: 1 of 5; total allocated: 2 of 25]
21:36:40.600 [main] DEBUG io.github.bonigarcia.wdm.WebDriverManager - Driver chromedriver 131.0.6778.108 found in cache
21:36:40.600 [main] INFO io.github.bonigarcia.wdm.WebDriverManager - Exporting webdriver.chrome.driver as C:\Users\MisterSurface\.cache\selenium\chromedriver\win64\131.0.6778.108\chromedriver.exe
]]></system-out>
    <system-err><![CDATA[Starting ChromeDriver 131.0.6778.108 (3b014839fbc4fb688b2f5af512d6ce312ad208b1-refs/branch-heads/6778@{#2393}) on port 44985
Only local connections are allowed.
Please see https://chromedriver.chromium.org/security-considerations for suggestions on keeping ChromeDriver safe.
ChromeDriver was started successfully on port 44985.
]]></system-err>
  </testcase>
  <testcase name="testNewMovieTitle" classname="com.lauracercas.moviecards.endtoendtest.MovieE2ETest" time="1.187">
    <error message="session not created&#10;from unknown error: cannot find Chrome binary&#10;Build info: version: &apos;3.141.59&apos;, revision: &apos;e82be7d358&apos;, time: &apos;2018-11-14T08:17:03&apos;&#10;System info: host: &apos;DESKTOP-JI5NALH&apos;, ip: &apos;192.168.108.115&apos;, os.name: &apos;Windows 10&apos;, os.arch: &apos;amd64&apos;, os.version: &apos;10.0&apos;, java.version: &apos;23&apos;&#10;Driver info: driver.version: ChromeDriver&#10;remote stacktrace: 	GetHandleVerifier [0x00007FF701B26CC5+28821]&#10;	(No symbol) [0x00007FF701A93850]&#10;	(No symbol) [0x00007FF70193578A]&#10;	(No symbol) [0x00007FF70196DA38]&#10;	(No symbol) [0x00007FF70196BAC9]&#10;	(No symbol) [0x00007FF7019BA4FA]&#10;	(No symbol) [0x00007FF7019B9B30]&#10;	(No symbol) [0x00007FF7019AF0A3]&#10;	(No symbol) [0x00007FF70197A778]&#10;	(No symbol) [0x00007FF70197B8E1]&#10;	GetHandleVerifier [0x00007FF701E5FCCD+3408029]&#10;	GetHandleVerifier [0x00007FF701E7743F+3504143]&#10;	GetHandleVerifier [0x00007FF701E6B61D+3455469]&#10;	GetHandleVerifier [0x00007FF701BEBDCB+835995]&#10;	(No symbol) [0x00007FF701A9EB6F]&#10;	(No symbol) [0x00007FF701A9A824]&#10;	(No symbol) [0x00007FF701A9A9BD]&#10;	(No symbol) [0x00007FF701A8A1A9]&#10;	BaseThreadInitThunk [0x00007FFDA5337374+20]&#10;	RtlUserThreadStart [0x00007FFDA663CC91+33]&#10;" type="org.openqa.selenium.SessionNotCreatedException">org.openqa.selenium.SessionNotCreatedException: 
session not created
from unknown error: cannot find Chrome binary
Build info: version: '3.141.59', revision: 'e82be7d358', time: '2018-11-14T08:17:03'
System info: host: 'DESKTOP-JI5NALH', ip: '192.168.108.115', os.name: 'Windows 10', os.arch: 'amd64', os.version: '10.0', java.version: '23'
Driver info: driver.version: ChromeDriver
remote stacktrace: 	GetHandleVerifier [0x00007FF701B26CC5+28821]
	(No symbol) [0x00007FF701A93850]
	(No symbol) [0x00007FF70193578A]
	(No symbol) [0x00007FF70196DA38]
	(No symbol) [0x00007FF70196BAC9]
	(No symbol) [0x00007FF7019BA4FA]
	(No symbol) [0x00007FF7019B9B30]
	(No symbol) [0x00007FF7019AF0A3]
	(No symbol) [0x00007FF70197A778]
	(No symbol) [0x00007FF70197B8E1]
	GetHandleVerifier [0x00007FF701E5FCCD+3408029]
	GetHandleVerifier [0x00007FF701E7743F+3504143]
	GetHandleVerifier [0x00007FF701E6B61D+3455469]
	GetHandleVerifier [0x00007FF701BEBDCB+835995]
	(No symbol) [0x00007FF701A9EB6F]
	(No symbol) [0x00007FF701A9A824]
	(No symbol) [0x00007FF701A9A9BD]
	(No symbol) [0x00007FF701A8A1A9]
	BaseThreadInitThunk [0x00007FFDA5337374+20]
	RtlUserThreadStart [0x00007FFDA663CC91+33]

	at com.lauracercas.moviecards.endtoendtest.MovieE2ETest.setUp(MovieE2ETest.java:34)
</error>
    <system-out><![CDATA[21:36:40.704 [main] DEBUG io.github.bonigarcia.wdm.WebDriverManager - Using WebDriverManager 5.7.0
21:36:40.719 [main] DEBUG org.apache.hc.client5.http.impl.classic.InternalHttpClient - ex-0000000017 preparing request execution
21:36:40.719 [main] DEBUG org.apache.hc.client5.http.impl.classic.ProtocolExec - ex-0000000017 target auth state: UNCHALLENGED
21:36:40.719 [main] DEBUG org.apache.hc.client5.http.impl.classic.ProtocolExec - ex-0000000017 proxy auth state: UNCHALLENGED
21:36:40.719 [main] DEBUG org.apache.hc.client5.http.impl.classic.ConnectExec - ex-0000000017 acquiring connection with route {s}->https://raw.githubusercontent.com:443
21:36:40.719 [main] DEBUG org.apache.hc.client5.http.impl.classic.InternalHttpClient - ex-0000000017 acquiring endpoint (3 MINUTES)
21:36:40.719 [main] DEBUG org.apache.hc.client5.http.impl.io.PoolingHttpClientConnectionManager - ex-0000000017 endpoint lease request (3 MINUTES) [route: {s}->https://raw.githubusercontent.com:443][total available: 0; route allocated: 0 of 5; total allocated: 0 of 25]
21:36:40.719 [main] DEBUG org.apache.hc.client5.http.impl.io.PoolingHttpClientConnectionManager - ex-0000000017 endpoint leased [route: {s}->https://raw.githubusercontent.com:443][total available: 0; route allocated: 1 of 5; total allocated: 1 of 25]
21:36:40.719 [main] DEBUG org.apache.hc.client5.http.impl.io.PoolingHttpClientConnectionManager - ex-0000000017 acquired ep-0000000017
21:36:40.719 [main] DEBUG org.apache.hc.client5.http.impl.classic.InternalHttpClient - ex-0000000017 acquired endpoint ep-0000000017
21:36:40.719 [main] DEBUG org.apache.hc.client5.http.impl.classic.ConnectExec - ex-0000000017 opening connection {s}->https://raw.githubusercontent.com:443
21:36:40.719 [main] DEBUG org.apache.hc.client5.http.impl.classic.InternalHttpClient - ep-0000000017 connecting endpoint (null)
21:36:40.719 [main] DEBUG org.apache.hc.client5.http.impl.io.PoolingHttpClientConnectionManager - ep-0000000017 connecting endpoint to https://raw.githubusercontent.com:443 (30 SECONDS)
21:36:40.719 [main] DEBUG org.apache.hc.client5.http.impl.io.DefaultHttpClientConnectionOperator - raw.githubusercontent.com resolving remote address
21:36:40.719 [main] DEBUG org.apache.hc.client5.http.impl.io.DefaultHttpClientConnectionOperator - raw.githubusercontent.com resolved to [raw.githubusercontent.com/185.199.111.133, raw.githubusercontent.com/185.199.110.133, raw.githubusercontent.com/185.199.109.133, raw.githubusercontent.com/185.199.108.133]
21:36:40.719 [main] DEBUG org.apache.hc.client5.http.impl.io.DefaultHttpClientConnectionOperator - raw.githubusercontent.com:443 connecting null->raw.githubusercontent.com/185.199.111.133:443 (30 SECONDS)
21:36:40.719 [main] DEBUG org.apache.hc.client5.http.ssl.SSLConnectionSocketFactory - Connecting socket to raw.githubusercontent.com/185.199.111.133:443 with timeout 30 SECONDS
21:36:40.726 [main] DEBUG org.apache.hc.client5.http.ssl.SSLConnectionSocketFactory - Enabled protocols: [TLSv1.3, TLSv1.2]
21:36:40.726 [main] DEBUG org.apache.hc.client5.http.ssl.SSLConnectionSocketFactory - Enabled cipher suites: [TLS_AES_256_GCM_SHA384, TLS_AES_128_GCM_SHA256, TLS_CHACHA20_POLY1305_SHA256, TLS_ECDHE_ECDSA_WITH_AES_256_GCM_SHA384, TLS_ECDHE_ECDSA_WITH_AES_128_GCM_SHA256, TLS_ECDHE_ECDSA_WITH_CHACHA20_POLY1305_SHA256, TLS_ECDHE_RSA_WITH_AES_256_GCM_SHA384, TLS_ECDHE_RSA_WITH_CHACHA20_POLY1305_SHA256, TLS_ECDHE_RSA_WITH_AES_128_GCM_SHA256, TLS_DHE_RSA_WITH_AES_256_GCM_SHA384, TLS_DHE_RSA_WITH_CHACHA20_POLY1305_SHA256, TLS_DHE_DSS_WITH_AES_256_GCM_SHA384, TLS_DHE_RSA_WITH_AES_128_GCM_SHA256, TLS_DHE_DSS_WITH_AES_128_GCM_SHA256, TLS_ECDHE_ECDSA_WITH_AES_256_CBC_SHA384, TLS_ECDHE_RSA_WITH_AES_256_CBC_SHA384, TLS_ECDHE_ECDSA_WITH_AES_128_CBC_SHA256, TLS_ECDHE_RSA_WITH_AES_128_CBC_SHA256, TLS_DHE_RSA_WITH_AES_256_CBC_SHA256, TLS_DHE_DSS_WITH_AES_256_CBC_SHA256, TLS_DHE_RSA_WITH_AES_128_CBC_SHA256, TLS_DHE_DSS_WITH_AES_128_CBC_SHA256, TLS_ECDHE_ECDSA_WITH_AES_256_CBC_SHA, TLS_ECDHE_RSA_WITH_AES_256_CBC_SHA, TLS_ECDHE_ECDSA_WITH_AES_128_CBC_SHA, TLS_ECDHE_RSA_WITH_AES_128_CBC_SHA, TLS_DHE_RSA_WITH_AES_256_CBC_SHA, TLS_DHE_DSS_WITH_AES_256_CBC_SHA, TLS_DHE_RSA_WITH_AES_128_CBC_SHA, TLS_DHE_DSS_WITH_AES_128_CBC_SHA, TLS_RSA_WITH_AES_256_GCM_SHA384, TLS_RSA_WITH_AES_128_GCM_SHA256, TLS_RSA_WITH_AES_256_CBC_SHA256, TLS_RSA_WITH_AES_128_CBC_SHA256, TLS_RSA_WITH_AES_256_CBC_SHA, TLS_RSA_WITH_AES_128_CBC_SHA, TLS_EMPTY_RENEGOTIATION_INFO_SCSV]
21:36:40.726 [main] DEBUG org.apache.hc.client5.http.ssl.SSLConnectionSocketFactory - Starting handshake (null)
21:36:40.738 [main] DEBUG org.apache.hc.client5.http.ssl.SSLConnectionSocketFactory - Secure session established
21:36:40.738 [main] DEBUG org.apache.hc.client5.http.ssl.SSLConnectionSocketFactory -  negotiated protocol: TLSv1.3
21:36:40.738 [main] DEBUG org.apache.hc.client5.http.ssl.SSLConnectionSocketFactory -  negotiated cipher suite: TLS_AES_128_GCM_SHA256
21:36:40.738 [main] DEBUG org.apache.hc.client5.http.ssl.SSLConnectionSocketFactory -  peer principal: CN=*.github.io, O="GitHub, Inc.", L=San Francisco, ST=California, C=US
21:36:40.738 [main] DEBUG org.apache.hc.client5.http.ssl.SSLConnectionSocketFactory -  peer alternative names: [*.github.io, github.io, githubusercontent.com, www.github.com, *.github.com, *.githubusercontent.com, github.com]
21:36:40.738 [main] DEBUG org.apache.hc.client5.http.ssl.SSLConnectionSocketFactory -  issuer principal: CN=DigiCert Global G2 TLS RSA SHA256 2020 CA1, O=DigiCert Inc, C=US
21:36:40.738 [main] DEBUG org.apache.hc.client5.http.impl.io.DefaultManagedHttpClientConnection - http-outgoing-15 set socket timeout to 3 MINUTES
21:36:40.738 [main] DEBUG org.apache.hc.client5.http.impl.io.DefaultHttpClientConnectionOperator - raw.githubusercontent.com:443 connected null->raw.githubusercontent.com/185.199.111.133:443 as http-outgoing-15
21:36:40.738 [main] DEBUG org.apache.hc.client5.http.impl.io.PoolingHttpClientConnectionManager - ep-0000000017 connected http-outgoing-15
21:36:40.738 [main] DEBUG org.apache.hc.client5.http.impl.classic.InternalHttpClient - ep-0000000017 endpoint connected
21:36:40.738 [main] DEBUG org.apache.hc.client5.http.impl.classic.MainClientExec - ex-0000000017 executing GET /bonigarcia/webdrivermanager/master/src/main/resources/commands.properties HTTP/1.1
21:36:40.738 [main] DEBUG org.apache.hc.client5.http.protocol.RequestAddCookies - ex-0000000017 Cookie spec selected: strict
21:36:40.738 [main] DEBUG org.apache.hc.client5.http.impl.classic.InternalHttpClient - ep-0000000017 start execution ex-0000000017
21:36:40.738 [main] DEBUG org.apache.hc.client5.http.impl.io.PoolingHttpClientConnectionManager - ep-0000000017 executing exchange ex-0000000017 over http-outgoing-15
21:36:40.738 [main] DEBUG org.apache.hc.client5.http.headers - http-outgoing-15 >> GET /bonigarcia/webdrivermanager/master/src/main/resources/commands.properties HTTP/1.1
21:36:40.738 [main] DEBUG org.apache.hc.client5.http.headers - http-outgoing-15 >> user-agent: Apache-HttpClient/5.0
21:36:40.738 [main] DEBUG org.apache.hc.client5.http.headers - http-outgoing-15 >> accept-encoding: gzip, deflate, br
21:36:40.738 [main] DEBUG org.apache.hc.client5.http.headers - http-outgoing-15 >> cache-control: max-age=0
21:36:40.738 [main] DEBUG org.apache.hc.client5.http.headers - http-outgoing-15 >> connection: keep-alive
21:36:40.738 [main] DEBUG org.apache.hc.client5.http.headers - http-outgoing-15 >> Host: raw.githubusercontent.com
21:36:40.738 [main] DEBUG org.apache.hc.client5.http.wire - http-outgoing-15 >> "GET /bonigarcia/webdrivermanager/master/src/main/resources/commands.properties HTTP/1.1[\r][\n]"
21:36:40.738 [main] DEBUG org.apache.hc.client5.http.wire - http-outgoing-15 >> "user-agent: Apache-HttpClient/5.0[\r][\n]"
21:36:40.738 [main] DEBUG org.apache.hc.client5.http.wire - http-outgoing-15 >> "accept-encoding: gzip, deflate, br[\r][\n]"
21:36:40.738 [main] DEBUG org.apache.hc.client5.http.wire - http-outgoing-15 >> "cache-control: max-age=0[\r][\n]"
21:36:40.738 [main] DEBUG org.apache.hc.client5.http.wire - http-outgoing-15 >> "connection: keep-alive[\r][\n]"
21:36:40.738 [main] DEBUG org.apache.hc.client5.http.wire - http-outgoing-15 >> "Host: raw.githubusercontent.com[\r][\n]"
21:36:40.738 [main] DEBUG org.apache.hc.client5.http.wire - http-outgoing-15 >> "[\r][\n]"
21:36:40.746 [main] DEBUG org.apache.hc.client5.http.wire - http-outgoing-15 << "HTTP/1.1 200 OK[\r][\n]"
21:36:40.746 [main] DEBUG org.apache.hc.client5.http.wire - http-outgoing-15 << "Connection: keep-alive[\r][\n]"
21:36:40.746 [main] DEBUG org.apache.hc.client5.http.wire - http-outgoing-15 << "Content-Length: 745[\r][\n]"
21:36:40.746 [main] DEBUG org.apache.hc.client5.http.wire - http-outgoing-15 << "Cache-Control: max-age=300[\r][\n]"
21:36:40.746 [main] DEBUG org.apache.hc.client5.http.wire - http-outgoing-15 << "Content-Security-Policy: default-src 'none'; style-src 'unsafe-inline'; sandbox[\r][\n]"
21:36:40.746 [main] DEBUG org.apache.hc.client5.http.wire - http-outgoing-15 << "Content-Type: text/plain; charset=utf-8[\r][\n]"
21:36:40.746 [main] DEBUG org.apache.hc.client5.http.wire - http-outgoing-15 << "ETag: W/"dd41edff335272162022217759820159dac501cff56850e2510f504462cd9b5f"[\r][\n]"
21:36:40.746 [main] DEBUG org.apache.hc.client5.http.wire - http-outgoing-15 << "Strict-Transport-Security: max-age=31536000[\r][\n]"
21:36:40.746 [main] DEBUG org.apache.hc.client5.http.wire - http-outgoing-15 << "X-Content-Type-Options: nosniff[\r][\n]"
21:36:40.746 [main] DEBUG org.apache.hc.client5.http.wire - http-outgoing-15 << "X-Frame-Options: deny[\r][\n]"
21:36:40.746 [main] DEBUG org.apache.hc.client5.http.wire - http-outgoing-15 << "X-XSS-Protection: 1; mode=block[\r][\n]"
21:36:40.746 [main] DEBUG org.apache.hc.client5.http.wire - http-outgoing-15 << "X-GitHub-Request-Id: 11E0:2FCCA8:200498:2217C9:6757BE85[\r][\n]"
21:36:40.746 [main] DEBUG org.apache.hc.client5.http.wire - http-outgoing-15 << "Content-Encoding: gzip[\r][\n]"
21:36:40.746 [main] DEBUG org.apache.hc.client5.http.wire - http-outgoing-15 << "Accept-Ranges: bytes[\r][\n]"
21:36:40.746 [main] DEBUG org.apache.hc.client5.http.wire - http-outgoing-15 << "Date: Wed, 18 Dec 2024 20:36:41 GMT[\r][\n]"
21:36:40.746 [main] DEBUG org.apache.hc.client5.http.wire - http-outgoing-15 << "Via: 1.1 varnish[\r][\n]"
21:36:40.746 [main] DEBUG org.apache.hc.client5.http.wire - http-outgoing-15 << "X-Served-By: cache-mad2200129-MAD[\r][\n]"
21:36:40.746 [main] DEBUG org.apache.hc.client5.http.wire - http-outgoing-15 << "X-Cache: HIT[\r][\n]"
21:36:40.746 [main] DEBUG org.apache.hc.client5.http.wire - http-outgoing-15 << "X-Cache-Hits: 1[\r][\n]"
21:36:40.746 [main] DEBUG org.apache.hc.client5.http.wire - http-outgoing-15 << "X-Timer: S1734554202.912416,VS0,VE1[\r][\n]"
21:36:40.746 [main] DEBUG org.apache.hc.client5.http.wire - http-outgoing-15 << "Vary: Authorization,Accept-Encoding,Origin[\r][\n]"
21:36:40.746 [main] DEBUG org.apache.hc.client5.http.wire - http-outgoing-15 << "Access-Control-Allow-Origin: *[\r][\n]"
21:36:40.746 [main] DEBUG org.apache.hc.client5.http.wire - http-outgoing-15 << "Cross-Origin-Resource-Policy: cross-origin[\r][\n]"
21:36:40.746 [main] DEBUG org.apache.hc.client5.http.wire - http-outgoing-15 << "X-Fastly-Request-ID: 7079e5bbea84f1f43a1a3f8b0867d53573dbf4b1[\r][\n]"
21:36:40.746 [main] DEBUG org.apache.hc.client5.http.wire - http-outgoing-15 << "Expires: Wed, 18 Dec 2024 20:41:41 GMT[\r][\n]"
21:36:40.746 [main] DEBUG org.apache.hc.client5.http.wire - http-outgoing-15 << "Source-Age: 88[\r][\n]"
21:36:40.746 [main] DEBUG org.apache.hc.client5.http.wire - http-outgoing-15 << "[\r][\n]"
21:36:40.746 [main] DEBUG org.apache.hc.client5.http.headers - http-outgoing-15 << HTTP/1.1 200 OK
21:36:40.746 [main] DEBUG org.apache.hc.client5.http.headers - http-outgoing-15 << Connection: keep-alive
21:36:40.746 [main] DEBUG org.apache.hc.client5.http.headers - http-outgoing-15 << Content-Length: 745
21:36:40.746 [main] DEBUG org.apache.hc.client5.http.headers - http-outgoing-15 << Cache-Control: max-age=300
21:36:40.746 [main] DEBUG org.apache.hc.client5.http.headers - http-outgoing-15 << Content-Security-Policy: default-src 'none'; style-src 'unsafe-inline'; sandbox
21:36:40.746 [main] DEBUG org.apache.hc.client5.http.headers - http-outgoing-15 << Content-Type: text/plain; charset=utf-8
21:36:40.746 [main] DEBUG org.apache.hc.client5.http.headers - http-outgoing-15 << ETag: W/"dd41edff335272162022217759820159dac501cff56850e2510f504462cd9b5f"
21:36:40.746 [main] DEBUG org.apache.hc.client5.http.headers - http-outgoing-15 << Strict-Transport-Security: max-age=31536000
21:36:40.746 [main] DEBUG org.apache.hc.client5.http.headers - http-outgoing-15 << X-Content-Type-Options: nosniff
21:36:40.746 [main] DEBUG org.apache.hc.client5.http.headers - http-outgoing-15 << X-Frame-Options: deny
21:36:40.746 [main] DEBUG org.apache.hc.client5.http.headers - http-outgoing-15 << X-XSS-Protection: 1; mode=block
21:36:40.746 [main] DEBUG org.apache.hc.client5.http.headers - http-outgoing-15 << X-GitHub-Request-Id: 11E0:2FCCA8:200498:2217C9:6757BE85
21:36:40.746 [main] DEBUG org.apache.hc.client5.http.headers - http-outgoing-15 << Content-Encoding: gzip
21:36:40.746 [main] DEBUG org.apache.hc.client5.http.headers - http-outgoing-15 << Accept-Ranges: bytes
21:36:40.746 [main] DEBUG org.apache.hc.client5.http.headers - http-outgoing-15 << Date: Wed, 18 Dec 2024 20:36:41 GMT
21:36:40.746 [main] DEBUG org.apache.hc.client5.http.headers - http-outgoing-15 << Via: 1.1 varnish
21:36:40.746 [main] DEBUG org.apache.hc.client5.http.headers - http-outgoing-15 << X-Served-By: cache-mad2200129-MAD
21:36:40.746 [main] DEBUG org.apache.hc.client5.http.headers - http-outgoing-15 << X-Cache: HIT
21:36:40.746 [main] DEBUG org.apache.hc.client5.http.headers - http-outgoing-15 << X-Cache-Hits: 1
21:36:40.746 [main] DEBUG org.apache.hc.client5.http.headers - http-outgoing-15 << X-Timer: S1734554202.912416,VS0,VE1
21:36:40.746 [main] DEBUG org.apache.hc.client5.http.headers - http-outgoing-15 << Vary: Authorization,Accept-Encoding,Origin
21:36:40.746 [main] DEBUG org.apache.hc.client5.http.headers - http-outgoing-15 << Access-Control-Allow-Origin: *
21:36:40.746 [main] DEBUG org.apache.hc.client5.http.headers - http-outgoing-15 << Cross-Origin-Resource-Policy: cross-origin
21:36:40.746 [main] DEBUG org.apache.hc.client5.http.headers - http-outgoing-15 << X-Fastly-Request-ID: 7079e5bbea84f1f43a1a3f8b0867d53573dbf4b1
21:36:40.746 [main] DEBUG org.apache.hc.client5.http.headers - http-outgoing-15 << Expires: Wed, 18 Dec 2024 20:41:41 GMT
21:36:40.746 [main] DEBUG org.apache.hc.client5.http.headers - http-outgoing-15 << Source-Age: 88
21:36:40.746 [main] DEBUG org.apache.hc.client5.http.impl.classic.MainClientExec - ex-0000000017 connection can be kept alive for 3 MINUTES
21:36:40.746 [main] DEBUG org.apache.hc.client5.http.wire - http-outgoing-15 << "[0x1f][0xffffff8b][0x8][0x0][0x0][0x0][0x0][0x0][0x0][0x3][0xffffffb5]W]o[0xffffffda]0[0x14]}[0xffffffe7]W\QUj% [0x1b][0xffffffad][0xffffffa6]i[0x12][0xf]4c[0xffffffdd]4*[0x18][0xffffffb4][0xffffffdd]&[0xfffffff9][0xffffffc5]$N[0xffffffb0][0xffffff94][0xffffffd8][0xffffffc8]NJ[0xffffffb7]_?[0xffffffdb][0xfffffff9]X[0xffffff92]:[0xffffffa3]k[0xffffffe8][0x1b][0xffffffb6][0xffffffef]=[0xffffffe7][0xffffffd8][0xfffffff7][0xffffffe4][0xffffffda][0xffffff9c][0xffffff80][0xffffffcb][0xffffffe3][0x18]3_[0xffffff82][0xffffff8f][0x13][0xffffffbc][0xffffffc1][0xffffff92][0xfffffff4]N[0xffffffe0]vK%[0x4]4"[0xffffffe0]q[0xffffff96]`[0xffffffca]$$[=[0xffffffc8]C[0x13][0xe][0x1b][0x2][0xffffffe4][0xffffff91]xiB|[0xffffffa0][0xffffffcc],[0xffffffcb]-[0xffffff89]"=[0xffffffe0][0xffffffc2]'B[0x7][0xfffffff9]$!^b[0x16][0x1f][0xffffff88][0xffffff90][0xffffff94][0xffffffab][0xffffffb5][0x0][0xffffff88][0xfffffffa][0x1d][\n]"
21:36:40.746 [main] DEBUG org.apache.hc.client5.http.wire - http-outgoing-15 << "B[0x18]l[0x4][0xffffffdf]K[0xffffffb5][0xffffffa0]([0xffffffcf][0xffffffdc][0xffffffad][0xffffffe0]1[0x19][0xffffffc0]'*H[0xffffffc0][0x1f][0x7][0xffffffb0][0xffffffd8][0x11][0xffffff81][0x7]0[0xfffffff3]C5kVi[0x1a][0xffffff9f]k|[0xffffff9f][0x6][0x1][0x11][0xffffff84]%[0xffffffc0]uLBY[0x8][0xfffffff2][0xffffff97]LH,[0xffffffe1][0xffffffec];e[0xffffffbe]B[0x1d][0xffffffc0][0xffffff9c][0xffffffb2]T[0xffffffc1][0xffffffdc]`[0xf][0x16][0xffffffeb][0xfffffff3][0xffffff9e][0xffffffe2][0xffffffc8](z[0xfffffff9]6F[0xffffff9e][0x19][0xffffff8e][0xfffffff6]Y[0xffffffc2][0xffffffe8][0xffffffcd][0xffffffdb][0xffffff89][0x17][0xfffffffb]#[0xffffffb5]+p\[0xffffffd8][0xffffffc7][0xffffffd4]3Gb[0xffffff8e]a[0xffffffbf]U|[0xffffffc0]pL&[0xfffffffd][0xffffffd3][0xffffffe5]jq[0xffffffbd][0xffffff9a][0xffffffde]|[0xfffffffa]2[0xffffff9f][0xffffffad]?[0xffffffa0][0x9]B[0xffffffa7][0x8]]s[0x1e]F[0x4][0xffffffa1][0xffffff8c][0x2][0xffffffa1][0xffffffe9]n[0x17]QOI[0xffffffe3][0xc][0xffffffa1][0xffffff9c]H![0xfffffff7]!$[0x9][0xffffffdc][0xffffffe7]g[0xffffffe1]<[0xffffffe0](m[0xffffffd7]3~[0xffffff81][0xffffff9e][0xffffffb3][0x1f][0xffffffef][0xffffffdf][0xffffff9d][0xffffffbf][0xffffffa6][0xffffffa8][0xffffff8b]g[0xffffff8a][0xffffff9a]/[0xffffffdc][0xffffffe9]|[0xffffffba]\~[0xffffff9c][0xffffffde]N_S[0xffffffcf][0xffffffe5]d5[0xffffffbb][0xffffff86]ow[0xffffffb3][0xffffffd5]O[0xfffffff8][0xfffffffc][0xffffffd5][0xffffffbd]Ck[0x1e]${,H[0xffffffc1][0xffffff96][0xffffff93]][0xffffffcd][0xffffffaf][0x8][0xfffffff6][0xc]^[0xffffffe1][0xffffffc5]^[0x13]4[0xffffffd2][0xffffff8e][0xffffffd1]>pR)[0xffffff9c][\r]eNh0[0xffffff86][0xffffffd9]:[0xc][0xffffff87]E[0xffffffa6]=q<i[0xffffff8b]o&[0xffffffc4][0xffffffd8]3<[0xffffff95][0x13][0xffffff90]N&8w[0xffffffe9][0x8][0xffffffef]v[0xffffff8e][0xffffffab][0xffffffbe]>es[0xffffffe9]([0x13]/[0xffffffd6][0xfffffff5][0xffffff80]*[0xffffffba][0xfffffff2]v[0xfffffffe][0xffffffd9][0xffffff94]DA6>[0xffffff8e][0xffffffbb]o[0xfffffff8]o[0x1a]E[0xffffffb8] A[0xffffffa8]@?T[0xffffffad]'*:{[0xfffffffa]xR.*[0xffffffce][0xffffffe9][0xffffffd7][0xffffffad][0xffffff93][0xffffff93]4[0xffffffc9][0xfffffffa][0xffffffda]<n*t[0xffffffeb][0xffffffb9]oV[0xffffffb6][0xffffffc0]/M[0xffffff94]O[0xffffffc0][0xfffffff0][0xffffffe1]i[0xffffff90][0xffffffb5][0xfffffffe]9[0xffffff8b][0xffffffad][0xfffffff2]U,Ul[0xffffffdd][0x13]KL[0xffffffa2][0x6][0xffffffdd][0xffffffca]\?`[0xffffffea][0x9].[0xffffffd5]I [0xffffffa4]i[0x1a]_i,[\r][0xffffffdd][0xffffffa1][0xffffffc3][0xffffffae]kzI[0xffffffd1]_Q[0xffffffce]Ek[0xffffffcb][0xfffffff8]Kf[0xffffffb8][0xfffffffe][0xffffffd9]3[0xc][0xffffffe6][0xffffffd3][0xffffff8e][0x11][0x17][0x10]C[0x1d]`i[0x19][0xffffffd5][0xffffffbc][0xfffffff1][0xffffffa4]5[0xffffffbc][0x1e]o[0xfffffff5]K[0xffffffa9][0xffffffd6][0xfffffff8][0xffffffc1]f[0xffffff9b]z[0x4][0xffffffd4][0x1a][0xffffff86][0xffffffb9]^K[0x16]s[0xffffff91][0xfffffffe][0xffffffbf][0xffffff8b]l]~)x(p,[0x11]2[0x14][0x8]E8e[0xffffff9e][0xffffffca]:X[0xffffffa6][0xffffff86][0xffffff88].[0xffffffb6]9[0xffffff9a][0xffffff88].[0xfffffff7]]G[0xffffffea][0xffffffcb][0xe][0xfffffffb][0x7f].u[0xffffff83][0xffffffbb][0xfffffff4][0xffffffb3][0x19][0xffffffda][0xffffffec][0xffffff98][0xffffffc5]Y[0xfffffffd]h8m6\4[0xffffffc1][0xffffff8a][0xffffffb7][0xffffff98]z[0xffffffd0][0xffffffd5]oF5q[0x1c][0x13][0x16][0xfffffff0][0x1d][0x1e][0x19]5-[0xffffff9d][0xffffffef][0xffffffad]c[0xb]z[0xffffffae]/m[0xffffffe6]8[0xffffffb6][0xffffff96][0xfffffff6]7X[0xffffffc9]t[0xfffffff8][0xfffffff9][0xffffffa5][0x11]K[0xfffffffb][0x15]3[0xffffffc3][0xfffffffc][0x1f]B[0xffffffdb][0xffffffd3][0xffffffab][0xffffff92]4.[0xffffff93]Z[0xffffffdf]]:[0xffffffda][0xffffffea][0xffffffdc]B[0xffffffa6][0xffffffcd][0xffffffbc][0xffffffae][0x5][0xfffffff5][0x4][0xffffffd6]8[0xffffffc0][0xffffff82][0xffffff96][0xfffffff0][0xffffffd2][0xc][0xffffffed][0xffffffe0]Y[0xffffffa8][\r]:[[0xffffffa9][0x0][0xffffffff][0x1][0xfffffff8][0x15][0xffffffb4][0xffffffee][0xffffff8e][\r][0x0][0x0]"
21:36:40.747 [main] DEBUG org.apache.hc.client5.http.impl.classic.InternalHttpClient - ep-0000000017 releasing valid endpoint
21:36:40.747 [main] DEBUG org.apache.hc.client5.http.impl.io.PoolingHttpClientConnectionManager - ep-0000000017 releasing endpoint
21:36:40.747 [main] DEBUG org.apache.hc.client5.http.impl.io.PoolingHttpClientConnectionManager - ep-0000000017 connection http-outgoing-15 can be kept alive for 3 MINUTES
21:36:40.747 [main] DEBUG org.apache.hc.client5.http.impl.io.PoolingHttpClientConnectionManager - ep-0000000017 connection released [route: {s}->https://raw.githubusercontent.com:443][total available: 1; route allocated: 1 of 5; total allocated: 1 of 25]
21:36:40.747 [main] DEBUG io.github.bonigarcia.wdm.versions.VersionDetector - Detecting chrome version using online commands.properties
21:36:40.747 [main] DEBUG io.github.bonigarcia.wdm.versions.Shell - Running command on the shell: [cmd.exe, /C, wmic, datafile, where, name="%PROGRAMFILES:\=\\%\\Google\\Chrome\\Application\\chrome.exe", get, Version, /value]
21:36:40.856 [main] DEBUG io.github.bonigarcia.wdm.versions.Shell - Result: 
21:36:40.856 [main] DEBUG io.github.bonigarcia.wdm.versions.Shell - Running command on the shell: [cmd.exe, /C, wmic, datafile, where, name="%PROGRAMFILES(X86):\=\\%\\Google\\Chrome\\Application\\chrome.exe", get, Version, /value]
21:36:40.965 [main] DEBUG io.github.bonigarcia.wdm.versions.Shell - Result: 
21:36:40.966 [main] DEBUG io.github.bonigarcia.wdm.versions.Shell - Running command on the shell: [cmd.exe, /C, wmic, datafile, where, name="%LOCALAPPDATA:\=\\%\\Google\\Chrome\\Application\\chrome.exe", get, Version, /value]
21:36:41.074 [main] DEBUG io.github.bonigarcia.wdm.versions.Shell - Result: 
21:36:41.074 [main] DEBUG io.github.bonigarcia.wdm.versions.Shell - Running command on the shell: [REG, QUERY, HKCU\Software\Google\Chrome\BLBeacon, /v, version]
21:36:41.102 [main] DEBUG io.github.bonigarcia.wdm.versions.Shell - Result: 
21:36:41.102 [main] DEBUG io.github.bonigarcia.wdm.versions.VersionDetector - Browser version for chrome not detected using online properties (using local commands.properties)
21:36:41.102 [main] DEBUG io.github.bonigarcia.wdm.versions.Shell - Running command on the shell: [cmd.exe, /C, wmic, datafile, where, name="%PROGRAMFILES:\=\\%\\Google\\Chrome\\Application\\chrome.exe", get, Version, /value]
21:36:41.226 [main] DEBUG io.github.bonigarcia.wdm.versions.Shell - Result: 
21:36:41.227 [main] DEBUG io.github.bonigarcia.wdm.versions.Shell - Running command on the shell: [cmd.exe, /C, wmic, datafile, where, name="%PROGRAMFILES(X86):\=\\%\\Google\\Chrome\\Application\\chrome.exe", get, Version, /value]
21:36:41.331 [main] DEBUG io.github.bonigarcia.wdm.versions.Shell - Result: 
21:36:41.332 [main] DEBUG io.github.bonigarcia.wdm.versions.Shell - Running command on the shell: [cmd.exe, /C, wmic, datafile, where, name="%LOCALAPPDATA:\=\\%\\Google\\Chrome\\Application\\chrome.exe", get, Version, /value]
21:36:41.742 [main] DEBUG io.github.bonigarcia.wdm.versions.Shell - Result: 
21:36:41.742 [main] DEBUG io.github.bonigarcia.wdm.versions.Shell - Running command on the shell: [REG, QUERY, HKCU\Software\Google\Chrome\BLBeacon, /v, version]
21:36:41.779 [main] DEBUG io.github.bonigarcia.wdm.versions.Shell - Result: 
21:36:41.779 [main] DEBUG io.github.bonigarcia.wdm.WebDriverManager - The driver version for CHROME is unknown ... trying with latest
21:36:41.781 [main] DEBUG org.apache.hc.client5.http.impl.classic.InternalHttpClient - ex-0000000018 preparing request execution
21:36:41.782 [main] DEBUG org.apache.hc.client5.http.impl.classic.ProtocolExec - ex-0000000018 target auth state: UNCHALLENGED
21:36:41.782 [main] DEBUG org.apache.hc.client5.http.impl.classic.ProtocolExec - ex-0000000018 proxy auth state: UNCHALLENGED
21:36:41.782 [main] DEBUG org.apache.hc.client5.http.impl.classic.ConnectExec - ex-0000000018 acquiring connection with route {s}->https://googlechromelabs.github.io:443
21:36:41.782 [main] DEBUG org.apache.hc.client5.http.impl.classic.InternalHttpClient - ex-0000000018 acquiring endpoint (3 MINUTES)
21:36:41.782 [main] DEBUG org.apache.hc.client5.http.impl.io.PoolingHttpClientConnectionManager - ex-0000000018 endpoint lease request (3 MINUTES) [route: {s}->https://googlechromelabs.github.io:443][total available: 1; route allocated: 0 of 5; total allocated: 1 of 25]
21:36:41.782 [main] DEBUG org.apache.hc.client5.http.impl.io.PoolingHttpClientConnectionManager - ex-0000000018 endpoint leased [route: {s}->https://googlechromelabs.github.io:443][total available: 1; route allocated: 1 of 5; total allocated: 2 of 25]
21:36:41.782 [main] DEBUG org.apache.hc.client5.http.impl.io.PoolingHttpClientConnectionManager - ex-0000000018 acquired ep-0000000018
21:36:41.782 [main] DEBUG org.apache.hc.client5.http.impl.classic.InternalHttpClient - ex-0000000018 acquired endpoint ep-0000000018
21:36:41.782 [main] DEBUG org.apache.hc.client5.http.impl.classic.ConnectExec - ex-0000000018 opening connection {s}->https://googlechromelabs.github.io:443
21:36:41.782 [main] DEBUG org.apache.hc.client5.http.impl.classic.InternalHttpClient - ep-0000000018 connecting endpoint (null)
21:36:41.782 [main] DEBUG org.apache.hc.client5.http.impl.io.PoolingHttpClientConnectionManager - ep-0000000018 connecting endpoint to https://googlechromelabs.github.io:443 (30 SECONDS)
21:36:41.782 [main] DEBUG org.apache.hc.client5.http.impl.io.DefaultHttpClientConnectionOperator - googlechromelabs.github.io resolving remote address
21:36:41.782 [main] DEBUG org.apache.hc.client5.http.impl.io.DefaultHttpClientConnectionOperator - googlechromelabs.github.io resolved to [googlechromelabs.github.io/185.199.111.153, googlechromelabs.github.io/185.199.108.153, googlechromelabs.github.io/185.199.109.153, googlechromelabs.github.io/185.199.110.153]
21:36:41.783 [main] DEBUG org.apache.hc.client5.http.impl.io.DefaultHttpClientConnectionOperator - googlechromelabs.github.io:443 connecting null->googlechromelabs.github.io/185.199.111.153:443 (30 SECONDS)
21:36:41.783 [main] DEBUG org.apache.hc.client5.http.ssl.SSLConnectionSocketFactory - Connecting socket to googlechromelabs.github.io/185.199.111.153:443 with timeout 30 SECONDS
21:36:41.792 [main] DEBUG org.apache.hc.client5.http.ssl.SSLConnectionSocketFactory - Enabled protocols: [TLSv1.3, TLSv1.2]
21:36:41.792 [main] DEBUG org.apache.hc.client5.http.ssl.SSLConnectionSocketFactory - Enabled cipher suites: [TLS_AES_256_GCM_SHA384, TLS_AES_128_GCM_SHA256, TLS_CHACHA20_POLY1305_SHA256, TLS_ECDHE_ECDSA_WITH_AES_256_GCM_SHA384, TLS_ECDHE_ECDSA_WITH_AES_128_GCM_SHA256, TLS_ECDHE_ECDSA_WITH_CHACHA20_POLY1305_SHA256, TLS_ECDHE_RSA_WITH_AES_256_GCM_SHA384, TLS_ECDHE_RSA_WITH_CHACHA20_POLY1305_SHA256, TLS_ECDHE_RSA_WITH_AES_128_GCM_SHA256, TLS_DHE_RSA_WITH_AES_256_GCM_SHA384, TLS_DHE_RSA_WITH_CHACHA20_POLY1305_SHA256, TLS_DHE_DSS_WITH_AES_256_GCM_SHA384, TLS_DHE_RSA_WITH_AES_128_GCM_SHA256, TLS_DHE_DSS_WITH_AES_128_GCM_SHA256, TLS_ECDHE_ECDSA_WITH_AES_256_CBC_SHA384, TLS_ECDHE_RSA_WITH_AES_256_CBC_SHA384, TLS_ECDHE_ECDSA_WITH_AES_128_CBC_SHA256, TLS_ECDHE_RSA_WITH_AES_128_CBC_SHA256, TLS_DHE_RSA_WITH_AES_256_CBC_SHA256, TLS_DHE_DSS_WITH_AES_256_CBC_SHA256, TLS_DHE_RSA_WITH_AES_128_CBC_SHA256, TLS_DHE_DSS_WITH_AES_128_CBC_SHA256, TLS_ECDHE_ECDSA_WITH_AES_256_CBC_SHA, TLS_ECDHE_RSA_WITH_AES_256_CBC_SHA, TLS_ECDHE_ECDSA_WITH_AES_128_CBC_SHA, TLS_ECDHE_RSA_WITH_AES_128_CBC_SHA, TLS_DHE_RSA_WITH_AES_256_CBC_SHA, TLS_DHE_DSS_WITH_AES_256_CBC_SHA, TLS_DHE_RSA_WITH_AES_128_CBC_SHA, TLS_DHE_DSS_WITH_AES_128_CBC_SHA, TLS_RSA_WITH_AES_256_GCM_SHA384, TLS_RSA_WITH_AES_128_GCM_SHA256, TLS_RSA_WITH_AES_256_CBC_SHA256, TLS_RSA_WITH_AES_128_CBC_SHA256, TLS_RSA_WITH_AES_256_CBC_SHA, TLS_RSA_WITH_AES_128_CBC_SHA, TLS_EMPTY_RENEGOTIATION_INFO_SCSV]
21:36:41.792 [main] DEBUG org.apache.hc.client5.http.ssl.SSLConnectionSocketFactory - Starting handshake (null)
21:36:41.804 [main] DEBUG org.apache.hc.client5.http.ssl.SSLConnectionSocketFactory - Secure session established
21:36:41.804 [main] DEBUG org.apache.hc.client5.http.ssl.SSLConnectionSocketFactory -  negotiated protocol: TLSv1.3
21:36:41.804 [main] DEBUG org.apache.hc.client5.http.ssl.SSLConnectionSocketFactory -  negotiated cipher suite: TLS_AES_128_GCM_SHA256
21:36:41.805 [main] DEBUG org.apache.hc.client5.http.ssl.SSLConnectionSocketFactory -  peer principal: CN=*.github.io, O="GitHub, Inc.", L=San Francisco, ST=California, C=US
21:36:41.805 [main] DEBUG org.apache.hc.client5.http.ssl.SSLConnectionSocketFactory -  peer alternative names: [*.github.io, github.io, githubusercontent.com, www.github.com, *.github.com, *.githubusercontent.com, github.com]
21:36:41.805 [main] DEBUG org.apache.hc.client5.http.ssl.SSLConnectionSocketFactory -  issuer principal: CN=DigiCert Global G2 TLS RSA SHA256 2020 CA1, O=DigiCert Inc, C=US
21:36:41.805 [main] DEBUG org.apache.hc.client5.http.impl.io.DefaultManagedHttpClientConnection - http-outgoing-16 set socket timeout to 3 MINUTES
21:36:41.805 [main] DEBUG org.apache.hc.client5.http.impl.io.DefaultHttpClientConnectionOperator - googlechromelabs.github.io:443 connected null->googlechromelabs.github.io/185.199.111.153:443 as http-outgoing-16
21:36:41.805 [main] DEBUG org.apache.hc.client5.http.impl.io.PoolingHttpClientConnectionManager - ep-0000000018 connected http-outgoing-16
21:36:41.805 [main] DEBUG org.apache.hc.client5.http.impl.classic.InternalHttpClient - ep-0000000018 endpoint connected
21:36:41.805 [main] DEBUG org.apache.hc.client5.http.impl.classic.MainClientExec - ex-0000000018 executing GET /chrome-for-testing/last-known-good-versions-with-downloads.json HTTP/1.1
21:36:41.805 [main] DEBUG org.apache.hc.client5.http.protocol.RequestAddCookies - ex-0000000018 Cookie spec selected: strict
21:36:41.805 [main] DEBUG org.apache.hc.client5.http.impl.classic.InternalHttpClient - ep-0000000018 start execution ex-0000000018
21:36:41.805 [main] DEBUG org.apache.hc.client5.http.impl.io.PoolingHttpClientConnectionManager - ep-0000000018 executing exchange ex-0000000018 over http-outgoing-16
21:36:41.805 [main] DEBUG org.apache.hc.client5.http.headers - http-outgoing-16 >> GET /chrome-for-testing/last-known-good-versions-with-downloads.json HTTP/1.1
21:36:41.805 [main] DEBUG org.apache.hc.client5.http.headers - http-outgoing-16 >> user-agent: Apache-HttpClient/5.0
21:36:41.805 [main] DEBUG org.apache.hc.client5.http.headers - http-outgoing-16 >> accept-encoding: gzip, deflate, br
21:36:41.805 [main] DEBUG org.apache.hc.client5.http.headers - http-outgoing-16 >> cache-control: max-age=0
21:36:41.805 [main] DEBUG org.apache.hc.client5.http.headers - http-outgoing-16 >> connection: keep-alive
21:36:41.805 [main] DEBUG org.apache.hc.client5.http.headers - http-outgoing-16 >> Host: googlechromelabs.github.io
21:36:41.805 [main] DEBUG org.apache.hc.client5.http.wire - http-outgoing-16 >> "GET /chrome-for-testing/last-known-good-versions-with-downloads.json HTTP/1.1[\r][\n]"
21:36:41.805 [main] DEBUG org.apache.hc.client5.http.wire - http-outgoing-16 >> "user-agent: Apache-HttpClient/5.0[\r][\n]"
21:36:41.805 [main] DEBUG org.apache.hc.client5.http.wire - http-outgoing-16 >> "accept-encoding: gzip, deflate, br[\r][\n]"
21:36:41.805 [main] DEBUG org.apache.hc.client5.http.wire - http-outgoing-16 >> "cache-control: max-age=0[\r][\n]"
21:36:41.805 [main] DEBUG org.apache.hc.client5.http.wire - http-outgoing-16 >> "connection: keep-alive[\r][\n]"
21:36:41.805 [main] DEBUG org.apache.hc.client5.http.wire - http-outgoing-16 >> "Host: googlechromelabs.github.io[\r][\n]"
21:36:41.805 [main] DEBUG org.apache.hc.client5.http.wire - http-outgoing-16 >> "[\r][\n]"
21:36:41.815 [main] DEBUG org.apache.hc.client5.http.wire - http-outgoing-16 << "HTTP/1.1 200 OK[\r][\n]"
21:36:41.815 [main] DEBUG org.apache.hc.client5.http.wire - http-outgoing-16 << "Connection: keep-alive[\r][\n]"
21:36:41.815 [main] DEBUG org.apache.hc.client5.http.wire - http-outgoing-16 << "Content-Length: 650[\r][\n]"
21:36:41.815 [main] DEBUG org.apache.hc.client5.http.wire - http-outgoing-16 << "Server: GitHub.com[\r][\n]"
21:36:41.815 [main] DEBUG org.apache.hc.client5.http.wire - http-outgoing-16 << "Content-Type: application/json; charset=utf-8[\r][\n]"
21:36:41.815 [main] DEBUG org.apache.hc.client5.http.wire - http-outgoing-16 << "permissions-policy: interest-cohort=()[\r][\n]"
21:36:41.815 [main] DEBUG org.apache.hc.client5.http.wire - http-outgoing-16 << "x-origin-cache: HIT[\r][\n]"
21:36:41.815 [main] DEBUG org.apache.hc.client5.http.wire - http-outgoing-16 << "Last-Modified: Wed, 18 Dec 2024 20:10:24 GMT[\r][\n]"
21:36:41.815 [main] DEBUG org.apache.hc.client5.http.wire - http-outgoing-16 << "Access-Control-Allow-Origin: *[\r][\n]"
21:36:41.815 [main] DEBUG org.apache.hc.client5.http.wire - http-outgoing-16 << "Strict-Transport-Security: max-age=31556952[\r][\n]"
21:36:41.815 [main] DEBUG org.apache.hc.client5.http.wire - http-outgoing-16 << "ETag: W/"67632c30-21f8"[\r][\n]"
21:36:41.815 [main] DEBUG org.apache.hc.client5.http.wire - http-outgoing-16 << "expires: Wed, 18 Dec 2024 20:22:58 GMT[\r][\n]"
21:36:41.815 [main] DEBUG org.apache.hc.client5.http.wire - http-outgoing-16 << "Cache-Control: max-age=600[\r][\n]"
21:36:41.815 [main] DEBUG org.apache.hc.client5.http.wire - http-outgoing-16 << "Content-Encoding: gzip[\r][\n]"
21:36:41.815 [main] DEBUG org.apache.hc.client5.http.wire - http-outgoing-16 << "x-proxy-cache: HIT[\r][\n]"
21:36:41.815 [main] DEBUG org.apache.hc.client5.http.wire - http-outgoing-16 << "X-GitHub-Request-Id: 5783:7E9D1:F42EB:F6CEE:67632CFD[\r][\n]"
21:36:41.815 [main] DEBUG org.apache.hc.client5.http.wire - http-outgoing-16 << "Accept-Ranges: bytes[\r][\n]"
21:36:41.815 [main] DEBUG org.apache.hc.client5.http.wire - http-outgoing-16 << "Date: Wed, 18 Dec 2024 20:36:42 GMT[\r][\n]"
21:36:41.815 [main] DEBUG org.apache.hc.client5.http.wire - http-outgoing-16 << "Via: 1.1 varnish[\r][\n]"
21:36:41.815 [main] DEBUG org.apache.hc.client5.http.wire - http-outgoing-16 << "Age: 473[\r][\n]"
21:36:41.815 [main] DEBUG org.apache.hc.client5.http.wire - http-outgoing-16 << "X-Served-By: cache-mad2200132-MAD[\r][\n]"
21:36:41.815 [main] DEBUG org.apache.hc.client5.http.wire - http-outgoing-16 << "X-Cache: HIT[\r][\n]"
21:36:41.815 [main] DEBUG org.apache.hc.client5.http.wire - http-outgoing-16 << "X-Cache-Hits: 1[\r][\n]"
21:36:41.815 [main] DEBUG org.apache.hc.client5.http.wire - http-outgoing-16 << "X-Timer: S1734554203.978723,VS0,VE3[\r][\n]"
21:36:41.815 [main] DEBUG org.apache.hc.client5.http.wire - http-outgoing-16 << "Vary: Accept-Encoding[\r][\n]"
21:36:41.815 [main] DEBUG org.apache.hc.client5.http.wire - http-outgoing-16 << "X-Fastly-Request-ID: d75e5e9acb496ad2562bd05d6addbab46393d7ee[\r][\n]"
21:36:41.815 [main] DEBUG org.apache.hc.client5.http.wire - http-outgoing-16 << "[\r][\n]"
21:36:41.815 [main] DEBUG org.apache.hc.client5.http.headers - http-outgoing-16 << HTTP/1.1 200 OK
21:36:41.815 [main] DEBUG org.apache.hc.client5.http.headers - http-outgoing-16 << Connection: keep-alive
21:36:41.815 [main] DEBUG org.apache.hc.client5.http.headers - http-outgoing-16 << Content-Length: 650
21:36:41.815 [main] DEBUG org.apache.hc.client5.http.headers - http-outgoing-16 << Server: GitHub.com
21:36:41.815 [main] DEBUG org.apache.hc.client5.http.headers - http-outgoing-16 << Content-Type: application/json; charset=utf-8
21:36:41.815 [main] DEBUG org.apache.hc.client5.http.headers - http-outgoing-16 << permissions-policy: interest-cohort=()
21:36:41.815 [main] DEBUG org.apache.hc.client5.http.headers - http-outgoing-16 << x-origin-cache: HIT
21:36:41.815 [main] DEBUG org.apache.hc.client5.http.headers - http-outgoing-16 << Last-Modified: Wed, 18 Dec 2024 20:10:24 GMT
21:36:41.815 [main] DEBUG org.apache.hc.client5.http.headers - http-outgoing-16 << Access-Control-Allow-Origin: *
21:36:41.815 [main] DEBUG org.apache.hc.client5.http.headers - http-outgoing-16 << Strict-Transport-Security: max-age=31556952
21:36:41.815 [main] DEBUG org.apache.hc.client5.http.headers - http-outgoing-16 << ETag: W/"67632c30-21f8"
21:36:41.815 [main] DEBUG org.apache.hc.client5.http.headers - http-outgoing-16 << expires: Wed, 18 Dec 2024 20:22:58 GMT
21:36:41.815 [main] DEBUG org.apache.hc.client5.http.headers - http-outgoing-16 << Cache-Control: max-age=600
21:36:41.815 [main] DEBUG org.apache.hc.client5.http.headers - http-outgoing-16 << Content-Encoding: gzip
21:36:41.815 [main] DEBUG org.apache.hc.client5.http.headers - http-outgoing-16 << x-proxy-cache: HIT
21:36:41.815 [main] DEBUG org.apache.hc.client5.http.headers - http-outgoing-16 << X-GitHub-Request-Id: 5783:7E9D1:F42EB:F6CEE:67632CFD
21:36:41.815 [main] DEBUG org.apache.hc.client5.http.headers - http-outgoing-16 << Accept-Ranges: bytes
21:36:41.815 [main] DEBUG org.apache.hc.client5.http.headers - http-outgoing-16 << Date: Wed, 18 Dec 2024 20:36:42 GMT
21:36:41.815 [main] DEBUG org.apache.hc.client5.http.headers - http-outgoing-16 << Via: 1.1 varnish
21:36:41.815 [main] DEBUG org.apache.hc.client5.http.headers - http-outgoing-16 << Age: 473
21:36:41.815 [main] DEBUG org.apache.hc.client5.http.headers - http-outgoing-16 << X-Served-By: cache-mad2200132-MAD
21:36:41.815 [main] DEBUG org.apache.hc.client5.http.headers - http-outgoing-16 << X-Cache: HIT
21:36:41.815 [main] DEBUG org.apache.hc.client5.http.headers - http-outgoing-16 << X-Cache-Hits: 1
21:36:41.815 [main] DEBUG org.apache.hc.client5.http.headers - http-outgoing-16 << X-Timer: S1734554203.978723,VS0,VE3
21:36:41.815 [main] DEBUG org.apache.hc.client5.http.headers - http-outgoing-16 << Vary: Accept-Encoding
21:36:41.815 [main] DEBUG org.apache.hc.client5.http.headers - http-outgoing-16 << X-Fastly-Request-ID: d75e5e9acb496ad2562bd05d6addbab46393d7ee
21:36:41.815 [main] DEBUG org.apache.hc.client5.http.impl.classic.MainClientExec - ex-0000000018 connection can be kept alive for 3 MINUTES
21:36:41.816 [main] DEBUG org.apache.hc.client5.http.wire - http-outgoing-16 << "[0x1f][0xffffff8b][0x8][0x0][0x0][0x0][0x0][0x0][0x0][0x3][0xffffffcd][0xffffff96][0xffffffcf][0xffffff8e][0xffffff9b]0[0x10][0xffffff87][0xffffffef]}[0xc][0xffffff9f][0xfffffff9][0xf][0x1][0xffffffc2][0xffffffb1][0xffffffdd]7[0xffffffd8][0xffffff9e]Z[0xfffffff5][0xffffffe0]M[0xffffffdc][0xffffffc4][0xffffff92][0xffffffc1][0x8][0xffffff93]l[0xffffffdb][0xffffff88]w[0xffffffaf][0x3][0xffffff84][0x0][0xffffffb1][0xffffffd9][0xffffffcb][0xffffffc6][0xffffffc3])a[0xffffffc0]3?[0xffffffd0][0xffffffa7][0xffffffd1]wA5[0xffffffcd][0xffffff89][0xffffffa8]q^[0xffffffa2][0xc][0x5]^[0x10][0xffffffd9]~`[0xfffffffb][0xffffffe9]w[0xffffffdf][0xffffffcb][0xffffffbc]m[0x16]%N[0x18][0xfffffff8]?[0xffffff90][0xffffff85]vG\[0x14][0xffffff84][0x9][0xffffff94]][0xffffffd0]k[0xffffff8d][0xffffffdf][0x18][0xffffffb9][0xfffffffe][0xffffffeb][0xffffffab][0xfffffff2]h_[0xffffffb3][0xffffffd0][0xffffff99]T[0xffffff82][0xfffffff2]B[0xffffff96][0xfffffffc][0xffffffd0]w<'N[0xffffff92][0xffffffd4][0xfffffff1][0xffffffbd]T[0xffffffde][0xffffffaa][0xffffffc8][0xffffff99][0xe][0xfffffff7][0xffffffe2]t[0x13]leq[0xffffffcf][0xffffffdf][0xb][0xffffffc6][0xfffffff1]^t[0xfffffffd]*[0xffffff9e][0xffffffcb][0xffffffce]?/[0xffffffa8]d[0xffffffb8][0xfffffffe][0xffffffcd][0xffffffab]\>[0xffffffcc]hq[0xfffffffa][0x13]G[0xfffffff2][0xffffffe1]Su[0xffffff9d]u[0xffffffac][0xffffffeb]Rd[0xffffffae]+j^[0xffffffe1][0x3]q[0xe][0xffffff9c][0x1f][0x18][0xffffffc1]%[0x15][0xffffffce][0xffffff8e][0xffffffe7]n[0xffffffd7][0xffffffc4][0xffffff96][0xffffff87][0xffffffed]Z[0xffffffbe][0x1a]-[0xe]vyzct[0xffffffe7]N[0x13][0xffffffb9]}[0xffffffdf][0xffffffdb][0xffffff81][0xfffffffe][0xffffffd2][0xfffffff9]GK[0xffffffd4]X[0xffffff93][0x4]9[0xffffffde][0xffffffd9][0xffffffb8][0xffffffca][0xffffff9f][0xffffff90]a[0xffffffe8]|;2[0x14]t9[0xffffff9e][0xfffffff1]%[0xfffffffa][0xffffffbe][0xffffffe3][0xc][0xffffff9a]/[0xfffffff1]N[0xffffff8b]0[0xfffffff8][0xfffffff4][0xfffffff9]m[0xffffffd7][0xffffffdb][0xffffffe3][0xffffffed][0xffffff85]f[0xfffffff6][0x13][0xffffffde][0xffffffbd][0xffffffed]:[0xffffff9a]}{[0xffffffef]_V[0xffffff8f][0xffffffe3][0xffffffbe][0xffffffa2][0x12]j[0x18]([0xffffffbb][0xffffffd9][0xffffffeb]@[0xffffffb3][0xffffffcf][0xffffffb2][0x2]@GI[0xffffffc0]0[0xffffffed]3[0x0][0xffffffc2]zO[0xfffffff0][0xffffff80][0xffffffac]}$x[0xffffffcf][0xffffff88][0x10][0xffffffb6]8[0x12][0xffffffc6]`[0xffffffd8][0xffffff9d][0xffffff85]X[0x7][0xffffffc4][0xfffffff3]P+[0xffffffa0]Y[0x15][0x9][0xc][0xffffffeb]y[0x18]@[0xffffffbe][0x15]Q[0x6][0xffffffd0][0xffffff9b][0xffffffc6]B_I[0xffffff8d][0xffffffa7][0x12][0xffffffd2]V[0xffffffa6][\n]"
21:36:41.816 [main] DEBUG org.apache.hc.client5.http.wire - http-outgoing-16 << "[0x12]\[0xffffffbb][0xffffffa7]a[0xffffffe4]D[0xfffffff1][0xffffffdc]@R[0x7f][0x13][0xfffffffb][0xffffffc6][\r]d[0x14][0x8]J@[0xffffffc6][0x11][0xffffffc0][0xfffffffc]c[0x1e][0xffffffc2][0xffffffb0]~[0xffffff8c][0xffffffc7][0x1b][0xffffffb6][0xffffff8f][0xffffffd9]h`[0xfffffff9][0xffffffd0][0xfffffff3]h[0xffffffd8]=[0xffffff96][0xffffffa8]4[0xffffffac][0x1e]z6[\r][0xffffff9a][0xffffff87][0xffffff8e]Pc[0xffffffe2][0xffffffa1][0xffffffe3]t[0x15][0xffffffde][0xffffffb1][0xffffffb0]F[0xffffff81][0xffffffb4]cq[0xffffffab][0x2]Y[0xffffffc7][0xffffffc2][0xffffff92][0x5][0xffffff90][0xe][0xffffffed][0xffffffce]5[0xffffffee][0x1c][0xffffffda][0x15][0xfffffffc][0xffffff81]r[0xffffffbc][0xffffff90][0xfffffff3][0xffffffd4]8[0xffffffae][0xffffff85][0xffffffa9]p[0xffffff84]m[0xffffffeb]4u[0xffffff82][0xffffffb9]ol[0xffffffa3]M[0xffffff98][0x18][0xfffffff7][0xffffff8d]{[0x1e]([0xffffffdd][0x18]%[0x0][0xffffffb3][0xffffff8d]Y[0x6][0xffffffc3][0xffffffb2]1[0xffffff9a]n[0xffffffd8]5[0xffffffa6][0xffffff93][0xffffff81]UC[0xffffff8b][0xffffffa2]a[0xffffffd3]X[0x0][0xffffffd2][0xffffffb0]hh[0xffffffb1]4[0xffffffe8][0x19][0x1a]8[0xffffff8d]i[0xffffff86][0x6][0xffffffd1]UX[0xffffff86]~y[0x2]I[0xffffffc6][0xffffffd2].[0x5]r[0xc][0xfffffffd]j[0x5]P[0xc][0xffffffdd][0xffffffa6]5n[0x18][0xffffffba][0xffffffc5][0xfffffffb][0xffffff81]`|[0xffffffc3][0x5][0xffffffae][0xfffffffe]N[0x1d][0xffffffa3][0xffffffaf])4c[0xffffffeb][0xffffffc9][0xffffff9f][0x7][0xffffffcd]H[0xffffffc2]M[\n]"
21:36:41.816 [main] DEBUG org.apache.hc.client5.http.wire - http-outgoing-16 << "[0xffffffa3][0x19]m[0x1e]P[0xffffffcd][0xffffffe8][0x12][0xffffffc0]j[0xffffffc6]=[0x3][0xffffff84]ft[0xffffffd3]!4c[0xffffff98][0xffffffbc][0x6][0xffffffcd]P[0xffffffa1][0x8][0xffffffa1][0x19]j !4C[0xffffff85][0xffffffa5]i[0xffffffcd]x[0xffffff84][0xffffffd3][0xffffffac]f<"[0xffffffba][0x1e][0xffffffcd]P.OH[0xffffffcd][0xffffffd0][0xffffffec]RH[0xffffffcd]P[0xffffffae]V([0xffffffcd]PlZ[0x18][0xffffffcd]P,[0xffffffde]E[0xffffffcd]h[0xffffff9a]/[0xffffffff][0x1][0xffffffc5]A.V[0xfffffff8]![0x0][0x0]"
21:36:41.816 [main] DEBUG org.apache.hc.client5.http.impl.classic.InternalHttpClient - ep-0000000018 releasing valid endpoint
21:36:41.816 [main] DEBUG org.apache.hc.client5.http.impl.io.PoolingHttpClientConnectionManager - ep-0000000018 releasing endpoint
21:36:41.816 [main] DEBUG org.apache.hc.client5.http.impl.io.PoolingHttpClientConnectionManager - ep-0000000018 connection http-outgoing-16 can be kept alive for 3 MINUTES
21:36:41.816 [main] DEBUG org.apache.hc.client5.http.impl.io.PoolingHttpClientConnectionManager - ep-0000000018 connection released [route: {s}->https://googlechromelabs.github.io:443][total available: 2; route allocated: 1 of 5; total allocated: 2 of 25]
21:36:41.820 [main] DEBUG io.github.bonigarcia.wdm.WebDriverManager - Driver chromedriver 131.0.6778.108 found in cache
21:36:41.821 [main] INFO io.github.bonigarcia.wdm.WebDriverManager - Exporting webdriver.chrome.driver as C:\Users\MisterSurface\.cache\selenium\chromedriver\win64\131.0.6778.108\chromedriver.exe
]]></system-out>
    <system-err><![CDATA[Starting ChromeDriver 131.0.6778.108 (3b014839fbc4fb688b2f5af512d6ce312ad208b1-refs/branch-heads/6778@{#2393}) on port 23086
Only local connections are allowed.
Please see https://chromedriver.chromium.org/security-considerations for suggestions on keeping ChromeDriver safe.
ChromeDriver was started successfully on port 23086.
]]></system-err>
  </testcase>
</testsuite>