<?xml version="1.0" encoding="UTF-8"?>
<testsuite xmlns:xsi="http://www.w3.org/2001/XMLSchema-instance" xsi:noNamespaceSchemaLocation="https://maven.apache.org/surefire/maven-surefire-plugin/xsd/surefire-test-report.xsd" name="com.lauracercas.moviecards.endtoendtest.MovieE2ETest" time="0.008" tests="3" errors="3" skipped="0" failures="0">
  <properties>
    <property name="java.specification.version" value="23"/>
    <property name="sun.cpu.isalist" value="amd64"/>
    <property name="sun.jnu.encoding" value="UTF-8"/>
    <property name="java.class.path" value="c:\Users\MisterSurface\Documents\Universidad Alcalá\Clases\Material de lectura\Unidad 5 Integracion Continua\moviecards\moviecards\target\test-classes;c:\Users\MisterSurface\Documents\Universidad Alcalá\Clases\Material de lectura\Unidad 5 Integracion Continua\moviecards\moviecards\target\classes;C:\Users\MisterSurface\.m2\repository\org\springframework\boot\spring-boot-starter-data-jpa\2.6.7\spring-boot-starter-data-jpa-2.6.7.jar;C:\Users\MisterSurface\.m2\repository\org\springframework\boot\spring-boot-starter-aop\2.6.7\spring-boot-starter-aop-2.6.7.jar;C:\Users\MisterSurface\.m2\repository\org\springframework\spring-aop\5.3.19\spring-aop-5.3.19.jar;C:\Users\MisterSurface\.m2\repository\org\aspectj\aspectjweaver\1.9.7\aspectjweaver-1.9.7.jar;C:\Users\MisterSurface\.m2\repository\org\springframework\boot\spring-boot-starter-jdbc\2.6.7\spring-boot-starter-jdbc-2.6.7.jar;C:\Users\MisterSurface\.m2\repository\com\zaxxer\HikariCP\4.0.3\HikariCP-4.0.3.jar;C:\Users\MisterSurface\.m2\repository\org\springframework\spring-jdbc\5.3.19\spring-jdbc-5.3.19.jar;C:\Users\MisterSurface\.m2\repository\jakarta\transaction\jakarta.transaction-api\1.3.3\jakarta.transaction-api-1.3.3.jar;C:\Users\MisterSurface\.m2\repository\jakarta\persistence\jakarta.persistence-api\2.2.3\jakarta.persistence-api-2.2.3.jar;C:\Users\MisterSurface\.m2\repository\org\hibernate\hibernate-core\5.6.8.Final\hibernate-core-5.6.8.Final.jar;C:\Users\MisterSurface\.m2\repository\org\jboss\logging\jboss-logging\3.4.3.Final\jboss-logging-3.4.3.Final.jar;C:\Users\MisterSurface\.m2\repository\antlr\antlr\2.7.7\antlr-2.7.7.jar;C:\Users\MisterSurface\.m2\repository\org\jboss\jandex\2.4.2.Final\jandex-2.4.2.Final.jar;C:\Users\MisterSurface\.m2\repository\com\fasterxml\classmate\1.5.1\classmate-1.5.1.jar;C:\Users\MisterSurface\.m2\repository\org\hibernate\common\hibernate-commons-annotations\5.1.2.Final\hibernate-commons-annotations-5.1.2.Final.jar;C:\Users\MisterSurface\.m2\repository\org\glassfish\jaxb\jaxb-runtime\2.3.6\jaxb-runtime-2.3.6.jar;C:\Users\MisterSurface\.m2\repository\org\glassfish\jaxb\txw2\2.3.6\txw2-2.3.6.jar;C:\Users\MisterSurface\.m2\repository\com\sun\istack\istack-commons-runtime\3.0.12\istack-commons-runtime-3.0.12.jar;C:\Users\MisterSurface\.m2\repository\com\sun\activation\jakarta.activation\1.2.2\jakarta.activation-1.2.2.jar;C:\Users\MisterSurface\.m2\repository\org\springframework\data\spring-data-jpa\2.6.4\spring-data-jpa-2.6.4.jar;C:\Users\MisterSurface\.m2\repository\org\springframework\data\spring-data-commons\2.6.4\spring-data-commons-2.6.4.jar;C:\Users\MisterSurface\.m2\repository\org\springframework\spring-orm\5.3.19\spring-orm-5.3.19.jar;C:\Users\MisterSurface\.m2\repository\org\springframework\spring-context\5.3.19\spring-context-5.3.19.jar;C:\Users\MisterSurface\.m2\repository\org\springframework\spring-tx\5.3.19\spring-tx-5.3.19.jar;C:\Users\MisterSurface\.m2\repository\org\springframework\spring-beans\5.3.19\spring-beans-5.3.19.jar;C:\Users\MisterSurface\.m2\repository\org\springframework\spring-aspects\5.3.19\spring-aspects-5.3.19.jar;C:\Users\MisterSurface\.m2\repository\org\springframework\boot\spring-boot-starter-thymeleaf\2.6.7\spring-boot-starter-thymeleaf-2.6.7.jar;C:\Users\MisterSurface\.m2\repository\org\springframework\boot\spring-boot-starter\2.6.7\spring-boot-starter-2.6.7.jar;C:\Users\MisterSurface\.m2\repository\org\springframework\boot\spring-boot\2.6.7\spring-boot-2.6.7.jar;C:\Users\MisterSurface\.m2\repository\org\springframework\boot\spring-boot-autoconfigure\2.6.7\spring-boot-autoconfigure-2.6.7.jar;C:\Users\MisterSurface\.m2\repository\org\springframework\boot\spring-boot-starter-logging\2.6.7\spring-boot-starter-logging-2.6.7.jar;C:\Users\MisterSurface\.m2\repository\ch\qos\logback\logback-classic\1.2.11\logback-classic-1.2.11.jar;C:\Users\MisterSurface\.m2\repository\ch\qos\logback\logback-core\1.2.11\logback-core-1.2.11.jar;C:\Users\MisterSurface\.m2\repository\org\apache\logging\log4j\log4j-to-slf4j\2.17.2\log4j-to-slf4j-2.17.2.jar;C:\Users\MisterSurface\.m2\repository\org\apache\logging\log4j\log4j-api\2.17.2\log4j-api-2.17.2.jar;C:\Users\MisterSurface\.m2\repository\org\slf4j\jul-to-slf4j\1.7.36\jul-to-slf4j-1.7.36.jar;C:\Users\MisterSurface\.m2\repository\jakarta\annotation\jakarta.annotation-api\1.3.5\jakarta.annotation-api-1.3.5.jar;C:\Users\MisterSurface\.m2\repository\org\yaml\snakeyaml\1.29\snakeyaml-1.29.jar;C:\Users\MisterSurface\.m2\repository\org\thymeleaf\thymeleaf-spring5\3.0.15.RELEASE\thymeleaf-spring5-3.0.15.RELEASE.jar;C:\Users\MisterSurface\.m2\repository\org\thymeleaf\thymeleaf\3.0.15.RELEASE\thymeleaf-3.0.15.RELEASE.jar;C:\Users\MisterSurface\.m2\repository\org\attoparser\attoparser\2.0.5.RELEASE\attoparser-2.0.5.RELEASE.jar;C:\Users\MisterSurface\.m2\repository\org\unbescape\unbescape\1.1.6.RELEASE\unbescape-1.1.6.RELEASE.jar;C:\Users\MisterSurface\.m2\repository\org\thymeleaf\extras\thymeleaf-extras-java8time\3.0.4.RELEASE\thymeleaf-extras-java8time-3.0.4.RELEASE.jar;C:\Users\MisterSurface\.m2\repository\org\springframework\boot\spring-boot-starter-web\2.6.7\spring-boot-starter-web-2.6.7.jar;C:\Users\MisterSurface\.m2\repository\org\springframework\boot\spring-boot-starter-json\2.6.7\spring-boot-starter-json-2.6.7.jar;C:\Users\MisterSurface\.m2\repository\com\fasterxml\jackson\core\jackson-databind\2.13.2.1\jackson-databind-2.13.2.1.jar;C:\Users\MisterSurface\.m2\repository\com\fasterxml\jackson\core\jackson-annotations\2.13.2\jackson-annotations-2.13.2.jar;C:\Users\MisterSurface\.m2\repository\com\fasterxml\jackson\core\jackson-core\2.13.2\jackson-core-2.13.2.jar;C:\Users\MisterSurface\.m2\repository\com\fasterxml\jackson\datatype\jackson-datatype-jdk8\2.13.2\jackson-datatype-jdk8-2.13.2.jar;C:\Users\MisterSurface\.m2\repository\com\fasterxml\jackson\datatype\jackson-datatype-jsr310\2.13.2\jackson-datatype-jsr310-2.13.2.jar;C:\Users\MisterSurface\.m2\repository\com\fasterxml\jackson\module\jackson-module-parameter-names\2.13.2\jackson-module-parameter-names-2.13.2.jar;C:\Users\MisterSurface\.m2\repository\org\springframework\boot\spring-boot-starter-tomcat\2.6.7\spring-boot-starter-tomcat-2.6.7.jar;C:\Users\MisterSurface\.m2\repository\org\apache\tomcat\embed\tomcat-embed-core\9.0.62\tomcat-embed-core-9.0.62.jar;C:\Users\MisterSurface\.m2\repository\org\apache\tomcat\embed\tomcat-embed-el\9.0.62\tomcat-embed-el-9.0.62.jar;C:\Users\MisterSurface\.m2\repository\org\apache\tomcat\embed\tomcat-embed-websocket\9.0.62\tomcat-embed-websocket-9.0.62.jar;C:\Users\MisterSurface\.m2\repository\org\springframework\spring-web\5.3.19\spring-web-5.3.19.jar;C:\Users\MisterSurface\.m2\repository\org\springframework\spring-webmvc\5.3.19\spring-webmvc-5.3.19.jar;C:\Users\MisterSurface\.m2\repository\org\springframework\spring-expression\5.3.19\spring-expression-5.3.19.jar;C:\Users\MisterSurface\.m2\repository\com\mysql\mysql-connector-j\8.3.0\mysql-connector-j-8.3.0.jar;C:\Users\MisterSurface\.m2\repository\com\google\protobuf\protobuf-java\3.25.1\protobuf-java-3.25.1.jar;C:\Users\MisterSurface\.m2\repository\org\springframework\boot\spring-boot-starter-test\2.6.7\spring-boot-starter-test-2.6.7.jar;C:\Users\MisterSurface\.m2\repository\org\springframework\boot\spring-boot-test\2.6.7\spring-boot-test-2.6.7.jar;C:\Users\MisterSurface\.m2\repository\org\springframework\boot\spring-boot-test-autoconfigure\2.6.7\spring-boot-test-autoconfigure-2.6.7.jar;C:\Users\MisterSurface\.m2\repository\com\jayway\jsonpath\json-path\2.6.0\json-path-2.6.0.jar;C:\Users\MisterSurface\.m2\repository\net\minidev\json-smart\2.4.8\json-smart-2.4.8.jar;C:\Users\MisterSurface\.m2\repository\net\minidev\accessors-smart\2.4.8\accessors-smart-2.4.8.jar;C:\Users\MisterSurface\.m2\repository\org\ow2\asm\asm\9.1\asm-9.1.jar;C:\Users\MisterSurface\.m2\repository\jakarta\xml\bind\jakarta.xml.bind-api\2.3.3\jakarta.xml.bind-api-2.3.3.jar;C:\Users\MisterSurface\.m2\repository\jakarta\activation\jakarta.activation-api\1.2.2\jakarta.activation-api-1.2.2.jar;C:\Users\MisterSurface\.m2\repository\org\assertj\assertj-core\3.21.0\assertj-core-3.21.0.jar;C:\Users\MisterSurface\.m2\repository\org\hamcrest\hamcrest\2.2\hamcrest-2.2.jar;C:\Users\MisterSurface\.m2\repository\org\junit\jupiter\junit-jupiter\5.8.2\junit-jupiter-5.8.2.jar;C:\Users\MisterSurface\.m2\repository\org\junit\jupiter\junit-jupiter-api\5.8.2\junit-jupiter-api-5.8.2.jar;C:\Users\MisterSurface\.m2\repository\org\opentest4j\opentest4j\1.2.0\opentest4j-1.2.0.jar;C:\Users\MisterSurface\.m2\repository\org\junit\platform\junit-platform-commons\1.8.2\junit-platform-commons-1.8.2.jar;C:\Users\MisterSurface\.m2\repository\org\apiguardian\apiguardian-api\1.1.2\apiguardian-api-1.1.2.jar;C:\Users\MisterSurface\.m2\repository\org\junit\jupiter\junit-jupiter-params\5.8.2\junit-jupiter-params-5.8.2.jar;C:\Users\MisterSurface\.m2\repository\org\junit\jupiter\junit-jupiter-engine\5.8.2\junit-jupiter-engine-5.8.2.jar;C:\Users\MisterSurface\.m2\repository\org\junit\platform\junit-platform-engine\1.8.2\junit-platform-engine-1.8.2.jar;C:\Users\MisterSurface\.m2\repository\org\mockito\mockito-core\4.0.0\mockito-core-4.0.0.jar;C:\Users\MisterSurface\.m2\repository\net\bytebuddy\byte-buddy-agent\1.11.22\byte-buddy-agent-1.11.22.jar;C:\Users\MisterSurface\.m2\repository\org\objenesis\objenesis\3.2\objenesis-3.2.jar;C:\Users\MisterSurface\.m2\repository\org\mockito\mockito-junit-jupiter\4.0.0\mockito-junit-jupiter-4.0.0.jar;C:\Users\MisterSurface\.m2\repository\org\skyscreamer\jsonassert\1.5.0\jsonassert-1.5.0.jar;C:\Users\MisterSurface\.m2\repository\com\vaadin\external\google\android-json\0.0.20131108.vaadin1\android-json-0.0.20131108.vaadin1.jar;C:\Users\MisterSurface\.m2\repository\org\springframework\spring-core\5.3.19\spring-core-5.3.19.jar;C:\Users\MisterSurface\.m2\repository\org\springframework\spring-jcl\5.3.19\spring-jcl-5.3.19.jar;C:\Users\MisterSurface\.m2\repository\org\springframework\spring-test\5.3.19\spring-test-5.3.19.jar;C:\Users\MisterSurface\.m2\repository\org\xmlunit\xmlunit-core\2.8.4\xmlunit-core-2.8.4.jar;C:\Users\MisterSurface\.m2\repository\com\h2database\h2\2.2.224\h2-2.2.224.jar;C:\Users\MisterSurface\.m2\repository\io\github\bonigarcia\webdrivermanager\5.7.0\webdrivermanager-5.7.0.jar;C:\Users\MisterSurface\.m2\repository\org\slf4j\slf4j-api\1.7.36\slf4j-api-1.7.36.jar;C:\Users\MisterSurface\.m2\repository\com\google\code\gson\gson\2.8.9\gson-2.8.9.jar;C:\Users\MisterSurface\.m2\repository\com\github\docker-java\docker-java\3.3.5\docker-java-3.3.5.jar;C:\Users\MisterSurface\.m2\repository\com\github\docker-java\docker-java-core\3.3.5\docker-java-core-3.3.5.jar;C:\Users\MisterSurface\.m2\repository\com\github\docker-java\docker-java-api\3.3.5\docker-java-api-3.3.5.jar;C:\Users\MisterSurface\.m2\repository\org\bouncycastle\bcpkix-jdk18on\1.76\bcpkix-jdk18on-1.76.jar;C:\Users\MisterSurface\.m2\repository\org\bouncycastle\bcprov-jdk18on\1.76\bcprov-jdk18on-1.76.jar;C:\Users\MisterSurface\.m2\repository\org\bouncycastle\bcutil-jdk18on\1.76\bcutil-jdk18on-1.76.jar;C:\Users\MisterSurface\.m2\repository\org\slf4j\jcl-over-slf4j\1.7.36\jcl-over-slf4j-1.7.36.jar;C:\Users\MisterSurface\.m2\repository\com\github\docker-java\docker-java-transport-httpclient5\3.3.5\docker-java-transport-httpclient5-3.3.5.jar;C:\Users\MisterSurface\.m2\repository\com\github\docker-java\docker-java-transport\3.3.5\docker-java-transport-3.3.5.jar;C:\Users\MisterSurface\.m2\repository\net\java\dev\jna\jna\5.13.0\jna-5.13.0.jar;C:\Users\MisterSurface\.m2\repository\org\brotli\dec\0.1.2\dec-0.1.2.jar;C:\Users\MisterSurface\.m2\repository\org\apache\commons\commons-lang3\3.12.0\commons-lang3-3.12.0.jar;C:\Users\MisterSurface\.m2\repository\org\apache\commons\commons-compress\1.26.0\commons-compress-1.26.0.jar;C:\Users\MisterSurface\.m2\repository\commons-io\commons-io\2.15.1\commons-io-2.15.1.jar;C:\Users\MisterSurface\.m2\repository\org\apache\httpcomponents\client5\httpclient5\5.3.1\httpclient5-5.3.1.jar;C:\Users\MisterSurface\.m2\repository\org\apache\httpcomponents\core5\httpcore5\5.1.3\httpcore5-5.1.3.jar;C:\Users\MisterSurface\.m2\repository\org\apache\httpcomponents\core5\httpcore5-h2\5.1.3\httpcore5-h2-5.1.3.jar;C:\Users\MisterSurface\.m2\repository\org\seleniumhq\selenium\selenium-java\3.141.59\selenium-java-3.141.59.jar;C:\Users\MisterSurface\.m2\repository\org\seleniumhq\selenium\selenium-api\3.141.59\selenium-api-3.141.59.jar;C:\Users\MisterSurface\.m2\repository\org\seleniumhq\selenium\selenium-chrome-driver\3.141.59\selenium-chrome-driver-3.141.59.jar;C:\Users\MisterSurface\.m2\repository\org\seleniumhq\selenium\selenium-edge-driver\3.141.59\selenium-edge-driver-3.141.59.jar;C:\Users\MisterSurface\.m2\repository\org\seleniumhq\selenium\selenium-firefox-driver\3.141.59\selenium-firefox-driver-3.141.59.jar;C:\Users\MisterSurface\.m2\repository\org\seleniumhq\selenium\selenium-ie-driver\3.141.59\selenium-ie-driver-3.141.59.jar;C:\Users\MisterSurface\.m2\repository\org\seleniumhq\selenium\selenium-opera-driver\3.141.59\selenium-opera-driver-3.141.59.jar;C:\Users\MisterSurface\.m2\repository\org\seleniumhq\selenium\selenium-remote-driver\3.141.59\selenium-remote-driver-3.141.59.jar;C:\Users\MisterSurface\.m2\repository\org\seleniumhq\selenium\selenium-safari-driver\3.141.59\selenium-safari-driver-3.141.59.jar;C:\Users\MisterSurface\.m2\repository\org\seleniumhq\selenium\selenium-support\3.141.59\selenium-support-3.141.59.jar;C:\Users\MisterSurface\.m2\repository\net\bytebuddy\byte-buddy\1.11.22\byte-buddy-1.11.22.jar;C:\Users\MisterSurface\.m2\repository\org\apache\commons\commons-exec\1.3\commons-exec-1.3.jar;C:\Users\MisterSurface\.m2\repository\com\google\guava\guava\25.0-jre\guava-25.0-jre.jar;C:\Users\MisterSurface\.m2\repository\com\google\code\findbugs\jsr305\1.3.9\jsr305-1.3.9.jar;C:\Users\MisterSurface\.m2\repository\org\checkerframework\checker-compat-qual\2.0.0\checker-compat-qual-2.0.0.jar;C:\Users\MisterSurface\.m2\repository\com\google\errorprone\error_prone_annotations\2.1.3\error_prone_annotations-2.1.3.jar;C:\Users\MisterSurface\.m2\repository\com\google\j2objc\j2objc-annotations\1.1\j2objc-annotations-1.1.jar;C:\Users\MisterSurface\.m2\repository\org\codehaus\mojo\animal-sniffer-annotations\1.14\animal-sniffer-annotations-1.14.jar;C:\Users\MisterSurface\.m2\repository\com\squareup\okhttp3\okhttp\3.14.9\okhttp-3.14.9.jar;C:\Users\MisterSurface\.m2\repository\com\squareup\okio\okio\1.14.0\okio-1.14.0.jar;"/>
    <property name="java.vm.vendor" value="Oracle Corporation"/>
    <property name="sun.arch.data.model" value="64"/>
    <property name="user.variant" value=""/>
    <property name="java.vendor.url" value="https://java.oracle.com/"/>
    <property name="user.timezone" value="Europe/Paris"/>
    <property name="os.name" value="Windows 10"/>
    <property name="java.vm.specification.version" value="23"/>
    <property name="sun.java.launcher" value="SUN_STANDARD"/>
    <property name="user.country" value="DO"/>
    <property name="sun.boot.library.path" value="C:\Program Files\Java\jdk-23\bin"/>
    <property name="sun.java.command" value="C:\Users\MISTER~1\AppData\Local\Temp\surefire2215619687144131722\surefirebooter7174186077063563634.jar C:\Users\MisterSurface\AppData\Local\Temp\surefire2215619687144131722 2024-12-18T23-54-02_165-jvmRun1 surefire1916946608154390719tmp surefire_01859621146559707340tmp"/>
    <property name="jdk.debug" value="release"/>
    <property name="surefire.test.class.path" value="c:\Users\MisterSurface\Documents\Universidad Alcalá\Clases\Material de lectura\Unidad 5 Integracion Continua\moviecards\moviecards\target\test-classes;c:\Users\MisterSurface\Documents\Universidad Alcalá\Clases\Material de lectura\Unidad 5 Integracion Continua\moviecards\moviecards\target\classes;C:\Users\MisterSurface\.m2\repository\org\springframework\boot\spring-boot-starter-data-jpa\2.6.7\spring-boot-starter-data-jpa-2.6.7.jar;C:\Users\MisterSurface\.m2\repository\org\springframework\boot\spring-boot-starter-aop\2.6.7\spring-boot-starter-aop-2.6.7.jar;C:\Users\MisterSurface\.m2\repository\org\springframework\spring-aop\5.3.19\spring-aop-5.3.19.jar;C:\Users\MisterSurface\.m2\repository\org\aspectj\aspectjweaver\1.9.7\aspectjweaver-1.9.7.jar;C:\Users\MisterSurface\.m2\repository\org\springframework\boot\spring-boot-starter-jdbc\2.6.7\spring-boot-starter-jdbc-2.6.7.jar;C:\Users\MisterSurface\.m2\repository\com\zaxxer\HikariCP\4.0.3\HikariCP-4.0.3.jar;C:\Users\MisterSurface\.m2\repository\org\springframework\spring-jdbc\5.3.19\spring-jdbc-5.3.19.jar;C:\Users\MisterSurface\.m2\repository\jakarta\transaction\jakarta.transaction-api\1.3.3\jakarta.transaction-api-1.3.3.jar;C:\Users\MisterSurface\.m2\repository\jakarta\persistence\jakarta.persistence-api\2.2.3\jakarta.persistence-api-2.2.3.jar;C:\Users\MisterSurface\.m2\repository\org\hibernate\hibernate-core\5.6.8.Final\hibernate-core-5.6.8.Final.jar;C:\Users\MisterSurface\.m2\repository\org\jboss\logging\jboss-logging\3.4.3.Final\jboss-logging-3.4.3.Final.jar;C:\Users\MisterSurface\.m2\repository\antlr\antlr\2.7.7\antlr-2.7.7.jar;C:\Users\MisterSurface\.m2\repository\org\jboss\jandex\2.4.2.Final\jandex-2.4.2.Final.jar;C:\Users\MisterSurface\.m2\repository\com\fasterxml\classmate\1.5.1\classmate-1.5.1.jar;C:\Users\MisterSurface\.m2\repository\org\hibernate\common\hibernate-commons-annotations\5.1.2.Final\hibernate-commons-annotations-5.1.2.Final.jar;C:\Users\MisterSurface\.m2\repository\org\glassfish\jaxb\jaxb-runtime\2.3.6\jaxb-runtime-2.3.6.jar;C:\Users\MisterSurface\.m2\repository\org\glassfish\jaxb\txw2\2.3.6\txw2-2.3.6.jar;C:\Users\MisterSurface\.m2\repository\com\sun\istack\istack-commons-runtime\3.0.12\istack-commons-runtime-3.0.12.jar;C:\Users\MisterSurface\.m2\repository\com\sun\activation\jakarta.activation\1.2.2\jakarta.activation-1.2.2.jar;C:\Users\MisterSurface\.m2\repository\org\springframework\data\spring-data-jpa\2.6.4\spring-data-jpa-2.6.4.jar;C:\Users\MisterSurface\.m2\repository\org\springframework\data\spring-data-commons\2.6.4\spring-data-commons-2.6.4.jar;C:\Users\MisterSurface\.m2\repository\org\springframework\spring-orm\5.3.19\spring-orm-5.3.19.jar;C:\Users\MisterSurface\.m2\repository\org\springframework\spring-context\5.3.19\spring-context-5.3.19.jar;C:\Users\MisterSurface\.m2\repository\org\springframework\spring-tx\5.3.19\spring-tx-5.3.19.jar;C:\Users\MisterSurface\.m2\repository\org\springframework\spring-beans\5.3.19\spring-beans-5.3.19.jar;C:\Users\MisterSurface\.m2\repository\org\springframework\spring-aspects\5.3.19\spring-aspects-5.3.19.jar;C:\Users\MisterSurface\.m2\repository\org\springframework\boot\spring-boot-starter-thymeleaf\2.6.7\spring-boot-starter-thymeleaf-2.6.7.jar;C:\Users\MisterSurface\.m2\repository\org\springframework\boot\spring-boot-starter\2.6.7\spring-boot-starter-2.6.7.jar;C:\Users\MisterSurface\.m2\repository\org\springframework\boot\spring-boot\2.6.7\spring-boot-2.6.7.jar;C:\Users\MisterSurface\.m2\repository\org\springframework\boot\spring-boot-autoconfigure\2.6.7\spring-boot-autoconfigure-2.6.7.jar;C:\Users\MisterSurface\.m2\repository\org\springframework\boot\spring-boot-starter-logging\2.6.7\spring-boot-starter-logging-2.6.7.jar;C:\Users\MisterSurface\.m2\repository\ch\qos\logback\logback-classic\1.2.11\logback-classic-1.2.11.jar;C:\Users\MisterSurface\.m2\repository\ch\qos\logback\logback-core\1.2.11\logback-core-1.2.11.jar;C:\Users\MisterSurface\.m2\repository\org\apache\logging\log4j\log4j-to-slf4j\2.17.2\log4j-to-slf4j-2.17.2.jar;C:\Users\MisterSurface\.m2\repository\org\apache\logging\log4j\log4j-api\2.17.2\log4j-api-2.17.2.jar;C:\Users\MisterSurface\.m2\repository\org\slf4j\jul-to-slf4j\1.7.36\jul-to-slf4j-1.7.36.jar;C:\Users\MisterSurface\.m2\repository\jakarta\annotation\jakarta.annotation-api\1.3.5\jakarta.annotation-api-1.3.5.jar;C:\Users\MisterSurface\.m2\repository\org\yaml\snakeyaml\1.29\snakeyaml-1.29.jar;C:\Users\MisterSurface\.m2\repository\org\thymeleaf\thymeleaf-spring5\3.0.15.RELEASE\thymeleaf-spring5-3.0.15.RELEASE.jar;C:\Users\MisterSurface\.m2\repository\org\thymeleaf\thymeleaf\3.0.15.RELEASE\thymeleaf-3.0.15.RELEASE.jar;C:\Users\MisterSurface\.m2\repository\org\attoparser\attoparser\2.0.5.RELEASE\attoparser-2.0.5.RELEASE.jar;C:\Users\MisterSurface\.m2\repository\org\unbescape\unbescape\1.1.6.RELEASE\unbescape-1.1.6.RELEASE.jar;C:\Users\MisterSurface\.m2\repository\org\thymeleaf\extras\thymeleaf-extras-java8time\3.0.4.RELEASE\thymeleaf-extras-java8time-3.0.4.RELEASE.jar;C:\Users\MisterSurface\.m2\repository\org\springframework\boot\spring-boot-starter-web\2.6.7\spring-boot-starter-web-2.6.7.jar;C:\Users\MisterSurface\.m2\repository\org\springframework\boot\spring-boot-starter-json\2.6.7\spring-boot-starter-json-2.6.7.jar;C:\Users\MisterSurface\.m2\repository\com\fasterxml\jackson\core\jackson-databind\2.13.2.1\jackson-databind-2.13.2.1.jar;C:\Users\MisterSurface\.m2\repository\com\fasterxml\jackson\core\jackson-annotations\2.13.2\jackson-annotations-2.13.2.jar;C:\Users\MisterSurface\.m2\repository\com\fasterxml\jackson\core\jackson-core\2.13.2\jackson-core-2.13.2.jar;C:\Users\MisterSurface\.m2\repository\com\fasterxml\jackson\datatype\jackson-datatype-jdk8\2.13.2\jackson-datatype-jdk8-2.13.2.jar;C:\Users\MisterSurface\.m2\repository\com\fasterxml\jackson\datatype\jackson-datatype-jsr310\2.13.2\jackson-datatype-jsr310-2.13.2.jar;C:\Users\MisterSurface\.m2\repository\com\fasterxml\jackson\module\jackson-module-parameter-names\2.13.2\jackson-module-parameter-names-2.13.2.jar;C:\Users\MisterSurface\.m2\repository\org\springframework\boot\spring-boot-starter-tomcat\2.6.7\spring-boot-starter-tomcat-2.6.7.jar;C:\Users\MisterSurface\.m2\repository\org\apache\tomcat\embed\tomcat-embed-core\9.0.62\tomcat-embed-core-9.0.62.jar;C:\Users\MisterSurface\.m2\repository\org\apache\tomcat\embed\tomcat-embed-el\9.0.62\tomcat-embed-el-9.0.62.jar;C:\Users\MisterSurface\.m2\repository\org\apache\tomcat\embed\tomcat-embed-websocket\9.0.62\tomcat-embed-websocket-9.0.62.jar;C:\Users\MisterSurface\.m2\repository\org\springframework\spring-web\5.3.19\spring-web-5.3.19.jar;C:\Users\MisterSurface\.m2\repository\org\springframework\spring-webmvc\5.3.19\spring-webmvc-5.3.19.jar;C:\Users\MisterSurface\.m2\repository\org\springframework\spring-expression\5.3.19\spring-expression-5.3.19.jar;C:\Users\MisterSurface\.m2\repository\com\mysql\mysql-connector-j\8.3.0\mysql-connector-j-8.3.0.jar;C:\Users\MisterSurface\.m2\repository\com\google\protobuf\protobuf-java\3.25.1\protobuf-java-3.25.1.jar;C:\Users\MisterSurface\.m2\repository\org\springframework\boot\spring-boot-starter-test\2.6.7\spring-boot-starter-test-2.6.7.jar;C:\Users\MisterSurface\.m2\repository\org\springframework\boot\spring-boot-test\2.6.7\spring-boot-test-2.6.7.jar;C:\Users\MisterSurface\.m2\repository\org\springframework\boot\spring-boot-test-autoconfigure\2.6.7\spring-boot-test-autoconfigure-2.6.7.jar;C:\Users\MisterSurface\.m2\repository\com\jayway\jsonpath\json-path\2.6.0\json-path-2.6.0.jar;C:\Users\MisterSurface\.m2\repository\net\minidev\json-smart\2.4.8\json-smart-2.4.8.jar;C:\Users\MisterSurface\.m2\repository\net\minidev\accessors-smart\2.4.8\accessors-smart-2.4.8.jar;C:\Users\MisterSurface\.m2\repository\org\ow2\asm\asm\9.1\asm-9.1.jar;C:\Users\MisterSurface\.m2\repository\jakarta\xml\bind\jakarta.xml.bind-api\2.3.3\jakarta.xml.bind-api-2.3.3.jar;C:\Users\MisterSurface\.m2\repository\jakarta\activation\jakarta.activation-api\1.2.2\jakarta.activation-api-1.2.2.jar;C:\Users\MisterSurface\.m2\repository\org\assertj\assertj-core\3.21.0\assertj-core-3.21.0.jar;C:\Users\MisterSurface\.m2\repository\org\hamcrest\hamcrest\2.2\hamcrest-2.2.jar;C:\Users\MisterSurface\.m2\repository\org\junit\jupiter\junit-jupiter\5.8.2\junit-jupiter-5.8.2.jar;C:\Users\MisterSurface\.m2\repository\org\junit\jupiter\junit-jupiter-api\5.8.2\junit-jupiter-api-5.8.2.jar;C:\Users\MisterSurface\.m2\repository\org\opentest4j\opentest4j\1.2.0\opentest4j-1.2.0.jar;C:\Users\MisterSurface\.m2\repository\org\junit\platform\junit-platform-commons\1.8.2\junit-platform-commons-1.8.2.jar;C:\Users\MisterSurface\.m2\repository\org\apiguardian\apiguardian-api\1.1.2\apiguardian-api-1.1.2.jar;C:\Users\MisterSurface\.m2\repository\org\junit\jupiter\junit-jupiter-params\5.8.2\junit-jupiter-params-5.8.2.jar;C:\Users\MisterSurface\.m2\repository\org\junit\jupiter\junit-jupiter-engine\5.8.2\junit-jupiter-engine-5.8.2.jar;C:\Users\MisterSurface\.m2\repository\org\junit\platform\junit-platform-engine\1.8.2\junit-platform-engine-1.8.2.jar;C:\Users\MisterSurface\.m2\repository\org\mockito\mockito-core\4.0.0\mockito-core-4.0.0.jar;C:\Users\MisterSurface\.m2\repository\net\bytebuddy\byte-buddy-agent\1.11.22\byte-buddy-agent-1.11.22.jar;C:\Users\MisterSurface\.m2\repository\org\objenesis\objenesis\3.2\objenesis-3.2.jar;C:\Users\MisterSurface\.m2\repository\org\mockito\mockito-junit-jupiter\4.0.0\mockito-junit-jupiter-4.0.0.jar;C:\Users\MisterSurface\.m2\repository\org\skyscreamer\jsonassert\1.5.0\jsonassert-1.5.0.jar;C:\Users\MisterSurface\.m2\repository\com\vaadin\external\google\android-json\0.0.20131108.vaadin1\android-json-0.0.20131108.vaadin1.jar;C:\Users\MisterSurface\.m2\repository\org\springframework\spring-core\5.3.19\spring-core-5.3.19.jar;C:\Users\MisterSurface\.m2\repository\org\springframework\spring-jcl\5.3.19\spring-jcl-5.3.19.jar;C:\Users\MisterSurface\.m2\repository\org\springframework\spring-test\5.3.19\spring-test-5.3.19.jar;C:\Users\MisterSurface\.m2\repository\org\xmlunit\xmlunit-core\2.8.4\xmlunit-core-2.8.4.jar;C:\Users\MisterSurface\.m2\repository\com\h2database\h2\2.2.224\h2-2.2.224.jar;C:\Users\MisterSurface\.m2\repository\io\github\bonigarcia\webdrivermanager\5.7.0\webdrivermanager-5.7.0.jar;C:\Users\MisterSurface\.m2\repository\org\slf4j\slf4j-api\1.7.36\slf4j-api-1.7.36.jar;C:\Users\MisterSurface\.m2\repository\com\google\code\gson\gson\2.8.9\gson-2.8.9.jar;C:\Users\MisterSurface\.m2\repository\com\github\docker-java\docker-java\3.3.5\docker-java-3.3.5.jar;C:\Users\MisterSurface\.m2\repository\com\github\docker-java\docker-java-core\3.3.5\docker-java-core-3.3.5.jar;C:\Users\MisterSurface\.m2\repository\com\github\docker-java\docker-java-api\3.3.5\docker-java-api-3.3.5.jar;C:\Users\MisterSurface\.m2\repository\org\bouncycastle\bcpkix-jdk18on\1.76\bcpkix-jdk18on-1.76.jar;C:\Users\MisterSurface\.m2\repository\org\bouncycastle\bcprov-jdk18on\1.76\bcprov-jdk18on-1.76.jar;C:\Users\MisterSurface\.m2\repository\org\bouncycastle\bcutil-jdk18on\1.76\bcutil-jdk18on-1.76.jar;C:\Users\MisterSurface\.m2\repository\org\slf4j\jcl-over-slf4j\1.7.36\jcl-over-slf4j-1.7.36.jar;C:\Users\MisterSurface\.m2\repository\com\github\docker-java\docker-java-transport-httpclient5\3.3.5\docker-java-transport-httpclient5-3.3.5.jar;C:\Users\MisterSurface\.m2\repository\com\github\docker-java\docker-java-transport\3.3.5\docker-java-transport-3.3.5.jar;C:\Users\MisterSurface\.m2\repository\net\java\dev\jna\jna\5.13.0\jna-5.13.0.jar;C:\Users\MisterSurface\.m2\repository\org\brotli\dec\0.1.2\dec-0.1.2.jar;C:\Users\MisterSurface\.m2\repository\org\apache\commons\commons-lang3\3.12.0\commons-lang3-3.12.0.jar;C:\Users\MisterSurface\.m2\repository\org\apache\commons\commons-compress\1.26.0\commons-compress-1.26.0.jar;C:\Users\MisterSurface\.m2\repository\commons-io\commons-io\2.15.1\commons-io-2.15.1.jar;C:\Users\MisterSurface\.m2\repository\org\apache\httpcomponents\client5\httpclient5\5.3.1\httpclient5-5.3.1.jar;C:\Users\MisterSurface\.m2\repository\org\apache\httpcomponents\core5\httpcore5\5.1.3\httpcore5-5.1.3.jar;C:\Users\MisterSurface\.m2\repository\org\apache\httpcomponents\core5\httpcore5-h2\5.1.3\httpcore5-h2-5.1.3.jar;C:\Users\MisterSurface\.m2\repository\org\seleniumhq\selenium\selenium-java\3.141.59\selenium-java-3.141.59.jar;C:\Users\MisterSurface\.m2\repository\org\seleniumhq\selenium\selenium-api\3.141.59\selenium-api-3.141.59.jar;C:\Users\MisterSurface\.m2\repository\org\seleniumhq\selenium\selenium-chrome-driver\3.141.59\selenium-chrome-driver-3.141.59.jar;C:\Users\MisterSurface\.m2\repository\org\seleniumhq\selenium\selenium-edge-driver\3.141.59\selenium-edge-driver-3.141.59.jar;C:\Users\MisterSurface\.m2\repository\org\seleniumhq\selenium\selenium-firefox-driver\3.141.59\selenium-firefox-driver-3.141.59.jar;C:\Users\MisterSurface\.m2\repository\org\seleniumhq\selenium\selenium-ie-driver\3.141.59\selenium-ie-driver-3.141.59.jar;C:\Users\MisterSurface\.m2\repository\org\seleniumhq\selenium\selenium-opera-driver\3.141.59\selenium-opera-driver-3.141.59.jar;C:\Users\MisterSurface\.m2\repository\org\seleniumhq\selenium\selenium-remote-driver\3.141.59\selenium-remote-driver-3.141.59.jar;C:\Users\MisterSurface\.m2\repository\org\seleniumhq\selenium\selenium-safari-driver\3.141.59\selenium-safari-driver-3.141.59.jar;C:\Users\MisterSurface\.m2\repository\org\seleniumhq\selenium\selenium-support\3.141.59\selenium-support-3.141.59.jar;C:\Users\MisterSurface\.m2\repository\net\bytebuddy\byte-buddy\1.11.22\byte-buddy-1.11.22.jar;C:\Users\MisterSurface\.m2\repository\org\apache\commons\commons-exec\1.3\commons-exec-1.3.jar;C:\Users\MisterSurface\.m2\repository\com\google\guava\guava\25.0-jre\guava-25.0-jre.jar;C:\Users\MisterSurface\.m2\repository\com\google\code\findbugs\jsr305\1.3.9\jsr305-1.3.9.jar;C:\Users\MisterSurface\.m2\repository\org\checkerframework\checker-compat-qual\2.0.0\checker-compat-qual-2.0.0.jar;C:\Users\MisterSurface\.m2\repository\com\google\errorprone\error_prone_annotations\2.1.3\error_prone_annotations-2.1.3.jar;C:\Users\MisterSurface\.m2\repository\com\google\j2objc\j2objc-annotations\1.1\j2objc-annotations-1.1.jar;C:\Users\MisterSurface\.m2\repository\org\codehaus\mojo\animal-sniffer-annotations\1.14\animal-sniffer-annotations-1.14.jar;C:\Users\MisterSurface\.m2\repository\com\squareup\okhttp3\okhttp\3.14.9\okhttp-3.14.9.jar;C:\Users\MisterSurface\.m2\repository\com\squareup\okio\okio\1.14.0\okio-1.14.0.jar;"/>
    <property name="sun.cpu.endian" value="little"/>
    <property name="user.home" value="C:\Users\MisterSurface"/>
    <property name="user.language" value="es"/>
    <property name="java.specification.vendor" value="Oracle Corporation"/>
    <property name="java.version.date" value="2024-09-17"/>
    <property name="java.home" value="C:\Program Files\Java\jdk-23"/>
    <property name="file.separator" value="\"/>
    <property name="basedir" value="c:\Users\MisterSurface\Documents\Universidad Alcalá\Clases\Material de lectura\Unidad 5 Integracion Continua\moviecards\moviecards"/>
    <property name="java.vm.compressedOopsMode" value="32-bit"/>
    <property name="line.separator" value="&#10;"/>
    <property name="java.vm.specification.vendor" value="Oracle Corporation"/>
    <property name="java.specification.name" value="Java Platform API Specification"/>
    <property name="surefire.real.class.path" value="C:\Users\MISTER~1\AppData\Local\Temp\surefire2215619687144131722\surefirebooter7174186077063563634.jar"/>
    <property name="user.script" value=""/>
    <property name="sun.management.compiler" value="HotSpot 64-Bit Tiered Compilers"/>
    <property name="java.runtime.version" value="23+37-2369"/>
    <property name="user.name" value="MisterSurface"/>
    <property name="stdout.encoding" value="UTF-8"/>
    <property name="path.separator" value=";"/>
    <property name="os.version" value="10.0"/>
    <property name="java.runtime.name" value="Java(TM) SE Runtime Environment"/>
    <property name="file.encoding" value="UTF-8"/>
    <property name="java.vm.name" value="Java HotSpot(TM) 64-Bit Server VM"/>
    <property name="localRepository" value="C:\Users\MisterSurface\.m2\repository"/>
    <property name="java.vendor.url.bug" value="https://bugreport.java.com/bugreport/"/>
    <property name="java.io.tmpdir" value="C:\Users\MISTER~1\AppData\Local\Temp\"/>
    <property name="java.version" value="23"/>
    <property name="user.dir" value="c:\Users\MisterSurface\Documents\Universidad Alcalá\Clases\Material de lectura\Unidad 5 Integracion Continua\moviecards\moviecards"/>
    <property name="os.arch" value="amd64"/>
    <property name="java.vm.specification.name" value="Java Virtual Machine Specification"/>
    <property name="sun.os.patch.level" value=""/>
    <property name="native.encoding" value="UTF-8"/>
    <property name="java.library.path" value="C:\Program Files\Java\jdk-23\bin;C:\Windows\Sun\Java\bin;C:\Windows\system32;C:\Windows;C:\ffmpeg\bin;C:\Program Files\Common Files\Oracle\Java\javapath;C:\Windows\system32;C:\Windows;C:\Windows\System32\Wbem;C:\Windows\System32\WindowsPowerShell\v1.0\;C:\Windows\System32\OpenSSH\;C:\Program Files\dotnet\;C:\Program Files\Maven\apache-maven-3.9.9\bin;C:\Program Files\MySQL\MySQL Shell 8.0\bin\;C:\Users\MisterSurface\AppData\Local\Microsoft\WindowsApps;C:\Program Files (x86)\Nmap;C:\Users\MisterSurface\AppData\Local\Programs\Microsoft VS Code\bin;C:\Program Files\JetBrains\IntelliJ IDEA 2024.2.4\bin;C:\Program Files\Docker\Docker\resources\bin;C:\Program Files\Git\cmd;C:\Program Files\MySQL\MySQL Shell 8.0\bin\;C:\Users\MisterSurface\AppData\Local\Microsoft\WindowsApps;C:\Program Files (x86)\Nmap;C:\Users\MisterSurface\AppData\Local\Programs\Microsoft VS Code\bin;C:\Program Files\JetBrains\IntelliJ IDEA 2024.2.4\bin;;."/>
    <property name="java.vm.info" value="mixed mode, sharing"/>
    <property name="stderr.encoding" value="UTF-8"/>
    <property name="java.vendor" value="Oracle Corporation"/>
    <property name="java.vm.version" value="23+37-2369"/>
    <property name="sun.io.unicode.encoding" value="UnicodeLittle"/>
    <property name="java.class.version" value="67.0"/>
  </properties>
  <testcase name="testListMovies" classname="com.lauracercas.moviecards.endtoendtest.MovieE2ETest" time="0.003">
    <error message="session not created&#10;from unknown error: cannot find Chrome binary&#10;Build info: version: &apos;3.141.59&apos;, revision: &apos;e82be7d358&apos;, time: &apos;2018-11-14T08:17:03&apos;&#10;System info: host: &apos;DESKTOP-JI5NALH&apos;, ip: &apos;192.168.110.47&apos;, os.name: &apos;Windows 10&apos;, os.arch: &apos;amd64&apos;, os.version: &apos;10.0&apos;, java.version: &apos;23&apos;&#10;Driver info: driver.version: ChromeDriver&#10;remote stacktrace: 	GetHandleVerifier [0x00007FF6AE68FB05+28789]&#10;	(No symbol) [0x00007FF6AE5F86E0]&#10;	(No symbol) [0x00007FF6AE49592A]&#10;	(No symbol) [0x00007FF6AE4CDBC8]&#10;	(No symbol) [0x00007FF6AE4CBC59]&#10;	(No symbol) [0x00007FF6AE51A77C]&#10;	(No symbol) [0x00007FF6AE519D60]&#10;	(No symbol) [0x00007FF6AE50F1E3]&#10;	(No symbol) [0x00007FF6AE4DA938]&#10;	(No symbol) [0x00007FF6AE4DBAA1]&#10;	GetHandleVerifier [0x00007FF6AE9C933D+3410093]&#10;	GetHandleVerifier [0x00007FF6AE9DE7DD+3497293]&#10;	GetHandleVerifier [0x00007FF6AE9D2A73+3448803]&#10;	GetHandleVerifier [0x00007FF6AE757BBB+848171]&#10;	(No symbol) [0x00007FF6AE603C3F]&#10;	(No symbol) [0x00007FF6AE5FF6E4]&#10;	(No symbol) [0x00007FF6AE5FF87D]&#10;	(No symbol) [0x00007FF6AE5EED49]&#10;	BaseThreadInitThunk [0x00007FFF75EB7374+20]&#10;	RtlUserThreadStart [0x00007FFF7617CC91+33]&#10;" type="org.openqa.selenium.SessionNotCreatedException">org.openqa.selenium.SessionNotCreatedException: 
session not created
from unknown error: cannot find Chrome binary
Build info: version: '3.141.59', revision: 'e82be7d358', time: '2018-11-14T08:17:03'
System info: host: 'DESKTOP-JI5NALH', ip: '192.168.110.47', os.name: 'Windows 10', os.arch: 'amd64', os.version: '10.0', java.version: '23'
Driver info: driver.version: ChromeDriver
remote stacktrace: 	GetHandleVerifier [0x00007FF6AE68FB05+28789]
	(No symbol) [0x00007FF6AE5F86E0]
	(No symbol) [0x00007FF6AE49592A]
	(No symbol) [0x00007FF6AE4CDBC8]
	(No symbol) [0x00007FF6AE4CBC59]
	(No symbol) [0x00007FF6AE51A77C]
	(No symbol) [0x00007FF6AE519D60]
	(No symbol) [0x00007FF6AE50F1E3]
	(No symbol) [0x00007FF6AE4DA938]
	(No symbol) [0x00007FF6AE4DBAA1]
	GetHandleVerifier [0x00007FF6AE9C933D+3410093]
	GetHandleVerifier [0x00007FF6AE9DE7DD+3497293]
	GetHandleVerifier [0x00007FF6AE9D2A73+3448803]
	GetHandleVerifier [0x00007FF6AE757BBB+848171]
	(No symbol) [0x00007FF6AE603C3F]
	(No symbol) [0x00007FF6AE5FF6E4]
	(No symbol) [0x00007FF6AE5FF87D]
	(No symbol) [0x00007FF6AE5EED49]
	BaseThreadInitThunk [0x00007FFF75EB7374+20]
	RtlUserThreadStart [0x00007FFF7617CC91+33]

	at com.lauracercas.moviecards.endtoendtest.MovieE2ETest.setUp(MovieE2ETest.java:34)
</error>
    <system-out><![CDATA[23:54:30.200 [main] DEBUG io.github.bonigarcia.wdm.WebDriverManager - Using WebDriverManager 5.7.0
23:54:30.212 [main] DEBUG org.apache.hc.client5.http.impl.classic.InternalHttpClient - ex-0000000013 preparing request execution
23:54:30.212 [main] DEBUG org.apache.hc.client5.http.impl.classic.ProtocolExec - ex-0000000013 target auth state: UNCHALLENGED
23:54:30.212 [main] DEBUG org.apache.hc.client5.http.impl.classic.ProtocolExec - ex-0000000013 proxy auth state: UNCHALLENGED
23:54:30.212 [main] DEBUG org.apache.hc.client5.http.impl.classic.ConnectExec - ex-0000000013 acquiring connection with route {s}->https://raw.githubusercontent.com:443
23:54:30.212 [main] DEBUG org.apache.hc.client5.http.impl.classic.InternalHttpClient - ex-0000000013 acquiring endpoint (3 MINUTES)
23:54:30.212 [main] DEBUG org.apache.hc.client5.http.impl.io.PoolingHttpClientConnectionManager - ex-0000000013 endpoint lease request (3 MINUTES) [route: {s}->https://raw.githubusercontent.com:443][total available: 0; route allocated: 0 of 5; total allocated: 0 of 25]
23:54:30.213 [main] DEBUG org.apache.hc.client5.http.impl.io.PoolingHttpClientConnectionManager - ex-0000000013 endpoint leased [route: {s}->https://raw.githubusercontent.com:443][total available: 0; route allocated: 1 of 5; total allocated: 1 of 25]
23:54:30.213 [main] DEBUG org.apache.hc.client5.http.impl.io.PoolingHttpClientConnectionManager - ex-0000000013 acquired ep-0000000013
23:54:30.213 [main] DEBUG org.apache.hc.client5.http.impl.classic.InternalHttpClient - ex-0000000013 acquired endpoint ep-0000000013
23:54:30.213 [main] DEBUG org.apache.hc.client5.http.impl.classic.ConnectExec - ex-0000000013 opening connection {s}->https://raw.githubusercontent.com:443
23:54:30.213 [main] DEBUG org.apache.hc.client5.http.impl.classic.InternalHttpClient - ep-0000000013 connecting endpoint (null)
23:54:30.213 [main] DEBUG org.apache.hc.client5.http.impl.io.PoolingHttpClientConnectionManager - ep-0000000013 connecting endpoint to https://raw.githubusercontent.com:443 (30 SECONDS)
23:54:30.213 [main] DEBUG org.apache.hc.client5.http.impl.io.DefaultHttpClientConnectionOperator - raw.githubusercontent.com resolving remote address
23:54:30.213 [main] DEBUG org.apache.hc.client5.http.impl.io.DefaultHttpClientConnectionOperator - raw.githubusercontent.com resolved to [raw.githubusercontent.com/185.199.109.133, raw.githubusercontent.com/185.199.108.133, raw.githubusercontent.com/185.199.111.133, raw.githubusercontent.com/185.199.110.133]
23:54:30.213 [main] DEBUG org.apache.hc.client5.http.impl.io.DefaultHttpClientConnectionOperator - raw.githubusercontent.com:443 connecting null->raw.githubusercontent.com/185.199.109.133:443 (30 SECONDS)
23:54:30.213 [main] DEBUG org.apache.hc.client5.http.ssl.SSLConnectionSocketFactory - Connecting socket to raw.githubusercontent.com/185.199.109.133:443 with timeout 30 SECONDS
23:54:30.221 [main] DEBUG org.apache.hc.client5.http.ssl.SSLConnectionSocketFactory - Enabled protocols: [TLSv1.3, TLSv1.2]
23:54:30.221 [main] DEBUG org.apache.hc.client5.http.ssl.SSLConnectionSocketFactory - Enabled cipher suites: [TLS_AES_256_GCM_SHA384, TLS_AES_128_GCM_SHA256, TLS_CHACHA20_POLY1305_SHA256, TLS_ECDHE_ECDSA_WITH_AES_256_GCM_SHA384, TLS_ECDHE_ECDSA_WITH_AES_128_GCM_SHA256, TLS_ECDHE_ECDSA_WITH_CHACHA20_POLY1305_SHA256, TLS_ECDHE_RSA_WITH_AES_256_GCM_SHA384, TLS_ECDHE_RSA_WITH_CHACHA20_POLY1305_SHA256, TLS_ECDHE_RSA_WITH_AES_128_GCM_SHA256, TLS_DHE_RSA_WITH_AES_256_GCM_SHA384, TLS_DHE_RSA_WITH_CHACHA20_POLY1305_SHA256, TLS_DHE_DSS_WITH_AES_256_GCM_SHA384, TLS_DHE_RSA_WITH_AES_128_GCM_SHA256, TLS_DHE_DSS_WITH_AES_128_GCM_SHA256, TLS_ECDHE_ECDSA_WITH_AES_256_CBC_SHA384, TLS_ECDHE_RSA_WITH_AES_256_CBC_SHA384, TLS_ECDHE_ECDSA_WITH_AES_128_CBC_SHA256, TLS_ECDHE_RSA_WITH_AES_128_CBC_SHA256, TLS_DHE_RSA_WITH_AES_256_CBC_SHA256, TLS_DHE_DSS_WITH_AES_256_CBC_SHA256, TLS_DHE_RSA_WITH_AES_128_CBC_SHA256, TLS_DHE_DSS_WITH_AES_128_CBC_SHA256, TLS_ECDHE_ECDSA_WITH_AES_256_CBC_SHA, TLS_ECDHE_RSA_WITH_AES_256_CBC_SHA, TLS_ECDHE_ECDSA_WITH_AES_128_CBC_SHA, TLS_ECDHE_RSA_WITH_AES_128_CBC_SHA, TLS_DHE_RSA_WITH_AES_256_CBC_SHA, TLS_DHE_DSS_WITH_AES_256_CBC_SHA, TLS_DHE_RSA_WITH_AES_128_CBC_SHA, TLS_DHE_DSS_WITH_AES_128_CBC_SHA, TLS_RSA_WITH_AES_256_GCM_SHA384, TLS_RSA_WITH_AES_128_GCM_SHA256, TLS_RSA_WITH_AES_256_CBC_SHA256, TLS_RSA_WITH_AES_128_CBC_SHA256, TLS_RSA_WITH_AES_256_CBC_SHA, TLS_RSA_WITH_AES_128_CBC_SHA, TLS_EMPTY_RENEGOTIATION_INFO_SCSV]
23:54:30.221 [main] DEBUG org.apache.hc.client5.http.ssl.SSLConnectionSocketFactory - Starting handshake (null)
23:54:30.238 [main] DEBUG org.apache.hc.client5.http.ssl.SSLConnectionSocketFactory - Secure session established
23:54:30.238 [main] DEBUG org.apache.hc.client5.http.ssl.SSLConnectionSocketFactory -  negotiated protocol: TLSv1.3
23:54:30.238 [main] DEBUG org.apache.hc.client5.http.ssl.SSLConnectionSocketFactory -  negotiated cipher suite: TLS_AES_128_GCM_SHA256
23:54:30.238 [main] DEBUG org.apache.hc.client5.http.ssl.SSLConnectionSocketFactory -  peer principal: CN=*.github.io, O="GitHub, Inc.", L=San Francisco, ST=California, C=US
23:54:30.238 [main] DEBUG org.apache.hc.client5.http.ssl.SSLConnectionSocketFactory -  peer alternative names: [*.github.io, github.io, githubusercontent.com, www.github.com, *.github.com, *.githubusercontent.com, github.com]
23:54:30.238 [main] DEBUG org.apache.hc.client5.http.ssl.SSLConnectionSocketFactory -  issuer principal: CN=DigiCert Global G2 TLS RSA SHA256 2020 CA1, O=DigiCert Inc, C=US
23:54:30.238 [main] DEBUG org.apache.hc.client5.http.impl.io.DefaultManagedHttpClientConnection - http-outgoing-11 set socket timeout to 3 MINUTES
23:54:30.238 [main] DEBUG org.apache.hc.client5.http.impl.io.DefaultHttpClientConnectionOperator - raw.githubusercontent.com:443 connected null->raw.githubusercontent.com/185.199.109.133:443 as http-outgoing-11
23:54:30.238 [main] DEBUG org.apache.hc.client5.http.impl.io.PoolingHttpClientConnectionManager - ep-0000000013 connected http-outgoing-11
23:54:30.238 [main] DEBUG org.apache.hc.client5.http.impl.classic.InternalHttpClient - ep-0000000013 endpoint connected
23:54:30.238 [main] DEBUG org.apache.hc.client5.http.impl.classic.MainClientExec - ex-0000000013 executing GET /bonigarcia/webdrivermanager/master/src/main/resources/commands.properties HTTP/1.1
23:54:30.238 [main] DEBUG org.apache.hc.client5.http.protocol.RequestAddCookies - ex-0000000013 Cookie spec selected: strict
23:54:30.238 [main] DEBUG org.apache.hc.client5.http.impl.classic.InternalHttpClient - ep-0000000013 start execution ex-0000000013
23:54:30.238 [main] DEBUG org.apache.hc.client5.http.impl.io.PoolingHttpClientConnectionManager - ep-0000000013 executing exchange ex-0000000013 over http-outgoing-11
23:54:30.238 [main] DEBUG org.apache.hc.client5.http.headers - http-outgoing-11 >> GET /bonigarcia/webdrivermanager/master/src/main/resources/commands.properties HTTP/1.1
23:54:30.238 [main] DEBUG org.apache.hc.client5.http.headers - http-outgoing-11 >> user-agent: Apache-HttpClient/5.0
23:54:30.238 [main] DEBUG org.apache.hc.client5.http.headers - http-outgoing-11 >> accept-encoding: gzip, deflate, br
23:54:30.238 [main] DEBUG org.apache.hc.client5.http.headers - http-outgoing-11 >> cache-control: max-age=0
23:54:30.238 [main] DEBUG org.apache.hc.client5.http.headers - http-outgoing-11 >> connection: keep-alive
23:54:30.238 [main] DEBUG org.apache.hc.client5.http.headers - http-outgoing-11 >> Host: raw.githubusercontent.com
23:54:30.238 [main] DEBUG org.apache.hc.client5.http.wire - http-outgoing-11 >> "GET /bonigarcia/webdrivermanager/master/src/main/resources/commands.properties HTTP/1.1[\r][\n]"
23:54:30.238 [main] DEBUG org.apache.hc.client5.http.wire - http-outgoing-11 >> "user-agent: Apache-HttpClient/5.0[\r][\n]"
23:54:30.238 [main] DEBUG org.apache.hc.client5.http.wire - http-outgoing-11 >> "accept-encoding: gzip, deflate, br[\r][\n]"
23:54:30.238 [main] DEBUG org.apache.hc.client5.http.wire - http-outgoing-11 >> "cache-control: max-age=0[\r][\n]"
23:54:30.238 [main] DEBUG org.apache.hc.client5.http.wire - http-outgoing-11 >> "connection: keep-alive[\r][\n]"
23:54:30.238 [main] DEBUG org.apache.hc.client5.http.wire - http-outgoing-11 >> "Host: raw.githubusercontent.com[\r][\n]"
23:54:30.238 [main] DEBUG org.apache.hc.client5.http.wire - http-outgoing-11 >> "[\r][\n]"
23:54:30.247 [main] DEBUG org.apache.hc.client5.http.wire - http-outgoing-11 << "HTTP/1.1 200 OK[\r][\n]"
23:54:30.248 [main] DEBUG org.apache.hc.client5.http.wire - http-outgoing-11 << "Connection: keep-alive[\r][\n]"
23:54:30.248 [main] DEBUG org.apache.hc.client5.http.wire - http-outgoing-11 << "Content-Length: 745[\r][\n]"
23:54:30.248 [main] DEBUG org.apache.hc.client5.http.wire - http-outgoing-11 << "Cache-Control: max-age=300[\r][\n]"
23:54:30.248 [main] DEBUG org.apache.hc.client5.http.wire - http-outgoing-11 << "Content-Security-Policy: default-src 'none'; style-src 'unsafe-inline'; sandbox[\r][\n]"
23:54:30.248 [main] DEBUG org.apache.hc.client5.http.wire - http-outgoing-11 << "Content-Type: text/plain; charset=utf-8[\r][\n]"
23:54:30.248 [main] DEBUG org.apache.hc.client5.http.wire - http-outgoing-11 << "ETag: W/"dd41edff335272162022217759820159dac501cff56850e2510f504462cd9b5f"[\r][\n]"
23:54:30.248 [main] DEBUG org.apache.hc.client5.http.wire - http-outgoing-11 << "Strict-Transport-Security: max-age=31536000[\r][\n]"
23:54:30.248 [main] DEBUG org.apache.hc.client5.http.wire - http-outgoing-11 << "X-Content-Type-Options: nosniff[\r][\n]"
23:54:30.248 [main] DEBUG org.apache.hc.client5.http.wire - http-outgoing-11 << "X-Frame-Options: deny[\r][\n]"
23:54:30.248 [main] DEBUG org.apache.hc.client5.http.wire - http-outgoing-11 << "X-XSS-Protection: 1; mode=block[\r][\n]"
23:54:30.248 [main] DEBUG org.apache.hc.client5.http.wire - http-outgoing-11 << "X-GitHub-Request-Id: 11E0:2FCCA8:200498:2217C9:6757BE85[\r][\n]"
23:54:30.248 [main] DEBUG org.apache.hc.client5.http.wire - http-outgoing-11 << "Content-Encoding: gzip[\r][\n]"
23:54:30.248 [main] DEBUG org.apache.hc.client5.http.wire - http-outgoing-11 << "Accept-Ranges: bytes[\r][\n]"
23:54:30.248 [main] DEBUG org.apache.hc.client5.http.wire - http-outgoing-11 << "Date: Wed, 18 Dec 2024 22:54:30 GMT[\r][\n]"
23:54:30.248 [main] DEBUG org.apache.hc.client5.http.wire - http-outgoing-11 << "Via: 1.1 varnish[\r][\n]"
23:54:30.248 [main] DEBUG org.apache.hc.client5.http.wire - http-outgoing-11 << "X-Served-By: cache-mad2200129-MAD[\r][\n]"
23:54:30.248 [main] DEBUG org.apache.hc.client5.http.wire - http-outgoing-11 << "X-Cache: HIT[\r][\n]"
23:54:30.248 [main] DEBUG org.apache.hc.client5.http.wire - http-outgoing-11 << "X-Cache-Hits: 1[\r][\n]"
23:54:30.248 [main] DEBUG org.apache.hc.client5.http.wire - http-outgoing-11 << "X-Timer: S1734562470.495939,VS0,VE1[\r][\n]"
23:54:30.248 [main] DEBUG org.apache.hc.client5.http.wire - http-outgoing-11 << "Vary: Authorization,Accept-Encoding,Origin[\r][\n]"
23:54:30.248 [main] DEBUG org.apache.hc.client5.http.wire - http-outgoing-11 << "Access-Control-Allow-Origin: *[\r][\n]"
23:54:30.248 [main] DEBUG org.apache.hc.client5.http.wire - http-outgoing-11 << "Cross-Origin-Resource-Policy: cross-origin[\r][\n]"
23:54:30.248 [main] DEBUG org.apache.hc.client5.http.wire - http-outgoing-11 << "X-Fastly-Request-ID: 75794c624fb129a1f283d34d9d58285d214b93e6[\r][\n]"
23:54:30.248 [main] DEBUG org.apache.hc.client5.http.wire - http-outgoing-11 << "Expires: Wed, 18 Dec 2024 22:59:30 GMT[\r][\n]"
23:54:30.248 [main] DEBUG org.apache.hc.client5.http.wire - http-outgoing-11 << "Source-Age: 48[\r][\n]"
23:54:30.248 [main] DEBUG org.apache.hc.client5.http.wire - http-outgoing-11 << "[\r][\n]"
23:54:30.248 [main] DEBUG org.apache.hc.client5.http.headers - http-outgoing-11 << HTTP/1.1 200 OK
23:54:30.248 [main] DEBUG org.apache.hc.client5.http.headers - http-outgoing-11 << Connection: keep-alive
23:54:30.248 [main] DEBUG org.apache.hc.client5.http.headers - http-outgoing-11 << Content-Length: 745
23:54:30.248 [main] DEBUG org.apache.hc.client5.http.headers - http-outgoing-11 << Cache-Control: max-age=300
23:54:30.248 [main] DEBUG org.apache.hc.client5.http.headers - http-outgoing-11 << Content-Security-Policy: default-src 'none'; style-src 'unsafe-inline'; sandbox
23:54:30.248 [main] DEBUG org.apache.hc.client5.http.headers - http-outgoing-11 << Content-Type: text/plain; charset=utf-8
23:54:30.248 [main] DEBUG org.apache.hc.client5.http.headers - http-outgoing-11 << ETag: W/"dd41edff335272162022217759820159dac501cff56850e2510f504462cd9b5f"
23:54:30.248 [main] DEBUG org.apache.hc.client5.http.headers - http-outgoing-11 << Strict-Transport-Security: max-age=31536000
23:54:30.248 [main] DEBUG org.apache.hc.client5.http.headers - http-outgoing-11 << X-Content-Type-Options: nosniff
23:54:30.248 [main] DEBUG org.apache.hc.client5.http.headers - http-outgoing-11 << X-Frame-Options: deny
23:54:30.248 [main] DEBUG org.apache.hc.client5.http.headers - http-outgoing-11 << X-XSS-Protection: 1; mode=block
23:54:30.248 [main] DEBUG org.apache.hc.client5.http.headers - http-outgoing-11 << X-GitHub-Request-Id: 11E0:2FCCA8:200498:2217C9:6757BE85
23:54:30.248 [main] DEBUG org.apache.hc.client5.http.headers - http-outgoing-11 << Content-Encoding: gzip
23:54:30.248 [main] DEBUG org.apache.hc.client5.http.headers - http-outgoing-11 << Accept-Ranges: bytes
23:54:30.248 [main] DEBUG org.apache.hc.client5.http.headers - http-outgoing-11 << Date: Wed, 18 Dec 2024 22:54:30 GMT
23:54:30.248 [main] DEBUG org.apache.hc.client5.http.headers - http-outgoing-11 << Via: 1.1 varnish
23:54:30.248 [main] DEBUG org.apache.hc.client5.http.headers - http-outgoing-11 << X-Served-By: cache-mad2200129-MAD
23:54:30.248 [main] DEBUG org.apache.hc.client5.http.headers - http-outgoing-11 << X-Cache: HIT
23:54:30.248 [main] DEBUG org.apache.hc.client5.http.headers - http-outgoing-11 << X-Cache-Hits: 1
23:54:30.248 [main] DEBUG org.apache.hc.client5.http.headers - http-outgoing-11 << X-Timer: S1734562470.495939,VS0,VE1
23:54:30.248 [main] DEBUG org.apache.hc.client5.http.headers - http-outgoing-11 << Vary: Authorization,Accept-Encoding,Origin
23:54:30.248 [main] DEBUG org.apache.hc.client5.http.headers - http-outgoing-11 << Access-Control-Allow-Origin: *
23:54:30.248 [main] DEBUG org.apache.hc.client5.http.headers - http-outgoing-11 << Cross-Origin-Resource-Policy: cross-origin
23:54:30.248 [main] DEBUG org.apache.hc.client5.http.headers - http-outgoing-11 << X-Fastly-Request-ID: 75794c624fb129a1f283d34d9d58285d214b93e6
23:54:30.248 [main] DEBUG org.apache.hc.client5.http.headers - http-outgoing-11 << Expires: Wed, 18 Dec 2024 22:59:30 GMT
23:54:30.248 [main] DEBUG org.apache.hc.client5.http.headers - http-outgoing-11 << Source-Age: 48
23:54:30.248 [main] DEBUG org.apache.hc.client5.http.impl.classic.MainClientExec - ex-0000000013 connection can be kept alive for 3 MINUTES
23:54:30.248 [main] DEBUG org.apache.hc.client5.http.wire - http-outgoing-11 << "[0x1f][0xffffff8b][0x8][0x0][0x0][0x0][0x0][0x0][0x0][0x3][0xffffffb5]W]o[0xffffffda]0[0x14]}[0xffffffe7]W\QUj% [0x1b][0xffffffad][0xffffffa6]i[0x12][0xf]4c[0xffffffdd]4*[0x18][0xffffffb4][0xffffffdd]&[0xfffffff9][0xffffffc5]$N[0xffffffb0][0xffffff94][0xffffffd8][0xffffffc8]NJ[0xffffffb7]_?[0xffffffdb][0xfffffff9]X[0xffffff92]:[0xffffffa3]k[0xffffffe8][0x1b][0xffffffb6][0xffffffef]=[0xffffffe7][0xffffffd8][0xfffffff7][0xffffffe4][0xffffffda][0xffffff9c][0xffffff80][0xffffffcb][0xffffffe3][0x18]3_[0xffffff82][0xffffff8f][0x13][0xffffffbc][0xffffffc1][0xffffff92][0xfffffff4]N[0xffffffe0]vK%[0x4]4"[0xffffffe0]q[0xffffff96]`[0xffffffca]$$[=[0xffffffc8]C[0x13][0xe][0x1b][0x2][0xffffffe4][0xffffff91]xiB|[0xffffffa0][0xffffffcc],[0xffffffcb]-[0xffffff89]"=[0xffffffe0][0xffffffc2]'B[0x7][0xfffffff9]$!^b[0x16][0x1f][0xffffff88][0xffffff90][0xffffff94][0xffffffab][0xffffffb5][0x0][0xffffff88][0xfffffffa][0x1d][\n]"
23:54:30.248 [main] DEBUG org.apache.hc.client5.http.wire - http-outgoing-11 << "B[0x18]l[0x4][0xffffffdf]K[0xffffffb5][0xffffffa0]([0xffffffcf][0xffffffdc][0xffffffad][0xffffffe0]1[0x19][0xffffffc0]'*H[0xffffffc0][0x1f][0x7][0xffffffb0][0xffffffd8][0x11][0xffffff81][0x7]0[0xfffffff3]C5kVi[0x1a][0xffffff9f]k|[0xffffff9f][0x6][0x1][0x11][0xffffff84]%[0xffffffc0]uLBY[0x8][0xfffffff2][0xffffff97]LH,[0xffffffe1][0xffffffec];e[0xffffffbe]B[0x1d][0xffffffc0][0xffffff9c][0xffffffb2]T[0xffffffc1][0xffffffdc]`[0xf][0x16][0xffffffeb][0xfffffff3][0xffffff9e][0xffffffe2][0xffffffc8](z[0xfffffff9]6F[0xffffff9e][0x19][0xffffff8e][0xfffffff6]Y[0xffffffc2][0xffffffe8][0xffffffcd][0xffffffdb][0xffffff89][0x17][0xfffffffb]#[0xffffffb5]+p\[0xffffffd8][0xffffffc7][0xffffffd4]3Gb[0xffffff8e]a[0xffffffbf]U|[0xffffffc0]pL&[0xfffffffd][0xffffffd3][0xffffffe5]jq[0xffffffbd][0xffffff9a][0xffffffde]|[0xfffffffa]2[0xffffff9f][0xffffffad]?[0xffffffa0][0x9]B[0xffffffa7][0x8]]s[0x1e]F[0x4][0xffffffa1][0xffffff8c][0x2][0xffffffa1][0xffffffe9]n[0x17]QOI[0xffffffe3][0xc][0xffffffa1][0xffffff9c]H![0xfffffff7]!$[0x9][0xffffffdc][0xffffffe7]g[0xffffffe1]<[0xffffffe0](m[0xffffffd7]3~[0xffffff81][0xffffff9e][0xffffffb3][0x1f][0xffffffef][0xffffffdf][0xffffff9d][0xffffffbf][0xffffffa6][0xffffffa8][0xffffff8b]g[0xffffff8a][0xffffff9a]/[0xffffffdc][0xffffffe9]|[0xffffffba]\~[0xffffff9c][0xffffffde]N_S[0xffffffcf][0xffffffe5]d5[0xffffffbb][0xffffff86]ow[0xffffffb3][0xffffffd5]O[0xfffffff8][0xfffffffc][0xffffffd5][0xffffffbd]Ck[0x1e]${,H[0xffffffc1][0xffffff96][0xffffff93]][0xffffffcd][0xffffffaf][0x8][0xfffffff6][0xc]^[0xffffffe1][0xffffffc5]^[0x13]4[0xffffffd2][0xffffff8e][0xffffffd1]>pR)[0xffffff9c][\r]eNh0[0xffffff86][0xffffffd9]:[0xc][0xffffff87]E[0xffffffa6]=q<i[0xffffff8b]o&[0xffffffc4][0xffffffd8]3<[0xffffff95][0x13][0xffffff90]N&8w[0xffffffe9][0x8][0xffffffef]v[0xffffff8e][0xffffffab][0xffffffbe]>es[0xffffffe9]([0x13]/[0xffffffd6][0xfffffff5][0xffffff80]*[0xffffffba][0xfffffff2]v[0xfffffffe][0xffffffd9][0xffffff94]DA6>[0xffffff8e][0xffffffbb]o[0xfffffff8]o[0x1a]E[0xffffffb8] A[0xffffffa8]@?T[0xffffffad]'*:{[0xfffffffa]xR.*[0xffffffce][0xffffffe9][0xffffffd7][0xffffffad][0xffffff93][0xffffff93]4[0xffffffc9][0xfffffffa][0xffffffda]<n*t[0xffffffeb][0xffffffb9]oV[0xffffffb6][0xffffffc0]/M[0xffffff94]O[0xffffffc0][0xfffffff0][0xffffffe1]i[0xffffff90][0xffffffb5][0xfffffffe]9[0xffffff8b][0xffffffad][0xfffffff2]U,Ul[0xffffffdd][0x13]KL[0xffffffa2][0x6][0xffffffdd][0xffffffca]\?`[0xffffffea][0x9].[0xffffffd5]I [0xffffffa4]i[0x1a]_i,[\r][0xffffffdd][0xffffffa1][0xffffffc3][0xffffffae]kzI[0xffffffd1]_Q[0xffffffce]Ek[0xffffffcb][0xfffffff8]Kf[0xffffffb8][0xfffffffe][0xffffffd9]3[0xc][0xffffffe6][0xffffffd3][0xffffff8e][0x11][0x17][0x10]C[0x1d]`i[0x19][0xffffffd5][0xffffffbc][0xfffffff1][0xffffffa4]5[0xffffffbc][0x1e]o[0xfffffff5]K[0xffffffa9][0xffffffd6][0xfffffff8][0xffffffc1]f[0xffffff9b]z[0x4][0xffffffd4][0x1a][0xffffff86][0xffffffb9]^K[0x16]s[0xffffff91][0xfffffffe][0xffffffbf][0xffffff8b]l]~)x(p,[0x11]2[0x14][0x8]E8e[0xffffff9e][0xffffffca]:X[0xffffffa6][0xffffff86][0xffffff88].[0xffffffb6]9[0xffffff9a][0xffffff88].[0xfffffff7]]G[0xffffffea][0xffffffcb][0xe][0xfffffffb][0x7f].u[0xffffff83][0xffffffbb][0xfffffff4][0xffffffb3][0x19][0xffffffda][0xffffffec][0xffffff98][0xffffffc5]Y[0xfffffffd]h8m6\4[0xffffffc1][0xffffff8a][0xffffffb7][0xffffff98]z[0xffffffd0][0xffffffd5]oF5q[0x1c][0x13][0x16][0xfffffff0][0x1d][0x1e][0x19]5-[0xffffff9d][0xffffffef][0xffffffad]c[0xb]z[0xffffffae]/m[0xffffffe6]8[0xffffffb6][0xffffff96][0xfffffff6]7X[0xffffffc9]t[0xfffffff8][0xfffffff9][0xffffffa5][0x11]K[0xfffffffb][0x15]3[0xffffffc3][0xfffffffc][0x1f]B[0xffffffdb][0xffffffd3][0xffffffab][0xffffff92]4.[0xffffff93]Z[0xffffffdf]]:[0xffffffda][0xffffffea][0xffffffdc]B[0xffffffa6][0xffffffcd][0xffffffbc][0xffffffae][0x5][0xfffffff5][0x4][0xffffffd6]8[0xffffffc0][0xffffff82][0xffffff96][0xfffffff0][0xffffffd2][0xc][0xffffffed][0xffffffe0]Y[0xffffffa8][\r]:[[0xffffffa9][0x0][0xffffffff][0x1][0xfffffff8][0x15][0xffffffb4][0xffffffee][0xffffff8e][\r][0x0][0x0]"
23:54:30.249 [main] DEBUG org.apache.hc.client5.http.impl.classic.InternalHttpClient - ep-0000000013 releasing valid endpoint
23:54:30.249 [main] DEBUG org.apache.hc.client5.http.impl.io.PoolingHttpClientConnectionManager - ep-0000000013 releasing endpoint
23:54:30.249 [main] DEBUG org.apache.hc.client5.http.impl.io.PoolingHttpClientConnectionManager - ep-0000000013 connection http-outgoing-11 can be kept alive for 3 MINUTES
23:54:30.249 [main] DEBUG org.apache.hc.client5.http.impl.io.PoolingHttpClientConnectionManager - ep-0000000013 connection released [route: {s}->https://raw.githubusercontent.com:443][total available: 1; route allocated: 1 of 5; total allocated: 1 of 25]
23:54:30.249 [main] DEBUG io.github.bonigarcia.wdm.versions.VersionDetector - Detecting chrome version using online commands.properties
23:54:30.249 [main] DEBUG io.github.bonigarcia.wdm.versions.Shell - Running command on the shell: [cmd.exe, /C, wmic, datafile, where, name="%PROGRAMFILES:\=\\%\\Google\\Chrome\\Application\\chrome.exe", get, Version, /value]
23:54:30.375 [main] DEBUG io.github.bonigarcia.wdm.versions.Shell - Result: 
23:54:30.375 [main] DEBUG io.github.bonigarcia.wdm.versions.Shell - Running command on the shell: [cmd.exe, /C, wmic, datafile, where, name="%PROGRAMFILES(X86):\=\\%\\Google\\Chrome\\Application\\chrome.exe", get, Version, /value]
23:54:30.515 [main] DEBUG io.github.bonigarcia.wdm.versions.Shell - Result: 
23:54:30.521 [main] DEBUG io.github.bonigarcia.wdm.versions.Shell - Running command on the shell: [cmd.exe, /C, wmic, datafile, where, name="%LOCALAPPDATA:\=\\%\\Google\\Chrome\\Application\\chrome.exe", get, Version, /value]
23:54:30.690 [main] DEBUG io.github.bonigarcia.wdm.versions.Shell - Result: 
23:54:30.690 [main] DEBUG io.github.bonigarcia.wdm.versions.Shell - Running command on the shell: [REG, QUERY, HKCU\Software\Google\Chrome\BLBeacon, /v, version]
23:54:30.732 [main] DEBUG io.github.bonigarcia.wdm.versions.Shell - Result: 
23:54:30.733 [main] DEBUG io.github.bonigarcia.wdm.versions.VersionDetector - Browser version for chrome not detected using online properties (using local commands.properties)
23:54:30.733 [main] DEBUG io.github.bonigarcia.wdm.versions.Shell - Running command on the shell: [cmd.exe, /C, wmic, datafile, where, name="%PROGRAMFILES:\=\\%\\Google\\Chrome\\Application\\chrome.exe", get, Version, /value]
23:54:30.865 [main] DEBUG io.github.bonigarcia.wdm.versions.Shell - Result: 
23:54:30.865 [main] DEBUG io.github.bonigarcia.wdm.versions.Shell - Running command on the shell: [cmd.exe, /C, wmic, datafile, where, name="%PROGRAMFILES(X86):\=\\%\\Google\\Chrome\\Application\\chrome.exe", get, Version, /value]
23:54:30.977 [main] DEBUG io.github.bonigarcia.wdm.versions.Shell - Result: 
23:54:30.977 [main] DEBUG io.github.bonigarcia.wdm.versions.Shell - Running command on the shell: [cmd.exe, /C, wmic, datafile, where, name="%LOCALAPPDATA:\=\\%\\Google\\Chrome\\Application\\chrome.exe", get, Version, /value]
23:54:31.090 [main] DEBUG io.github.bonigarcia.wdm.versions.Shell - Result: 
23:54:31.090 [main] DEBUG io.github.bonigarcia.wdm.versions.Shell - Running command on the shell: [REG, QUERY, HKCU\Software\Google\Chrome\BLBeacon, /v, version]
23:54:31.120 [main] DEBUG io.github.bonigarcia.wdm.versions.Shell - Result: 
23:54:31.120 [main] DEBUG io.github.bonigarcia.wdm.WebDriverManager - The driver version for CHROME is unknown ... trying with latest
23:54:31.121 [main] DEBUG org.apache.hc.client5.http.impl.classic.InternalHttpClient - ex-0000000014 preparing request execution
23:54:31.122 [main] DEBUG org.apache.hc.client5.http.impl.classic.ProtocolExec - ex-0000000014 target auth state: UNCHALLENGED
23:54:31.122 [main] DEBUG org.apache.hc.client5.http.impl.classic.ProtocolExec - ex-0000000014 proxy auth state: UNCHALLENGED
23:54:31.122 [main] DEBUG org.apache.hc.client5.http.impl.classic.ConnectExec - ex-0000000014 acquiring connection with route {s}->https://googlechromelabs.github.io:443
23:54:31.122 [main] DEBUG org.apache.hc.client5.http.impl.classic.InternalHttpClient - ex-0000000014 acquiring endpoint (3 MINUTES)
23:54:31.122 [main] DEBUG org.apache.hc.client5.http.impl.io.PoolingHttpClientConnectionManager - ex-0000000014 endpoint lease request (3 MINUTES) [route: {s}->https://googlechromelabs.github.io:443][total available: 1; route allocated: 0 of 5; total allocated: 1 of 25]
23:54:31.122 [main] DEBUG org.apache.hc.client5.http.impl.io.PoolingHttpClientConnectionManager - ex-0000000014 endpoint leased [route: {s}->https://googlechromelabs.github.io:443][total available: 1; route allocated: 1 of 5; total allocated: 2 of 25]
23:54:31.122 [main] DEBUG org.apache.hc.client5.http.impl.io.PoolingHttpClientConnectionManager - ex-0000000014 acquired ep-0000000014
23:54:31.122 [main] DEBUG org.apache.hc.client5.http.impl.classic.InternalHttpClient - ex-0000000014 acquired endpoint ep-0000000014
23:54:31.122 [main] DEBUG org.apache.hc.client5.http.impl.classic.ConnectExec - ex-0000000014 opening connection {s}->https://googlechromelabs.github.io:443
23:54:31.122 [main] DEBUG org.apache.hc.client5.http.impl.classic.InternalHttpClient - ep-0000000014 connecting endpoint (null)
23:54:31.122 [main] DEBUG org.apache.hc.client5.http.impl.io.PoolingHttpClientConnectionManager - ep-0000000014 connecting endpoint to https://googlechromelabs.github.io:443 (30 SECONDS)
23:54:31.122 [main] DEBUG org.apache.hc.client5.http.impl.io.DefaultHttpClientConnectionOperator - googlechromelabs.github.io resolving remote address
23:54:31.122 [main] DEBUG org.apache.hc.client5.http.impl.io.DefaultHttpClientConnectionOperator - googlechromelabs.github.io resolved to [googlechromelabs.github.io/185.199.108.153, googlechromelabs.github.io/185.199.110.153, googlechromelabs.github.io/185.199.111.153, googlechromelabs.github.io/185.199.109.153]
23:54:31.123 [main] DEBUG org.apache.hc.client5.http.impl.io.DefaultHttpClientConnectionOperator - googlechromelabs.github.io:443 connecting null->googlechromelabs.github.io/185.199.108.153:443 (30 SECONDS)
23:54:31.123 [main] DEBUG org.apache.hc.client5.http.ssl.SSLConnectionSocketFactory - Connecting socket to googlechromelabs.github.io/185.199.108.153:443 with timeout 30 SECONDS
23:54:31.132 [main] DEBUG org.apache.hc.client5.http.ssl.SSLConnectionSocketFactory - Enabled protocols: [TLSv1.3, TLSv1.2]
23:54:31.132 [main] DEBUG org.apache.hc.client5.http.ssl.SSLConnectionSocketFactory - Enabled cipher suites: [TLS_AES_256_GCM_SHA384, TLS_AES_128_GCM_SHA256, TLS_CHACHA20_POLY1305_SHA256, TLS_ECDHE_ECDSA_WITH_AES_256_GCM_SHA384, TLS_ECDHE_ECDSA_WITH_AES_128_GCM_SHA256, TLS_ECDHE_ECDSA_WITH_CHACHA20_POLY1305_SHA256, TLS_ECDHE_RSA_WITH_AES_256_GCM_SHA384, TLS_ECDHE_RSA_WITH_CHACHA20_POLY1305_SHA256, TLS_ECDHE_RSA_WITH_AES_128_GCM_SHA256, TLS_DHE_RSA_WITH_AES_256_GCM_SHA384, TLS_DHE_RSA_WITH_CHACHA20_POLY1305_SHA256, TLS_DHE_DSS_WITH_AES_256_GCM_SHA384, TLS_DHE_RSA_WITH_AES_128_GCM_SHA256, TLS_DHE_DSS_WITH_AES_128_GCM_SHA256, TLS_ECDHE_ECDSA_WITH_AES_256_CBC_SHA384, TLS_ECDHE_RSA_WITH_AES_256_CBC_SHA384, TLS_ECDHE_ECDSA_WITH_AES_128_CBC_SHA256, TLS_ECDHE_RSA_WITH_AES_128_CBC_SHA256, TLS_DHE_RSA_WITH_AES_256_CBC_SHA256, TLS_DHE_DSS_WITH_AES_256_CBC_SHA256, TLS_DHE_RSA_WITH_AES_128_CBC_SHA256, TLS_DHE_DSS_WITH_AES_128_CBC_SHA256, TLS_ECDHE_ECDSA_WITH_AES_256_CBC_SHA, TLS_ECDHE_RSA_WITH_AES_256_CBC_SHA, TLS_ECDHE_ECDSA_WITH_AES_128_CBC_SHA, TLS_ECDHE_RSA_WITH_AES_128_CBC_SHA, TLS_DHE_RSA_WITH_AES_256_CBC_SHA, TLS_DHE_DSS_WITH_AES_256_CBC_SHA, TLS_DHE_RSA_WITH_AES_128_CBC_SHA, TLS_DHE_DSS_WITH_AES_128_CBC_SHA, TLS_RSA_WITH_AES_256_GCM_SHA384, TLS_RSA_WITH_AES_128_GCM_SHA256, TLS_RSA_WITH_AES_256_CBC_SHA256, TLS_RSA_WITH_AES_128_CBC_SHA256, TLS_RSA_WITH_AES_256_CBC_SHA, TLS_RSA_WITH_AES_128_CBC_SHA, TLS_EMPTY_RENEGOTIATION_INFO_SCSV]
23:54:31.132 [main] DEBUG org.apache.hc.client5.http.ssl.SSLConnectionSocketFactory - Starting handshake (null)
23:54:31.145 [main] DEBUG org.apache.hc.client5.http.ssl.SSLConnectionSocketFactory - Secure session established
23:54:31.145 [main] DEBUG org.apache.hc.client5.http.ssl.SSLConnectionSocketFactory -  negotiated protocol: TLSv1.3
23:54:31.145 [main] DEBUG org.apache.hc.client5.http.ssl.SSLConnectionSocketFactory -  negotiated cipher suite: TLS_AES_128_GCM_SHA256
23:54:31.145 [main] DEBUG org.apache.hc.client5.http.ssl.SSLConnectionSocketFactory -  peer principal: CN=*.github.io, O="GitHub, Inc.", L=San Francisco, ST=California, C=US
23:54:31.145 [main] DEBUG org.apache.hc.client5.http.ssl.SSLConnectionSocketFactory -  peer alternative names: [*.github.io, github.io, githubusercontent.com, www.github.com, *.github.com, *.githubusercontent.com, github.com]
23:54:31.145 [main] DEBUG org.apache.hc.client5.http.ssl.SSLConnectionSocketFactory -  issuer principal: CN=DigiCert Global G2 TLS RSA SHA256 2020 CA1, O=DigiCert Inc, C=US
23:54:31.145 [main] DEBUG org.apache.hc.client5.http.impl.io.DefaultManagedHttpClientConnection - http-outgoing-12 set socket timeout to 3 MINUTES
23:54:31.145 [main] DEBUG org.apache.hc.client5.http.impl.io.DefaultHttpClientConnectionOperator - googlechromelabs.github.io:443 connected null->googlechromelabs.github.io/185.199.108.153:443 as http-outgoing-12
23:54:31.145 [main] DEBUG org.apache.hc.client5.http.impl.io.PoolingHttpClientConnectionManager - ep-0000000014 connected http-outgoing-12
23:54:31.145 [main] DEBUG org.apache.hc.client5.http.impl.classic.InternalHttpClient - ep-0000000014 endpoint connected
23:54:31.145 [main] DEBUG org.apache.hc.client5.http.impl.classic.MainClientExec - ex-0000000014 executing GET /chrome-for-testing/last-known-good-versions-with-downloads.json HTTP/1.1
23:54:31.145 [main] DEBUG org.apache.hc.client5.http.protocol.RequestAddCookies - ex-0000000014 Cookie spec selected: strict
23:54:31.145 [main] DEBUG org.apache.hc.client5.http.impl.classic.InternalHttpClient - ep-0000000014 start execution ex-0000000014
23:54:31.145 [main] DEBUG org.apache.hc.client5.http.impl.io.PoolingHttpClientConnectionManager - ep-0000000014 executing exchange ex-0000000014 over http-outgoing-12
23:54:31.145 [main] DEBUG org.apache.hc.client5.http.headers - http-outgoing-12 >> GET /chrome-for-testing/last-known-good-versions-with-downloads.json HTTP/1.1
23:54:31.145 [main] DEBUG org.apache.hc.client5.http.headers - http-outgoing-12 >> user-agent: Apache-HttpClient/5.0
23:54:31.145 [main] DEBUG org.apache.hc.client5.http.headers - http-outgoing-12 >> accept-encoding: gzip, deflate, br
23:54:31.145 [main] DEBUG org.apache.hc.client5.http.headers - http-outgoing-12 >> cache-control: max-age=0
23:54:31.145 [main] DEBUG org.apache.hc.client5.http.headers - http-outgoing-12 >> connection: keep-alive
23:54:31.145 [main] DEBUG org.apache.hc.client5.http.headers - http-outgoing-12 >> Host: googlechromelabs.github.io
23:54:31.145 [main] DEBUG org.apache.hc.client5.http.wire - http-outgoing-12 >> "GET /chrome-for-testing/last-known-good-versions-with-downloads.json HTTP/1.1[\r][\n]"
23:54:31.145 [main] DEBUG org.apache.hc.client5.http.wire - http-outgoing-12 >> "user-agent: Apache-HttpClient/5.0[\r][\n]"
23:54:31.145 [main] DEBUG org.apache.hc.client5.http.wire - http-outgoing-12 >> "accept-encoding: gzip, deflate, br[\r][\n]"
23:54:31.145 [main] DEBUG org.apache.hc.client5.http.wire - http-outgoing-12 >> "cache-control: max-age=0[\r][\n]"
23:54:31.145 [main] DEBUG org.apache.hc.client5.http.wire - http-outgoing-12 >> "connection: keep-alive[\r][\n]"
23:54:31.145 [main] DEBUG org.apache.hc.client5.http.wire - http-outgoing-12 >> "Host: googlechromelabs.github.io[\r][\n]"
23:54:31.145 [main] DEBUG org.apache.hc.client5.http.wire - http-outgoing-12 >> "[\r][\n]"
23:54:31.154 [main] DEBUG org.apache.hc.client5.http.wire - http-outgoing-12 << "HTTP/1.1 200 OK[\r][\n]"
23:54:31.154 [main] DEBUG org.apache.hc.client5.http.wire - http-outgoing-12 << "Connection: keep-alive[\r][\n]"
23:54:31.154 [main] DEBUG org.apache.hc.client5.http.wire - http-outgoing-12 << "Content-Length: 648[\r][\n]"
23:54:31.154 [main] DEBUG org.apache.hc.client5.http.wire - http-outgoing-12 << "Server: GitHub.com[\r][\n]"
23:54:31.154 [main] DEBUG org.apache.hc.client5.http.wire - http-outgoing-12 << "Content-Type: application/json; charset=utf-8[\r][\n]"
23:54:31.154 [main] DEBUG org.apache.hc.client5.http.wire - http-outgoing-12 << "permissions-policy: interest-cohort=()[\r][\n]"
23:54:31.154 [main] DEBUG org.apache.hc.client5.http.wire - http-outgoing-12 << "x-origin-cache: HIT[\r][\n]"
23:54:31.154 [main] DEBUG org.apache.hc.client5.http.wire - http-outgoing-12 << "Last-Modified: Wed, 18 Dec 2024 22:10:21 GMT[\r][\n]"
23:54:31.154 [main] DEBUG org.apache.hc.client5.http.wire - http-outgoing-12 << "Access-Control-Allow-Origin: *[\r][\n]"
23:54:31.154 [main] DEBUG org.apache.hc.client5.http.wire - http-outgoing-12 << "Strict-Transport-Security: max-age=31556952[\r][\n]"
23:54:31.154 [main] DEBUG org.apache.hc.client5.http.wire - http-outgoing-12 << "ETag: W/"6763484d-21f8"[\r][\n]"
23:54:31.154 [main] DEBUG org.apache.hc.client5.http.wire - http-outgoing-12 << "expires: Wed, 18 Dec 2024 22:20:24 GMT[\r][\n]"
23:54:31.154 [main] DEBUG org.apache.hc.client5.http.wire - http-outgoing-12 << "Cache-Control: max-age=600[\r][\n]"
23:54:31.154 [main] DEBUG org.apache.hc.client5.http.wire - http-outgoing-12 << "Content-Encoding: gzip[\r][\n]"
23:54:31.154 [main] DEBUG org.apache.hc.client5.http.wire - http-outgoing-12 << "x-proxy-cache: HIT[\r][\n]"
23:54:31.154 [main] DEBUG org.apache.hc.client5.http.wire - http-outgoing-12 << "X-GitHub-Request-Id: 3E16:97749:307462:30FE10:67634903[\r][\n]"
23:54:31.154 [main] DEBUG org.apache.hc.client5.http.wire - http-outgoing-12 << "Accept-Ranges: bytes[\r][\n]"
23:54:31.154 [main] DEBUG org.apache.hc.client5.http.wire - http-outgoing-12 << "Date: Wed, 18 Dec 2024 22:54:31 GMT[\r][\n]"
23:54:31.154 [main] DEBUG org.apache.hc.client5.http.wire - http-outgoing-12 << "Via: 1.1 varnish[\r][\n]"
23:54:31.154 [main] DEBUG org.apache.hc.client5.http.wire - http-outgoing-12 << "Age: 410[\r][\n]"
23:54:31.154 [main] DEBUG org.apache.hc.client5.http.wire - http-outgoing-12 << "X-Served-By: cache-mad2200091-MAD[\r][\n]"
23:54:31.154 [main] DEBUG org.apache.hc.client5.http.wire - http-outgoing-12 << "X-Cache: HIT[\r][\n]"
23:54:31.154 [main] DEBUG org.apache.hc.client5.http.wire - http-outgoing-12 << "X-Cache-Hits: 1[\r][\n]"
23:54:31.154 [main] DEBUG org.apache.hc.client5.http.wire - http-outgoing-12 << "X-Timer: S1734562471.402972,VS0,VE2[\r][\n]"
23:54:31.154 [main] DEBUG org.apache.hc.client5.http.wire - http-outgoing-12 << "Vary: Accept-Encoding[\r][\n]"
23:54:31.154 [main] DEBUG org.apache.hc.client5.http.wire - http-outgoing-12 << "X-Fastly-Request-ID: 743a523e630cc25cc93a49327d77cdf97f1e62f2[\r][\n]"
23:54:31.154 [main] DEBUG org.apache.hc.client5.http.wire - http-outgoing-12 << "[\r][\n]"
23:54:31.155 [main] DEBUG org.apache.hc.client5.http.headers - http-outgoing-12 << HTTP/1.1 200 OK
23:54:31.155 [main] DEBUG org.apache.hc.client5.http.headers - http-outgoing-12 << Connection: keep-alive
23:54:31.155 [main] DEBUG org.apache.hc.client5.http.headers - http-outgoing-12 << Content-Length: 648
23:54:31.155 [main] DEBUG org.apache.hc.client5.http.headers - http-outgoing-12 << Server: GitHub.com
23:54:31.155 [main] DEBUG org.apache.hc.client5.http.headers - http-outgoing-12 << Content-Type: application/json; charset=utf-8
23:54:31.155 [main] DEBUG org.apache.hc.client5.http.headers - http-outgoing-12 << permissions-policy: interest-cohort=()
23:54:31.155 [main] DEBUG org.apache.hc.client5.http.headers - http-outgoing-12 << x-origin-cache: HIT
23:54:31.155 [main] DEBUG org.apache.hc.client5.http.headers - http-outgoing-12 << Last-Modified: Wed, 18 Dec 2024 22:10:21 GMT
23:54:31.155 [main] DEBUG org.apache.hc.client5.http.headers - http-outgoing-12 << Access-Control-Allow-Origin: *
23:54:31.155 [main] DEBUG org.apache.hc.client5.http.headers - http-outgoing-12 << Strict-Transport-Security: max-age=31556952
23:54:31.155 [main] DEBUG org.apache.hc.client5.http.headers - http-outgoing-12 << ETag: W/"6763484d-21f8"
23:54:31.155 [main] DEBUG org.apache.hc.client5.http.headers - http-outgoing-12 << expires: Wed, 18 Dec 2024 22:20:24 GMT
23:54:31.155 [main] DEBUG org.apache.hc.client5.http.headers - http-outgoing-12 << Cache-Control: max-age=600
23:54:31.155 [main] DEBUG org.apache.hc.client5.http.headers - http-outgoing-12 << Content-Encoding: gzip
23:54:31.155 [main] DEBUG org.apache.hc.client5.http.headers - http-outgoing-12 << x-proxy-cache: HIT
23:54:31.155 [main] DEBUG org.apache.hc.client5.http.headers - http-outgoing-12 << X-GitHub-Request-Id: 3E16:97749:307462:30FE10:67634903
23:54:31.155 [main] DEBUG org.apache.hc.client5.http.headers - http-outgoing-12 << Accept-Ranges: bytes
23:54:31.155 [main] DEBUG org.apache.hc.client5.http.headers - http-outgoing-12 << Date: Wed, 18 Dec 2024 22:54:31 GMT
23:54:31.155 [main] DEBUG org.apache.hc.client5.http.headers - http-outgoing-12 << Via: 1.1 varnish
23:54:31.155 [main] DEBUG org.apache.hc.client5.http.headers - http-outgoing-12 << Age: 410
23:54:31.155 [main] DEBUG org.apache.hc.client5.http.headers - http-outgoing-12 << X-Served-By: cache-mad2200091-MAD
23:54:31.155 [main] DEBUG org.apache.hc.client5.http.headers - http-outgoing-12 << X-Cache: HIT
23:54:31.155 [main] DEBUG org.apache.hc.client5.http.headers - http-outgoing-12 << X-Cache-Hits: 1
23:54:31.155 [main] DEBUG org.apache.hc.client5.http.headers - http-outgoing-12 << X-Timer: S1734562471.402972,VS0,VE2
23:54:31.155 [main] DEBUG org.apache.hc.client5.http.headers - http-outgoing-12 << Vary: Accept-Encoding
23:54:31.155 [main] DEBUG org.apache.hc.client5.http.headers - http-outgoing-12 << X-Fastly-Request-ID: 743a523e630cc25cc93a49327d77cdf97f1e62f2
23:54:31.155 [main] DEBUG org.apache.hc.client5.http.impl.classic.MainClientExec - ex-0000000014 connection can be kept alive for 3 MINUTES
23:54:31.155 [main] DEBUG org.apache.hc.client5.http.wire - http-outgoing-12 << "[0x1f][0xffffff8b][0x8][0x0][0x0][0x0][0x0][0x0][0x0][0x3][0xffffffcd][0xffffff96][0xffffffc9][0xffffff92][0xffffff9b]0[0x10][0xffffff86][0xffffffef]y[0xc][0xffffff9d]Y[0x5]f;&[0xfffffff3][0x6][0xffffff93]SR9hl[0xffffffc5][0xffffffa6]J,[0xffffff85][0xffffffb0]'[0xffffff89][0xffffff8b]w[0xffffff8f]X[0xffffff8c][0x1]K[0xffffffcc]e[0xffffffac][0xffffffe6][0x6][\r][0xffffffea][0xfffffffe][0xffffffa1][0xffffffbe][0xffffffea][0xfffffffa][0xffffffae][0xffffffa8]N3[0xffffffca]k[0xffffff92][0xffffff95](A[0xffffffd8][0xffffffc1][0xffffffbe][0xffffffe9]b[0xffffffd3][0xffffff8d][0xffffffbe]c[0xffffff9c]8q[0xffffffe2][0xffffffb9]V[0x18][0xffffffe1][0x1f][0xffffffc8]@[0xfffffffb][0x13][0xffffffc9]s[0xffffffca]8J[0xffffffae][0xffffffe8][0xffffffb5]&o[0xffffff8c][0xffffffb6]WCU[0x1c][0x1d]j[0x6][0xffffffba][0xffffffd0][0xffffff8a][0xffffffa7]E.J[0xffffffae]8[0xffffffed]XA[0x18]F[0x16]v|[0xfffffff1][0xffffffa8][0xffffffa2][0xffffff97]t|[0x16]D;[0x1c][0xffffff8b][0xffffffe2][0xffffffa1]x[0xffffffcf]YA[0xe][0xffffffbc][0xffffffef]W[0x15][0xffffff99][0xffffffe8][0xfffffffc][0xfffffff3][0xffffff8a]JF[0xffffffea][0xffffffdf]E[0xffffff95][0xffffff89][0xffffff97]Y[0xffffff9a][0xffffff9f][0xffffffff][0x4]m[0xffffff87]s[0xffffffd5][0xffffffce]:[0xffffffd5]u[0xffffffc9][0x13][0xffffffdb][0xffffffe6]uQ[0xffffff91]#[0xffffffb5][0xffffff8e]Eqd[0xffffff94][0xffffff94])[0xffffffb7][0xfffffff6]Ef[0xfffffff7]MLq[0xffffffd8][0xffffffac][0xffffffc5][0xffffffa7][0xffffffa5][0xfffffff9][0xffffffd1],[0xffffffcf]o,[0xffffffdd][0xffffffdb][0xfffffff3]D[0xfffffff6][0xffffffd0][0xfffffff7]v`[0xffffffb8][0xffffffb5][0xfffffffe][0xffffffa5]%j[0xffffff8c]Y[0xffffff82][0xffffff8c][0xffffffec]MReO[0xffffffc8]0v[0xffffffbe][0x1d][0x19][0xb][0xffffffaa][0x1c][0xffffffcf][0xfffffff8][0x13]C[0xffffffdf]i[0x6][0xffffffc5][0xffffff9f]xOs[0xf][0x7f][0xfffffffa][0xfffffffc][0xffffffae][0xffffffeb][0xffffffed][0xfffffff5][0xffffffee]F1[0xfffffffb][0x9][0xffffffdf][0xffffffde]u[0xffffff9d][0xffffffcc][0xffffffbe]}[0xfffffff7]/c[0xffffffc0][0xfffffff1]P[0xffffffa5][0x2]j[0x18]([0xfffffffb][0xffffffd9][0xffffffdb]@s[0xffffffc8][0xffffffb2][0x1]@'I[0xffffffc0]0[0x1d]2[0x0][0xffffffc2]zO[0xfffffff0][0xffffff80][0xffffffac]y[0xffffffa2][0xffffffe4][0xffffffc0]([0xffffffe7]&?Q[0xffffffc6]`[0xffffffd8]][0xffffff84][0xffffffd8][0x6][0xffffffc4][0xffffffcb]P[0x1b][0xffffffa0]Y[0x16][0x9][0xc][0xffffffeb]e[0x18]@[0xffffffbe]%QF[0xffffffd0][0xffffff9b][0xffffffc6]@_iM[0xffffffe6][0x12][0xffffffd2]U[0xffffffe6][\n]"
23:54:31.155 [main] DEBUG org.apache.hc.client5.http.wire - http-outgoing-12 << "[0xffffff82][0xffffffdb][0xffffffee][0xffffff91][0xffffffe7][~[0xffffffb0]4[0xffffff90][0xffffffc8][0xffffffdd][0x5][0xffffffae]v[0x3][0xffffff99][0x4][0xffffff82][0x12][0xffffff90]i[0x4]0[0xffffffff]X[0xffffff86][0xffffffd0][0xffffffac][0x1f][0xffffffd3][0xfffffff1][0xffffff9a][0xffffffed]c1[0x1a]X>[0xffffffd4]<jv[0xffffff8f]5*5[0xffffffab][0xffffff87][0xffffff9a]M[0xffffff8d][0xffffffe6][0xffffffa1]"T[0xffffff9b]x[0xffffffa8]8[0xffffffdd][0xffffff84]w[0xffffffac][0xffffffac]Q [0xffffffed]X[0xffffffdd][0xffffffaa]@[0xffffffd6][0xffffffb1][0xffffffb2]d[0x1][0xffffffa4]C[0xffffffb9]s[0xffffffb5];[0xffffff87]r[0x5][0x7f][0xffffffa0][0x1c]/[0xfffffff4]27[0xffffff8e][0xffffffb6]0[0x17][0xe][0xffffffaf]k[0x1d][0x9][0xffffff9d]Y[0xfffffffa]F[0xffffffec][0xffffffef][0xffffffbc]P[0xffffffbb]o[0xffffffdc][0xfffffff3]@[0xffffffe9][0xffffffc6]$[0x1][0xffffff98]m,2h[0xffffff96][0xffffff8d][0xffffffc9]t[0xffffffcd][0xffffffae]1[0xffffff9f][0xc][0xffffffac][0x1a]J[0x14]5[0xffffff9b][0xffffffc6][\n]"
23:54:31.155 [main] DEBUG org.apache.hc.client5.http.wire - http-outgoing-12 << "[0xffffff90][0xffffff9a]EC[0xffffff89][0xffffffa5]F[0xffffffcf]P[0xffffffc0][0xffffffa9]M3[0x14][0xffffff88]n[0xffffffc2]2[0xffffffd4][0xffffffcb][0x13]H2[0xffffffd6]v)[0xffffff90]c[0xffffffa8]W+[0xffffff80]b[0xffffffa8]6[0xffffffad]v[0xffffffc3]P-[0xffffffde][0xf][0x4][0xffffffe3][0x1b][0xffffffc9]I[0xfffffff5]w[0xffffffee][0x18]CM[0xffffffa2][0x19][0xffffffb1][0xffffffe3][[0xffffffce][0xffffff83]f[0xffffff84][0xffffffb1][0xffffff8b]a4[0xffffffa3][0xffffffcb][0x3][0xffffffaa][0x19]}[0x2]X[0xffffffcd][0xffffffb8]g[0xffffff80][0xffffffd0][0xffffff8c]~:[0xffffff84]f[0xffffff8c][0xffffff93][0xffffffb7][0xffffffa0][0x19]2[0x14]!4C[0xe]$[0xffffff84]f[0xffffffc8][0xffffffb0][0xffffffd4][0xffffffad][0x19][0xffffff8f]p[0xffffffea][0xffffffd5][0xffffff8c]GD[0xffffffb7][0xffffffa3][0x19][0xffffffd2][0xffffffe5][0x9][0xffffffa9][0x19][0xffffff8a]][\n]"
23:54:31.155 [main] DEBUG org.apache.hc.client5.http.wire - http-outgoing-12 << "[0xffffffa9][0x19][0xffffffd2][0xffffffd5][\n]"
23:54:31.155 [main] DEBUG org.apache.hc.client5.http.wire - http-outgoing-12 << "[0xffffffa5][0x19][0xffffff92]M[0xb][0xffffffa3][0x19][0xffffff92][0xffffffc5][0xffffffbb][0xffffffaa][0x19]M[0xfffffff3][0xffffffe5]?9[0xfffffff3][0x3][0xffffffa4][0xfffffff8]![0x0][0x0]"
23:54:31.155 [main] DEBUG org.apache.hc.client5.http.impl.classic.InternalHttpClient - ep-0000000014 releasing valid endpoint
23:54:31.155 [main] DEBUG org.apache.hc.client5.http.impl.io.PoolingHttpClientConnectionManager - ep-0000000014 releasing endpoint
23:54:31.155 [main] DEBUG org.apache.hc.client5.http.impl.io.PoolingHttpClientConnectionManager - ep-0000000014 connection http-outgoing-12 can be kept alive for 3 MINUTES
23:54:31.155 [main] DEBUG org.apache.hc.client5.http.impl.io.PoolingHttpClientConnectionManager - ep-0000000014 connection released [route: {s}->https://googlechromelabs.github.io:443][total available: 2; route allocated: 1 of 5; total allocated: 2 of 25]
23:54:31.159 [main] DEBUG io.github.bonigarcia.wdm.WebDriverManager - Driver chromedriver 131.0.6778.204 found in cache
23:54:31.159 [main] INFO io.github.bonigarcia.wdm.WebDriverManager - Exporting webdriver.chrome.driver as C:\Users\MisterSurface\.cache\selenium\chromedriver\win64\131.0.6778.204\chromedriver.exe
]]></system-out>
    <system-err><![CDATA[Starting ChromeDriver 131.0.6778.204 (52183f9e99a61056f9b78535f53d256f1516f2a0-refs/branch-heads/6778_155@{#7}) on port 11553
Only local connections are allowed.
Please see https://chromedriver.chromium.org/security-considerations for suggestions on keeping ChromeDriver safe.
ChromeDriver was started successfully on port 11553.
]]></system-err>
  </testcase>
  <testcase name="testPageLoadAndForm" classname="com.lauracercas.moviecards.endtoendtest.MovieE2ETest" time="0.002">
    <error message="session not created&#10;from unknown error: cannot find Chrome binary&#10;Build info: version: &apos;3.141.59&apos;, revision: &apos;e82be7d358&apos;, time: &apos;2018-11-14T08:17:03&apos;&#10;System info: host: &apos;DESKTOP-JI5NALH&apos;, ip: &apos;192.168.110.47&apos;, os.name: &apos;Windows 10&apos;, os.arch: &apos;amd64&apos;, os.version: &apos;10.0&apos;, java.version: &apos;23&apos;&#10;Driver info: driver.version: ChromeDriver&#10;remote stacktrace: 	GetHandleVerifier [0x00007FF6AE68FB05+28789]&#10;	(No symbol) [0x00007FF6AE5F86E0]&#10;	(No symbol) [0x00007FF6AE49592A]&#10;	(No symbol) [0x00007FF6AE4CDBC8]&#10;	(No symbol) [0x00007FF6AE4CBC59]&#10;	(No symbol) [0x00007FF6AE51A77C]&#10;	(No symbol) [0x00007FF6AE519D60]&#10;	(No symbol) [0x00007FF6AE50F1E3]&#10;	(No symbol) [0x00007FF6AE4DA938]&#10;	(No symbol) [0x00007FF6AE4DBAA1]&#10;	GetHandleVerifier [0x00007FF6AE9C933D+3410093]&#10;	GetHandleVerifier [0x00007FF6AE9DE7DD+3497293]&#10;	GetHandleVerifier [0x00007FF6AE9D2A73+3448803]&#10;	GetHandleVerifier [0x00007FF6AE757BBB+848171]&#10;	(No symbol) [0x00007FF6AE603C3F]&#10;	(No symbol) [0x00007FF6AE5FF6E4]&#10;	(No symbol) [0x00007FF6AE5FF87D]&#10;	(No symbol) [0x00007FF6AE5EED49]&#10;	BaseThreadInitThunk [0x00007FFF75EB7374+20]&#10;	RtlUserThreadStart [0x00007FFF7617CC91+33]&#10;" type="org.openqa.selenium.SessionNotCreatedException">org.openqa.selenium.SessionNotCreatedException: 
session not created
from unknown error: cannot find Chrome binary
Build info: version: '3.141.59', revision: 'e82be7d358', time: '2018-11-14T08:17:03'
System info: host: 'DESKTOP-JI5NALH', ip: '192.168.110.47', os.name: 'Windows 10', os.arch: 'amd64', os.version: '10.0', java.version: '23'
Driver info: driver.version: ChromeDriver
remote stacktrace: 	GetHandleVerifier [0x00007FF6AE68FB05+28789]
	(No symbol) [0x00007FF6AE5F86E0]
	(No symbol) [0x00007FF6AE49592A]
	(No symbol) [0x00007FF6AE4CDBC8]
	(No symbol) [0x00007FF6AE4CBC59]
	(No symbol) [0x00007FF6AE51A77C]
	(No symbol) [0x00007FF6AE519D60]
	(No symbol) [0x00007FF6AE50F1E3]
	(No symbol) [0x00007FF6AE4DA938]
	(No symbol) [0x00007FF6AE4DBAA1]
	GetHandleVerifier [0x00007FF6AE9C933D+3410093]
	GetHandleVerifier [0x00007FF6AE9DE7DD+3497293]
	GetHandleVerifier [0x00007FF6AE9D2A73+3448803]
	GetHandleVerifier [0x00007FF6AE757BBB+848171]
	(No symbol) [0x00007FF6AE603C3F]
	(No symbol) [0x00007FF6AE5FF6E4]
	(No symbol) [0x00007FF6AE5FF87D]
	(No symbol) [0x00007FF6AE5EED49]
	BaseThreadInitThunk [0x00007FFF75EB7374+20]
	RtlUserThreadStart [0x00007FFF7617CC91+33]

	at com.lauracercas.moviecards.endtoendtest.MovieE2ETest.setUp(MovieE2ETest.java:34)
</error>
    <system-out><![CDATA[23:54:31.261 [main] DEBUG io.github.bonigarcia.wdm.WebDriverManager - Using WebDriverManager 5.7.0
23:54:31.272 [main] DEBUG org.apache.hc.client5.http.impl.classic.InternalHttpClient - ex-0000000015 preparing request execution
23:54:31.272 [main] DEBUG org.apache.hc.client5.http.impl.classic.ProtocolExec - ex-0000000015 target auth state: UNCHALLENGED
23:54:31.272 [main] DEBUG org.apache.hc.client5.http.impl.classic.ProtocolExec - ex-0000000015 proxy auth state: UNCHALLENGED
23:54:31.272 [main] DEBUG org.apache.hc.client5.http.impl.classic.ConnectExec - ex-0000000015 acquiring connection with route {s}->https://raw.githubusercontent.com:443
23:54:31.272 [main] DEBUG org.apache.hc.client5.http.impl.classic.InternalHttpClient - ex-0000000015 acquiring endpoint (3 MINUTES)
23:54:31.272 [main] DEBUG org.apache.hc.client5.http.impl.io.PoolingHttpClientConnectionManager - ex-0000000015 endpoint lease request (3 MINUTES) [route: {s}->https://raw.githubusercontent.com:443][total available: 0; route allocated: 0 of 5; total allocated: 0 of 25]
23:54:31.272 [main] DEBUG org.apache.hc.client5.http.impl.io.PoolingHttpClientConnectionManager - ex-0000000015 endpoint leased [route: {s}->https://raw.githubusercontent.com:443][total available: 0; route allocated: 1 of 5; total allocated: 1 of 25]
23:54:31.272 [main] DEBUG org.apache.hc.client5.http.impl.io.PoolingHttpClientConnectionManager - ex-0000000015 acquired ep-0000000015
23:54:31.272 [main] DEBUG org.apache.hc.client5.http.impl.classic.InternalHttpClient - ex-0000000015 acquired endpoint ep-0000000015
23:54:31.272 [main] DEBUG org.apache.hc.client5.http.impl.classic.ConnectExec - ex-0000000015 opening connection {s}->https://raw.githubusercontent.com:443
23:54:31.272 [main] DEBUG org.apache.hc.client5.http.impl.classic.InternalHttpClient - ep-0000000015 connecting endpoint (null)
23:54:31.272 [main] DEBUG org.apache.hc.client5.http.impl.io.PoolingHttpClientConnectionManager - ep-0000000015 connecting endpoint to https://raw.githubusercontent.com:443 (30 SECONDS)
23:54:31.272 [main] DEBUG org.apache.hc.client5.http.impl.io.DefaultHttpClientConnectionOperator - raw.githubusercontent.com resolving remote address
23:54:31.272 [main] DEBUG org.apache.hc.client5.http.impl.io.DefaultHttpClientConnectionOperator - raw.githubusercontent.com resolved to [raw.githubusercontent.com/185.199.109.133, raw.githubusercontent.com/185.199.108.133, raw.githubusercontent.com/185.199.111.133, raw.githubusercontent.com/185.199.110.133]
23:54:31.273 [main] DEBUG org.apache.hc.client5.http.impl.io.DefaultHttpClientConnectionOperator - raw.githubusercontent.com:443 connecting null->raw.githubusercontent.com/185.199.109.133:443 (30 SECONDS)
23:54:31.273 [main] DEBUG org.apache.hc.client5.http.ssl.SSLConnectionSocketFactory - Connecting socket to raw.githubusercontent.com/185.199.109.133:443 with timeout 30 SECONDS
23:54:31.282 [main] DEBUG org.apache.hc.client5.http.ssl.SSLConnectionSocketFactory - Enabled protocols: [TLSv1.3, TLSv1.2]
23:54:31.282 [main] DEBUG org.apache.hc.client5.http.ssl.SSLConnectionSocketFactory - Enabled cipher suites: [TLS_AES_256_GCM_SHA384, TLS_AES_128_GCM_SHA256, TLS_CHACHA20_POLY1305_SHA256, TLS_ECDHE_ECDSA_WITH_AES_256_GCM_SHA384, TLS_ECDHE_ECDSA_WITH_AES_128_GCM_SHA256, TLS_ECDHE_ECDSA_WITH_CHACHA20_POLY1305_SHA256, TLS_ECDHE_RSA_WITH_AES_256_GCM_SHA384, TLS_ECDHE_RSA_WITH_CHACHA20_POLY1305_SHA256, TLS_ECDHE_RSA_WITH_AES_128_GCM_SHA256, TLS_DHE_RSA_WITH_AES_256_GCM_SHA384, TLS_DHE_RSA_WITH_CHACHA20_POLY1305_SHA256, TLS_DHE_DSS_WITH_AES_256_GCM_SHA384, TLS_DHE_RSA_WITH_AES_128_GCM_SHA256, TLS_DHE_DSS_WITH_AES_128_GCM_SHA256, TLS_ECDHE_ECDSA_WITH_AES_256_CBC_SHA384, TLS_ECDHE_RSA_WITH_AES_256_CBC_SHA384, TLS_ECDHE_ECDSA_WITH_AES_128_CBC_SHA256, TLS_ECDHE_RSA_WITH_AES_128_CBC_SHA256, TLS_DHE_RSA_WITH_AES_256_CBC_SHA256, TLS_DHE_DSS_WITH_AES_256_CBC_SHA256, TLS_DHE_RSA_WITH_AES_128_CBC_SHA256, TLS_DHE_DSS_WITH_AES_128_CBC_SHA256, TLS_ECDHE_ECDSA_WITH_AES_256_CBC_SHA, TLS_ECDHE_RSA_WITH_AES_256_CBC_SHA, TLS_ECDHE_ECDSA_WITH_AES_128_CBC_SHA, TLS_ECDHE_RSA_WITH_AES_128_CBC_SHA, TLS_DHE_RSA_WITH_AES_256_CBC_SHA, TLS_DHE_DSS_WITH_AES_256_CBC_SHA, TLS_DHE_RSA_WITH_AES_128_CBC_SHA, TLS_DHE_DSS_WITH_AES_128_CBC_SHA, TLS_RSA_WITH_AES_256_GCM_SHA384, TLS_RSA_WITH_AES_128_GCM_SHA256, TLS_RSA_WITH_AES_256_CBC_SHA256, TLS_RSA_WITH_AES_128_CBC_SHA256, TLS_RSA_WITH_AES_256_CBC_SHA, TLS_RSA_WITH_AES_128_CBC_SHA, TLS_EMPTY_RENEGOTIATION_INFO_SCSV]
23:54:31.282 [main] DEBUG org.apache.hc.client5.http.ssl.SSLConnectionSocketFactory - Starting handshake (null)
23:54:31.298 [main] DEBUG org.apache.hc.client5.http.ssl.SSLConnectionSocketFactory - Secure session established
23:54:31.298 [main] DEBUG org.apache.hc.client5.http.ssl.SSLConnectionSocketFactory -  negotiated protocol: TLSv1.3
23:54:31.298 [main] DEBUG org.apache.hc.client5.http.ssl.SSLConnectionSocketFactory -  negotiated cipher suite: TLS_AES_128_GCM_SHA256
23:54:31.298 [main] DEBUG org.apache.hc.client5.http.ssl.SSLConnectionSocketFactory -  peer principal: CN=*.github.io, O="GitHub, Inc.", L=San Francisco, ST=California, C=US
23:54:31.298 [main] DEBUG org.apache.hc.client5.http.ssl.SSLConnectionSocketFactory -  peer alternative names: [*.github.io, github.io, githubusercontent.com, www.github.com, *.github.com, *.githubusercontent.com, github.com]
23:54:31.298 [main] DEBUG org.apache.hc.client5.http.ssl.SSLConnectionSocketFactory -  issuer principal: CN=DigiCert Global G2 TLS RSA SHA256 2020 CA1, O=DigiCert Inc, C=US
23:54:31.298 [main] DEBUG org.apache.hc.client5.http.impl.io.DefaultManagedHttpClientConnection - http-outgoing-13 set socket timeout to 3 MINUTES
23:54:31.298 [main] DEBUG org.apache.hc.client5.http.impl.io.DefaultHttpClientConnectionOperator - raw.githubusercontent.com:443 connected null->raw.githubusercontent.com/185.199.109.133:443 as http-outgoing-13
23:54:31.298 [main] DEBUG org.apache.hc.client5.http.impl.io.PoolingHttpClientConnectionManager - ep-0000000015 connected http-outgoing-13
23:54:31.298 [main] DEBUG org.apache.hc.client5.http.impl.classic.InternalHttpClient - ep-0000000015 endpoint connected
23:54:31.298 [main] DEBUG org.apache.hc.client5.http.impl.classic.MainClientExec - ex-0000000015 executing GET /bonigarcia/webdrivermanager/master/src/main/resources/commands.properties HTTP/1.1
23:54:31.298 [main] DEBUG org.apache.hc.client5.http.protocol.RequestAddCookies - ex-0000000015 Cookie spec selected: strict
23:54:31.298 [main] DEBUG org.apache.hc.client5.http.impl.classic.InternalHttpClient - ep-0000000015 start execution ex-0000000015
23:54:31.298 [main] DEBUG org.apache.hc.client5.http.impl.io.PoolingHttpClientConnectionManager - ep-0000000015 executing exchange ex-0000000015 over http-outgoing-13
23:54:31.298 [main] DEBUG org.apache.hc.client5.http.headers - http-outgoing-13 >> GET /bonigarcia/webdrivermanager/master/src/main/resources/commands.properties HTTP/1.1
23:54:31.298 [main] DEBUG org.apache.hc.client5.http.headers - http-outgoing-13 >> user-agent: Apache-HttpClient/5.0
23:54:31.298 [main] DEBUG org.apache.hc.client5.http.headers - http-outgoing-13 >> accept-encoding: gzip, deflate, br
23:54:31.298 [main] DEBUG org.apache.hc.client5.http.headers - http-outgoing-13 >> cache-control: max-age=0
23:54:31.298 [main] DEBUG org.apache.hc.client5.http.headers - http-outgoing-13 >> connection: keep-alive
23:54:31.298 [main] DEBUG org.apache.hc.client5.http.headers - http-outgoing-13 >> Host: raw.githubusercontent.com
23:54:31.298 [main] DEBUG org.apache.hc.client5.http.wire - http-outgoing-13 >> "GET /bonigarcia/webdrivermanager/master/src/main/resources/commands.properties HTTP/1.1[\r][\n]"
23:54:31.298 [main] DEBUG org.apache.hc.client5.http.wire - http-outgoing-13 >> "user-agent: Apache-HttpClient/5.0[\r][\n]"
23:54:31.298 [main] DEBUG org.apache.hc.client5.http.wire - http-outgoing-13 >> "accept-encoding: gzip, deflate, br[\r][\n]"
23:54:31.298 [main] DEBUG org.apache.hc.client5.http.wire - http-outgoing-13 >> "cache-control: max-age=0[\r][\n]"
23:54:31.298 [main] DEBUG org.apache.hc.client5.http.wire - http-outgoing-13 >> "connection: keep-alive[\r][\n]"
23:54:31.298 [main] DEBUG org.apache.hc.client5.http.wire - http-outgoing-13 >> "Host: raw.githubusercontent.com[\r][\n]"
23:54:31.298 [main] DEBUG org.apache.hc.client5.http.wire - http-outgoing-13 >> "[\r][\n]"
23:54:31.304 [main] DEBUG org.apache.hc.client5.http.wire - http-outgoing-13 << "HTTP/1.1 200 OK[\r][\n]"
23:54:31.304 [main] DEBUG org.apache.hc.client5.http.wire - http-outgoing-13 << "Connection: keep-alive[\r][\n]"
23:54:31.304 [main] DEBUG org.apache.hc.client5.http.wire - http-outgoing-13 << "Content-Length: 745[\r][\n]"
23:54:31.304 [main] DEBUG org.apache.hc.client5.http.wire - http-outgoing-13 << "Cache-Control: max-age=300[\r][\n]"
23:54:31.304 [main] DEBUG org.apache.hc.client5.http.wire - http-outgoing-13 << "Content-Security-Policy: default-src 'none'; style-src 'unsafe-inline'; sandbox[\r][\n]"
23:54:31.304 [main] DEBUG org.apache.hc.client5.http.wire - http-outgoing-13 << "Content-Type: text/plain; charset=utf-8[\r][\n]"
23:54:31.304 [main] DEBUG org.apache.hc.client5.http.wire - http-outgoing-13 << "ETag: W/"dd41edff335272162022217759820159dac501cff56850e2510f504462cd9b5f"[\r][\n]"
23:54:31.304 [main] DEBUG org.apache.hc.client5.http.wire - http-outgoing-13 << "Strict-Transport-Security: max-age=31536000[\r][\n]"
23:54:31.304 [main] DEBUG org.apache.hc.client5.http.wire - http-outgoing-13 << "X-Content-Type-Options: nosniff[\r][\n]"
23:54:31.304 [main] DEBUG org.apache.hc.client5.http.wire - http-outgoing-13 << "X-Frame-Options: deny[\r][\n]"
23:54:31.304 [main] DEBUG org.apache.hc.client5.http.wire - http-outgoing-13 << "X-XSS-Protection: 1; mode=block[\r][\n]"
23:54:31.304 [main] DEBUG org.apache.hc.client5.http.wire - http-outgoing-13 << "X-GitHub-Request-Id: 11E0:2FCCA8:200498:2217C9:6757BE85[\r][\n]"
23:54:31.304 [main] DEBUG org.apache.hc.client5.http.wire - http-outgoing-13 << "Content-Encoding: gzip[\r][\n]"
23:54:31.304 [main] DEBUG org.apache.hc.client5.http.wire - http-outgoing-13 << "Accept-Ranges: bytes[\r][\n]"
23:54:31.304 [main] DEBUG org.apache.hc.client5.http.wire - http-outgoing-13 << "Date: Wed, 18 Dec 2024 22:54:31 GMT[\r][\n]"
23:54:31.304 [main] DEBUG org.apache.hc.client5.http.wire - http-outgoing-13 << "Via: 1.1 varnish[\r][\n]"
23:54:31.304 [main] DEBUG org.apache.hc.client5.http.wire - http-outgoing-13 << "X-Served-By: cache-mad22064-MAD[\r][\n]"
23:54:31.304 [main] DEBUG org.apache.hc.client5.http.wire - http-outgoing-13 << "X-Cache: HIT[\r][\n]"
23:54:31.304 [main] DEBUG org.apache.hc.client5.http.wire - http-outgoing-13 << "X-Cache-Hits: 2[\r][\n]"
23:54:31.304 [main] DEBUG org.apache.hc.client5.http.wire - http-outgoing-13 << "X-Timer: S1734562472.555133,VS0,VE0[\r][\n]"
23:54:31.304 [main] DEBUG org.apache.hc.client5.http.wire - http-outgoing-13 << "Vary: Authorization,Accept-Encoding,Origin[\r][\n]"
23:54:31.304 [main] DEBUG org.apache.hc.client5.http.wire - http-outgoing-13 << "Access-Control-Allow-Origin: *[\r][\n]"
23:54:31.304 [main] DEBUG org.apache.hc.client5.http.wire - http-outgoing-13 << "Cross-Origin-Resource-Policy: cross-origin[\r][\n]"
23:54:31.304 [main] DEBUG org.apache.hc.client5.http.wire - http-outgoing-13 << "X-Fastly-Request-ID: 33b0930ade441a25110d6a95b2c281b523dc03ac[\r][\n]"
23:54:31.304 [main] DEBUG org.apache.hc.client5.http.wire - http-outgoing-13 << "Expires: Wed, 18 Dec 2024 22:59:31 GMT[\r][\n]"
23:54:31.304 [main] DEBUG org.apache.hc.client5.http.wire - http-outgoing-13 << "Source-Age: 49[\r][\n]"
23:54:31.304 [main] DEBUG org.apache.hc.client5.http.wire - http-outgoing-13 << "[\r][\n]"
23:54:31.304 [main] DEBUG org.apache.hc.client5.http.headers - http-outgoing-13 << HTTP/1.1 200 OK
23:54:31.305 [main] DEBUG org.apache.hc.client5.http.headers - http-outgoing-13 << Connection: keep-alive
23:54:31.305 [main] DEBUG org.apache.hc.client5.http.headers - http-outgoing-13 << Content-Length: 745
23:54:31.305 [main] DEBUG org.apache.hc.client5.http.headers - http-outgoing-13 << Cache-Control: max-age=300
23:54:31.305 [main] DEBUG org.apache.hc.client5.http.headers - http-outgoing-13 << Content-Security-Policy: default-src 'none'; style-src 'unsafe-inline'; sandbox
23:54:31.305 [main] DEBUG org.apache.hc.client5.http.headers - http-outgoing-13 << Content-Type: text/plain; charset=utf-8
23:54:31.305 [main] DEBUG org.apache.hc.client5.http.headers - http-outgoing-13 << ETag: W/"dd41edff335272162022217759820159dac501cff56850e2510f504462cd9b5f"
23:54:31.305 [main] DEBUG org.apache.hc.client5.http.headers - http-outgoing-13 << Strict-Transport-Security: max-age=31536000
23:54:31.305 [main] DEBUG org.apache.hc.client5.http.headers - http-outgoing-13 << X-Content-Type-Options: nosniff
23:54:31.305 [main] DEBUG org.apache.hc.client5.http.headers - http-outgoing-13 << X-Frame-Options: deny
23:54:31.305 [main] DEBUG org.apache.hc.client5.http.headers - http-outgoing-13 << X-XSS-Protection: 1; mode=block
23:54:31.305 [main] DEBUG org.apache.hc.client5.http.headers - http-outgoing-13 << X-GitHub-Request-Id: 11E0:2FCCA8:200498:2217C9:6757BE85
23:54:31.305 [main] DEBUG org.apache.hc.client5.http.headers - http-outgoing-13 << Content-Encoding: gzip
23:54:31.305 [main] DEBUG org.apache.hc.client5.http.headers - http-outgoing-13 << Accept-Ranges: bytes
23:54:31.305 [main] DEBUG org.apache.hc.client5.http.headers - http-outgoing-13 << Date: Wed, 18 Dec 2024 22:54:31 GMT
23:54:31.305 [main] DEBUG org.apache.hc.client5.http.headers - http-outgoing-13 << Via: 1.1 varnish
23:54:31.305 [main] DEBUG org.apache.hc.client5.http.headers - http-outgoing-13 << X-Served-By: cache-mad22064-MAD
23:54:31.305 [main] DEBUG org.apache.hc.client5.http.headers - http-outgoing-13 << X-Cache: HIT
23:54:31.305 [main] DEBUG org.apache.hc.client5.http.headers - http-outgoing-13 << X-Cache-Hits: 2
23:54:31.305 [main] DEBUG org.apache.hc.client5.http.headers - http-outgoing-13 << X-Timer: S1734562472.555133,VS0,VE0
23:54:31.305 [main] DEBUG org.apache.hc.client5.http.headers - http-outgoing-13 << Vary: Authorization,Accept-Encoding,Origin
23:54:31.305 [main] DEBUG org.apache.hc.client5.http.headers - http-outgoing-13 << Access-Control-Allow-Origin: *
23:54:31.305 [main] DEBUG org.apache.hc.client5.http.headers - http-outgoing-13 << Cross-Origin-Resource-Policy: cross-origin
23:54:31.305 [main] DEBUG org.apache.hc.client5.http.headers - http-outgoing-13 << X-Fastly-Request-ID: 33b0930ade441a25110d6a95b2c281b523dc03ac
23:54:31.305 [main] DEBUG org.apache.hc.client5.http.headers - http-outgoing-13 << Expires: Wed, 18 Dec 2024 22:59:31 GMT
23:54:31.305 [main] DEBUG org.apache.hc.client5.http.headers - http-outgoing-13 << Source-Age: 49
23:54:31.305 [main] DEBUG org.apache.hc.client5.http.impl.classic.MainClientExec - ex-0000000015 connection can be kept alive for 3 MINUTES
23:54:31.305 [main] DEBUG org.apache.hc.client5.http.wire - http-outgoing-13 << "[0x1f][0xffffff8b][0x8][0x0][0x0][0x0][0x0][0x0][0x0][0x3][0xffffffb5]W]o[0xffffffda]0[0x14]}[0xffffffe7]W\QUj% [0x1b][0xffffffad][0xffffffa6]i[0x12][0xf]4c[0xffffffdd]4*[0x18][0xffffffb4][0xffffffdd]&[0xfffffff9][0xffffffc5]$N[0xffffffb0][0xffffff94][0xffffffd8][0xffffffc8]NJ[0xffffffb7]_?[0xffffffdb][0xfffffff9]X[0xffffff92]:[0xffffffa3]k[0xffffffe8][0x1b][0xffffffb6][0xffffffef]=[0xffffffe7][0xffffffd8][0xfffffff7][0xffffffe4][0xffffffda][0xffffff9c][0xffffff80][0xffffffcb][0xffffffe3][0x18]3_[0xffffff82][0xffffff8f][0x13][0xffffffbc][0xffffffc1][0xffffff92][0xfffffff4]N[0xffffffe0]vK%[0x4]4"[0xffffffe0]q[0xffffff96]`[0xffffffca]$$[=[0xffffffc8]C[0x13][0xe][0x1b][0x2][0xffffffe4][0xffffff91]xiB|[0xffffffa0][0xffffffcc],[0xffffffcb]-[0xffffff89]"=[0xffffffe0][0xffffffc2]'B[0x7][0xfffffff9]$!^b[0x16][0x1f][0xffffff88][0xffffff90][0xffffff94][0xffffffab][0xffffffb5][0x0][0xffffff88][0xfffffffa][0x1d][\n]"
23:54:31.305 [main] DEBUG org.apache.hc.client5.http.wire - http-outgoing-13 << "B[0x18]l[0x4][0xffffffdf]K[0xffffffb5][0xffffffa0]([0xffffffcf][0xffffffdc][0xffffffad][0xffffffe0]1[0x19][0xffffffc0]'*H[0xffffffc0][0x1f][0x7][0xffffffb0][0xffffffd8][0x11][0xffffff81][0x7]0[0xfffffff3]C5kVi[0x1a][0xffffff9f]k|[0xffffff9f][0x6][0x1][0x11][0xffffff84]%[0xffffffc0]uLBY[0x8][0xfffffff2][0xffffff97]LH,[0xffffffe1][0xffffffec];e[0xffffffbe]B[0x1d][0xffffffc0][0xffffff9c][0xffffffb2]T[0xffffffc1][0xffffffdc]`[0xf][0x16][0xffffffeb][0xfffffff3][0xffffff9e][0xffffffe2][0xffffffc8](z[0xfffffff9]6F[0xffffff9e][0x19][0xffffff8e][0xfffffff6]Y[0xffffffc2][0xffffffe8][0xffffffcd][0xffffffdb][0xffffff89][0x17][0xfffffffb]#[0xffffffb5]+p\[0xffffffd8][0xffffffc7][0xffffffd4]3Gb[0xffffff8e]a[0xffffffbf]U|[0xffffffc0]pL&[0xfffffffd][0xffffffd3][0xffffffe5]jq[0xffffffbd][0xffffff9a][0xffffffde]|[0xfffffffa]2[0xffffff9f][0xffffffad]?[0xffffffa0][0x9]B[0xffffffa7][0x8]]s[0x1e]F[0x4][0xffffffa1][0xffffff8c][0x2][0xffffffa1][0xffffffe9]n[0x17]QOI[0xffffffe3][0xc][0xffffffa1][0xffffff9c]H![0xfffffff7]!$[0x9][0xffffffdc][0xffffffe7]g[0xffffffe1]<[0xffffffe0](m[0xffffffd7]3~[0xffffff81][0xffffff9e][0xffffffb3][0x1f][0xffffffef][0xffffffdf][0xffffff9d][0xffffffbf][0xffffffa6][0xffffffa8][0xffffff8b]g[0xffffff8a][0xffffff9a]/[0xffffffdc][0xffffffe9]|[0xffffffba]\~[0xffffff9c][0xffffffde]N_S[0xffffffcf][0xffffffe5]d5[0xffffffbb][0xffffff86]ow[0xffffffb3][0xffffffd5]O[0xfffffff8][0xfffffffc][0xffffffd5][0xffffffbd]Ck[0x1e]${,H[0xffffffc1][0xffffff96][0xffffff93]][0xffffffcd][0xffffffaf][0x8][0xfffffff6][0xc]^[0xffffffe1][0xffffffc5]^[0x13]4[0xffffffd2][0xffffff8e][0xffffffd1]>pR)[0xffffff9c][\r]eNh0[0xffffff86][0xffffffd9]:[0xc][0xffffff87]E[0xffffffa6]=q<i[0xffffff8b]o&[0xffffffc4][0xffffffd8]3<[0xffffff95][0x13][0xffffff90]N&8w[0xffffffe9][0x8][0xffffffef]v[0xffffff8e][0xffffffab][0xffffffbe]>es[0xffffffe9]([0x13]/[0xffffffd6][0xfffffff5][0xffffff80]*[0xffffffba][0xfffffff2]v[0xfffffffe][0xffffffd9][0xffffff94]DA6>[0xffffff8e][0xffffffbb]o[0xfffffff8]o[0x1a]E[0xffffffb8] A[0xffffffa8]@?T[0xffffffad]'*:{[0xfffffffa]xR.*[0xffffffce][0xffffffe9][0xffffffd7][0xffffffad][0xffffff93][0xffffff93]4[0xffffffc9][0xfffffffa][0xffffffda]<n*t[0xffffffeb][0xffffffb9]oV[0xffffffb6][0xffffffc0]/M[0xffffff94]O[0xffffffc0][0xfffffff0][0xffffffe1]i[0xffffff90][0xffffffb5][0xfffffffe]9[0xffffff8b][0xffffffad][0xfffffff2]U,Ul[0xffffffdd][0x13]KL[0xffffffa2][0x6][0xffffffdd][0xffffffca]\?`[0xffffffea][0x9].[0xffffffd5]I [0xffffffa4]i[0x1a]_i,[\r][0xffffffdd][0xffffffa1][0xffffffc3][0xffffffae]kzI[0xffffffd1]_Q[0xffffffce]Ek[0xffffffcb][0xfffffff8]Kf[0xffffffb8][0xfffffffe][0xffffffd9]3[0xc][0xffffffe6][0xffffffd3][0xffffff8e][0x11][0x17][0x10]C[0x1d]`i[0x19][0xffffffd5][0xffffffbc][0xfffffff1][0xffffffa4]5[0xffffffbc][0x1e]o[0xfffffff5]K[0xffffffa9][0xffffffd6][0xfffffff8][0xffffffc1]f[0xffffff9b]z[0x4][0xffffffd4][0x1a][0xffffff86][0xffffffb9]^K[0x16]s[0xffffff91][0xfffffffe][0xffffffbf][0xffffff8b]l]~)x(p,[0x11]2[0x14][0x8]E8e[0xffffff9e][0xffffffca]:X[0xffffffa6][0xffffff86][0xffffff88].[0xffffffb6]9[0xffffff9a][0xffffff88].[0xfffffff7]]G[0xffffffea][0xffffffcb][0xe][0xfffffffb][0x7f].u[0xffffff83][0xffffffbb][0xfffffff4][0xffffffb3][0x19][0xffffffda][0xffffffec][0xffffff98][0xffffffc5]Y[0xfffffffd]h8m6\4[0xffffffc1][0xffffff8a][0xffffffb7][0xffffff98]z[0xffffffd0][0xffffffd5]oF5q[0x1c][0x13][0x16][0xfffffff0][0x1d][0x1e][0x19]5-[0xffffff9d][0xffffffef][0xffffffad]c[0xb]z[0xffffffae]/m[0xffffffe6]8[0xffffffb6][0xffffff96][0xfffffff6]7X[0xffffffc9]t[0xfffffff8][0xfffffff9][0xffffffa5][0x11]K[0xfffffffb][0x15]3[0xffffffc3][0xfffffffc][0x1f]B[0xffffffdb][0xffffffd3][0xffffffab][0xffffff92]4.[0xffffff93]Z[0xffffffdf]]:[0xffffffda][0xffffffea][0xffffffdc]B[0xffffffa6][0xffffffcd][0xffffffbc][0xffffffae][0x5][0xfffffff5][0x4][0xffffffd6]8[0xffffffc0][0xffffff82][0xffffff96][0xfffffff0][0xffffffd2][0xc][0xffffffed][0xffffffe0]Y[0xffffffa8][\r]:[[0xffffffa9][0x0][0xffffffff][0x1][0xfffffff8][0x15][0xffffffb4][0xffffffee][0xffffff8e][\r][0x0][0x0]"
23:54:31.305 [main] DEBUG org.apache.hc.client5.http.impl.classic.InternalHttpClient - ep-0000000015 releasing valid endpoint
23:54:31.305 [main] DEBUG org.apache.hc.client5.http.impl.io.PoolingHttpClientConnectionManager - ep-0000000015 releasing endpoint
23:54:31.305 [main] DEBUG org.apache.hc.client5.http.impl.io.PoolingHttpClientConnectionManager - ep-0000000015 connection http-outgoing-13 can be kept alive for 3 MINUTES
23:54:31.305 [main] DEBUG org.apache.hc.client5.http.impl.io.PoolingHttpClientConnectionManager - ep-0000000015 connection released [route: {s}->https://raw.githubusercontent.com:443][total available: 1; route allocated: 1 of 5; total allocated: 1 of 25]
23:54:31.305 [main] DEBUG io.github.bonigarcia.wdm.versions.VersionDetector - Detecting chrome version using online commands.properties
23:54:31.306 [main] DEBUG io.github.bonigarcia.wdm.versions.Shell - Running command on the shell: [cmd.exe, /C, wmic, datafile, where, name="%PROGRAMFILES:\=\\%\\Google\\Chrome\\Application\\chrome.exe", get, Version, /value]
23:54:31.415 [main] DEBUG io.github.bonigarcia.wdm.versions.Shell - Result: 
23:54:31.415 [main] DEBUG io.github.bonigarcia.wdm.versions.Shell - Running command on the shell: [cmd.exe, /C, wmic, datafile, where, name="%PROGRAMFILES(X86):\=\\%\\Google\\Chrome\\Application\\chrome.exe", get, Version, /value]
23:54:31.645 [main] DEBUG io.github.bonigarcia.wdm.versions.Shell - Result: 
23:54:31.646 [main] DEBUG io.github.bonigarcia.wdm.versions.Shell - Running command on the shell: [cmd.exe, /C, wmic, datafile, where, name="%LOCALAPPDATA:\=\\%\\Google\\Chrome\\Application\\chrome.exe", get, Version, /value]
23:54:31.771 [main] DEBUG io.github.bonigarcia.wdm.versions.Shell - Result: 
23:54:31.771 [main] DEBUG io.github.bonigarcia.wdm.versions.Shell - Running command on the shell: [REG, QUERY, HKCU\Software\Google\Chrome\BLBeacon, /v, version]
23:54:31.813 [main] DEBUG io.github.bonigarcia.wdm.versions.Shell - Result: 
23:54:31.813 [main] DEBUG io.github.bonigarcia.wdm.versions.VersionDetector - Browser version for chrome not detected using online properties (using local commands.properties)
23:54:31.814 [main] DEBUG io.github.bonigarcia.wdm.versions.Shell - Running command on the shell: [cmd.exe, /C, wmic, datafile, where, name="%PROGRAMFILES:\=\\%\\Google\\Chrome\\Application\\chrome.exe", get, Version, /value]
23:54:32.064 [main] DEBUG io.github.bonigarcia.wdm.versions.Shell - Result: 
23:54:32.065 [main] DEBUG io.github.bonigarcia.wdm.versions.Shell - Running command on the shell: [cmd.exe, /C, wmic, datafile, where, name="%PROGRAMFILES(X86):\=\\%\\Google\\Chrome\\Application\\chrome.exe", get, Version, /value]
23:54:32.227 [main] DEBUG io.github.bonigarcia.wdm.versions.Shell - Result: 
23:54:32.228 [main] DEBUG io.github.bonigarcia.wdm.versions.Shell - Running command on the shell: [cmd.exe, /C, wmic, datafile, where, name="%LOCALAPPDATA:\=\\%\\Google\\Chrome\\Application\\chrome.exe", get, Version, /value]
23:54:32.405 [main] DEBUG io.github.bonigarcia.wdm.versions.Shell - Result: 
23:54:32.406 [main] DEBUG io.github.bonigarcia.wdm.versions.Shell - Running command on the shell: [REG, QUERY, HKCU\Software\Google\Chrome\BLBeacon, /v, version]
23:54:32.453 [main] DEBUG io.github.bonigarcia.wdm.versions.Shell - Result: 
23:54:32.453 [main] DEBUG io.github.bonigarcia.wdm.WebDriverManager - The driver version for CHROME is unknown ... trying with latest
23:54:32.456 [main] DEBUG org.apache.hc.client5.http.impl.classic.InternalHttpClient - ex-0000000016 preparing request execution
23:54:32.456 [main] DEBUG org.apache.hc.client5.http.impl.classic.ProtocolExec - ex-0000000016 target auth state: UNCHALLENGED
23:54:32.456 [main] DEBUG org.apache.hc.client5.http.impl.classic.ProtocolExec - ex-0000000016 proxy auth state: UNCHALLENGED
23:54:32.456 [main] DEBUG org.apache.hc.client5.http.impl.classic.ConnectExec - ex-0000000016 acquiring connection with route {s}->https://googlechromelabs.github.io:443
23:54:32.456 [main] DEBUG org.apache.hc.client5.http.impl.classic.InternalHttpClient - ex-0000000016 acquiring endpoint (3 MINUTES)
23:54:32.456 [main] DEBUG org.apache.hc.client5.http.impl.io.PoolingHttpClientConnectionManager - ex-0000000016 endpoint lease request (3 MINUTES) [route: {s}->https://googlechromelabs.github.io:443][total available: 1; route allocated: 0 of 5; total allocated: 1 of 25]
23:54:32.457 [main] DEBUG org.apache.hc.client5.http.impl.io.PoolingHttpClientConnectionManager - ex-0000000016 endpoint leased [route: {s}->https://googlechromelabs.github.io:443][total available: 1; route allocated: 1 of 5; total allocated: 2 of 25]
23:54:32.457 [main] DEBUG org.apache.hc.client5.http.impl.io.PoolingHttpClientConnectionManager - ex-0000000016 acquired ep-0000000016
23:54:32.457 [main] DEBUG org.apache.hc.client5.http.impl.classic.InternalHttpClient - ex-0000000016 acquired endpoint ep-0000000016
23:54:32.457 [main] DEBUG org.apache.hc.client5.http.impl.classic.ConnectExec - ex-0000000016 opening connection {s}->https://googlechromelabs.github.io:443
23:54:32.457 [main] DEBUG org.apache.hc.client5.http.impl.classic.InternalHttpClient - ep-0000000016 connecting endpoint (null)
23:54:32.457 [main] DEBUG org.apache.hc.client5.http.impl.io.PoolingHttpClientConnectionManager - ep-0000000016 connecting endpoint to https://googlechromelabs.github.io:443 (30 SECONDS)
23:54:32.457 [main] DEBUG org.apache.hc.client5.http.impl.io.DefaultHttpClientConnectionOperator - googlechromelabs.github.io resolving remote address
23:54:32.457 [main] DEBUG org.apache.hc.client5.http.impl.io.DefaultHttpClientConnectionOperator - googlechromelabs.github.io resolved to [googlechromelabs.github.io/185.199.108.153, googlechromelabs.github.io/185.199.110.153, googlechromelabs.github.io/185.199.111.153, googlechromelabs.github.io/185.199.109.153]
23:54:32.457 [main] DEBUG org.apache.hc.client5.http.impl.io.DefaultHttpClientConnectionOperator - googlechromelabs.github.io:443 connecting null->googlechromelabs.github.io/185.199.108.153:443 (30 SECONDS)
23:54:32.457 [main] DEBUG org.apache.hc.client5.http.ssl.SSLConnectionSocketFactory - Connecting socket to googlechromelabs.github.io/185.199.108.153:443 with timeout 30 SECONDS
23:54:32.465 [main] DEBUG org.apache.hc.client5.http.ssl.SSLConnectionSocketFactory - Enabled protocols: [TLSv1.3, TLSv1.2]
23:54:32.465 [main] DEBUG org.apache.hc.client5.http.ssl.SSLConnectionSocketFactory - Enabled cipher suites: [TLS_AES_256_GCM_SHA384, TLS_AES_128_GCM_SHA256, TLS_CHACHA20_POLY1305_SHA256, TLS_ECDHE_ECDSA_WITH_AES_256_GCM_SHA384, TLS_ECDHE_ECDSA_WITH_AES_128_GCM_SHA256, TLS_ECDHE_ECDSA_WITH_CHACHA20_POLY1305_SHA256, TLS_ECDHE_RSA_WITH_AES_256_GCM_SHA384, TLS_ECDHE_RSA_WITH_CHACHA20_POLY1305_SHA256, TLS_ECDHE_RSA_WITH_AES_128_GCM_SHA256, TLS_DHE_RSA_WITH_AES_256_GCM_SHA384, TLS_DHE_RSA_WITH_CHACHA20_POLY1305_SHA256, TLS_DHE_DSS_WITH_AES_256_GCM_SHA384, TLS_DHE_RSA_WITH_AES_128_GCM_SHA256, TLS_DHE_DSS_WITH_AES_128_GCM_SHA256, TLS_ECDHE_ECDSA_WITH_AES_256_CBC_SHA384, TLS_ECDHE_RSA_WITH_AES_256_CBC_SHA384, TLS_ECDHE_ECDSA_WITH_AES_128_CBC_SHA256, TLS_ECDHE_RSA_WITH_AES_128_CBC_SHA256, TLS_DHE_RSA_WITH_AES_256_CBC_SHA256, TLS_DHE_DSS_WITH_AES_256_CBC_SHA256, TLS_DHE_RSA_WITH_AES_128_CBC_SHA256, TLS_DHE_DSS_WITH_AES_128_CBC_SHA256, TLS_ECDHE_ECDSA_WITH_AES_256_CBC_SHA, TLS_ECDHE_RSA_WITH_AES_256_CBC_SHA, TLS_ECDHE_ECDSA_WITH_AES_128_CBC_SHA, TLS_ECDHE_RSA_WITH_AES_128_CBC_SHA, TLS_DHE_RSA_WITH_AES_256_CBC_SHA, TLS_DHE_DSS_WITH_AES_256_CBC_SHA, TLS_DHE_RSA_WITH_AES_128_CBC_SHA, TLS_DHE_DSS_WITH_AES_128_CBC_SHA, TLS_RSA_WITH_AES_256_GCM_SHA384, TLS_RSA_WITH_AES_128_GCM_SHA256, TLS_RSA_WITH_AES_256_CBC_SHA256, TLS_RSA_WITH_AES_128_CBC_SHA256, TLS_RSA_WITH_AES_256_CBC_SHA, TLS_RSA_WITH_AES_128_CBC_SHA, TLS_EMPTY_RENEGOTIATION_INFO_SCSV]
23:54:32.465 [main] DEBUG org.apache.hc.client5.http.ssl.SSLConnectionSocketFactory - Starting handshake (null)
23:54:32.485 [main] DEBUG org.apache.hc.client5.http.ssl.SSLConnectionSocketFactory - Secure session established
23:54:32.485 [main] DEBUG org.apache.hc.client5.http.ssl.SSLConnectionSocketFactory -  negotiated protocol: TLSv1.3
23:54:32.485 [main] DEBUG org.apache.hc.client5.http.ssl.SSLConnectionSocketFactory -  negotiated cipher suite: TLS_AES_128_GCM_SHA256
23:54:32.485 [main] DEBUG org.apache.hc.client5.http.ssl.SSLConnectionSocketFactory -  peer principal: CN=*.github.io, O="GitHub, Inc.", L=San Francisco, ST=California, C=US
23:54:32.485 [main] DEBUG org.apache.hc.client5.http.ssl.SSLConnectionSocketFactory -  peer alternative names: [*.github.io, github.io, githubusercontent.com, www.github.com, *.github.com, *.githubusercontent.com, github.com]
23:54:32.485 [main] DEBUG org.apache.hc.client5.http.ssl.SSLConnectionSocketFactory -  issuer principal: CN=DigiCert Global G2 TLS RSA SHA256 2020 CA1, O=DigiCert Inc, C=US
23:54:32.485 [main] DEBUG org.apache.hc.client5.http.impl.io.DefaultManagedHttpClientConnection - http-outgoing-14 set socket timeout to 3 MINUTES
23:54:32.485 [main] DEBUG org.apache.hc.client5.http.impl.io.DefaultHttpClientConnectionOperator - googlechromelabs.github.io:443 connected null->googlechromelabs.github.io/185.199.108.153:443 as http-outgoing-14
23:54:32.485 [main] DEBUG org.apache.hc.client5.http.impl.io.PoolingHttpClientConnectionManager - ep-0000000016 connected http-outgoing-14
23:54:32.485 [main] DEBUG org.apache.hc.client5.http.impl.classic.InternalHttpClient - ep-0000000016 endpoint connected
23:54:32.485 [main] DEBUG org.apache.hc.client5.http.impl.classic.MainClientExec - ex-0000000016 executing GET /chrome-for-testing/last-known-good-versions-with-downloads.json HTTP/1.1
23:54:32.485 [main] DEBUG org.apache.hc.client5.http.protocol.RequestAddCookies - ex-0000000016 Cookie spec selected: strict
23:54:32.485 [main] DEBUG org.apache.hc.client5.http.impl.classic.InternalHttpClient - ep-0000000016 start execution ex-0000000016
23:54:32.485 [main] DEBUG org.apache.hc.client5.http.impl.io.PoolingHttpClientConnectionManager - ep-0000000016 executing exchange ex-0000000016 over http-outgoing-14
23:54:32.485 [main] DEBUG org.apache.hc.client5.http.headers - http-outgoing-14 >> GET /chrome-for-testing/last-known-good-versions-with-downloads.json HTTP/1.1
23:54:32.486 [main] DEBUG org.apache.hc.client5.http.headers - http-outgoing-14 >> user-agent: Apache-HttpClient/5.0
23:54:32.486 [main] DEBUG org.apache.hc.client5.http.headers - http-outgoing-14 >> accept-encoding: gzip, deflate, br
23:54:32.486 [main] DEBUG org.apache.hc.client5.http.headers - http-outgoing-14 >> cache-control: max-age=0
23:54:32.486 [main] DEBUG org.apache.hc.client5.http.headers - http-outgoing-14 >> connection: keep-alive
23:54:32.486 [main] DEBUG org.apache.hc.client5.http.headers - http-outgoing-14 >> Host: googlechromelabs.github.io
23:54:32.486 [main] DEBUG org.apache.hc.client5.http.wire - http-outgoing-14 >> "GET /chrome-for-testing/last-known-good-versions-with-downloads.json HTTP/1.1[\r][\n]"
23:54:32.486 [main] DEBUG org.apache.hc.client5.http.wire - http-outgoing-14 >> "user-agent: Apache-HttpClient/5.0[\r][\n]"
23:54:32.486 [main] DEBUG org.apache.hc.client5.http.wire - http-outgoing-14 >> "accept-encoding: gzip, deflate, br[\r][\n]"
23:54:32.486 [main] DEBUG org.apache.hc.client5.http.wire - http-outgoing-14 >> "cache-control: max-age=0[\r][\n]"
23:54:32.486 [main] DEBUG org.apache.hc.client5.http.wire - http-outgoing-14 >> "connection: keep-alive[\r][\n]"
23:54:32.486 [main] DEBUG org.apache.hc.client5.http.wire - http-outgoing-14 >> "Host: googlechromelabs.github.io[\r][\n]"
23:54:32.486 [main] DEBUG org.apache.hc.client5.http.wire - http-outgoing-14 >> "[\r][\n]"
23:54:32.491 [main] DEBUG org.apache.hc.client5.http.wire - http-outgoing-14 << "HTTP/1.1 200 OK[\r][\n]"
23:54:32.491 [main] DEBUG org.apache.hc.client5.http.wire - http-outgoing-14 << "Connection: keep-alive[\r][\n]"
23:54:32.491 [main] DEBUG org.apache.hc.client5.http.wire - http-outgoing-14 << "Content-Length: 648[\r][\n]"
23:54:32.491 [main] DEBUG org.apache.hc.client5.http.wire - http-outgoing-14 << "Server: GitHub.com[\r][\n]"
23:54:32.491 [main] DEBUG org.apache.hc.client5.http.wire - http-outgoing-14 << "Content-Type: application/json; charset=utf-8[\r][\n]"
23:54:32.491 [main] DEBUG org.apache.hc.client5.http.wire - http-outgoing-14 << "permissions-policy: interest-cohort=()[\r][\n]"
23:54:32.491 [main] DEBUG org.apache.hc.client5.http.wire - http-outgoing-14 << "x-origin-cache: HIT[\r][\n]"
23:54:32.491 [main] DEBUG org.apache.hc.client5.http.wire - http-outgoing-14 << "Last-Modified: Wed, 18 Dec 2024 22:10:21 GMT[\r][\n]"
23:54:32.491 [main] DEBUG org.apache.hc.client5.http.wire - http-outgoing-14 << "Access-Control-Allow-Origin: *[\r][\n]"
23:54:32.491 [main] DEBUG org.apache.hc.client5.http.wire - http-outgoing-14 << "Strict-Transport-Security: max-age=31556952[\r][\n]"
23:54:32.491 [main] DEBUG org.apache.hc.client5.http.wire - http-outgoing-14 << "ETag: W/"6763484d-21f8"[\r][\n]"
23:54:32.491 [main] DEBUG org.apache.hc.client5.http.wire - http-outgoing-14 << "expires: Wed, 18 Dec 2024 22:20:24 GMT[\r][\n]"
23:54:32.491 [main] DEBUG org.apache.hc.client5.http.wire - http-outgoing-14 << "Cache-Control: max-age=600[\r][\n]"
23:54:32.491 [main] DEBUG org.apache.hc.client5.http.wire - http-outgoing-14 << "Content-Encoding: gzip[\r][\n]"
23:54:32.491 [main] DEBUG org.apache.hc.client5.http.wire - http-outgoing-14 << "x-proxy-cache: HIT[\r][\n]"
23:54:32.491 [main] DEBUG org.apache.hc.client5.http.wire - http-outgoing-14 << "X-GitHub-Request-Id: 3E16:97749:307462:30FE10:67634903[\r][\n]"
23:54:32.491 [main] DEBUG org.apache.hc.client5.http.wire - http-outgoing-14 << "Accept-Ranges: bytes[\r][\n]"
23:54:32.491 [main] DEBUG org.apache.hc.client5.http.wire - http-outgoing-14 << "Date: Wed, 18 Dec 2024 22:54:32 GMT[\r][\n]"
23:54:32.491 [main] DEBUG org.apache.hc.client5.http.wire - http-outgoing-14 << "Via: 1.1 varnish[\r][\n]"
23:54:32.491 [main] DEBUG org.apache.hc.client5.http.wire - http-outgoing-14 << "Age: 412[\r][\n]"
23:54:32.491 [main] DEBUG org.apache.hc.client5.http.wire - http-outgoing-14 << "X-Served-By: cache-mad2200146-MAD[\r][\n]"
23:54:32.491 [main] DEBUG org.apache.hc.client5.http.wire - http-outgoing-14 << "X-Cache: HIT[\r][\n]"
23:54:32.491 [main] DEBUG org.apache.hc.client5.http.wire - http-outgoing-14 << "X-Cache-Hits: 1[\r][\n]"
23:54:32.491 [main] DEBUG org.apache.hc.client5.http.wire - http-outgoing-14 << "X-Timer: S1734562473.742758,VS0,VE1[\r][\n]"
23:54:32.491 [main] DEBUG org.apache.hc.client5.http.wire - http-outgoing-14 << "Vary: Accept-Encoding[\r][\n]"
23:54:32.491 [main] DEBUG org.apache.hc.client5.http.wire - http-outgoing-14 << "X-Fastly-Request-ID: 20296d1ebe97de9d64f444b349e80c2475cbf859[\r][\n]"
23:54:32.491 [main] DEBUG org.apache.hc.client5.http.wire - http-outgoing-14 << "[\r][\n]"
23:54:32.492 [main] DEBUG org.apache.hc.client5.http.headers - http-outgoing-14 << HTTP/1.1 200 OK
23:54:32.492 [main] DEBUG org.apache.hc.client5.http.headers - http-outgoing-14 << Connection: keep-alive
23:54:32.492 [main] DEBUG org.apache.hc.client5.http.headers - http-outgoing-14 << Content-Length: 648
23:54:32.492 [main] DEBUG org.apache.hc.client5.http.headers - http-outgoing-14 << Server: GitHub.com
23:54:32.492 [main] DEBUG org.apache.hc.client5.http.headers - http-outgoing-14 << Content-Type: application/json; charset=utf-8
23:54:32.492 [main] DEBUG org.apache.hc.client5.http.headers - http-outgoing-14 << permissions-policy: interest-cohort=()
23:54:32.492 [main] DEBUG org.apache.hc.client5.http.headers - http-outgoing-14 << x-origin-cache: HIT
23:54:32.492 [main] DEBUG org.apache.hc.client5.http.headers - http-outgoing-14 << Last-Modified: Wed, 18 Dec 2024 22:10:21 GMT
23:54:32.492 [main] DEBUG org.apache.hc.client5.http.headers - http-outgoing-14 << Access-Control-Allow-Origin: *
23:54:32.492 [main] DEBUG org.apache.hc.client5.http.headers - http-outgoing-14 << Strict-Transport-Security: max-age=31556952
23:54:32.492 [main] DEBUG org.apache.hc.client5.http.headers - http-outgoing-14 << ETag: W/"6763484d-21f8"
23:54:32.492 [main] DEBUG org.apache.hc.client5.http.headers - http-outgoing-14 << expires: Wed, 18 Dec 2024 22:20:24 GMT
23:54:32.492 [main] DEBUG org.apache.hc.client5.http.headers - http-outgoing-14 << Cache-Control: max-age=600
23:54:32.492 [main] DEBUG org.apache.hc.client5.http.headers - http-outgoing-14 << Content-Encoding: gzip
23:54:32.492 [main] DEBUG org.apache.hc.client5.http.headers - http-outgoing-14 << x-proxy-cache: HIT
23:54:32.492 [main] DEBUG org.apache.hc.client5.http.headers - http-outgoing-14 << X-GitHub-Request-Id: 3E16:97749:307462:30FE10:67634903
23:54:32.492 [main] DEBUG org.apache.hc.client5.http.headers - http-outgoing-14 << Accept-Ranges: bytes
23:54:32.492 [main] DEBUG org.apache.hc.client5.http.headers - http-outgoing-14 << Date: Wed, 18 Dec 2024 22:54:32 GMT
23:54:32.492 [main] DEBUG org.apache.hc.client5.http.headers - http-outgoing-14 << Via: 1.1 varnish
23:54:32.492 [main] DEBUG org.apache.hc.client5.http.headers - http-outgoing-14 << Age: 412
23:54:32.492 [main] DEBUG org.apache.hc.client5.http.headers - http-outgoing-14 << X-Served-By: cache-mad2200146-MAD
23:54:32.492 [main] DEBUG org.apache.hc.client5.http.headers - http-outgoing-14 << X-Cache: HIT
23:54:32.492 [main] DEBUG org.apache.hc.client5.http.headers - http-outgoing-14 << X-Cache-Hits: 1
23:54:32.492 [main] DEBUG org.apache.hc.client5.http.headers - http-outgoing-14 << X-Timer: S1734562473.742758,VS0,VE1
23:54:32.492 [main] DEBUG org.apache.hc.client5.http.headers - http-outgoing-14 << Vary: Accept-Encoding
23:54:32.492 [main] DEBUG org.apache.hc.client5.http.headers - http-outgoing-14 << X-Fastly-Request-ID: 20296d1ebe97de9d64f444b349e80c2475cbf859
23:54:32.492 [main] DEBUG org.apache.hc.client5.http.impl.classic.MainClientExec - ex-0000000016 connection can be kept alive for 3 MINUTES
23:54:32.494 [main] DEBUG org.apache.hc.client5.http.wire - http-outgoing-14 << "[0x1f][0xffffff8b][0x8][0x0][0x0][0x0][0x0][0x0][0x0][0x3][0xffffffcd][0xffffff96][0xffffffc9][0xffffff92][0xffffff9b]0[0x10][0xffffff86][0xffffffef]y[0xc][0xffffff9d]Y[0x5]f;&[0xfffffff3][0x6][0xffffff93]SR9hl[0xffffffc5][0xffffffa6]J,[0xffffff85][0xffffffb0]'[0xffffff89][0xffffff8b]w[0xffffff8f]X[0xffffff8c][0x1]K[0xffffffcc]e[0xffffffac][0xffffffe6][0x6][\r][0xffffffea][0xfffffffe][0xffffffa1][0xffffffbe][0xffffffea][0xfffffffa][0xffffffae][0xffffffa8]N3[0xffffffca]k[0xffffff92][0xffffff95](A[0xffffffd8][0xffffffc1][0xffffffbe][0xffffffe9]b[0xffffffd3][0xffffff8d][0xffffffbe]c[0xffffff9c]8q[0xffffffe2][0xffffffb9]V[0x18][0xffffffe1][0x1f][0xffffffc8]@[0xfffffffb][0x13][0xffffffc9]s[0xffffffca]8J[0xffffffae][0xffffffe8][0xffffffb5]&o[0xffffff8c][0xffffffb6]WCU[0x1c][0x1d]j[0x6][0xffffffba][0xffffffd0][0xffffff8a][0xffffffa7]E.J[0xffffffae]8[0xffffffed]XA[0x18]F[0x16]v|[0xfffffff1][0xffffffa8][0xffffffa2][0xffffff97]t|[0x16]D;[0x1c][0xffffff8b][0xffffffe2][0xffffffa1]x[0xffffffcf]YA[0xe][0xffffffbc][0xffffffef]W[0x15][0xffffff99][0xffffffe8][0xfffffffc][0xfffffff3][0xffffff8a]JF[0xffffffea][0xffffffdf]E[0xffffff95][0xffffff89][0xffffff97]Y[0xffffff9a][0xffffff9f][0xffffffff][0x4]m[0xffffff87]s[0xffffffd5][0xffffffce]:[0xffffffd5]u[0xffffffc9][0x13][0xffffffdb][0xffffffe6]uQ[0xffffff91]#[0xffffffb5][0xffffff8e]Eqd[0xffffff94][0xffffff94])[0xffffffb7][0xfffffff6]Ef[0xfffffff7]MLq[0xffffffd8][0xffffffac][0xffffffc5][0xffffffa7][0xffffffa5][0xfffffff9][0xffffffd1],[0xffffffcf]o,[0xffffffdd][0xffffffdb][0xfffffff3]D[0xfffffff6][0xffffffd0][0xfffffff7]v`[0xffffffb8][0xffffffb5][0xfffffffe][0xffffffa5]%j[0xffffff8c]Y[0xffffff82][0xffffff8c][0xffffffec]MReO[0xffffffc8]0v[0xffffffbe][0x1d][0x19][0xb][0xffffffaa][0x1c][0xffffffcf][0xfffffff8][0x13]C[0xffffffdf]i[0x6][0xffffffc5][0xffffff9f]xOs[0xf][0x7f][0xfffffffa][0xfffffffc][0xffffffae][0xffffffeb][0xffffffed][0xfffffff5][0xffffffee]F1[0xfffffffb][0x9][0xffffffdf][0xffffffde]u[0xffffff9d][0xffffffcc][0xffffffbe]}[0xfffffff7]/c[0xffffffc0][0xfffffff1]P[0xffffffa5][0x2]j[0x18]([0xfffffffb][0xffffffd9][0xffffffdb]@s[0xffffffc8][0xffffffb2][0x1]@'I[0xffffffc0]0[0x1d]2[0x0][0xffffffc2]zO[0xfffffff0][0xffffff80][0xffffffac]y[0xffffffa2][0xffffffe4][0xffffffc0]([0xffffffe7]&?Q[0xffffffc6]`[0xffffffd8]][0xffffff84][0xffffffd8][0x6][0xffffffc4][0xffffffcb]P[0x1b][0xffffffa0]Y[0x16][0x9][0xc][0xffffffeb]e[0x18]@[0xffffffbe]%QF[0xffffffd0][0xffffff9b][0xffffffc6]@_iM[0xffffffe6][0x12][0xffffffd2]U[0xffffffe6][\n]"
23:54:32.494 [main] DEBUG org.apache.hc.client5.http.wire - http-outgoing-14 << "[0xffffff82][0xffffffdb][0xffffffee][0xffffff91][0xffffffe7][~[0xffffffb0]4[0xffffff90][0xffffffc8][0xffffffdd][0x5][0xffffffae]v[0x3][0xffffff99][0x4][0xffffff82][0x12][0xffffff90]i[0x4]0[0xffffffff]X[0xffffff86][0xffffffd0][0xffffffac][0x1f][0xffffffd3][0xfffffff1][0xffffff9a][0xffffffed]c1[0x1a]X>[0xffffffd4]<jv[0xffffff8f]5*5[0xffffffab][0xffffff87][0xffffff9a]M[0xffffff8d][0xffffffe6][0xffffffa1]"T[0xffffff9b]x[0xffffffa8]8[0xffffffdd][0xffffff84]w[0xffffffac][0xffffffac]Q [0xffffffed]X[0xffffffdd][0xffffffaa]@[0xffffffd6][0xffffffb1][0xffffffb2]d[0x1][0xffffffa4]C[0xffffffb9]s[0xffffffb5];[0xffffff87]r[0x5][0x7f][0xffffffa0][0x1c]/[0xfffffff4]27[0xffffff8e][0xffffffb6]0[0x17][0xe][0xffffffaf]k[0x1d][0x9][0xffffff9d]Y[0xfffffffa]F[0xffffffec][0xffffffef][0xffffffbc]P[0xffffffbb]o[0xffffffdc][0xfffffff3]@[0xffffffe9][0xffffffc6]$[0x1][0xffffff98]m,2h[0xffffff96][0xffffff8d][0xffffffc9]t[0xffffffcd][0xffffffae]1[0xffffff9f][0xc][0xffffffac][0x1a]J[0x14]5[0xffffff9b][0xffffffc6][\n]"
23:54:32.494 [main] DEBUG org.apache.hc.client5.http.wire - http-outgoing-14 << "[0xffffff90][0xffffff9a]EC[0xffffff89][0xffffffa5]F[0xffffffcf]P[0xffffffc0][0xffffffa9]M3[0x14][0xffffff88]n[0xffffffc2]2[0xffffffd4][0xffffffcb][0x13]H2[0xffffffd6]v)[0xffffff90]c[0xffffffa8]W+[0xffffff80]b[0xffffffa8]6[0xffffffad]v[0xffffffc3]P-[0xffffffde][0xf][0x4][0xffffffe3][0x1b][0xffffffc9]I[0xfffffff5]w[0xffffffee][0x18]CM[0xffffffa2][0x19][0xffffffb1][0xffffffe3][[0xffffffce][0xffffff83]f[0xffffff84][0xffffffb1][0xffffff8b]a4[0xffffffa3][0xffffffcb][0x3][0xffffffaa][0x19]}[0x2]X[0xffffffcd][0xffffffb8]g[0xffffff80][0xffffffd0][0xffffff8c]~:[0xffffff84]f[0xffffff8c][0xffffff93][0xffffffb7][0xffffffa0][0x19]2[0x14]!4C[0xe]$[0xffffff84]f[0xffffffc8][0xffffffb0][0xffffffd4][0xffffffad][0x19][0xffffff8f]p[0xffffffea][0xffffffd5][0xffffff8c]GD[0xffffffb7][0xffffffa3][0x19][0xffffffd2][0xffffffe5][0x9][0xffffffa9][0x19][0xffffff8a]][\n]"
23:54:32.494 [main] DEBUG org.apache.hc.client5.http.wire - http-outgoing-14 << "[0xffffffa9][0x19][0xffffffd2][0xffffffd5][\n]"
23:54:32.494 [main] DEBUG org.apache.hc.client5.http.wire - http-outgoing-14 << "[0xffffffa5][0x19][0xffffff92]M[0xb][0xffffffa3][0x19][0xffffff92][0xffffffc5][0xffffffbb][0xffffffaa][0x19]M[0xfffffff3][0xffffffe5]?9[0xfffffff3][0x3][0xffffffa4][0xfffffff8]![0x0][0x0]"
23:54:32.494 [main] DEBUG org.apache.hc.client5.http.impl.classic.InternalHttpClient - ep-0000000016 releasing valid endpoint
23:54:32.494 [main] DEBUG org.apache.hc.client5.http.impl.io.PoolingHttpClientConnectionManager - ep-0000000016 releasing endpoint
23:54:32.494 [main] DEBUG org.apache.hc.client5.http.impl.io.PoolingHttpClientConnectionManager - ep-0000000016 connection http-outgoing-14 can be kept alive for 3 MINUTES
23:54:32.494 [main] DEBUG org.apache.hc.client5.http.impl.io.PoolingHttpClientConnectionManager - ep-0000000016 connection released [route: {s}->https://googlechromelabs.github.io:443][total available: 2; route allocated: 1 of 5; total allocated: 2 of 25]
23:54:32.499 [main] DEBUG io.github.bonigarcia.wdm.WebDriverManager - Driver chromedriver 131.0.6778.204 found in cache
23:54:32.500 [main] INFO io.github.bonigarcia.wdm.WebDriverManager - Exporting webdriver.chrome.driver as C:\Users\MisterSurface\.cache\selenium\chromedriver\win64\131.0.6778.204\chromedriver.exe
]]></system-out>
    <system-err><![CDATA[Starting ChromeDriver 131.0.6778.204 (52183f9e99a61056f9b78535f53d256f1516f2a0-refs/branch-heads/6778_155@{#7}) on port 36535
Only local connections are allowed.
Please see https://chromedriver.chromium.org/security-considerations for suggestions on keeping ChromeDriver safe.
ChromeDriver was started successfully on port 36535.
]]></system-err>
  </testcase>
  <testcase name="testNewMovieTitle" classname="com.lauracercas.moviecards.endtoendtest.MovieE2ETest" time="0.002">
    <error message="session not created&#10;from unknown error: cannot find Chrome binary&#10;Build info: version: &apos;3.141.59&apos;, revision: &apos;e82be7d358&apos;, time: &apos;2018-11-14T08:17:03&apos;&#10;System info: host: &apos;DESKTOP-JI5NALH&apos;, ip: &apos;192.168.110.47&apos;, os.name: &apos;Windows 10&apos;, os.arch: &apos;amd64&apos;, os.version: &apos;10.0&apos;, java.version: &apos;23&apos;&#10;Driver info: driver.version: ChromeDriver&#10;remote stacktrace: 	GetHandleVerifier [0x00007FF6AE68FB05+28789]&#10;	(No symbol) [0x00007FF6AE5F86E0]&#10;	(No symbol) [0x00007FF6AE49592A]&#10;	(No symbol) [0x00007FF6AE4CDBC8]&#10;	(No symbol) [0x00007FF6AE4CBC59]&#10;	(No symbol) [0x00007FF6AE51A77C]&#10;	(No symbol) [0x00007FF6AE519D60]&#10;	(No symbol) [0x00007FF6AE50F1E3]&#10;	(No symbol) [0x00007FF6AE4DA938]&#10;	(No symbol) [0x00007FF6AE4DBAA1]&#10;	GetHandleVerifier [0x00007FF6AE9C933D+3410093]&#10;	GetHandleVerifier [0x00007FF6AE9DE7DD+3497293]&#10;	GetHandleVerifier [0x00007FF6AE9D2A73+3448803]&#10;	GetHandleVerifier [0x00007FF6AE757BBB+848171]&#10;	(No symbol) [0x00007FF6AE603C3F]&#10;	(No symbol) [0x00007FF6AE5FF6E4]&#10;	(No symbol) [0x00007FF6AE5FF87D]&#10;	(No symbol) [0x00007FF6AE5EED49]&#10;	BaseThreadInitThunk [0x00007FFF75EB7374+20]&#10;	RtlUserThreadStart [0x00007FFF7617CC91+33]&#10;" type="org.openqa.selenium.SessionNotCreatedException">org.openqa.selenium.SessionNotCreatedException: 
session not created
from unknown error: cannot find Chrome binary
Build info: version: '3.141.59', revision: 'e82be7d358', time: '2018-11-14T08:17:03'
System info: host: 'DESKTOP-JI5NALH', ip: '192.168.110.47', os.name: 'Windows 10', os.arch: 'amd64', os.version: '10.0', java.version: '23'
Driver info: driver.version: ChromeDriver
remote stacktrace: 	GetHandleVerifier [0x00007FF6AE68FB05+28789]
	(No symbol) [0x00007FF6AE5F86E0]
	(No symbol) [0x00007FF6AE49592A]
	(No symbol) [0x00007FF6AE4CDBC8]
	(No symbol) [0x00007FF6AE4CBC59]
	(No symbol) [0x00007FF6AE51A77C]
	(No symbol) [0x00007FF6AE519D60]
	(No symbol) [0x00007FF6AE50F1E3]
	(No symbol) [0x00007FF6AE4DA938]
	(No symbol) [0x00007FF6AE4DBAA1]
	GetHandleVerifier [0x00007FF6AE9C933D+3410093]
	GetHandleVerifier [0x00007FF6AE9DE7DD+3497293]
	GetHandleVerifier [0x00007FF6AE9D2A73+3448803]
	GetHandleVerifier [0x00007FF6AE757BBB+848171]
	(No symbol) [0x00007FF6AE603C3F]
	(No symbol) [0x00007FF6AE5FF6E4]
	(No symbol) [0x00007FF6AE5FF87D]
	(No symbol) [0x00007FF6AE5EED49]
	BaseThreadInitThunk [0x00007FFF75EB7374+20]
	RtlUserThreadStart [0x00007FFF7617CC91+33]

	at com.lauracercas.moviecards.endtoendtest.MovieE2ETest.setUp(MovieE2ETest.java:34)
</error>
    <system-out><![CDATA[23:54:32.905 [main] DEBUG io.github.bonigarcia.wdm.WebDriverManager - Using WebDriverManager 5.7.0
23:54:32.916 [main] DEBUG org.apache.hc.client5.http.impl.classic.InternalHttpClient - ex-0000000017 preparing request execution
23:54:32.916 [main] DEBUG org.apache.hc.client5.http.impl.classic.ProtocolExec - ex-0000000017 target auth state: UNCHALLENGED
23:54:32.916 [main] DEBUG org.apache.hc.client5.http.impl.classic.ProtocolExec - ex-0000000017 proxy auth state: UNCHALLENGED
23:54:32.916 [main] DEBUG org.apache.hc.client5.http.impl.classic.ConnectExec - ex-0000000017 acquiring connection with route {s}->https://raw.githubusercontent.com:443
23:54:32.916 [main] DEBUG org.apache.hc.client5.http.impl.classic.InternalHttpClient - ex-0000000017 acquiring endpoint (3 MINUTES)
23:54:32.916 [main] DEBUG org.apache.hc.client5.http.impl.io.PoolingHttpClientConnectionManager - ex-0000000017 endpoint lease request (3 MINUTES) [route: {s}->https://raw.githubusercontent.com:443][total available: 0; route allocated: 0 of 5; total allocated: 0 of 25]
23:54:32.916 [main] DEBUG org.apache.hc.client5.http.impl.io.PoolingHttpClientConnectionManager - ex-0000000017 endpoint leased [route: {s}->https://raw.githubusercontent.com:443][total available: 0; route allocated: 1 of 5; total allocated: 1 of 25]
23:54:32.916 [main] DEBUG org.apache.hc.client5.http.impl.io.PoolingHttpClientConnectionManager - ex-0000000017 acquired ep-0000000017
23:54:32.916 [main] DEBUG org.apache.hc.client5.http.impl.classic.InternalHttpClient - ex-0000000017 acquired endpoint ep-0000000017
23:54:32.916 [main] DEBUG org.apache.hc.client5.http.impl.classic.ConnectExec - ex-0000000017 opening connection {s}->https://raw.githubusercontent.com:443
23:54:32.916 [main] DEBUG org.apache.hc.client5.http.impl.classic.InternalHttpClient - ep-0000000017 connecting endpoint (null)
23:54:32.916 [main] DEBUG org.apache.hc.client5.http.impl.io.PoolingHttpClientConnectionManager - ep-0000000017 connecting endpoint to https://raw.githubusercontent.com:443 (30 SECONDS)
23:54:32.916 [main] DEBUG org.apache.hc.client5.http.impl.io.DefaultHttpClientConnectionOperator - raw.githubusercontent.com resolving remote address
23:54:32.916 [main] DEBUG org.apache.hc.client5.http.impl.io.DefaultHttpClientConnectionOperator - raw.githubusercontent.com resolved to [raw.githubusercontent.com/185.199.109.133, raw.githubusercontent.com/185.199.108.133, raw.githubusercontent.com/185.199.111.133, raw.githubusercontent.com/185.199.110.133]
23:54:32.916 [main] DEBUG org.apache.hc.client5.http.impl.io.DefaultHttpClientConnectionOperator - raw.githubusercontent.com:443 connecting null->raw.githubusercontent.com/185.199.109.133:443 (30 SECONDS)
23:54:32.916 [main] DEBUG org.apache.hc.client5.http.ssl.SSLConnectionSocketFactory - Connecting socket to raw.githubusercontent.com/185.199.109.133:443 with timeout 30 SECONDS
23:54:32.929 [main] DEBUG org.apache.hc.client5.http.ssl.SSLConnectionSocketFactory - Enabled protocols: [TLSv1.3, TLSv1.2]
23:54:32.929 [main] DEBUG org.apache.hc.client5.http.ssl.SSLConnectionSocketFactory - Enabled cipher suites: [TLS_AES_256_GCM_SHA384, TLS_AES_128_GCM_SHA256, TLS_CHACHA20_POLY1305_SHA256, TLS_ECDHE_ECDSA_WITH_AES_256_GCM_SHA384, TLS_ECDHE_ECDSA_WITH_AES_128_GCM_SHA256, TLS_ECDHE_ECDSA_WITH_CHACHA20_POLY1305_SHA256, TLS_ECDHE_RSA_WITH_AES_256_GCM_SHA384, TLS_ECDHE_RSA_WITH_CHACHA20_POLY1305_SHA256, TLS_ECDHE_RSA_WITH_AES_128_GCM_SHA256, TLS_DHE_RSA_WITH_AES_256_GCM_SHA384, TLS_DHE_RSA_WITH_CHACHA20_POLY1305_SHA256, TLS_DHE_DSS_WITH_AES_256_GCM_SHA384, TLS_DHE_RSA_WITH_AES_128_GCM_SHA256, TLS_DHE_DSS_WITH_AES_128_GCM_SHA256, TLS_ECDHE_ECDSA_WITH_AES_256_CBC_SHA384, TLS_ECDHE_RSA_WITH_AES_256_CBC_SHA384, TLS_ECDHE_ECDSA_WITH_AES_128_CBC_SHA256, TLS_ECDHE_RSA_WITH_AES_128_CBC_SHA256, TLS_DHE_RSA_WITH_AES_256_CBC_SHA256, TLS_DHE_DSS_WITH_AES_256_CBC_SHA256, TLS_DHE_RSA_WITH_AES_128_CBC_SHA256, TLS_DHE_DSS_WITH_AES_128_CBC_SHA256, TLS_ECDHE_ECDSA_WITH_AES_256_CBC_SHA, TLS_ECDHE_RSA_WITH_AES_256_CBC_SHA, TLS_ECDHE_ECDSA_WITH_AES_128_CBC_SHA, TLS_ECDHE_RSA_WITH_AES_128_CBC_SHA, TLS_DHE_RSA_WITH_AES_256_CBC_SHA, TLS_DHE_DSS_WITH_AES_256_CBC_SHA, TLS_DHE_RSA_WITH_AES_128_CBC_SHA, TLS_DHE_DSS_WITH_AES_128_CBC_SHA, TLS_RSA_WITH_AES_256_GCM_SHA384, TLS_RSA_WITH_AES_128_GCM_SHA256, TLS_RSA_WITH_AES_256_CBC_SHA256, TLS_RSA_WITH_AES_128_CBC_SHA256, TLS_RSA_WITH_AES_256_CBC_SHA, TLS_RSA_WITH_AES_128_CBC_SHA, TLS_EMPTY_RENEGOTIATION_INFO_SCSV]
23:54:32.929 [main] DEBUG org.apache.hc.client5.http.ssl.SSLConnectionSocketFactory - Starting handshake (null)
23:54:32.943 [main] DEBUG org.apache.hc.client5.http.ssl.SSLConnectionSocketFactory - Secure session established
23:54:32.943 [main] DEBUG org.apache.hc.client5.http.ssl.SSLConnectionSocketFactory -  negotiated protocol: TLSv1.3
23:54:32.943 [main] DEBUG org.apache.hc.client5.http.ssl.SSLConnectionSocketFactory -  negotiated cipher suite: TLS_AES_128_GCM_SHA256
23:54:32.943 [main] DEBUG org.apache.hc.client5.http.ssl.SSLConnectionSocketFactory -  peer principal: CN=*.github.io, O="GitHub, Inc.", L=San Francisco, ST=California, C=US
23:54:32.943 [main] DEBUG org.apache.hc.client5.http.ssl.SSLConnectionSocketFactory -  peer alternative names: [*.github.io, github.io, githubusercontent.com, www.github.com, *.github.com, *.githubusercontent.com, github.com]
23:54:32.943 [main] DEBUG org.apache.hc.client5.http.ssl.SSLConnectionSocketFactory -  issuer principal: CN=DigiCert Global G2 TLS RSA SHA256 2020 CA1, O=DigiCert Inc, C=US
23:54:32.943 [main] DEBUG org.apache.hc.client5.http.impl.io.DefaultManagedHttpClientConnection - http-outgoing-15 set socket timeout to 3 MINUTES
23:54:32.943 [main] DEBUG org.apache.hc.client5.http.impl.io.DefaultHttpClientConnectionOperator - raw.githubusercontent.com:443 connected null->raw.githubusercontent.com/185.199.109.133:443 as http-outgoing-15
23:54:32.943 [main] DEBUG org.apache.hc.client5.http.impl.io.PoolingHttpClientConnectionManager - ep-0000000017 connected http-outgoing-15
23:54:32.943 [main] DEBUG org.apache.hc.client5.http.impl.classic.InternalHttpClient - ep-0000000017 endpoint connected
23:54:32.943 [main] DEBUG org.apache.hc.client5.http.impl.classic.MainClientExec - ex-0000000017 executing GET /bonigarcia/webdrivermanager/master/src/main/resources/commands.properties HTTP/1.1
23:54:32.943 [main] DEBUG org.apache.hc.client5.http.protocol.RequestAddCookies - ex-0000000017 Cookie spec selected: strict
23:54:32.943 [main] DEBUG org.apache.hc.client5.http.impl.classic.InternalHttpClient - ep-0000000017 start execution ex-0000000017
23:54:32.943 [main] DEBUG org.apache.hc.client5.http.impl.io.PoolingHttpClientConnectionManager - ep-0000000017 executing exchange ex-0000000017 over http-outgoing-15
23:54:32.943 [main] DEBUG org.apache.hc.client5.http.headers - http-outgoing-15 >> GET /bonigarcia/webdrivermanager/master/src/main/resources/commands.properties HTTP/1.1
23:54:32.943 [main] DEBUG org.apache.hc.client5.http.headers - http-outgoing-15 >> user-agent: Apache-HttpClient/5.0
23:54:32.943 [main] DEBUG org.apache.hc.client5.http.headers - http-outgoing-15 >> accept-encoding: gzip, deflate, br
23:54:32.943 [main] DEBUG org.apache.hc.client5.http.headers - http-outgoing-15 >> cache-control: max-age=0
23:54:32.943 [main] DEBUG org.apache.hc.client5.http.headers - http-outgoing-15 >> connection: keep-alive
23:54:32.943 [main] DEBUG org.apache.hc.client5.http.headers - http-outgoing-15 >> Host: raw.githubusercontent.com
23:54:32.943 [main] DEBUG org.apache.hc.client5.http.wire - http-outgoing-15 >> "GET /bonigarcia/webdrivermanager/master/src/main/resources/commands.properties HTTP/1.1[\r][\n]"
23:54:32.943 [main] DEBUG org.apache.hc.client5.http.wire - http-outgoing-15 >> "user-agent: Apache-HttpClient/5.0[\r][\n]"
23:54:32.943 [main] DEBUG org.apache.hc.client5.http.wire - http-outgoing-15 >> "accept-encoding: gzip, deflate, br[\r][\n]"
23:54:32.943 [main] DEBUG org.apache.hc.client5.http.wire - http-outgoing-15 >> "cache-control: max-age=0[\r][\n]"
23:54:32.943 [main] DEBUG org.apache.hc.client5.http.wire - http-outgoing-15 >> "connection: keep-alive[\r][\n]"
23:54:32.943 [main] DEBUG org.apache.hc.client5.http.wire - http-outgoing-15 >> "Host: raw.githubusercontent.com[\r][\n]"
23:54:32.943 [main] DEBUG org.apache.hc.client5.http.wire - http-outgoing-15 >> "[\r][\n]"
23:54:32.949 [main] DEBUG org.apache.hc.client5.http.wire - http-outgoing-15 << "HTTP/1.1 200 OK[\r][\n]"
23:54:32.949 [main] DEBUG org.apache.hc.client5.http.wire - http-outgoing-15 << "Connection: keep-alive[\r][\n]"
23:54:32.949 [main] DEBUG org.apache.hc.client5.http.wire - http-outgoing-15 << "Content-Length: 745[\r][\n]"
23:54:32.949 [main] DEBUG org.apache.hc.client5.http.wire - http-outgoing-15 << "Cache-Control: max-age=300[\r][\n]"
23:54:32.949 [main] DEBUG org.apache.hc.client5.http.wire - http-outgoing-15 << "Content-Security-Policy: default-src 'none'; style-src 'unsafe-inline'; sandbox[\r][\n]"
23:54:32.949 [main] DEBUG org.apache.hc.client5.http.wire - http-outgoing-15 << "Content-Type: text/plain; charset=utf-8[\r][\n]"
23:54:32.949 [main] DEBUG org.apache.hc.client5.http.wire - http-outgoing-15 << "ETag: W/"dd41edff335272162022217759820159dac501cff56850e2510f504462cd9b5f"[\r][\n]"
23:54:32.949 [main] DEBUG org.apache.hc.client5.http.wire - http-outgoing-15 << "Strict-Transport-Security: max-age=31536000[\r][\n]"
23:54:32.949 [main] DEBUG org.apache.hc.client5.http.wire - http-outgoing-15 << "X-Content-Type-Options: nosniff[\r][\n]"
23:54:32.949 [main] DEBUG org.apache.hc.client5.http.wire - http-outgoing-15 << "X-Frame-Options: deny[\r][\n]"
23:54:32.949 [main] DEBUG org.apache.hc.client5.http.wire - http-outgoing-15 << "X-XSS-Protection: 1; mode=block[\r][\n]"
23:54:32.949 [main] DEBUG org.apache.hc.client5.http.wire - http-outgoing-15 << "X-GitHub-Request-Id: 11E0:2FCCA8:200498:2217C9:6757BE85[\r][\n]"
23:54:32.949 [main] DEBUG org.apache.hc.client5.http.wire - http-outgoing-15 << "Content-Encoding: gzip[\r][\n]"
23:54:32.949 [main] DEBUG org.apache.hc.client5.http.wire - http-outgoing-15 << "Accept-Ranges: bytes[\r][\n]"
23:54:32.949 [main] DEBUG org.apache.hc.client5.http.wire - http-outgoing-15 << "Date: Wed, 18 Dec 2024 22:54:33 GMT[\r][\n]"
23:54:32.949 [main] DEBUG org.apache.hc.client5.http.wire - http-outgoing-15 << "Via: 1.1 varnish[\r][\n]"
23:54:32.949 [main] DEBUG org.apache.hc.client5.http.wire - http-outgoing-15 << "X-Served-By: cache-mad2200106-MAD[\r][\n]"
23:54:32.949 [main] DEBUG org.apache.hc.client5.http.wire - http-outgoing-15 << "X-Cache: HIT[\r][\n]"
23:54:32.949 [main] DEBUG org.apache.hc.client5.http.wire - http-outgoing-15 << "X-Cache-Hits: 1[\r][\n]"
23:54:32.949 [main] DEBUG org.apache.hc.client5.http.wire - http-outgoing-15 << "X-Timer: S1734562473.200958,VS0,VE2[\r][\n]"
23:54:32.949 [main] DEBUG org.apache.hc.client5.http.wire - http-outgoing-15 << "Vary: Authorization,Accept-Encoding,Origin[\r][\n]"
23:54:32.949 [main] DEBUG org.apache.hc.client5.http.wire - http-outgoing-15 << "Access-Control-Allow-Origin: *[\r][\n]"
23:54:32.949 [main] DEBUG org.apache.hc.client5.http.wire - http-outgoing-15 << "Cross-Origin-Resource-Policy: cross-origin[\r][\n]"
23:54:32.949 [main] DEBUG org.apache.hc.client5.http.wire - http-outgoing-15 << "X-Fastly-Request-ID: 8b1f84945ae199d67f9afdff8bab2e8f9cbb807c[\r][\n]"
23:54:32.949 [main] DEBUG org.apache.hc.client5.http.wire - http-outgoing-15 << "Expires: Wed, 18 Dec 2024 22:59:33 GMT[\r][\n]"
23:54:32.949 [main] DEBUG org.apache.hc.client5.http.wire - http-outgoing-15 << "Source-Age: 51[\r][\n]"
23:54:32.949 [main] DEBUG org.apache.hc.client5.http.wire - http-outgoing-15 << "[\r][\n]"
23:54:32.949 [main] DEBUG org.apache.hc.client5.http.headers - http-outgoing-15 << HTTP/1.1 200 OK
23:54:32.949 [main] DEBUG org.apache.hc.client5.http.headers - http-outgoing-15 << Connection: keep-alive
23:54:32.949 [main] DEBUG org.apache.hc.client5.http.headers - http-outgoing-15 << Content-Length: 745
23:54:32.949 [main] DEBUG org.apache.hc.client5.http.headers - http-outgoing-15 << Cache-Control: max-age=300
23:54:32.949 [main] DEBUG org.apache.hc.client5.http.headers - http-outgoing-15 << Content-Security-Policy: default-src 'none'; style-src 'unsafe-inline'; sandbox
23:54:32.949 [main] DEBUG org.apache.hc.client5.http.headers - http-outgoing-15 << Content-Type: text/plain; charset=utf-8
23:54:32.949 [main] DEBUG org.apache.hc.client5.http.headers - http-outgoing-15 << ETag: W/"dd41edff335272162022217759820159dac501cff56850e2510f504462cd9b5f"
23:54:32.949 [main] DEBUG org.apache.hc.client5.http.headers - http-outgoing-15 << Strict-Transport-Security: max-age=31536000
23:54:32.949 [main] DEBUG org.apache.hc.client5.http.headers - http-outgoing-15 << X-Content-Type-Options: nosniff
23:54:32.949 [main] DEBUG org.apache.hc.client5.http.headers - http-outgoing-15 << X-Frame-Options: deny
23:54:32.949 [main] DEBUG org.apache.hc.client5.http.headers - http-outgoing-15 << X-XSS-Protection: 1; mode=block
23:54:32.949 [main] DEBUG org.apache.hc.client5.http.headers - http-outgoing-15 << X-GitHub-Request-Id: 11E0:2FCCA8:200498:2217C9:6757BE85
23:54:32.949 [main] DEBUG org.apache.hc.client5.http.headers - http-outgoing-15 << Content-Encoding: gzip
23:54:32.949 [main] DEBUG org.apache.hc.client5.http.headers - http-outgoing-15 << Accept-Ranges: bytes
23:54:32.949 [main] DEBUG org.apache.hc.client5.http.headers - http-outgoing-15 << Date: Wed, 18 Dec 2024 22:54:33 GMT
23:54:32.949 [main] DEBUG org.apache.hc.client5.http.headers - http-outgoing-15 << Via: 1.1 varnish
23:54:32.949 [main] DEBUG org.apache.hc.client5.http.headers - http-outgoing-15 << X-Served-By: cache-mad2200106-MAD
23:54:32.949 [main] DEBUG org.apache.hc.client5.http.headers - http-outgoing-15 << X-Cache: HIT
23:54:32.949 [main] DEBUG org.apache.hc.client5.http.headers - http-outgoing-15 << X-Cache-Hits: 1
23:54:32.949 [main] DEBUG org.apache.hc.client5.http.headers - http-outgoing-15 << X-Timer: S1734562473.200958,VS0,VE2
23:54:32.949 [main] DEBUG org.apache.hc.client5.http.headers - http-outgoing-15 << Vary: Authorization,Accept-Encoding,Origin
23:54:32.949 [main] DEBUG org.apache.hc.client5.http.headers - http-outgoing-15 << Access-Control-Allow-Origin: *
23:54:32.949 [main] DEBUG org.apache.hc.client5.http.headers - http-outgoing-15 << Cross-Origin-Resource-Policy: cross-origin
23:54:32.949 [main] DEBUG org.apache.hc.client5.http.headers - http-outgoing-15 << X-Fastly-Request-ID: 8b1f84945ae199d67f9afdff8bab2e8f9cbb807c
23:54:32.949 [main] DEBUG org.apache.hc.client5.http.headers - http-outgoing-15 << Expires: Wed, 18 Dec 2024 22:59:33 GMT
23:54:32.949 [main] DEBUG org.apache.hc.client5.http.headers - http-outgoing-15 << Source-Age: 51
23:54:32.949 [main] DEBUG org.apache.hc.client5.http.impl.classic.MainClientExec - ex-0000000017 connection can be kept alive for 3 MINUTES
23:54:32.963 [main] DEBUG org.apache.hc.client5.http.wire - http-outgoing-15 << "[0x1f][0xffffff8b][0x8][0x0][0x0][0x0][0x0][0x0][0x0][0x3][0xffffffb5]W]o[0xffffffda]0[0x14]}[0xffffffe7]W\QUj% [0x1b][0xffffffad][0xffffffa6]i[0x12][0xf]4c[0xffffffdd]4*[0x18][0xffffffb4][0xffffffdd]&[0xfffffff9][0xffffffc5]$N[0xffffffb0][0xffffff94][0xffffffd8][0xffffffc8]NJ[0xffffffb7]_?[0xffffffdb][0xfffffff9]X[0xffffff92]:[0xffffffa3]k[0xffffffe8][0x1b][0xffffffb6][0xffffffef]=[0xffffffe7][0xffffffd8][0xfffffff7][0xffffffe4][0xffffffda][0xffffff9c][0xffffff80][0xffffffcb][0xffffffe3][0x18]3_[0xffffff82][0xffffff8f][0x13][0xffffffbc][0xffffffc1][0xffffff92][0xfffffff4]N[0xffffffe0]vK%[0x4]4"[0xffffffe0]q[0xffffff96]`[0xffffffca]$$[=[0xffffffc8]C[0x13][0xe][0x1b][0x2][0xffffffe4][0xffffff91]xiB|[0xffffffa0][0xffffffcc],[0xffffffcb]-[0xffffff89]"=[0xffffffe0][0xffffffc2]'B[0x7][0xfffffff9]$!^b[0x16][0x1f][0xffffff88][0xffffff90][0xffffff94][0xffffffab][0xffffffb5][0x0][0xffffff88][0xfffffffa][0x1d][\n]"
23:54:32.963 [main] DEBUG org.apache.hc.client5.http.wire - http-outgoing-15 << "B[0x18]l[0x4][0xffffffdf]K[0xffffffb5][0xffffffa0]([0xffffffcf][0xffffffdc][0xffffffad][0xffffffe0]1[0x19][0xffffffc0]'*H[0xffffffc0][0x1f][0x7][0xffffffb0][0xffffffd8][0x11][0xffffff81][0x7]0[0xfffffff3]C5kVi[0x1a][0xffffff9f]k|[0xffffff9f][0x6][0x1][0x11][0xffffff84]%[0xffffffc0]uLBY[0x8][0xfffffff2][0xffffff97]LH,[0xffffffe1][0xffffffec];e[0xffffffbe]B[0x1d][0xffffffc0][0xffffff9c][0xffffffb2]T[0xffffffc1][0xffffffdc]`[0xf][0x16][0xffffffeb][0xfffffff3][0xffffff9e][0xffffffe2][0xffffffc8](z[0xfffffff9]6F[0xffffff9e][0x19][0xffffff8e][0xfffffff6]Y[0xffffffc2][0xffffffe8][0xffffffcd][0xffffffdb][0xffffff89][0x17][0xfffffffb]#[0xffffffb5]+p\[0xffffffd8][0xffffffc7][0xffffffd4]3Gb[0xffffff8e]a[0xffffffbf]U|[0xffffffc0]pL&[0xfffffffd][0xffffffd3][0xffffffe5]jq[0xffffffbd][0xffffff9a][0xffffffde]|[0xfffffffa]2[0xffffff9f][0xffffffad]?[0xffffffa0][0x9]B[0xffffffa7][0x8]]s[0x1e]F[0x4][0xffffffa1][0xffffff8c][0x2][0xffffffa1][0xffffffe9]n[0x17]QOI[0xffffffe3][0xc][0xffffffa1][0xffffff9c]H![0xfffffff7]!$[0x9][0xffffffdc][0xffffffe7]g[0xffffffe1]<[0xffffffe0](m[0xffffffd7]3~[0xffffff81][0xffffff9e][0xffffffb3][0x1f][0xffffffef][0xffffffdf][0xffffff9d][0xffffffbf][0xffffffa6][0xffffffa8][0xffffff8b]g[0xffffff8a][0xffffff9a]/[0xffffffdc][0xffffffe9]|[0xffffffba]\~[0xffffff9c][0xffffffde]N_S[0xffffffcf][0xffffffe5]d5[0xffffffbb][0xffffff86]ow[0xffffffb3][0xffffffd5]O[0xfffffff8][0xfffffffc][0xffffffd5][0xffffffbd]Ck[0x1e]${,H[0xffffffc1][0xffffff96][0xffffff93]][0xffffffcd][0xffffffaf][0x8][0xfffffff6][0xc]^[0xffffffe1][0xffffffc5]^[0x13]4[0xffffffd2][0xffffff8e][0xffffffd1]>pR)[0xffffff9c][\r]eNh0[0xffffff86][0xffffffd9]:[0xc][0xffffff87]E[0xffffffa6]=q<i[0xffffff8b]o&[0xffffffc4][0xffffffd8]3<[0xffffff95][0x13][0xffffff90]N&8w[0xffffffe9][0x8][0xffffffef]v[0xffffff8e][0xffffffab][0xffffffbe]>es[0xffffffe9]([0x13]/[0xffffffd6][0xfffffff5][0xffffff80]*[0xffffffba][0xfffffff2]v[0xfffffffe][0xffffffd9][0xffffff94]DA6>[0xffffff8e][0xffffffbb]o[0xfffffff8]o[0x1a]E[0xffffffb8] A[0xffffffa8]@?T[0xffffffad]'*:{[0xfffffffa]xR.*[0xffffffce][0xffffffe9][0xffffffd7][0xffffffad][0xffffff93][0xffffff93]4[0xffffffc9][0xfffffffa][0xffffffda]<n*t[0xffffffeb][0xffffffb9]oV[0xffffffb6][0xffffffc0]/M[0xffffff94]O[0xffffffc0][0xfffffff0][0xffffffe1]i[0xffffff90][0xffffffb5][0xfffffffe]9[0xffffff8b][0xffffffad][0xfffffff2]U,Ul[0xffffffdd][0x13]KL[0xffffffa2][0x6][0xffffffdd][0xffffffca]\?`[0xffffffea][0x9].[0xffffffd5]I [0xffffffa4]i[0x1a]_i,[\r][0xffffffdd][0xffffffa1][0xffffffc3][0xffffffae]kzI[0xffffffd1]_Q[0xffffffce]Ek[0xffffffcb][0xfffffff8]Kf[0xffffffb8][0xfffffffe][0xffffffd9]3[0xc][0xffffffe6][0xffffffd3][0xffffff8e][0x11][0x17][0x10]C[0x1d]`i[0x19][0xffffffd5][0xffffffbc][0xfffffff1][0xffffffa4]5[0xffffffbc][0x1e]o[0xfffffff5]K[0xffffffa9][0xffffffd6][0xfffffff8][0xffffffc1]f[0xffffff9b]z[0x4][0xffffffd4][0x1a][0xffffff86][0xffffffb9]^K[0x16]s[0xffffff91][0xfffffffe][0xffffffbf][0xffffff8b]l]~)x(p,[0x11]2[0x14][0x8]E8e[0xffffff9e][0xffffffca]:X[0xffffffa6][0xffffff86][0xffffff88].[0xffffffb6]9[0xffffff9a][0xffffff88].[0xfffffff7]]G[0xffffffea][0xffffffcb][0xe][0xfffffffb][0x7f].u[0xffffff83][0xffffffbb][0xfffffff4][0xffffffb3][0x19][0xffffffda][0xffffffec][0xffffff98][0xffffffc5]Y[0xfffffffd]h8m6\4[0xffffffc1][0xffffff8a][0xffffffb7][0xffffff98]z[0xffffffd0][0xffffffd5]oF5q[0x1c][0x13][0x16][0xfffffff0][0x1d][0x1e][0x19]5-[0xffffff9d][0xffffffef][0xffffffad]c[0xb]z[0xffffffae]/m[0xffffffe6]8[0xffffffb6][0xffffff96][0xfffffff6]7X[0xffffffc9]t[0xfffffff8][0xfffffff9][0xffffffa5][0x11]K[0xfffffffb][0x15]3[0xffffffc3][0xfffffffc][0x1f]B[0xffffffdb][0xffffffd3][0xffffffab][0xffffff92]4.[0xffffff93]Z[0xffffffdf]]:[0xffffffda][0xffffffea][0xffffffdc]B[0xffffffa6][0xffffffcd][0xffffffbc][0xffffffae][0x5][0xfffffff5][0x4][0xffffffd6]8[0xffffffc0][0xffffff82][0xffffff96][0xfffffff0][0xffffffd2][0xc][0xffffffed][0xffffffe0]Y[0xffffffa8][\r]:[[0xffffffa9][0x0][0xffffffff][0x1][0xfffffff8][0x15][0xffffffb4][0xffffffee][0xffffff8e][\r][0x0][0x0]"
23:54:32.963 [main] DEBUG org.apache.hc.client5.http.impl.classic.InternalHttpClient - ep-0000000017 releasing valid endpoint
23:54:32.963 [main] DEBUG org.apache.hc.client5.http.impl.io.PoolingHttpClientConnectionManager - ep-0000000017 releasing endpoint
23:54:32.963 [main] DEBUG org.apache.hc.client5.http.impl.io.PoolingHttpClientConnectionManager - ep-0000000017 connection http-outgoing-15 can be kept alive for 3 MINUTES
23:54:32.963 [main] DEBUG org.apache.hc.client5.http.impl.io.PoolingHttpClientConnectionManager - ep-0000000017 connection released [route: {s}->https://raw.githubusercontent.com:443][total available: 1; route allocated: 1 of 5; total allocated: 1 of 25]
23:54:32.963 [main] DEBUG io.github.bonigarcia.wdm.versions.VersionDetector - Detecting chrome version using online commands.properties
23:54:32.964 [main] DEBUG io.github.bonigarcia.wdm.versions.Shell - Running command on the shell: [cmd.exe, /C, wmic, datafile, where, name="%PROGRAMFILES:\=\\%\\Google\\Chrome\\Application\\chrome.exe", get, Version, /value]
23:54:33.065 [main] DEBUG io.github.bonigarcia.wdm.versions.Shell - Result: 
23:54:33.066 [main] DEBUG io.github.bonigarcia.wdm.versions.Shell - Running command on the shell: [cmd.exe, /C, wmic, datafile, where, name="%PROGRAMFILES(X86):\=\\%\\Google\\Chrome\\Application\\chrome.exe", get, Version, /value]
23:54:33.188 [main] DEBUG io.github.bonigarcia.wdm.versions.Shell - Result: 
23:54:33.188 [main] DEBUG io.github.bonigarcia.wdm.versions.Shell - Running command on the shell: [cmd.exe, /C, wmic, datafile, where, name="%LOCALAPPDATA:\=\\%\\Google\\Chrome\\Application\\chrome.exe", get, Version, /value]
23:54:33.307 [main] DEBUG io.github.bonigarcia.wdm.versions.Shell - Result: 
23:54:33.307 [main] DEBUG io.github.bonigarcia.wdm.versions.Shell - Running command on the shell: [REG, QUERY, HKCU\Software\Google\Chrome\BLBeacon, /v, version]
23:54:33.333 [main] DEBUG io.github.bonigarcia.wdm.versions.Shell - Result: 
23:54:33.333 [main] DEBUG io.github.bonigarcia.wdm.versions.VersionDetector - Browser version for chrome not detected using online properties (using local commands.properties)
23:54:33.333 [main] DEBUG io.github.bonigarcia.wdm.versions.Shell - Running command on the shell: [cmd.exe, /C, wmic, datafile, where, name="%PROGRAMFILES:\=\\%\\Google\\Chrome\\Application\\chrome.exe", get, Version, /value]
23:54:33.435 [main] DEBUG io.github.bonigarcia.wdm.versions.Shell - Result: 
23:54:33.435 [main] DEBUG io.github.bonigarcia.wdm.versions.Shell - Running command on the shell: [cmd.exe, /C, wmic, datafile, where, name="%PROGRAMFILES(X86):\=\\%\\Google\\Chrome\\Application\\chrome.exe", get, Version, /value]
23:54:33.806 [main] DEBUG io.github.bonigarcia.wdm.versions.Shell - Result: 
23:54:33.809 [main] DEBUG io.github.bonigarcia.wdm.versions.Shell - Running command on the shell: [cmd.exe, /C, wmic, datafile, where, name="%LOCALAPPDATA:\=\\%\\Google\\Chrome\\Application\\chrome.exe", get, Version, /value]
23:54:33.993 [main] DEBUG io.github.bonigarcia.wdm.versions.Shell - Result: 
23:54:33.993 [main] DEBUG io.github.bonigarcia.wdm.versions.Shell - Running command on the shell: [REG, QUERY, HKCU\Software\Google\Chrome\BLBeacon, /v, version]
23:54:34.023 [main] DEBUG io.github.bonigarcia.wdm.versions.Shell - Result: 
23:54:34.023 [main] DEBUG io.github.bonigarcia.wdm.WebDriverManager - The driver version for CHROME is unknown ... trying with latest
23:54:34.024 [main] DEBUG org.apache.hc.client5.http.impl.classic.InternalHttpClient - ex-0000000018 preparing request execution
23:54:34.025 [main] DEBUG org.apache.hc.client5.http.impl.classic.ProtocolExec - ex-0000000018 target auth state: UNCHALLENGED
23:54:34.025 [main] DEBUG org.apache.hc.client5.http.impl.classic.ProtocolExec - ex-0000000018 proxy auth state: UNCHALLENGED
23:54:34.025 [main] DEBUG org.apache.hc.client5.http.impl.classic.ConnectExec - ex-0000000018 acquiring connection with route {s}->https://googlechromelabs.github.io:443
23:54:34.025 [main] DEBUG org.apache.hc.client5.http.impl.classic.InternalHttpClient - ex-0000000018 acquiring endpoint (3 MINUTES)
23:54:34.025 [main] DEBUG org.apache.hc.client5.http.impl.io.PoolingHttpClientConnectionManager - ex-0000000018 endpoint lease request (3 MINUTES) [route: {s}->https://googlechromelabs.github.io:443][total available: 1; route allocated: 0 of 5; total allocated: 1 of 25]
23:54:34.025 [main] DEBUG org.apache.hc.client5.http.impl.io.PoolingHttpClientConnectionManager - ex-0000000018 endpoint leased [route: {s}->https://googlechromelabs.github.io:443][total available: 1; route allocated: 1 of 5; total allocated: 2 of 25]
23:54:34.025 [main] DEBUG org.apache.hc.client5.http.impl.io.PoolingHttpClientConnectionManager - ex-0000000018 acquired ep-0000000018
23:54:34.025 [main] DEBUG org.apache.hc.client5.http.impl.classic.InternalHttpClient - ex-0000000018 acquired endpoint ep-0000000018
23:54:34.025 [main] DEBUG org.apache.hc.client5.http.impl.classic.ConnectExec - ex-0000000018 opening connection {s}->https://googlechromelabs.github.io:443
23:54:34.025 [main] DEBUG org.apache.hc.client5.http.impl.classic.InternalHttpClient - ep-0000000018 connecting endpoint (null)
23:54:34.025 [main] DEBUG org.apache.hc.client5.http.impl.io.PoolingHttpClientConnectionManager - ep-0000000018 connecting endpoint to https://googlechromelabs.github.io:443 (30 SECONDS)
23:54:34.025 [main] DEBUG org.apache.hc.client5.http.impl.io.DefaultHttpClientConnectionOperator - googlechromelabs.github.io resolving remote address
23:54:34.025 [main] DEBUG org.apache.hc.client5.http.impl.io.DefaultHttpClientConnectionOperator - googlechromelabs.github.io resolved to [googlechromelabs.github.io/185.199.108.153, googlechromelabs.github.io/185.199.110.153, googlechromelabs.github.io/185.199.111.153, googlechromelabs.github.io/185.199.109.153]
23:54:34.025 [main] DEBUG org.apache.hc.client5.http.impl.io.DefaultHttpClientConnectionOperator - googlechromelabs.github.io:443 connecting null->googlechromelabs.github.io/185.199.108.153:443 (30 SECONDS)
23:54:34.025 [main] DEBUG org.apache.hc.client5.http.ssl.SSLConnectionSocketFactory - Connecting socket to googlechromelabs.github.io/185.199.108.153:443 with timeout 30 SECONDS
23:54:34.032 [main] DEBUG org.apache.hc.client5.http.ssl.SSLConnectionSocketFactory - Enabled protocols: [TLSv1.3, TLSv1.2]
23:54:34.032 [main] DEBUG org.apache.hc.client5.http.ssl.SSLConnectionSocketFactory - Enabled cipher suites: [TLS_AES_256_GCM_SHA384, TLS_AES_128_GCM_SHA256, TLS_CHACHA20_POLY1305_SHA256, TLS_ECDHE_ECDSA_WITH_AES_256_GCM_SHA384, TLS_ECDHE_ECDSA_WITH_AES_128_GCM_SHA256, TLS_ECDHE_ECDSA_WITH_CHACHA20_POLY1305_SHA256, TLS_ECDHE_RSA_WITH_AES_256_GCM_SHA384, TLS_ECDHE_RSA_WITH_CHACHA20_POLY1305_SHA256, TLS_ECDHE_RSA_WITH_AES_128_GCM_SHA256, TLS_DHE_RSA_WITH_AES_256_GCM_SHA384, TLS_DHE_RSA_WITH_CHACHA20_POLY1305_SHA256, TLS_DHE_DSS_WITH_AES_256_GCM_SHA384, TLS_DHE_RSA_WITH_AES_128_GCM_SHA256, TLS_DHE_DSS_WITH_AES_128_GCM_SHA256, TLS_ECDHE_ECDSA_WITH_AES_256_CBC_SHA384, TLS_ECDHE_RSA_WITH_AES_256_CBC_SHA384, TLS_ECDHE_ECDSA_WITH_AES_128_CBC_SHA256, TLS_ECDHE_RSA_WITH_AES_128_CBC_SHA256, TLS_DHE_RSA_WITH_AES_256_CBC_SHA256, TLS_DHE_DSS_WITH_AES_256_CBC_SHA256, TLS_DHE_RSA_WITH_AES_128_CBC_SHA256, TLS_DHE_DSS_WITH_AES_128_CBC_SHA256, TLS_ECDHE_ECDSA_WITH_AES_256_CBC_SHA, TLS_ECDHE_RSA_WITH_AES_256_CBC_SHA, TLS_ECDHE_ECDSA_WITH_AES_128_CBC_SHA, TLS_ECDHE_RSA_WITH_AES_128_CBC_SHA, TLS_DHE_RSA_WITH_AES_256_CBC_SHA, TLS_DHE_DSS_WITH_AES_256_CBC_SHA, TLS_DHE_RSA_WITH_AES_128_CBC_SHA, TLS_DHE_DSS_WITH_AES_128_CBC_SHA, TLS_RSA_WITH_AES_256_GCM_SHA384, TLS_RSA_WITH_AES_128_GCM_SHA256, TLS_RSA_WITH_AES_256_CBC_SHA256, TLS_RSA_WITH_AES_128_CBC_SHA256, TLS_RSA_WITH_AES_256_CBC_SHA, TLS_RSA_WITH_AES_128_CBC_SHA, TLS_EMPTY_RENEGOTIATION_INFO_SCSV]
23:54:34.032 [main] DEBUG org.apache.hc.client5.http.ssl.SSLConnectionSocketFactory - Starting handshake (null)
23:54:34.046 [main] DEBUG org.apache.hc.client5.http.ssl.SSLConnectionSocketFactory - Secure session established
23:54:34.046 [main] DEBUG org.apache.hc.client5.http.ssl.SSLConnectionSocketFactory -  negotiated protocol: TLSv1.3
23:54:34.046 [main] DEBUG org.apache.hc.client5.http.ssl.SSLConnectionSocketFactory -  negotiated cipher suite: TLS_AES_128_GCM_SHA256
23:54:34.046 [main] DEBUG org.apache.hc.client5.http.ssl.SSLConnectionSocketFactory -  peer principal: CN=*.github.io, O="GitHub, Inc.", L=San Francisco, ST=California, C=US
23:54:34.046 [main] DEBUG org.apache.hc.client5.http.ssl.SSLConnectionSocketFactory -  peer alternative names: [*.github.io, github.io, githubusercontent.com, www.github.com, *.github.com, *.githubusercontent.com, github.com]
23:54:34.046 [main] DEBUG org.apache.hc.client5.http.ssl.SSLConnectionSocketFactory -  issuer principal: CN=DigiCert Global G2 TLS RSA SHA256 2020 CA1, O=DigiCert Inc, C=US
23:54:34.046 [main] DEBUG org.apache.hc.client5.http.impl.io.DefaultManagedHttpClientConnection - http-outgoing-16 set socket timeout to 3 MINUTES
23:54:34.046 [main] DEBUG org.apache.hc.client5.http.impl.io.DefaultHttpClientConnectionOperator - googlechromelabs.github.io:443 connected null->googlechromelabs.github.io/185.199.108.153:443 as http-outgoing-16
23:54:34.046 [main] DEBUG org.apache.hc.client5.http.impl.io.PoolingHttpClientConnectionManager - ep-0000000018 connected http-outgoing-16
23:54:34.046 [main] DEBUG org.apache.hc.client5.http.impl.classic.InternalHttpClient - ep-0000000018 endpoint connected
23:54:34.046 [main] DEBUG org.apache.hc.client5.http.impl.classic.MainClientExec - ex-0000000018 executing GET /chrome-for-testing/last-known-good-versions-with-downloads.json HTTP/1.1
23:54:34.046 [main] DEBUG org.apache.hc.client5.http.protocol.RequestAddCookies - ex-0000000018 Cookie spec selected: strict
23:54:34.046 [main] DEBUG org.apache.hc.client5.http.impl.classic.InternalHttpClient - ep-0000000018 start execution ex-0000000018
23:54:34.046 [main] DEBUG org.apache.hc.client5.http.impl.io.PoolingHttpClientConnectionManager - ep-0000000018 executing exchange ex-0000000018 over http-outgoing-16
23:54:34.046 [main] DEBUG org.apache.hc.client5.http.headers - http-outgoing-16 >> GET /chrome-for-testing/last-known-good-versions-with-downloads.json HTTP/1.1
23:54:34.046 [main] DEBUG org.apache.hc.client5.http.headers - http-outgoing-16 >> user-agent: Apache-HttpClient/5.0
23:54:34.046 [main] DEBUG org.apache.hc.client5.http.headers - http-outgoing-16 >> accept-encoding: gzip, deflate, br
23:54:34.046 [main] DEBUG org.apache.hc.client5.http.headers - http-outgoing-16 >> cache-control: max-age=0
23:54:34.046 [main] DEBUG org.apache.hc.client5.http.headers - http-outgoing-16 >> connection: keep-alive
23:54:34.046 [main] DEBUG org.apache.hc.client5.http.headers - http-outgoing-16 >> Host: googlechromelabs.github.io
23:54:34.046 [main] DEBUG org.apache.hc.client5.http.wire - http-outgoing-16 >> "GET /chrome-for-testing/last-known-good-versions-with-downloads.json HTTP/1.1[\r][\n]"
23:54:34.046 [main] DEBUG org.apache.hc.client5.http.wire - http-outgoing-16 >> "user-agent: Apache-HttpClient/5.0[\r][\n]"
23:54:34.046 [main] DEBUG org.apache.hc.client5.http.wire - http-outgoing-16 >> "accept-encoding: gzip, deflate, br[\r][\n]"
23:54:34.046 [main] DEBUG org.apache.hc.client5.http.wire - http-outgoing-16 >> "cache-control: max-age=0[\r][\n]"
23:54:34.046 [main] DEBUG org.apache.hc.client5.http.wire - http-outgoing-16 >> "connection: keep-alive[\r][\n]"
23:54:34.046 [main] DEBUG org.apache.hc.client5.http.wire - http-outgoing-16 >> "Host: googlechromelabs.github.io[\r][\n]"
23:54:34.046 [main] DEBUG org.apache.hc.client5.http.wire - http-outgoing-16 >> "[\r][\n]"
23:54:34.054 [main] DEBUG org.apache.hc.client5.http.wire - http-outgoing-16 << "HTTP/1.1 200 OK[\r][\n]"
23:54:34.054 [main] DEBUG org.apache.hc.client5.http.wire - http-outgoing-16 << "Connection: keep-alive[\r][\n]"
23:54:34.054 [main] DEBUG org.apache.hc.client5.http.wire - http-outgoing-16 << "Content-Length: 648[\r][\n]"
23:54:34.054 [main] DEBUG org.apache.hc.client5.http.wire - http-outgoing-16 << "Server: GitHub.com[\r][\n]"
23:54:34.054 [main] DEBUG org.apache.hc.client5.http.wire - http-outgoing-16 << "Content-Type: application/json; charset=utf-8[\r][\n]"
23:54:34.054 [main] DEBUG org.apache.hc.client5.http.wire - http-outgoing-16 << "permissions-policy: interest-cohort=()[\r][\n]"
23:54:34.054 [main] DEBUG org.apache.hc.client5.http.wire - http-outgoing-16 << "x-origin-cache: HIT[\r][\n]"
23:54:34.054 [main] DEBUG org.apache.hc.client5.http.wire - http-outgoing-16 << "Last-Modified: Wed, 18 Dec 2024 22:10:21 GMT[\r][\n]"
23:54:34.054 [main] DEBUG org.apache.hc.client5.http.wire - http-outgoing-16 << "Access-Control-Allow-Origin: *[\r][\n]"
23:54:34.054 [main] DEBUG org.apache.hc.client5.http.wire - http-outgoing-16 << "Strict-Transport-Security: max-age=31556952[\r][\n]"
23:54:34.054 [main] DEBUG org.apache.hc.client5.http.wire - http-outgoing-16 << "ETag: W/"6763484d-21f8"[\r][\n]"
23:54:34.054 [main] DEBUG org.apache.hc.client5.http.wire - http-outgoing-16 << "expires: Wed, 18 Dec 2024 22:20:24 GMT[\r][\n]"
23:54:34.054 [main] DEBUG org.apache.hc.client5.http.wire - http-outgoing-16 << "Cache-Control: max-age=600[\r][\n]"
23:54:34.054 [main] DEBUG org.apache.hc.client5.http.wire - http-outgoing-16 << "Content-Encoding: gzip[\r][\n]"
23:54:34.054 [main] DEBUG org.apache.hc.client5.http.wire - http-outgoing-16 << "x-proxy-cache: HIT[\r][\n]"
23:54:34.054 [main] DEBUG org.apache.hc.client5.http.wire - http-outgoing-16 << "X-GitHub-Request-Id: 3E16:97749:307462:30FE10:67634903[\r][\n]"
23:54:34.054 [main] DEBUG org.apache.hc.client5.http.wire - http-outgoing-16 << "Accept-Ranges: bytes[\r][\n]"
23:54:34.054 [main] DEBUG org.apache.hc.client5.http.wire - http-outgoing-16 << "Date: Wed, 18 Dec 2024 22:54:34 GMT[\r][\n]"
23:54:34.054 [main] DEBUG org.apache.hc.client5.http.wire - http-outgoing-16 << "Via: 1.1 varnish[\r][\n]"
23:54:34.054 [main] DEBUG org.apache.hc.client5.http.wire - http-outgoing-16 << "Age: 413[\r][\n]"
23:54:34.054 [main] DEBUG org.apache.hc.client5.http.wire - http-outgoing-16 << "X-Served-By: cache-mad2200088-MAD[\r][\n]"
23:54:34.054 [main] DEBUG org.apache.hc.client5.http.wire - http-outgoing-16 << "X-Cache: HIT[\r][\n]"
23:54:34.054 [main] DEBUG org.apache.hc.client5.http.wire - http-outgoing-16 << "X-Cache-Hits: 1[\r][\n]"
23:54:34.054 [main] DEBUG org.apache.hc.client5.http.wire - http-outgoing-16 << "X-Timer: S1734562474.305786,VS0,VE2[\r][\n]"
23:54:34.054 [main] DEBUG org.apache.hc.client5.http.wire - http-outgoing-16 << "Vary: Accept-Encoding[\r][\n]"
23:54:34.054 [main] DEBUG org.apache.hc.client5.http.wire - http-outgoing-16 << "X-Fastly-Request-ID: aa19c8902c17e5522d9e787500303653f2cdb930[\r][\n]"
23:54:34.054 [main] DEBUG org.apache.hc.client5.http.wire - http-outgoing-16 << "[\r][\n]"
23:54:34.054 [main] DEBUG org.apache.hc.client5.http.headers - http-outgoing-16 << HTTP/1.1 200 OK
23:54:34.054 [main] DEBUG org.apache.hc.client5.http.headers - http-outgoing-16 << Connection: keep-alive
23:54:34.054 [main] DEBUG org.apache.hc.client5.http.headers - http-outgoing-16 << Content-Length: 648
23:54:34.054 [main] DEBUG org.apache.hc.client5.http.headers - http-outgoing-16 << Server: GitHub.com
23:54:34.054 [main] DEBUG org.apache.hc.client5.http.headers - http-outgoing-16 << Content-Type: application/json; charset=utf-8
23:54:34.054 [main] DEBUG org.apache.hc.client5.http.headers - http-outgoing-16 << permissions-policy: interest-cohort=()
23:54:34.054 [main] DEBUG org.apache.hc.client5.http.headers - http-outgoing-16 << x-origin-cache: HIT
23:54:34.054 [main] DEBUG org.apache.hc.client5.http.headers - http-outgoing-16 << Last-Modified: Wed, 18 Dec 2024 22:10:21 GMT
23:54:34.054 [main] DEBUG org.apache.hc.client5.http.headers - http-outgoing-16 << Access-Control-Allow-Origin: *
23:54:34.054 [main] DEBUG org.apache.hc.client5.http.headers - http-outgoing-16 << Strict-Transport-Security: max-age=31556952
23:54:34.054 [main] DEBUG org.apache.hc.client5.http.headers - http-outgoing-16 << ETag: W/"6763484d-21f8"
23:54:34.054 [main] DEBUG org.apache.hc.client5.http.headers - http-outgoing-16 << expires: Wed, 18 Dec 2024 22:20:24 GMT
23:54:34.054 [main] DEBUG org.apache.hc.client5.http.headers - http-outgoing-16 << Cache-Control: max-age=600
23:54:34.054 [main] DEBUG org.apache.hc.client5.http.headers - http-outgoing-16 << Content-Encoding: gzip
23:54:34.054 [main] DEBUG org.apache.hc.client5.http.headers - http-outgoing-16 << x-proxy-cache: HIT
23:54:34.054 [main] DEBUG org.apache.hc.client5.http.headers - http-outgoing-16 << X-GitHub-Request-Id: 3E16:97749:307462:30FE10:67634903
23:54:34.054 [main] DEBUG org.apache.hc.client5.http.headers - http-outgoing-16 << Accept-Ranges: bytes
23:54:34.054 [main] DEBUG org.apache.hc.client5.http.headers - http-outgoing-16 << Date: Wed, 18 Dec 2024 22:54:34 GMT
23:54:34.054 [main] DEBUG org.apache.hc.client5.http.headers - http-outgoing-16 << Via: 1.1 varnish
23:54:34.054 [main] DEBUG org.apache.hc.client5.http.headers - http-outgoing-16 << Age: 413
23:54:34.054 [main] DEBUG org.apache.hc.client5.http.headers - http-outgoing-16 << X-Served-By: cache-mad2200088-MAD
23:54:34.054 [main] DEBUG org.apache.hc.client5.http.headers - http-outgoing-16 << X-Cache: HIT
23:54:34.054 [main] DEBUG org.apache.hc.client5.http.headers - http-outgoing-16 << X-Cache-Hits: 1
23:54:34.054 [main] DEBUG org.apache.hc.client5.http.headers - http-outgoing-16 << X-Timer: S1734562474.305786,VS0,VE2
23:54:34.054 [main] DEBUG org.apache.hc.client5.http.headers - http-outgoing-16 << Vary: Accept-Encoding
23:54:34.054 [main] DEBUG org.apache.hc.client5.http.headers - http-outgoing-16 << X-Fastly-Request-ID: aa19c8902c17e5522d9e787500303653f2cdb930
23:54:34.054 [main] DEBUG org.apache.hc.client5.http.impl.classic.MainClientExec - ex-0000000018 connection can be kept alive for 3 MINUTES
23:54:34.055 [main] DEBUG org.apache.hc.client5.http.wire - http-outgoing-16 << "[0x1f][0xffffff8b][0x8][0x0][0x0][0x0][0x0][0x0][0x0][0x3][0xffffffcd][0xffffff96][0xffffffc9][0xffffff92][0xffffff9b]0[0x10][0xffffff86][0xffffffef]y[0xc][0xffffff9d]Y[0x5]f;&[0xfffffff3][0x6][0xffffff93]SR9hl[0xffffffc5][0xffffffa6]J,[0xffffff85][0xffffffb0]'[0xffffff89][0xffffff8b]w[0xffffff8f]X[0xffffff8c][0x1]K[0xffffffcc]e[0xffffffac][0xffffffe6][0x6][\r][0xffffffea][0xfffffffe][0xffffffa1][0xffffffbe][0xffffffea][0xfffffffa][0xffffffae][0xffffffa8]N3[0xffffffca]k[0xffffff92][0xffffff95](A[0xffffffd8][0xffffffc1][0xffffffbe][0xffffffe9]b[0xffffffd3][0xffffff8d][0xffffffbe]c[0xffffff9c]8q[0xffffffe2][0xffffffb9]V[0x18][0xffffffe1][0x1f][0xffffffc8]@[0xfffffffb][0x13][0xffffffc9]s[0xffffffca]8J[0xffffffae][0xffffffe8][0xffffffb5]&o[0xffffff8c][0xffffffb6]WCU[0x1c][0x1d]j[0x6][0xffffffba][0xffffffd0][0xffffff8a][0xffffffa7]E.J[0xffffffae]8[0xffffffed]XA[0x18]F[0x16]v|[0xfffffff1][0xffffffa8][0xffffffa2][0xffffff97]t|[0x16]D;[0x1c][0xffffff8b][0xffffffe2][0xffffffa1]x[0xffffffcf]YA[0xe][0xffffffbc][0xffffffef]W[0x15][0xffffff99][0xffffffe8][0xfffffffc][0xfffffff3][0xffffff8a]JF[0xffffffea][0xffffffdf]E[0xffffff95][0xffffff89][0xffffff97]Y[0xffffff9a][0xffffff9f][0xffffffff][0x4]m[0xffffff87]s[0xffffffd5][0xffffffce]:[0xffffffd5]u[0xffffffc9][0x13][0xffffffdb][0xffffffe6]uQ[0xffffff91]#[0xffffffb5][0xffffff8e]Eqd[0xffffff94][0xffffff94])[0xffffffb7][0xfffffff6]Ef[0xfffffff7]MLq[0xffffffd8][0xffffffac][0xffffffc5][0xffffffa7][0xffffffa5][0xfffffff9][0xffffffd1],[0xffffffcf]o,[0xffffffdd][0xffffffdb][0xfffffff3]D[0xfffffff6][0xffffffd0][0xfffffff7]v`[0xffffffb8][0xffffffb5][0xfffffffe][0xffffffa5]%j[0xffffff8c]Y[0xffffff82][0xffffff8c][0xffffffec]MReO[0xffffffc8]0v[0xffffffbe][0x1d][0x19][0xb][0xffffffaa][0x1c][0xffffffcf][0xfffffff8][0x13]C[0xffffffdf]i[0x6][0xffffffc5][0xffffff9f]xOs[0xf][0x7f][0xfffffffa][0xfffffffc][0xffffffae][0xffffffeb][0xffffffed][0xfffffff5][0xffffffee]F1[0xfffffffb][0x9][0xffffffdf][0xffffffde]u[0xffffff9d][0xffffffcc][0xffffffbe]}[0xfffffff7]/c[0xffffffc0][0xfffffff1]P[0xffffffa5][0x2]j[0x18]([0xfffffffb][0xffffffd9][0xffffffdb]@s[0xffffffc8][0xffffffb2][0x1]@'I[0xffffffc0]0[0x1d]2[0x0][0xffffffc2]zO[0xfffffff0][0xffffff80][0xffffffac]y[0xffffffa2][0xffffffe4][0xffffffc0]([0xffffffe7]&?Q[0xffffffc6]`[0xffffffd8]][0xffffff84][0xffffffd8][0x6][0xffffffc4][0xffffffcb]P[0x1b][0xffffffa0]Y[0x16][0x9][0xc][0xffffffeb]e[0x18]@[0xffffffbe]%QF[0xffffffd0][0xffffff9b][0xffffffc6]@_iM[0xffffffe6][0x12][0xffffffd2]U[0xffffffe6][\n]"
23:54:34.055 [main] DEBUG org.apache.hc.client5.http.wire - http-outgoing-16 << "[0xffffff82][0xffffffdb][0xffffffee][0xffffff91][0xffffffe7][~[0xffffffb0]4[0xffffff90][0xffffffc8][0xffffffdd][0x5][0xffffffae]v[0x3][0xffffff99][0x4][0xffffff82][0x12][0xffffff90]i[0x4]0[0xffffffff]X[0xffffff86][0xffffffd0][0xffffffac][0x1f][0xffffffd3][0xfffffff1][0xffffff9a][0xffffffed]c1[0x1a]X>[0xffffffd4]<jv[0xffffff8f]5*5[0xffffffab][0xffffff87][0xffffff9a]M[0xffffff8d][0xffffffe6][0xffffffa1]"T[0xffffff9b]x[0xffffffa8]8[0xffffffdd][0xffffff84]w[0xffffffac][0xffffffac]Q [0xffffffed]X[0xffffffdd][0xffffffaa]@[0xffffffd6][0xffffffb1][0xffffffb2]d[0x1][0xffffffa4]C[0xffffffb9]s[0xffffffb5];[0xffffff87]r[0x5][0x7f][0xffffffa0][0x1c]/[0xfffffff4]27[0xffffff8e][0xffffffb6]0[0x17][0xe][0xffffffaf]k[0x1d][0x9][0xffffff9d]Y[0xfffffffa]F[0xffffffec][0xffffffef][0xffffffbc]P[0xffffffbb]o[0xffffffdc][0xfffffff3]@[0xffffffe9][0xffffffc6]$[0x1][0xffffff98]m,2h[0xffffff96][0xffffff8d][0xffffffc9]t[0xffffffcd][0xffffffae]1[0xffffff9f][0xc][0xffffffac][0x1a]J[0x14]5[0xffffff9b][0xffffffc6][\n]"
23:54:34.055 [main] DEBUG org.apache.hc.client5.http.wire - http-outgoing-16 << "[0xffffff90][0xffffff9a]EC[0xffffff89][0xffffffa5]F[0xffffffcf]P[0xffffffc0][0xffffffa9]M3[0x14][0xffffff88]n[0xffffffc2]2[0xffffffd4][0xffffffcb][0x13]H2[0xffffffd6]v)[0xffffff90]c[0xffffffa8]W+[0xffffff80]b[0xffffffa8]6[0xffffffad]v[0xffffffc3]P-[0xffffffde][0xf][0x4][0xffffffe3][0x1b][0xffffffc9]I[0xfffffff5]w[0xffffffee][0x18]CM[0xffffffa2][0x19][0xffffffb1][0xffffffe3][[0xffffffce][0xffffff83]f[0xffffff84][0xffffffb1][0xffffff8b]a4[0xffffffa3][0xffffffcb][0x3][0xffffffaa][0x19]}[0x2]X[0xffffffcd][0xffffffb8]g[0xffffff80][0xffffffd0][0xffffff8c]~:[0xffffff84]f[0xffffff8c][0xffffff93][0xffffffb7][0xffffffa0][0x19]2[0x14]!4C[0xe]$[0xffffff84]f[0xffffffc8][0xffffffb0][0xffffffd4][0xffffffad][0x19][0xffffff8f]p[0xffffffea][0xffffffd5][0xffffff8c]GD[0xffffffb7][0xffffffa3][0x19][0xffffffd2][0xffffffe5][0x9][0xffffffa9][0x19][0xffffff8a]][\n]"
23:54:34.055 [main] DEBUG org.apache.hc.client5.http.wire - http-outgoing-16 << "[0xffffffa9][0x19][0xffffffd2][0xffffffd5][\n]"
23:54:34.055 [main] DEBUG org.apache.hc.client5.http.wire - http-outgoing-16 << "[0xffffffa5][0x19][0xffffff92]M[0xb][0xffffffa3][0x19][0xffffff92][0xffffffc5][0xffffffbb][0xffffffaa][0x19]M[0xfffffff3][0xffffffe5]?9[0xfffffff3][0x3][0xffffffa4][0xfffffff8]![0x0][0x0]"
23:54:34.055 [main] DEBUG org.apache.hc.client5.http.impl.classic.InternalHttpClient - ep-0000000018 releasing valid endpoint
23:54:34.055 [main] DEBUG org.apache.hc.client5.http.impl.io.PoolingHttpClientConnectionManager - ep-0000000018 releasing endpoint
23:54:34.055 [main] DEBUG org.apache.hc.client5.http.impl.io.PoolingHttpClientConnectionManager - ep-0000000018 connection http-outgoing-16 can be kept alive for 3 MINUTES
23:54:34.055 [main] DEBUG org.apache.hc.client5.http.impl.io.PoolingHttpClientConnectionManager - ep-0000000018 connection released [route: {s}->https://googlechromelabs.github.io:443][total available: 2; route allocated: 1 of 5; total allocated: 2 of 25]
23:54:34.059 [main] DEBUG io.github.bonigarcia.wdm.WebDriverManager - Driver chromedriver 131.0.6778.204 found in cache
23:54:34.060 [main] INFO io.github.bonigarcia.wdm.WebDriverManager - Exporting webdriver.chrome.driver as C:\Users\MisterSurface\.cache\selenium\chromedriver\win64\131.0.6778.204\chromedriver.exe
]]></system-out>
    <system-err><![CDATA[Starting ChromeDriver 131.0.6778.204 (52183f9e99a61056f9b78535f53d256f1516f2a0-refs/branch-heads/6778_155@{#7}) on port 22905
Only local connections are allowed.
Please see https://chromedriver.chromium.org/security-considerations for suggestions on keeping ChromeDriver safe.
ChromeDriver was started successfully on port 22905.
]]></system-err>
  </testcase>
</testsuite>